训练开始: 2025-06-15 17:21:43
Group: (400119.158, 3044703.654, 670)
模型标准化格式保存路径：lstmscaler/(400119.158, 3044703.654, 670)best_scaler.pkl
最优模型参数保存路径：lstmmodel/(400119.158, 3044703.654, 670)best_model.pth
Epoch 0 MSE: 0.5606714487075806
Epoch 0 val RMSE: 24.433610923754955
Best model saved at epoch 0 with Test RMSE: 24.433610923754955
Epoch 1 MSE: 0.2102266252040863
Epoch 1 val RMSE: 74.97539309875275
Epoch 2 MSE: 0.33409565687179565
Epoch 2 val RMSE: 38.47296858215437
Epoch 3 MSE: 0.05362692102789879
Epoch 3 val RMSE: 31.111279998805298
Epoch 4 MSE: 0.11992529779672623
Epoch 4 val RMSE: 30.323538180321858
Epoch 5 MSE: 0.13016174733638763
Epoch 5 val RMSE: 32.0501202038015
Epoch 6 MSE: 0.11066221445798874
Epoch 6 val RMSE: 35.33696780915579
Epoch 7 MSE: 0.07943012565374374
Epoch 7 val RMSE: 39.85085414607666
Epoch 8 MSE: 0.04945822060108185
Epoch 8 val RMSE: 45.35867528740368
Epoch 9 MSE: 0.03276171162724495
Epoch 9 val RMSE: 51.21994164263563
Epoch 10 MSE: 0.038841139525175095
Epoch 10 val RMSE: 54.4513607138862
Epoch 11 MSE: 0.05273124575614929
Epoch 11 val RMSE: 54.36041246494893
Epoch 12 MSE: 0.052274834364652634
Epoch 12 val RMSE: 52.47604317611871
Epoch 13 MSE: 0.043435871601104736
Epoch 13 val RMSE: 50.06022252154149
Epoch 14 MSE: 0.03578189015388489
Epoch 14 val RMSE: 47.79677028837827
Epoch 15 MSE: 0.03238796070218086
Epoch 15 val RMSE: 45.94641707671557
Epoch 16 MSE: 0.03233600780367851
Epoch 16 val RMSE: 44.56828914666725
Epoch 17 MSE: 0.03389449790120125
Epoch 17 val RMSE: 43.6467573676549
Epoch 18 MSE: 0.03570512682199478
Epoch 18 val RMSE: 43.142049675407314
Epoch 19 MSE: 0.03696903958916664
Epoch 19 val RMSE: 43.0068680357241
Epoch 20 MSE: 0.03736085444688797
Epoch 20 val RMSE: 43.190647214830406
Epoch 21 MSE: 0.036900412291288376
Epoch 21 val RMSE: 43.63966276239569
Epoch 22 MSE: 0.03583065792918205
Epoch 22 val RMSE: 44.295929773865794
Epoch 23 MSE: 0.03450622037053108
Epoch 23 val RMSE: 45.09607934255829
Epoch 24 MSE: 0.03329154849052429
Epoch 24 val RMSE: 45.9711266168437
Epoch 25 MSE: 0.03247150033712387
Epoch 25 val RMSE: 46.84788538700946
Epoch 26 MSE: 0.0321844257414341
Epoch 26 val RMSE: 47.652786759406844
Epoch 27 MSE: 0.032393354922533035
Epoch 27 val RMSE: 48.31813922457072
Epoch 28 MSE: 0.03290918096899986
Epoch 28 val RMSE: 48.7900026180441
Epoch 29 MSE: 0.03346547856926918
Epoch 29 val RMSE: 49.03569381153004
Epoch 30 MSE: 0.03382062539458275
Epoch 30 val RMSE: 49.04838570865508
Epoch 31 MSE: 0.03384459391236305
Epoch 31 val RMSE: 48.84713130090778
Epoch 32 MSE: 0.033551931381225586
Epoch 32 val RMSE: 48.47221790059874
Epoch 33 MSE: 0.033071234822273254
Epoch 33 val RMSE: 47.97736842365757
Epoch 34 MSE: 0.032574497163295746
Epoch 34 val RMSE: 47.42123918437022
Epoch 35 MSE: 0.03220484033226967
Epoch 35 val RMSE: 46.85993768418418
Epoch 36 MSE: 0.03203212469816208
Epoch 36 val RMSE: 46.34175337067805
Epoch 37 MSE: 0.03204573690891266
Epoch 37 val RMSE: 45.90406149054923
Epoch 38 MSE: 0.032176245003938675
Epoch 38 val RMSE: 45.57211457627488
Epoch 39 MSE: 0.03233017399907112
Epoch 39 val RMSE: 45.359052057066016
Epoch 40 MSE: 0.032423485070466995
Epoch 40 val RMSE: 45.2665796412969
Epoch 41 MSE: 0.03240421414375305
Epoch 41 val RMSE: 45.28594588314624
Epoch 42 MSE: 0.0322609506547451
Epoch 42 val RMSE: 45.39898266429684
Epoch 43 MSE: 0.032017678022384644
Epoch 43 val RMSE: 45.579134694849685
Epoch 44 MSE: 0.03171851858496666
Epoch 44 val RMSE: 45.79238878999162
Epoch 45 MSE: 0.03140730410814285
Epoch 45 val RMSE: 45.99808929455657
Epoch 46 MSE: 0.03110707551240921
Epoch 46 val RMSE: 46.14932031595915
Epoch 47 MSE: 0.03080364689230919
Epoch 47 val RMSE: 46.19159371658576
Epoch 48 MSE: 0.03043416514992714
Epoch 48 val RMSE: 46.05686818946632
Epoch 49 MSE: 0.029879696667194366
Epoch 49 val RMSE: 45.65298531705648
Epoch 50 MSE: 0.028954343870282173
Epoch 50 val RMSE: 44.858825318819655
Epoch 51 MSE: 0.0272370632737875
Epoch 51 val RMSE: 43.62275160977139
Epoch 52 MSE: 0.02370886318385601
Epoch 52 val RMSE: 42.1541752060776
Epoch 53 MSE: 0.02275952883064747
Epoch 53 val RMSE: 41.27111350048981
Epoch 54 MSE: 0.019609926268458366
Epoch 54 val RMSE: 40.23535799770054
Epoch 55 MSE: 0.020145123824477196
Epoch 55 val RMSE: 38.86420607283616
Epoch 56 MSE: 0.021407371386885643
Epoch 56 val RMSE: 39.542142768032946
Epoch 57 MSE: 0.022131938487291336
Epoch 57 val RMSE: 38.206254664751064
Epoch 58 MSE: 0.016770154237747192
Epoch 58 val RMSE: 37.97548647801879
Epoch 59 MSE: 0.018006637692451477
Epoch 59 val RMSE: 38.65052283008682
Epoch 60 MSE: 0.015732066705822945
Epoch 60 val RMSE: 39.25843671767414
Epoch 61 MSE: 0.016031930223107338
Epoch 61 val RMSE: 39.134594408172774
Epoch 62 MSE: 0.016856012865900993
Epoch 62 val RMSE: 38.09331579172142
Epoch 63 MSE: 0.015167172066867352
Epoch 63 val RMSE: 36.22160458444483
Epoch 64 MSE: 0.013980371877551079
Epoch 64 val RMSE: 33.642613445645466
Epoch 65 MSE: 0.012004753574728966
Epoch 65 val RMSE: 30.502811489911263
Epoch 66 MSE: 0.011351319029927254
Epoch 66 val RMSE: 27.140517055053042
Epoch 67 MSE: 0.01344237569719553
Epoch 67 val RMSE: 25.101665839734373
Epoch 68 MSE: 0.013548142276704311
Epoch 68 val RMSE: 27.537871206502828
Epoch 69 MSE: 0.010253677144646645
Epoch 69 val RMSE: 29.995352830167707
Epoch 70 MSE: 0.010164936073124409
Epoch 70 val RMSE: 31.194299969480603
Epoch 71 MSE: 0.011036869138479233
Epoch 71 val RMSE: 31.25304575001201
Epoch 72 MSE: 0.011293207295238972
Epoch 72 val RMSE: 30.40591276791407
Epoch 73 MSE: 0.010763168334960938
Epoch 73 val RMSE: 28.79709330831521
Epoch 74 MSE: 0.009631224907934666
Epoch 74 val RMSE: 26.502878860429956
Epoch 75 MSE: 0.008598304353654385
Epoch 75 val RMSE: 23.693752782082402
Best model saved at epoch 75 with Test RMSE: 23.693752782082402
Epoch 76 MSE: 0.008310401812195778
Epoch 76 val RMSE: 21.05328656633307
Best model saved at epoch 76 with Test RMSE: 21.05328656633307
Epoch 77 MSE: 0.008814578875899315
Epoch 77 val RMSE: 19.727268706418393
Best model saved at epoch 77 with Test RMSE: 19.727268706418393
Epoch 78 MSE: 0.00878348108381033
Epoch 78 val RMSE: 19.823968209623718
Epoch 79 MSE: 0.007994481362402439
Epoch 79 val RMSE: 20.46836608060755
Epoch 80 MSE: 0.007248515263199806
Epoch 80 val RMSE: 21.130652038363753
Epoch 81 MSE: 0.007138984743505716
Epoch 81 val RMSE: 21.5165667912977
Epoch 82 MSE: 0.007194656413048506
Epoch 82 val RMSE: 21.370322267764823
Epoch 83 MSE: 0.0071463375352323055
Epoch 83 val RMSE: 20.55237123494285
Epoch 84 MSE: 0.006849390920251608
Epoch 84 val RMSE: 19.15345631775152
Best model saved at epoch 84 with Test RMSE: 19.15345631775152
Epoch 85 MSE: 0.006375341210514307
Epoch 85 val RMSE: 17.52809982420415
Best model saved at epoch 85 with Test RMSE: 17.52809982420415
Epoch 86 MSE: 0.005988736636936665
Epoch 86 val RMSE: 16.144796358668962
Best model saved at epoch 86 with Test RMSE: 16.144796358668962
Epoch 87 MSE: 0.0057356711477041245
Epoch 87 val RMSE: 15.300235741488338
Best model saved at epoch 87 with Test RMSE: 15.300235741488338
Epoch 88 MSE: 0.005685524549335241
Epoch 88 val RMSE: 15.096026452296561
Best model saved at epoch 88 with Test RMSE: 15.096026452296561
Epoch 89 MSE: 0.00548118120059371
Epoch 89 val RMSE: 15.673821675427021
Epoch 90 MSE: 0.005131864920258522
Epoch 90 val RMSE: 16.88234161045064
Epoch 91 MSE: 0.004711949732154608
Epoch 91 val RMSE: 18.14428695005073
Epoch 92 MSE: 0.004458667244762182
Epoch 92 val RMSE: 19.02647963997109
Epoch 93 MSE: 0.004266274627298117
Epoch 93 val RMSE: 19.47929965975099
Epoch 94 MSE: 0.004105422180145979
Epoch 94 val RMSE: 19.552116197556067
Epoch 95 MSE: 0.0038444458041340113
Epoch 95 val RMSE: 19.18622199657747
Epoch 96 MSE: 0.0035452288575470448
Epoch 96 val RMSE: 18.37300939871404
Epoch 97 MSE: 0.003223647130653262
Epoch 97 val RMSE: 17.406216688141374
Epoch 98 MSE: 0.0029943787958472967
Epoch 98 val RMSE: 16.615503337903277
Epoch 99 MSE: 0.002820354886353016
Epoch 99 val RMSE: 15.979284227213135
Epoch 100 MSE: 0.002650744514539838
Epoch 100 val RMSE: 15.73278982441384
Epoch 101 MSE: 0.0024493045639246702
Epoch 101 val RMSE: 15.846684712640558
Epoch 102 MSE: 0.002258629770949483
Epoch 102 val RMSE: 15.752799133550589
Epoch 103 MSE: 0.0020716798026114702
Epoch 103 val RMSE: 15.696763423012014
Epoch 104 MSE: 0.0018759360536932945
Epoch 104 val RMSE: 15.158067102734954
Epoch 105 MSE: 0.0016994393663480878
Epoch 105 val RMSE: 14.550300956838326
Best model saved at epoch 105 with Test RMSE: 14.550300956838326
Epoch 106 MSE: 0.0016331098740920424
Epoch 106 val RMSE: 14.053772248200726
Best model saved at epoch 106 with Test RMSE: 14.053772248200726
Epoch 107 MSE: 0.0016300063580274582
Epoch 107 val RMSE: 13.19195047644763
Best model saved at epoch 107 with Test RMSE: 13.19195047644763
Epoch 108 MSE: 0.001849400345236063
Epoch 108 val RMSE: 13.322124601813707
Epoch 109 MSE: 0.004389054141938686
Epoch 109 val RMSE: 10.872800758115803
Best model saved at epoch 109 with Test RMSE: 10.872800758115803
Epoch 110 MSE: 0.019197620451450348
Epoch 110 val RMSE: 15.464858550131842
Epoch 111 MSE: 0.01580854505300522
Epoch 111 val RMSE: 16.011017820563147
Epoch 112 MSE: 0.0051970756612718105
Epoch 112 val RMSE: 14.993598080462124
Epoch 113 MSE: 0.00598406745120883
Epoch 113 val RMSE: 14.764426724691653
Epoch 114 MSE: 0.011580939404666424
Epoch 114 val RMSE: 15.66572475983721
Epoch 115 MSE: 0.008161566220223904
Epoch 115 val RMSE: 16.929462172589094
Epoch 116 MSE: 0.004976584110409021
Epoch 116 val RMSE: 17.553022005995683
Epoch 117 MSE: 0.007644155528396368
Epoch 117 val RMSE: 16.798847086265603
Epoch 118 MSE: 0.00894338358193636
Epoch 118 val RMSE: 14.693907553454022
Epoch 119 MSE: 0.0055229561403393745
Epoch 119 val RMSE: 12.012323409577727
Epoch 120 MSE: 0.0043417420238256454
Epoch 120 val RMSE: 9.745501923413581
Best model saved at epoch 120 with Test RMSE: 9.745501923413581
Epoch 121 MSE: 0.006439701188355684
Epoch 121 val RMSE: 8.566567895619219
Best model saved at epoch 121 with Test RMSE: 8.566567895619219
Epoch 122 MSE: 0.005982754286378622
Epoch 122 val RMSE: 8.416574257321319
Best model saved at epoch 122 with Test RMSE: 8.416574257321319
Epoch 123 MSE: 0.0033205554354935884
Epoch 123 val RMSE: 8.649094250837095
Epoch 124 MSE: 0.004584337584674358
Epoch 124 val RMSE: 8.496348774908126
Epoch 125 MSE: 0.005839070305228233
Epoch 125 val RMSE: 7.9081478931912965
Best model saved at epoch 125 with Test RMSE: 7.9081478931912965
Epoch 126 MSE: 0.003542342921718955
Epoch 126 val RMSE: 7.660502595672855
Best model saved at epoch 126 with Test RMSE: 7.660502595672855
Epoch 127 MSE: 0.004070564638823271
Epoch 127 val RMSE: 8.372636148297461
Epoch 128 MSE: 0.004807944409549236
Epoch 128 val RMSE: 10.027604340814309
Epoch 129 MSE: 0.0032118121162056923
Epoch 129 val RMSE: 12.0297666749976
Epoch 130 MSE: 0.00298233050853014
Epoch 130 val RMSE: 13.647448044772533
Epoch 131 MSE: 0.0038806330412626266
Epoch 131 val RMSE: 14.553746551877598
Epoch 132 MSE: 0.003320405725389719
Epoch 132 val RMSE: 14.906325238115938
Epoch 133 MSE: 0.002747519640251994
Epoch 133 val RMSE: 15.054609962663585
Epoch 134 MSE: 0.003236478427425027
Epoch 134 val RMSE: 15.258071514378566
Epoch 135 MSE: 0.0032663538586348295
Epoch 135 val RMSE: 15.551468091149435
Epoch 136 MSE: 0.00252698827534914
Epoch 136 val RMSE: 15.770919712221476
Epoch 137 MSE: 0.002431785222142935
Epoch 137 val RMSE: 15.711936368825066
Epoch 138 MSE: 0.0027512642554938793
Epoch 138 val RMSE: 15.33619022015409
Epoch 139 MSE: 0.0022668319288641214
Epoch 139 val RMSE: 14.854387122074776
Epoch 140 MSE: 0.002069988055154681
Epoch 140 val RMSE: 14.573514121267165
Epoch 141 MSE: 0.002418385585770011
Epoch 141 val RMSE: 14.65868183449658
Epoch 142 MSE: 0.002151431515812874
Epoch 142 val RMSE: 15.017739042942319
Epoch 143 MSE: 0.0018878794508054852
Epoch 143 val RMSE: 15.406533755151832
Epoch 144 MSE: 0.0021087974309921265
Epoch 144 val RMSE: 15.655668145063608
Epoch 145 MSE: 0.001866662409156561
Epoch 145 val RMSE: 15.800114421188736
Epoch 146 MSE: 0.0016363135073333979
Epoch 146 val RMSE: 15.986370957677805
Epoch 147 MSE: 0.0017772093415260315
Epoch 147 val RMSE: 16.29197553389014
Epoch 148 MSE: 0.001655153464525938
Epoch 148 val RMSE: 16.63604231939599
Epoch 149 MSE: 0.0014719743048772216
Epoch 149 val RMSE: 16.841563916290088
Epoch 150 MSE: 0.0015642440412193537
Epoch 150 val RMSE: 16.78114816077106
Epoch 151 MSE: 0.001500707701779902
Epoch 151 val RMSE: 16.478041400259677
Epoch 152 MSE: 0.0013199603417888284
Epoch 152 val RMSE: 16.077476792387717
Epoch 153 MSE: 0.0013459429610520601
Epoch 153 val RMSE: 15.724011005297807
Epoch 154 MSE: 0.0013013158459216356
Epoch 154 val RMSE: 15.452086194861764
Epoch 155 MSE: 0.001146579161286354
Epoch 155 val RMSE: 15.185060407199982
Epoch 156 MSE: 0.0011625351617112756
Epoch 156 val RMSE: 14.844111323727363
Epoch 157 MSE: 0.0011444216361269355
Epoch 157 val RMSE: 14.458082447935102
Epoch 158 MSE: 0.001037070294842124
Epoch 158 val RMSE: 14.157095035484858
Epoch 159 MSE: 0.0010582280810922384
Epoch 159 val RMSE: 14.050733467044134
Epoch 160 MSE: 0.0010227819439023733
Epoch 160 val RMSE: 14.115649884269354
Epoch 161 MSE: 0.0009349430911242962
Epoch 161 val RMSE: 14.21365271786195
Epoch 162 MSE: 0.0009492276003584266
Epoch 162 val RMSE: 14.218312686441175
Epoch 163 MSE: 0.0009128625970333815
Epoch 163 val RMSE: 14.115481249786914
Epoch 164 MSE: 0.0008627336355857551
Epoch 164 val RMSE: 13.981177074121108
Epoch 165 MSE: 0.0008822657400742173
Epoch 165 val RMSE: 13.873508682523772
Epoch 166 MSE: 0.0008492461056448519
Epoch 166 val RMSE: 13.75839809230734
Epoch 167 MSE: 0.0008134182426147163
Epoch 167 val RMSE: 13.548966507014589
Epoch 168 MSE: 0.0008204095647670329
Epoch 168 val RMSE: 13.212864496694417
Epoch 169 MSE: 0.0007827382069081068
Epoch 169 val RMSE: 12.827326239786453
Epoch 170 MSE: 0.0007638848037458956
Epoch 170 val RMSE: 12.519402666071349
Epoch 171 MSE: 0.0007692220387980342
Epoch 171 val RMSE: 12.351392635019504
Epoch 172 MSE: 0.0007381259929388762
Epoch 172 val RMSE: 12.276105196236406
Epoch 173 MSE: 0.0007321324083022773
Epoch 173 val RMSE: 12.208929852351861
Epoch 174 MSE: 0.0007243945146910846
Epoch 174 val RMSE: 12.12632445347627
Epoch 175 MSE: 0.0006950817187316716
Epoch 175 val RMSE: 12.076791470084844
Epoch 176 MSE: 0.000692301313392818
Epoch 176 val RMSE: 12.099810991308527
Epoch 177 MSE: 0.0006770548061467707
Epoch 177 val RMSE: 12.156769023102095
Epoch 178 MSE: 0.000659323064610362
Epoch 178 val RMSE: 12.159213217328379
Epoch 179 MSE: 0.0006573661812581122
Epoch 179 val RMSE: 12.059716096133272
Epoch 180 MSE: 0.0006383030558936298
Epoch 180 val RMSE: 11.898274631600348
Epoch 181 MSE: 0.0006260526133701205
Epoch 181 val RMSE: 11.754107467536548
Epoch 182 MSE: 0.0006185403326526284
Epoch 182 val RMSE: 11.662701250733777
Epoch 183 MSE: 0.0006004686583764851
Epoch 183 val RMSE: 11.593993480007358
Epoch 184 MSE: 0.0005942551651969552
Epoch 184 val RMSE: 11.510153890288565
Epoch 185 MSE: 0.0005843263934366405
Epoch 185 val RMSE: 11.425300470654003
Epoch 186 MSE: 0.000571318669244647
Epoch 186 val RMSE: 11.392543134107502
Epoch 187 MSE: 0.0005658791051246226
Epoch 187 val RMSE: 11.437085753896934
Epoch 188 MSE: 0.000553146586753428
Epoch 188 val RMSE: 11.52051008896572
Epoch 189 MSE: 0.0005445408751256764
Epoch 189 val RMSE: 11.579931038501279
Epoch 190 MSE: 0.0005380657385103405
Epoch 190 val RMSE: 11.592255447174164
Epoch 191 MSE: 0.0005274317809380591
Epoch 191 val RMSE: 11.586528822148779
Epoch 192 MSE: 0.0005221980973146856
Epoch 192 val RMSE: 11.59544438321947
Epoch 193 MSE: 0.0005140529829077423
Epoch 193 val RMSE: 11.61115975093439
Epoch 194 MSE: 0.0005057434900663793
Epoch 194 val RMSE: 11.599984767509193
Epoch 195 MSE: 0.0005003621336072683
Epoch 195 val RMSE: 11.553083554792783
Epoch 196 MSE: 0.0004919011262245476
Epoch 196 val RMSE: 11.505566120700559
Epoch 197 MSE: 0.0004864137736149132
Epoch 197 val RMSE: 11.499195900046935
Epoch 198 MSE: 0.0004804510099347681
Epoch 198 val RMSE: 11.536722347548027
Epoch 199 MSE: 0.0004734907124657184
Epoch 199 val RMSE: 11.58511829116615
Epoch 200 MSE: 0.0004687307227868587
Epoch 200 val RMSE: 11.62025338348046
Epoch 201 MSE: 0.0004619938845280558
Epoch 201 val RMSE: 11.653085560321433
Epoch 202 MSE: 0.00045678592869080603
Epoch 202 val RMSE: 11.705411028189792
Epoch 203 MSE: 0.00045176135608926415
Epoch 203 val RMSE: 11.771563283966897
Epoch 204 MSE: 0.000446116755483672
Epoch 204 val RMSE: 11.819586348936284
Epoch 205 MSE: 0.0004420015320647508
Epoch 205 val RMSE: 11.830043783227767
Epoch 206 MSE: 0.0004367375804577023
Epoch 206 val RMSE: 11.819500498795016
Epoch 207 MSE: 0.0004323903121985495
Epoch 207 val RMSE: 11.81779369437182
Epoch 208 MSE: 0.0004281424917280674
Epoch 208 val RMSE: 11.831394162032757
Epoch 209 MSE: 0.00042365133413113654
Epoch 209 val RMSE: 11.842397164656687
Epoch 210 MSE: 0.0004201837000437081
Epoch 210 val RMSE: 11.84121878356588
Epoch 211 MSE: 0.0004160827083978802
Epoch 211 val RMSE: 11.844238915329193
Epoch 212 MSE: 0.0004127201100345701
Epoch 212 val RMSE: 11.871114315957835
Epoch 213 MSE: 0.0004092230519745499
Epoch 213 val RMSE: 11.915402716627502
Epoch 214 MSE: 0.00040580681525170803
Epoch 214 val RMSE: 11.95130258268326
Epoch 215 MSE: 0.00040290868491865695
Epoch 215 val RMSE: 11.966428207812655
Epoch 216 MSE: 0.00039972178637981415
Epoch 216 val RMSE: 11.9733412579324
Epoch 217 MSE: 0.0003971338155679405
Epoch 217 val RMSE: 11.985380167877642
Epoch 218 MSE: 0.00039430506876669824
Epoch 218 val RMSE: 11.99500743005482
Epoch 219 MSE: 0.0003917661088053137
Epoch 219 val RMSE: 11.987073293655166
Epoch 220 MSE: 0.00038932522875256836
Epoch 220 val RMSE: 11.965189989480944
Epoch 221 MSE: 0.0003868949424941093
Epoch 221 val RMSE: 11.949845725623865
Epoch 222 MSE: 0.00038478849455714226
Epoch 222 val RMSE: 11.951084895346582
Epoch 223 MSE: 0.0003825273015536368
Epoch 223 val RMSE: 11.957472146600164
Epoch 224 MSE: 0.00038057469646446407
Epoch 224 val RMSE: 11.956742839955215
Epoch 225 MSE: 0.0003785072185564786
Epoch 225 val RMSE: 11.954263630408713
Epoch 226 MSE: 0.0003766387526411563
Epoch 226 val RMSE: 11.960932397124973
Epoch 227 MSE: 0.0003747910668607801
Epoch 227 val RMSE: 11.97198586010568
Epoch 228 MSE: 0.000373005197616294
Epoch 228 val RMSE: 11.971987771917306
Epoch 229 MSE: 0.0003713312034960836
Epoch 229 val RMSE: 11.957725447424211
Epoch 230 MSE: 0.00036961628939025104
Epoch 230 val RMSE: 11.941876472995736
Epoch 231 MSE: 0.0003680454392451793
Epoch 231 val RMSE: 11.932651353951515
Epoch 232 MSE: 0.00036640872713178396
Epoch 232 val RMSE: 11.923428695449507
Epoch 233 MSE: 0.0003649093850981444
Epoch 233 val RMSE: 11.908056887992107
Epoch 234 MSE: 0.0003633615269791335
Epoch 234 val RMSE: 11.89412137532721
Epoch 235 MSE: 0.00036189964157529175
Epoch 235 val RMSE: 11.891383383748792
Epoch 236 MSE: 0.0003604069061111659
Epoch 236 val RMSE: 11.895722307977588
Epoch 237 MSE: 0.00035895348992198706
Epoch 237 val RMSE: 11.896032720298892
Epoch 238 MSE: 0.0003575062146410346
Epoch 238 val RMSE: 11.891514909003591
Epoch 239 MSE: 0.000356068805558607
Epoch 239 val RMSE: 11.889955759952718
Epoch 240 MSE: 0.00035465299151837826
Epoch 240 val RMSE: 11.891810675116405
Epoch 241 MSE: 0.0003532198315951973
Epoch 241 val RMSE: 11.889118354777459
Epoch 242 MSE: 0.0003518141165841371
Epoch 242 val RMSE: 11.880450794645142
Epoch 243 MSE: 0.0003503848856780678
Epoch 243 val RMSE: 11.874537408753024
Epoch 244 MSE: 0.00034898772719316185
Epoch 244 val RMSE: 11.876272033022136
Epoch 245 MSE: 0.00034756408422254026
Epoch 245 val RMSE: 11.88037116398897
Epoch 246 MSE: 0.0003461671294644475
Epoch 246 val RMSE: 11.883011534740072
Epoch 247 MSE: 0.0003447439812589437
Epoch 247 val RMSE: 11.88905418336547
Epoch 248 MSE: 0.00034334181691519916
Epoch 248 val RMSE: 11.901947605813236
Epoch 249 MSE: 0.00034191887243650854
Epoch 249 val RMSE: 11.916075649588615
Epoch 250 MSE: 0.0003405140887480229
Epoch 250 val RMSE: 11.926039062272258
Epoch 251 MSE: 0.0003390931524336338
Epoch 251 val RMSE: 11.935246279811977
Epoch 252 MSE: 0.0003376856620889157
Epoch 252 val RMSE: 11.948211178507472
Epoch 253 MSE: 0.00033626423100940883
Epoch 253 val RMSE: 11.962118119190302
Epoch 254 MSE: 0.00033485516905784607
Epoch 254 val RMSE: 11.973541973762858
Epoch 255 MSE: 0.00033343827817589045
Epoch 255 val RMSE: 11.986326056348608
Epoch 256 MSE: 0.0003320340474601835
Epoch 256 val RMSE: 12.004901520731478
Epoch 257 MSE: 0.00033062370494008064
Epoch 257 val RMSE: 12.026318616997434
Epoch 258 MSE: 0.00032922535319812596
Epoch 258 val RMSE: 12.04647157540299
Epoch 259 MSE: 0.00032782607013359666
Epoch 259 val RMSE: 12.067522811725837
Epoch 260 MSE: 0.00032644084421917796
Epoch 260 val RMSE: 12.091982847917704
Epoch 261 MSE: 0.00032505838316865265
Epoch 261 val RMSE: 12.116352576409263
Epoch 262 MSE: 0.00032369192922487855
Epoch 262 val RMSE: 12.137611358791741
Epoch 263 MSE: 0.0003223323146812618
Epoch 263 val RMSE: 12.158986075442824
Epoch 264 MSE: 0.0003209907154086977
Epoch 264 val RMSE: 12.183201741048448
Epoch 265 MSE: 0.0003196595062036067
Epoch 265 val RMSE: 12.207576237834399
Epoch 266 MSE: 0.00031834832043386996
Epoch 266 val RMSE: 12.23082743106277
Epoch 267 MSE: 0.00031705194851383567
Epoch 267 val RMSE: 12.256342277587985
Epoch 268 MSE: 0.00031577510526403785
Epoch 268 val RMSE: 12.284797292053131
Epoch 269 MSE: 0.0003145146765746176
Epoch 269 val RMSE: 12.312418826072836
Epoch 270 MSE: 0.0003132731653749943
Epoch 270 val RMSE: 12.338523666134682
Epoch 271 MSE: 0.0003120499604847282
Epoch 271 val RMSE: 12.365814807544718
Epoch 272 MSE: 0.00031084209331311285
Epoch 272 val RMSE: 12.393334572313016
Epoch 273 MSE: 0.0003096498840022832
Epoch 273 val RMSE: 12.41838590935835
Epoch 274 MSE: 0.0003084693744312972
Epoch 274 val RMSE: 12.442781026869241
Epoch 275 MSE: 0.0003073006810154766
Epoch 275 val RMSE: 12.46893662238942
Epoch 276 MSE: 0.0003061380994040519
Epoch 276 val RMSE: 12.494900693281277
Epoch 277 MSE: 0.00030498180422000587
Epoch 277 val RMSE: 12.519513577405624
Epoch 278 MSE: 0.00030382786644622684
Epoch 278 val RMSE: 12.545065857466197
Epoch 279 MSE: 0.0003026752674486488
Epoch 279 val RMSE: 12.571334541266392
Epoch 280 MSE: 0.0003015223774127662
Epoch 280 val RMSE: 12.595571532932157
Epoch 281 MSE: 0.0003003686433658004
Epoch 281 val RMSE: 12.61847238523404
Epoch 282 MSE: 0.00029921517125330865
Epoch 282 val RMSE: 12.641857412496417
Epoch 283 MSE: 0.00029806108796037734
Epoch 283 val RMSE: 12.664239617438176
Epoch 284 MSE: 0.00029690959490835667
Epoch 284 val RMSE: 12.685019264672686
Epoch 285 MSE: 0.00029576162341982126
Epoch 285 val RMSE: 12.706516690511606
Epoch 286 MSE: 0.0002946198219433427
Epoch 286 val RMSE: 12.728749236625971
Epoch 287 MSE: 0.0002934862859547138
Epoch 287 val RMSE: 12.749904856607325
Epoch 288 MSE: 0.00029236229602247477
Epoch 288 val RMSE: 12.77088444478115
Epoch 289 MSE: 0.00029125079163350165
Epoch 289 val RMSE: 12.792553666930191
Epoch 290 MSE: 0.0002901515399571508
Epoch 290 val RMSE: 12.813122245751435
Epoch 291 MSE: 0.000289066054392606
Epoch 291 val RMSE: 12.832379062067101
Epoch 292 MSE: 0.00028799421852454543
Epoch 292 val RMSE: 12.851926999010328
Epoch 293 MSE: 0.00028693536296486855
Epoch 293 val RMSE: 12.871116867391986
Epoch 294 MSE: 0.00028588977875187993
Epoch 294 val RMSE: 12.889013867119427
Epoch 295 MSE: 0.00028485621442086995
Epoch 295 val RMSE: 12.906860041575275
Epoch 296 MSE: 0.00028383449534885585
Epoch 296 val RMSE: 12.924559382411928
Epoch 297 MSE: 0.0002828242431860417
Epoch 297 val RMSE: 12.940467678385954
Epoch 298 MSE: 0.0002818251959979534
Epoch 298 val RMSE: 12.954891880398405
Epoch 299 MSE: 0.00028083723736926913
Epoch 299 val RMSE: 12.96827053424681
Epoch 300 MSE: 0.00027986112399958074
Epoch 300 val RMSE: 12.979300819222097
Epoch 301 MSE: 0.00027889697230421007
Epoch 301 val RMSE: 12.987991655606102
Epoch 302 MSE: 0.00027794548077508807
Epoch 302 val RMSE: 12.99538163532169
Epoch 303 MSE: 0.0002770065621007234
Epoch 303 val RMSE: 13.000727706495415
Epoch 304 MSE: 0.0002760806237347424
Epoch 304 val RMSE: 13.003576520301479
Epoch 305 MSE: 0.0002751673455350101
Epoch 305 val RMSE: 13.004849043061304
Epoch 306 MSE: 0.0002742659708019346
Epoch 306 val RMSE: 13.004063484705764
Epoch 307 MSE: 0.0002733756846282631
Epoch 307 val RMSE: 13.00056514978742
Epoch 308 MSE: 0.00027249526465311646
Epoch 308 val RMSE: 12.995325275032798
Epoch 309 MSE: 0.00027162424521520734
Epoch 309 val RMSE: 12.988514448094492
Epoch 310 MSE: 0.0002707613748498261
Epoch 310 val RMSE: 12.979690533021495
Epoch 311 MSE: 0.00026990618789568543
Epoch 311 val RMSE: 12.96980535050847
Epoch 312 MSE: 0.0002690582477953285
Epoch 312 val RMSE: 12.959193815423209
Epoch 313 MSE: 0.0002682177582755685
Epoch 313 val RMSE: 12.947251924538309
Epoch 314 MSE: 0.00026738454471342266
Epoch 314 val RMSE: 12.934525742243425
Epoch 315 MSE: 0.0002665587526280433
Epoch 315 val RMSE: 12.921361320276615
Epoch 316 MSE: 0.0002657403238117695
Epoch 316 val RMSE: 12.907230663219538
Epoch 317 MSE: 0.0002649288799148053
Epoch 317 val RMSE: 12.892627093576523
Epoch 318 MSE: 0.00026412392617203295
Epoch 318 val RMSE: 12.878012887956853
Epoch 319 MSE: 0.00026332520064897835
Epoch 319 val RMSE: 12.862880298564367
Epoch 320 MSE: 0.0002625320921652019
Epoch 320 val RMSE: 12.84743890436406
Epoch 321 MSE: 0.00026174396043643355
Epoch 321 val RMSE: 12.831928390950004
Epoch 322 MSE: 0.0002609609509818256
Epoch 322 val RMSE: 12.815725227639346
Epoch 323 MSE: 0.00026018262724392116
Epoch 323 val RMSE: 12.798911429846779
Epoch 324 MSE: 0.0002594092220533639
Epoch 324 val RMSE: 12.781778264029631
Epoch 325 MSE: 0.00025864082272164524
Epoch 325 val RMSE: 12.763922177394608
Epoch 326 MSE: 0.00025787754566408694
Epoch 326 val RMSE: 12.745462844483804
Epoch 327 MSE: 0.0002571192162577063
Epoch 327 val RMSE: 12.726705176839884
Epoch 328 MSE: 0.00025636606733314693
Epoch 328 val RMSE: 12.707253999162004
Epoch 329 MSE: 0.000255617662332952
Epoch 329 val RMSE: 12.68716264849379
Epoch 330 MSE: 0.000254874030360952
Epoch 330 val RMSE: 12.666697920375881
Epoch 331 MSE: 0.0002541348512750119
Epoch 331 val RMSE: 12.645582888960181
Epoch 332 MSE: 0.000253400212386623
Epoch 332 val RMSE: 12.623998016782734
Epoch 333 MSE: 0.00025267008459195495
Epoch 333 val RMSE: 12.602244198470787
Epoch 334 MSE: 0.00025194435147568583
Epoch 334 val RMSE: 12.580098593223918
Epoch 335 MSE: 0.0002512235369067639
Epoch 335 val RMSE: 12.557675778075561
Epoch 336 MSE: 0.0002505072916392237
Epoch 336 val RMSE: 12.535135556230971
Epoch 337 MSE: 0.000249795732088387
Epoch 337 val RMSE: 12.5122236375652
Epoch 338 MSE: 0.0002490888873580843
Epoch 338 val RMSE: 12.489080313425617
Epoch 339 MSE: 0.00024838661192916334
Epoch 339 val RMSE: 12.465865870032793
Epoch 340 MSE: 0.0002476888766977936
Epoch 340 val RMSE: 12.442410060564407
Epoch 341 MSE: 0.00024699553614482284
Epoch 341 val RMSE: 12.418878618562069
Epoch 342 MSE: 0.0002463066775817424
Epoch 342 val RMSE: 12.395343127562061
Epoch 343 MSE: 0.00024562206817790866
Epoch 343 val RMSE: 12.371626577174041
Epoch 344 MSE: 0.0002449419116601348
Epoch 344 val RMSE: 12.347868181707014
Epoch 345 MSE: 0.0002442660043016076
Epoch 345 val RMSE: 12.324114747976386
Epoch 346 MSE: 0.00024359447706956416
Epoch 346 val RMSE: 12.300284430463895
Epoch 347 MSE: 0.00024292705347761512
Epoch 347 val RMSE: 12.276552656067073
Epoch 348 MSE: 0.00024226361711043864
Epoch 348 val RMSE: 12.252937431816413
Epoch 349 MSE: 0.00024160412431228906
Epoch 349 val RMSE: 12.229343982734596
Epoch 350 MSE: 0.00024094850232359022
Epoch 350 val RMSE: 12.20588182088417
Epoch 351 MSE: 0.00024029646010603756
Epoch 351 val RMSE: 12.182461523617222
Epoch 352 MSE: 0.00023964843421708792
Epoch 352 val RMSE: 12.159031253172474
Epoch 353 MSE: 0.0002390039007877931
Epoch 353 val RMSE: 12.135686510657768
Epoch 354 MSE: 0.00023836315085645765
Epoch 354 val RMSE: 12.11234149652
Epoch 355 MSE: 0.000237725893384777
Epoch 355 val RMSE: 12.089001258003725
Epoch 356 MSE: 0.0002370919828535989
Epoch 356 val RMSE: 12.065685424811464
Epoch 357 MSE: 0.00023646139015909284
Epoch 357 val RMSE: 12.042309243416003
Epoch 358 MSE: 0.00023583417350891978
Epoch 358 val RMSE: 12.018906640010524
Epoch 359 MSE: 0.0002352100273128599
Epoch 359 val RMSE: 11.995509897058552
Epoch 360 MSE: 0.00023458909709006548
Epoch 360 val RMSE: 11.972099930998425
Epoch 361 MSE: 0.00023397112090606242
Epoch 361 val RMSE: 11.948752647006128
Epoch 362 MSE: 0.00023335606965702027
Epoch 362 val RMSE: 11.925474171038298
Epoch 363 MSE: 0.0002327439869986847
Epoch 363 val RMSE: 11.902237343633326
Epoch 364 MSE: 0.00023213446547742933
Epoch 364 val RMSE: 11.879089936100364
Epoch 365 MSE: 0.00023152756330091506
Epoch 365 val RMSE: 11.855972626236216
Epoch 366 MSE: 0.00023092345509212464
Epoch 366 val RMSE: 11.832898485673983
Epoch 367 MSE: 0.00023032187891658396
Epoch 367 val RMSE: 11.80984321871319
Epoch 368 MSE: 0.00022972245642449707
Epoch 368 val RMSE: 11.786795285013662
Epoch 369 MSE: 0.0002291255514137447
Epoch 369 val RMSE: 11.763735919684951
Epoch 370 MSE: 0.00022853098926134408
Epoch 370 val RMSE: 11.740633863659484
Epoch 371 MSE: 0.00022793836251366884
Epoch 371 val RMSE: 11.7174732377398
Epoch 372 MSE: 0.00022734812228009105
Epoch 372 val RMSE: 11.694284356945223
Epoch 373 MSE: 0.00022675968648400158
Epoch 373 val RMSE: 11.671055939928044
Epoch 374 MSE: 0.00022617337526753545
Epoch 374 val RMSE: 11.647839495674388
Epoch 375 MSE: 0.00022558891214430332
Epoch 375 val RMSE: 11.624649534787732
Epoch 376 MSE: 0.00022500615159515291
Epoch 376 val RMSE: 11.601491477055331
Epoch 377 MSE: 0.00022442531189881265
Epoch 377 val RMSE: 11.578386599819632
Epoch 378 MSE: 0.00022384595649782568
Epoch 378 val RMSE: 11.555306831356615
Epoch 379 MSE: 0.0002232684346381575
Epoch 379 val RMSE: 11.532250337707836
Epoch 380 MSE: 0.00022269220789894462
Epoch 380 val RMSE: 11.509202675069213
Epoch 381 MSE: 0.00022211743635125458
Epoch 381 val RMSE: 11.486136663352859
Epoch 382 MSE: 0.00022154420730657876
Epoch 382 val RMSE: 11.4630315592908
Epoch 383 MSE: 0.00022097227338235825
Epoch 383 val RMSE: 11.43985844878008
Epoch 384 MSE: 0.0002204016491305083
Epoch 384 val RMSE: 11.416611571538668
Epoch 385 MSE: 0.00021983218903187662
Epoch 385 val RMSE: 11.393294493860331
Epoch 386 MSE: 0.00021926390763837844
Epoch 386 val RMSE: 11.369936308535605
Epoch 387 MSE: 0.00021869681950192899
Epoch 387 val RMSE: 11.346530037702468
Epoch 388 MSE: 0.00021813054627273232
Epoch 388 val RMSE: 11.323124569853237
Epoch 389 MSE: 0.00021756550995633006
Epoch 389 val RMSE: 11.299694590534537
Epoch 390 MSE: 0.00021700146317016333
Epoch 390 val RMSE: 11.27626193611842
Epoch 391 MSE: 0.00021643815853167325
Epoch 391 val RMSE: 11.252808961929968
Epoch 392 MSE: 0.00021587575611192733
Epoch 392 val RMSE: 11.22932568911103
Epoch 393 MSE: 0.00021531403763219714
Epoch 393 val RMSE: 11.20580137411132
Epoch 394 MSE: 0.00021475319226738065
Epoch 394 val RMSE: 11.182214266126127
Epoch 395 MSE: 0.00021419305994641036
Epoch 395 val RMSE: 11.158547899397329
Epoch 396 MSE: 0.0002136335097020492
Epoch 396 val RMSE: 11.134827120346323
Epoch 397 MSE: 0.00021307477436494082
Epoch 397 val RMSE: 11.111016561317822
Epoch 398 MSE: 0.00021251649013720453
Epoch 398 val RMSE: 11.087205444689564
Epoch 399 MSE: 0.00021195877343416214
Epoch 399 val RMSE: 11.063347563091282
Epoch 400 MSE: 0.00021140160970389843
Epoch 400 val RMSE: 11.039535220770166
Epoch 401 MSE: 0.00021084476611576974
Epoch 401 val RMSE: 11.015718846563894
Epoch 402 MSE: 0.00021028879564255476
Epoch 402 val RMSE: 10.991950124036084
Epoch 403 MSE: 0.00020973276696167886
Epoch 403 val RMSE: 10.968200843736184
Epoch 404 MSE: 0.0002091775240842253
Epoch 404 val RMSE: 10.944484725680079
Epoch 405 MSE: 0.00020862244127783924
Epoch 405 val RMSE: 10.920788712296966
Epoch 406 MSE: 0.00020806799875572324
Epoch 406 val RMSE: 10.897115385195374
Epoch 407 MSE: 0.00020751362899318337
Epoch 407 val RMSE: 10.873504185023279
Epoch 408 MSE: 0.00020695965213235468
Epoch 408 val RMSE: 10.84993196105719
Epoch 409 MSE: 0.00020640615548472852
Epoch 409 val RMSE: 10.826485645992014
Epoch 410 MSE: 0.00020585292077157646
Epoch 410 val RMSE: 10.803133926630677
Epoch 411 MSE: 0.00020529987523332238
Epoch 411 val RMSE: 10.779943237721435
Epoch 412 MSE: 0.00020474714983720332
Epoch 412 val RMSE: 10.75693199748586
Epoch 413 MSE: 0.0002041949483100325
Epoch 413 val RMSE: 10.734061912623895
Epoch 414 MSE: 0.0002036428777500987
Epoch 414 val RMSE: 10.711398347808268
Epoch 415 MSE: 0.0002030910982284695
Epoch 415 val RMSE: 10.688889441046257
Epoch 416 MSE: 0.0002025395806413144
Epoch 416 val RMSE: 10.666564781973944
Epoch 417 MSE: 0.0002019883249886334
Epoch 417 val RMSE: 10.644439506485373
Epoch 418 MSE: 0.00020143728761468083
Epoch 418 val RMSE: 10.622499777636095
Epoch 419 MSE: 0.00020088654127903283
Epoch 419 val RMSE: 10.600833111538517
Epoch 420 MSE: 0.00020033610053360462
Epoch 420 val RMSE: 10.579351041393382
Epoch 421 MSE: 0.0001997857470996678
Epoch 421 val RMSE: 10.558217642094334
Epoch 422 MSE: 0.0001992357720155269
Epoch 422 val RMSE: 10.537254003004204
Epoch 423 MSE: 0.00019868576782755554
Epoch 423 val RMSE: 10.516633800167067
Epoch 424 MSE: 0.00019813604012597352
Epoch 424 val RMSE: 10.496158805506429
Epoch 425 MSE: 0.00019758637063205242
Epoch 425 val RMSE: 10.47602614154154
Epoch 426 MSE: 0.00019703683210536838
Epoch 426 val RMSE: 10.456006484037694
Epoch 427 MSE: 0.00019648740999400616
Epoch 427 val RMSE: 10.436337343435968
Epoch 428 MSE: 0.00019593808974605054
Epoch 428 val RMSE: 10.416761433488194
Epoch 429 MSE: 0.0001953887549461797
Epoch 429 val RMSE: 10.397553713733846
Epoch 430 MSE: 0.00019483946380205452
Epoch 430 val RMSE: 10.378436151496217
Epoch 431 MSE: 0.00019429020176175982
Epoch 431 val RMSE: 10.359653014628245
Epoch 432 MSE: 0.0001937408378580585
Epoch 432 val RMSE: 10.340944583919562
Epoch 433 MSE: 0.00019319159036967903
Epoch 433 val RMSE: 10.322518216221212
Epoch 434 MSE: 0.00019264213915448636
Epoch 434 val RMSE: 10.304096288835321
Epoch 435 MSE: 0.00019209265883546323
Epoch 435 val RMSE: 10.285983309179475
Epoch 436 MSE: 0.00019154304754920304
Epoch 436 val RMSE: 10.267772989816738
Epoch 437 MSE: 0.00019099347991868854
Epoch 437 val RMSE: 10.24997469270885
Epoch 438 MSE: 0.000190443592146039
Epoch 438 val RMSE: 10.231900494029766
Epoch 439 MSE: 0.00018989377713296562
Epoch 439 val RMSE: 10.214433697553611
Epoch 440 MSE: 0.00018934390391223133
Epoch 440 val RMSE: 10.196372071377581
Epoch 441 MSE: 0.00018879362323787063
Epoch 441 val RMSE: 10.179303762913072
Epoch 442 MSE: 0.00018824334256350994
Epoch 442 val RMSE: 10.160981845421647
Epoch 443 MSE: 0.00018769287271425128
Epoch 443 val RMSE: 10.14455832447292
Epoch 444 MSE: 0.00018714211182668805
Epoch 444 val RMSE: 10.125473953268573
Epoch 445 MSE: 0.00018659145280253142
Epoch 445 val RMSE: 10.110436408852063
Epoch 446 MSE: 0.0001860407937783748
Epoch 446 val RMSE: 10.089431642038862
Epoch 447 MSE: 0.00018549086234997958
Epoch 447 val RMSE: 10.077634814266045
Epoch 448 MSE: 0.0001849426334956661
Epoch 448 val RMSE: 10.051736512731853
Epoch 449 MSE: 0.00018439962877891958
Epoch 449 val RMSE: 10.048019320281096
Epoch 450 MSE: 0.00018387030286248773
Epoch 450 val RMSE: 10.009297816812353
Epoch 451 MSE: 0.00018337798246648163
Epoch 451 val RMSE: 10.026933258178437
Epoch 452 MSE: 0.0001829852699302137
Epoch 452 val RMSE: 9.953417811136378
Epoch 453 MSE: 0.00018286994600202888
Epoch 453 val RMSE: 10.030166519927796
Epoch 454 MSE: 0.00018352516053710133
Epoch 454 val RMSE: 9.859880292370837
Epoch 455 MSE: 0.00018635831656865776
Epoch 455 val RMSE: 10.1030442286247
Epoch 456 MSE: 0.0001952349120983854
Epoch 456 val RMSE: 9.674454500655523
Epoch 457 MSE: 0.00021986369392834604
Epoch 457 val RMSE: 10.349461387588418
Epoch 458 MSE: 0.00028394575929269195
Epoch 458 val RMSE: 9.38573156937088
Epoch 459 MSE: 0.0004134484042879194
Epoch 459 val RMSE: 10.851785722033659
Epoch 460 MSE: 0.0006468648207373917
Epoch 460 val RMSE: 9.449637786543725
Epoch 461 MSE: 0.0007449968834407628
Epoch 461 val RMSE: 11.086748519598359
Epoch 462 MSE: 0.0006028396310284734
Epoch 462 val RMSE: 10.383259989651387
Epoch 463 MSE: 0.00024835203657858074
Epoch 463 val RMSE: 10.267030291702767
Epoch 464 MSE: 0.00027966347988694906
Epoch 464 val RMSE: 10.8962506906628
Epoch 465 MSE: 0.00047632440691813827
Epoch 465 val RMSE: 9.922340970849413
Epoch 466 MSE: 0.00030102900927886367
Epoch 466 val RMSE: 10.112601518534005
Epoch 467 MSE: 0.00018860958516597748
Epoch 467 val RMSE: 10.588883353951623
Epoch 468 MSE: 0.0003489660157356411
Epoch 468 val RMSE: 9.863498218529449
Epoch 469 MSE: 0.00030427848105318844
Epoch 469 val RMSE: 10.299594641551357
Epoch 470 MSE: 0.00018281758821103722
Epoch 470 val RMSE: 10.715721303040388
Epoch 471 MSE: 0.000273701676633209
Epoch 471 val RMSE: 10.30080235883787
Epoch 472 MSE: 0.000250956101808697
Epoch 472 val RMSE: 10.543488678014405
Epoch 473 MSE: 0.00018916433327831328
Epoch 473 val RMSE: 10.840962428199303
Epoch 474 MSE: 0.00026007526321336627
Epoch 474 val RMSE: 10.419507628539431
Epoch 475 MSE: 0.00020739994943141937
Epoch 475 val RMSE: 10.357605105453086
Epoch 476 MSE: 0.000197463552467525
Epoch 476 val RMSE: 10.568711119342845
Epoch 477 MSE: 0.00023889185104053468
Epoch 477 val RMSE: 10.181745343133557
Epoch 478 MSE: 0.0001868724066298455
Epoch 478 val RMSE: 10.040599803257756
Epoch 479 MSE: 0.00020814735034946352
Epoch 479 val RMSE: 10.37692941396924
Epoch 480 MSE: 0.00021351527539081872
Epoch 480 val RMSE: 10.29641375282839
Epoch 481 MSE: 0.0001793076953617856
Epoch 481 val RMSE: 10.192689662026737
Epoch 482 MSE: 0.00020933574705850333
Epoch 482 val RMSE: 10.453351986278058
Epoch 483 MSE: 0.0001914314489113167
Epoch 483 val RMSE: 10.367242325707517
Epoch 484 MSE: 0.00018415752856526524
Epoch 484 val RMSE: 10.042891642668794
Epoch 485 MSE: 0.00020074626081623137
Epoch 485 val RMSE: 10.087082683340455
Epoch 486 MSE: 0.00017765666416380554
Epoch 486 val RMSE: 10.049431506727057
Epoch 487 MSE: 0.00018832911155186594
Epoch 487 val RMSE: 9.807716321268503
Epoch 488 MSE: 0.0001891500287456438
Epoch 488 val RMSE: 9.933998882689163
Epoch 489 MSE: 0.0001741203886922449
Epoch 489 val RMSE: 10.111408294483708
Epoch 490 MSE: 0.0001864369260147214
Epoch 490 val RMSE: 9.994522883604722
Epoch 491 MSE: 0.00017836346523836255
Epoch 491 val RMSE: 10.016055759920661
Epoch 492 MSE: 0.0001748285721987486
Epoch 492 val RMSE: 10.093810468085133
Epoch 493 MSE: 0.0001820660545490682
Epoch 493 val RMSE: 9.881465678361522
Epoch 494 MSE: 0.00017160779680125415
Epoch 494 val RMSE: 9.76679407064862
Epoch 495 MSE: 0.0001745946501614526
Epoch 495 val RMSE: 9.859245770993416
Epoch 496 MSE: 0.0001766342465998605
Epoch 496 val RMSE: 9.78755350500222
Epoch 497 MSE: 0.0001688361808191985
Epoch 497 val RMSE: 9.774347276675748
Epoch 498 MSE: 0.00017296578153036535
Epoch 498 val RMSE: 9.944038207590689
Epoch 499 MSE: 0.0001714239624561742
Epoch 499 val RMSE: 9.923095243615633
Epoch 500 MSE: 0.000167110949405469
Epoch 500 val RMSE: 9.838533308928644
Epoch 501 MSE: 0.00017081979603972286
Epoch 501 val RMSE: 9.895631893851615
Epoch 502 MSE: 0.0001676186511758715
Epoch 502 val RMSE: 9.823689877663076
Epoch 503 MSE: 0.00016543219680897892
Epoch 503 val RMSE: 9.71640761626086
Epoch 504 MSE: 0.00016810957458801568
Epoch 504 val RMSE: 9.799877041415135
Epoch 505 MSE: 0.00016502429207321256
Epoch 505 val RMSE: 9.821529049049753
Epoch 506 MSE: 0.0001638361281948164
Epoch 506 val RMSE: 9.796395662740304
Epoch 507 MSE: 0.00016537526971660554
Epoch 507 val RMSE: 9.903793271004053
Epoch 508 MSE: 0.0001627921883482486
Epoch 508 val RMSE: 9.918357213493227
Epoch 509 MSE: 0.0001621860865270719
Epoch 509 val RMSE: 9.847004282885631
Epoch 510 MSE: 0.0001630388869671151
Epoch 510 val RMSE: 9.88247011820461
Epoch 511 MSE: 0.0001608446764294058
Epoch 511 val RMSE: 9.862655456632863
Epoch 512 MSE: 0.00016033412248361856
Epoch 512 val RMSE: 9.808769537453063
Epoch 513 MSE: 0.00016091945872176439
Epoch 513 val RMSE: 9.884710245781937
Epoch 514 MSE: 0.0001591963809914887
Epoch 514 val RMSE: 9.918308752541543
Epoch 515 MSE: 0.00015848873590584844
Epoch 515 val RMSE: 9.909071078372103
Epoch 516 MSE: 0.00015885158791206777
Epoch 516 val RMSE: 9.977333319869656
Epoch 517 MSE: 0.00015760028327349573
Epoch 517 val RMSE: 9.971970375821899
Epoch 518 MSE: 0.00015676530892960727
Epoch 518 val RMSE: 9.928537225615347
Epoch 519 MSE: 0.0001569099840708077
Epoch 519 val RMSE: 9.961560565684907
Epoch 520 MSE: 0.00015600082406308502
Epoch 520 val RMSE: 9.945275677465219
Epoch 521 MSE: 0.00015507957141380757
Epoch 521 val RMSE: 9.934876677501737
Epoch 522 MSE: 0.00015504327893722802
Epoch 522 val RMSE: 9.999184384463174
Epoch 523 MSE: 0.00015442266885656863
Epoch 523 val RMSE: 10.00613520292519
Epoch 524 MSE: 0.0001534530456410721
Epoch 524 val RMSE: 10.014862460002805
Epoch 525 MSE: 0.00015318852092605084
Epoch 525 val RMSE: 10.056993197900512
Epoch 526 MSE: 0.00015280587831512094
Epoch 526 val RMSE: 10.032753519770958
Epoch 527 MSE: 0.00015191199781838804
Epoch 527 val RMSE: 10.03102182859659
Epoch 528 MSE: 0.00015138906019274145
Epoch 528 val RMSE: 10.058896005774216
Epoch 529 MSE: 0.0001510973961558193
Epoch 529 val RMSE: 10.046700720810547
Epoch 530 MSE: 0.00015040041762404144
Epoch 530 val RMSE: 10.080973283312836
Epoch 531 MSE: 0.0001496951881563291
Epoch 531 val RMSE: 10.12160745934336
Epoch 532 MSE: 0.00014931685291230679
Epoch 532 val RMSE: 10.12356519540547
Epoch 533 MSE: 0.00014881626702845097
Epoch 533 val RMSE: 10.161004746384812
Epoch 534 MSE: 0.00014809919230174273
Epoch 534 val RMSE: 10.175291644891253
Epoch 535 MSE: 0.0001475569006288424
Epoch 535 val RMSE: 10.170687979774701
Epoch 536 MSE: 0.0001471295690862462
Epoch 536 val RMSE: 10.205792626004117
Epoch 537 MSE: 0.0001465287059545517
Epoch 537 val RMSE: 10.2174097517978
Epoch 538 MSE: 0.00014588632620871067
Epoch 538 val RMSE: 10.24131853853374
Epoch 539 MSE: 0.00014538686082232744
Epoch 539 val RMSE: 10.289207463267905
Epoch 540 MSE: 0.00014488639135379344
Epoch 540 val RMSE: 10.307009813420443
Epoch 541 MSE: 0.00014427491987589747
Epoch 541 val RMSE: 10.34188816797524
Epoch 542 MSE: 0.00014368974370881915
Epoch 542 val RMSE: 10.372972037423033
Epoch 543 MSE: 0.00014320752234198153
Epoch 543 val RMSE: 10.386652274491112
Epoch 544 MSE: 0.0001427522802259773
Epoch 544 val RMSE: 10.417945315402964
Epoch 545 MSE: 0.00014249776722863317
Epoch 545 val RMSE: 10.457532104763914
Epoch 546 MSE: 0.00014392285083886236
Epoch 546 val RMSE: 10.446410983749693
Epoch 547 MSE: 0.00015180165064521134
Epoch 547 val RMSE: 10.55334509297252
Epoch 548 MSE: 0.00016239947581198066
Epoch 548 val RMSE: 10.391352256621436
Epoch 549 MSE: 0.00015225492825265974
Epoch 549 val RMSE: 10.452616270085134
Epoch 550 MSE: 0.00014245281636249274
Epoch 550 val RMSE: 10.372602070756486
Epoch 551 MSE: 0.00014187443593982607
Epoch 551 val RMSE: 10.344262977626437
Epoch 552 MSE: 0.00014373248268384486
Epoch 552 val RMSE: 10.403014450425498
Epoch 553 MSE: 0.00014204416947904974
Epoch 553 val RMSE: 10.298627921259554
Epoch 554 MSE: 0.00014119780098553747
Epoch 554 val RMSE: 10.324915954395562
Epoch 555 MSE: 0.00014152062067296356
Epoch 555 val RMSE: 10.292810126861236
Epoch 556 MSE: 0.00013810386008117348
Epoch 556 val RMSE: 10.248669793877902
Epoch 557 MSE: 0.00013907690299674869
Epoch 557 val RMSE: 10.271896420773603
Epoch 558 MSE: 0.00013930522254668176
Epoch 558 val RMSE: 10.210594539238475
Epoch 559 MSE: 0.0001376429427182302
Epoch 559 val RMSE: 10.273885669288202
Epoch 560 MSE: 0.00013702103751711547
Epoch 560 val RMSE: 10.270371453124577
Epoch 561 MSE: 0.0001354999258182943
Epoch 561 val RMSE: 10.242090662681038
Epoch 562 MSE: 0.0001364231575280428
Epoch 562 val RMSE: 10.317667828011313
Epoch 563 MSE: 0.00013572153693530709
Epoch 563 val RMSE: 10.275057055089844
Epoch 564 MSE: 0.00013449376274365932
Epoch 564 val RMSE: 10.30248648250353
Epoch 565 MSE: 0.00013409597158897668
Epoch 565 val RMSE: 10.333538258479189
Epoch 566 MSE: 0.00013296696124598384
Epoch 566 val RMSE: 10.330152165491418
Epoch 567 MSE: 0.00013263984874356538
Epoch 567 val RMSE: 10.39888871931418
Epoch 568 MSE: 0.00013294510426931083
Epoch 568 val RMSE: 10.411129102642736
Epoch 569 MSE: 0.00013217938248999417
Epoch 569 val RMSE: 10.464128527490656
Epoch 570 MSE: 0.00013050952111370862
Epoch 570 val RMSE: 10.505817436649423
Epoch 571 MSE: 0.00012997824524063617
Epoch 571 val RMSE: 10.53132642950289
Epoch 572 MSE: 0.00013039827172178775
Epoch 572 val RMSE: 10.590566331166796
Epoch 573 MSE: 0.00013071812281850725
Epoch 573 val RMSE: 10.627689514839437
Epoch 574 MSE: 0.00013206708536017686
Epoch 574 val RMSE: 10.622449501440077
Epoch 575 MSE: 0.0001331853272859007
Epoch 575 val RMSE: 10.737970763290486
Epoch 576 MSE: 0.00014018295041751117
Epoch 576 val RMSE: 10.554585217051587
Epoch 577 MSE: 0.000140414122142829
Epoch 577 val RMSE: 10.748174113082497
Epoch 578 MSE: 0.0001461262727389112
Epoch 578 val RMSE: 10.46726938281993
Epoch 579 MSE: 0.0001480306964367628
Epoch 579 val RMSE: 10.718344989387282
Epoch 580 MSE: 0.0001467873516958207
Epoch 580 val RMSE: 10.48270117506844
Epoch 581 MSE: 0.000140411764732562
Epoch 581 val RMSE: 10.655367549032762
Epoch 582 MSE: 0.0001319975417573005
Epoch 582 val RMSE: 10.544228907067074
Epoch 583 MSE: 0.00012566304940264672
Epoch 583 val RMSE: 10.549257543391235
Epoch 584 MSE: 0.00012413774675223976
Epoch 584 val RMSE: 10.606668253414371
Epoch 585 MSE: 0.00012672542652580887
Epoch 585 val RMSE: 10.508875410924984
Epoch 586 MSE: 0.00013068584667053074
Epoch 586 val RMSE: 10.730702311914799
Epoch 587 MSE: 0.0001337395515292883
Epoch 587 val RMSE: 10.608873403206106
Epoch 588 MSE: 0.00013485969975590706
Epoch 588 val RMSE: 10.892691067360941
Epoch 589 MSE: 0.0001346628414466977
Epoch 589 val RMSE: 10.750211846681681
Epoch 590 MSE: 0.0001335268170805648
Epoch 590 val RMSE: 10.99525592112326
Epoch 591 MSE: 0.00013465412484947592
Epoch 591 val RMSE: 10.795888499613811
Epoch 592 MSE: 0.0001327166537521407
Epoch 592 val RMSE: 10.998438637634903
Epoch 593 MSE: 0.00013450840197037905
Epoch 593 val RMSE: 10.772950978182362
Epoch 594 MSE: 0.00013180136738810688
Epoch 594 val RMSE: 10.99104325900807
Epoch 595 MSE: 0.0001325123739661649
Epoch 595 val RMSE: 10.812184941106196
Epoch 596 MSE: 0.00013365381164476275
Epoch 596 val RMSE: 11.081089758319512
Epoch 597 MSE: 0.0001348020596196875
Epoch 597 val RMSE: 10.887258351356401
Epoch 598 MSE: 0.00013530270371120423
Epoch 598 val RMSE: 11.152415923037042
Epoch 599 MSE: 0.00013661767297890037
Epoch 599 val RMSE: 10.896124306483648
Epoch 600 MSE: 0.0001380659086862579
Epoch 600 val RMSE: 11.163164491087558
Epoch 601 MSE: 0.00014358827320393175
Epoch 601 val RMSE: 10.836468717264582
Epoch 602 MSE: 0.00013818714069202542
Epoch 602 val RMSE: 11.08925105463109
Epoch 603 MSE: 0.0001426150556653738
Epoch 603 val RMSE: 10.90916635602813
Epoch 604 MSE: 0.00015237829938996583
Epoch 604 val RMSE: 11.188673245590026
Epoch 605 MSE: 0.00014559432747773826
Epoch 605 val RMSE: 10.90877331069094
Epoch 606 MSE: 0.00016060401685535908
Epoch 606 val RMSE: 11.305043497655669
Epoch 607 MSE: 0.00016901385970413685
Epoch 607 val RMSE: 10.813864561203218
Epoch 608 MSE: 0.000161960328114219
Epoch 608 val RMSE: 10.822599600344411
Epoch 609 MSE: 0.00015704470570199192
Epoch 609 val RMSE: 10.435647948637888
Epoch 610 MSE: 0.00015638134209439158
Epoch 610 val RMSE: 10.83117122104213
Epoch 611 MSE: 0.00015972611436154693
Epoch 611 val RMSE: 10.632841560049378
Epoch 612 MSE: 0.00015761167742311954
Epoch 612 val RMSE: 11.074030325226808
Epoch 613 MSE: 0.00015747005818411708
Epoch 613 val RMSE: 10.914903765335861
Epoch 614 MSE: 0.00015471606457140297
Epoch 614 val RMSE: 11.200663233601777
Epoch 615 MSE: 0.00014277877926360816
Epoch 615 val RMSE: 10.903263240516216
Epoch 616 MSE: 0.00014304379874374717
Epoch 616 val RMSE: 11.152978925103758
Epoch 617 MSE: 0.00012662532390095294
Epoch 617 val RMSE: 11.057488119734355
Epoch 618 MSE: 0.00011875879863509908
Epoch 618 val RMSE: 11.073316211017351
Epoch 619 MSE: 0.00012074985716026276
Epoch 619 val RMSE: 11.21752548973226
Epoch 620 MSE: 0.00011336603347444907
Epoch 620 val RMSE: 11.222474396477358
Epoch 621 MSE: 0.00011225858179386705
Epoch 621 val RMSE: 11.283949087932069
Epoch 622 MSE: 0.00012649774726014584
Epoch 622 val RMSE: 11.21350655178886
Epoch 623 MSE: 0.00011682516196742654
Epoch 623 val RMSE: 11.33816769283553
Epoch 624 MSE: 0.00012161955964984372
Epoch 624 val RMSE: 11.090764893278044
Epoch 625 MSE: 0.00012526556383818388
Epoch 625 val RMSE: 11.280943636551628
Epoch 626 MSE: 0.00011984298180323094
Epoch 626 val RMSE: 11.164864427876905
Epoch 627 MSE: 0.00011589565110625699
Epoch 627 val RMSE: 11.345485754125749
Epoch 628 MSE: 0.00011913345952052623
Epoch 628 val RMSE: 11.35964768199192
Epoch 629 MSE: 0.00012057212006766349
Epoch 629 val RMSE: 11.526681879083919
Epoch 630 MSE: 0.00011693531996570528
Epoch 630 val RMSE: 11.344571170561949
Epoch 631 MSE: 0.00013130421575624496
Epoch 631 val RMSE: 11.53928928242787
Epoch 632 MSE: 0.00011269038077443838
Epoch 632 val RMSE: 11.44113218240373
Epoch 633 MSE: 0.00011336858733557165
Epoch 633 val RMSE: 11.47998095680279
Epoch 634 MSE: 0.00011196782725164667
Epoch 634 val RMSE: 11.416209265092112
Epoch 635 MSE: 0.00011127856123493984
Epoch 635 val RMSE: 11.564954342552006
Epoch 636 MSE: 0.00011268738307990134
Epoch 636 val RMSE: 11.43985444729917
Epoch 637 MSE: 0.0001220870908582583
Epoch 637 val RMSE: 11.746563347987413
Epoch 638 MSE: 0.0001258364791283384
Epoch 638 val RMSE: 11.562013028174285
Epoch 639 MSE: 0.00012350190081633627
Epoch 639 val RMSE: 11.796550337005968
Epoch 640 MSE: 0.0001522568636573851
Epoch 640 val RMSE: 11.609327683281771
Epoch 641 MSE: 0.00015126308426260948
Epoch 641 val RMSE: 12.086035345232569
Epoch 642 MSE: 0.00019297665858175606
Epoch 642 val RMSE: 11.595962189974928
Epoch 643 MSE: 0.00023814835003577173
Epoch 643 val RMSE: 12.234723589183
Epoch 644 MSE: 0.00034167629200965166
Epoch 644 val RMSE: 11.620374846461091
Epoch 645 MSE: 0.00046497571747750044
Epoch 645 val RMSE: 12.651820333029466
Epoch 646 MSE: 0.0006209130515344441
Epoch 646 val RMSE: 11.629700725506385
Epoch 647 MSE: 0.000699288269970566
Epoch 647 val RMSE: 12.683519763219687
Epoch 648 MSE: 0.0006008869386278093
Epoch 648 val RMSE: 11.968505219429034
Epoch 649 MSE: 0.00029857151093892753
Epoch 649 val RMSE: 12.269570424364396
Epoch 650 MSE: 0.00010828665108419955
Epoch 650 val RMSE: 12.326349360204127
Epoch 651 MSE: 0.0002059463004115969
Epoch 651 val RMSE: 11.659142020378995
Epoch 652 MSE: 0.0003510098613332957
Epoch 652 val RMSE: 12.161402220940321
Epoch 653 MSE: 0.00023821767535991967
Epoch 653 val RMSE: 11.937352364311215
Epoch 654 MSE: 0.0001091954909497872
Epoch 654 val RMSE: 11.922251924128378
Epoch 655 MSE: 0.000198039022507146
Epoch 655 val RMSE: 12.492816539431395
Epoch 656 MSE: 0.0002470879990141839
Epoch 656 val RMSE: 12.212380702862182
Epoch 657 MSE: 0.00014035224739927799
Epoch 657 val RMSE: 12.212494402506394
Epoch 658 MSE: 0.00014120071136858314
Epoch 658 val RMSE: 12.455705210270363
Epoch 659 MSE: 0.00019406728097237647
Epoch 659 val RMSE: 11.986544376664611
Epoch 660 MSE: 0.00013017869787290692
Epoch 660 val RMSE: 11.836816051345837
Epoch 661 MSE: 0.0001488560374127701
Epoch 661 val RMSE: 11.995500992763196
Epoch 662 MSE: 0.00014932629710529
Epoch 662 val RMSE: 11.820604884230821
Epoch 663 MSE: 0.00015535262355115265
Epoch 663 val RMSE: 11.715828411852769
Epoch 664 MSE: 0.00013833382399752736
Epoch 664 val RMSE: 11.521116688964755
Epoch 665 MSE: 0.00014616626140195876
Epoch 665 val RMSE: 11.063096887035456
Epoch 666 MSE: 0.0001373759878333658
Epoch 666 val RMSE: 10.987622319604968
Epoch 667 MSE: 0.00012194462033221498
Epoch 667 val RMSE: 11.192286996320627
Epoch 668 MSE: 0.00014321880007628351
Epoch 668 val RMSE: 11.09252579072813
Epoch 669 MSE: 0.0001276044495170936
Epoch 669 val RMSE: 11.091788448942477
Epoch 670 MSE: 0.00012475141556933522
Epoch 670 val RMSE: 11.13316405694919
Epoch 671 MSE: 0.00013462340575642884
Epoch 671 val RMSE: 10.888185772501492
Epoch 672 MSE: 0.0001148696246673353
Epoch 672 val RMSE: 10.891373508733334
Epoch 673 MSE: 0.00012218885240145028
Epoch 673 val RMSE: 11.074427839185736
Epoch 674 MSE: 0.00011399664072087035
Epoch 674 val RMSE: 11.164620814634517
Epoch 675 MSE: 0.00011288309906376526
Epoch 675 val RMSE: 11.278408210392719
Epoch 676 MSE: 0.00011275629367446527
Epoch 676 val RMSE: 11.41488395936043
Epoch 677 MSE: 0.00010876735905185342
Epoch 677 val RMSE: 11.408128056004083
Epoch 678 MSE: 0.00010859253234229982
Epoch 678 val RMSE: 11.508590806589469
Epoch 679 MSE: 0.00010937878687400371
Epoch 679 val RMSE: 11.627468052231494
Epoch 680 MSE: 0.00011515621008584276
Epoch 680 val RMSE: 11.511395323332401
Epoch 681 MSE: 0.00011035699571948498
Epoch 681 val RMSE: 11.537833962613092
Epoch 682 MSE: 0.00010498172923689708
Epoch 682 val RMSE: 11.694350249534562
Epoch 683 MSE: 0.00011620978330029175
Epoch 683 val RMSE: 11.593031375134105
Epoch 684 MSE: 0.0001052872758009471
Epoch 684 val RMSE: 11.669857642344148
Epoch 685 MSE: 0.00010000856127589941
Epoch 685 val RMSE: 11.804788968996398
Epoch 686 MSE: 0.0001092822349164635
Epoch 686 val RMSE: 11.707196127259053
Epoch 687 MSE: 0.000101528137747664
Epoch 687 val RMSE: 11.750986260760666
Epoch 688 MSE: 0.00010710677452152595
Epoch 688 val RMSE: 11.808499420728102
Epoch 689 MSE: 0.00010402894986327738
Epoch 689 val RMSE: 11.761990536755194
Epoch 690 MSE: 0.00010460177873028442
Epoch 690 val RMSE: 11.704230588632257
Epoch 691 MSE: 9.62554695433937e-05
Epoch 691 val RMSE: 11.703052637668476
Epoch 692 MSE: 9.99648982542567e-05
Epoch 692 val RMSE: 11.745362360834369
Epoch 693 MSE: 0.00010621065302984789
Epoch 693 val RMSE: 11.798439983114559
Epoch 694 MSE: 0.00011055032518925145
Epoch 694 val RMSE: 11.662798067558592
Epoch 695 MSE: 9.822469291975722e-05
Epoch 695 val RMSE: 11.626146485594106
Epoch 696 MSE: 0.00011541196727193892
Epoch 696 val RMSE: 11.641094264870196
Epoch 697 MSE: 9.612605208531022e-05
Epoch 697 val RMSE: 11.726023133623498
Epoch 698 MSE: 0.00010437775199534371
Epoch 698 val RMSE: 11.719544894915728
Epoch 699 MSE: 0.00010765189654193819
Epoch 699 val RMSE: 11.603272837943518
Epoch 700 MSE: 9.999090252676979e-05
Epoch 700 val RMSE: 11.548798892498517
Epoch 701 MSE: 0.00010161287355003878
Epoch 701 val RMSE: 11.515437503773807
Epoch 702 MSE: 9.795385267352685e-05
Epoch 702 val RMSE: 11.696314461087999
Epoch 703 MSE: 9.788895840756595e-05
Epoch 703 val RMSE: 11.78453022347054
Epoch 704 MSE: 9.275641059502959e-05
Epoch 704 val RMSE: 11.926698601304855
Epoch 705 MSE: 9.600212069926783e-05
Epoch 705 val RMSE: 12.06055494053374
Epoch 706 MSE: 9.74853610387072e-05
Epoch 706 val RMSE: 12.101642566512083
Epoch 707 MSE: 9.562196646584198e-05
Epoch 707 val RMSE: 12.057460542598848
Epoch 708 MSE: 0.00010042524809250608
Epoch 708 val RMSE: 12.091252820753962
Epoch 709 MSE: 9.305359708378091e-05
Epoch 709 val RMSE: 12.236839854872215
Epoch 710 MSE: 9.780390246305615e-05
Epoch 710 val RMSE: 12.208494912251098
Epoch 711 MSE: 9.818568651098758e-05
Epoch 711 val RMSE: 12.352431554459923
Epoch 712 MSE: 9.32034308789298e-05
Epoch 712 val RMSE: 12.429831743152677
Epoch 713 MSE: 9.764040441950783e-05
Epoch 713 val RMSE: 12.254234360645507
Epoch 714 MSE: 0.00011404623364796862
Epoch 714 val RMSE: 12.423750595428977
Epoch 715 MSE: 0.00012763643462676555
Epoch 715 val RMSE: 12.233321065316211
Epoch 716 MSE: 0.00011280515172984451
Epoch 716 val RMSE: 12.317851960821372
Epoch 717 MSE: 9.604761726222932e-05
Epoch 717 val RMSE: 12.249687346536263
Epoch 718 MSE: 9.967784717446193e-05
Epoch 718 val RMSE: 12.110769198974122
Epoch 719 MSE: 0.00011708478268701583
Epoch 719 val RMSE: 12.374969790643368
Epoch 720 MSE: 0.000139122930704616
Epoch 720 val RMSE: 12.111105597103004
Epoch 721 MSE: 0.00013765809126198292
Epoch 721 val RMSE: 12.279640305808597
Epoch 722 MSE: 9.994015272241086e-05
Epoch 722 val RMSE: 12.19171852071238
Epoch 723 MSE: 9.200660861097276e-05
Epoch 723 val RMSE: 12.068971153220378
Epoch 724 MSE: 0.00012505552149377763
Epoch 724 val RMSE: 12.333514719136165
Epoch 725 MSE: 0.00015902123413980007
Epoch 725 val RMSE: 12.025953201931191
Epoch 726 MSE: 0.0001334060070803389
Epoch 726 val RMSE: 12.289012212826227
Epoch 727 MSE: 0.00012404764129314572
Epoch 727 val RMSE: 12.340468190120145
Epoch 728 MSE: 0.00010899693006649613
Epoch 728 val RMSE: 12.328828624763549
Epoch 729 MSE: 0.00011252400145167485
Epoch 729 val RMSE: 12.566114826042657
Epoch 730 MSE: 0.00014025165000930429
Epoch 730 val RMSE: 12.222549511159052
Epoch 731 MSE: 0.00011677069414872676
Epoch 731 val RMSE: 12.320239427890469
Epoch 732 MSE: 0.00011773330334108323
Epoch 732 val RMSE: 12.301822583145455
Epoch 733 MSE: 0.00010495309834368527
Epoch 733 val RMSE: 12.301692343799058
Epoch 734 MSE: 0.00011503164569148794
Epoch 734 val RMSE: 12.522039286614135
Epoch 735 MSE: 0.00014801256475038826
Epoch 735 val RMSE: 12.129352221068295
Epoch 736 MSE: 0.00012356651131995022
Epoch 736 val RMSE: 12.140849971773367
Epoch 737 MSE: 0.00011494563659653068
Epoch 737 val RMSE: 11.971904926466772
Epoch 738 MSE: 0.00010569940786808729
Epoch 738 val RMSE: 11.903413529828718
Epoch 739 MSE: 9.427439363207668e-05
Epoch 739 val RMSE: 12.045221950058533
Epoch 740 MSE: 0.0001192455820273608
Epoch 740 val RMSE: 11.775175354901169
Epoch 741 MSE: 0.00012115993740735576
Epoch 741 val RMSE: 11.850061189517652
Epoch 742 MSE: 0.00010077838669531047
Epoch 742 val RMSE: 11.703896185163552
Epoch 743 MSE: 9.178958862321451e-05
Epoch 743 val RMSE: 11.670115878356041
Epoch 744 MSE: 9.558056626701728e-05
Epoch 744 val RMSE: 11.926372994449501
Epoch 745 MSE: 0.00011712461127899587
Epoch 745 val RMSE: 11.808826339505615
Epoch 746 MSE: 0.00012869529018644243
Epoch 746 val RMSE: 12.133838696138426
Epoch 747 MSE: 0.00011207667557755485
Epoch 747 val RMSE: 12.046344275355516
Epoch 748 MSE: 9.232505544787273e-05
Epoch 748 val RMSE: 12.179927410040964
Epoch 749 MSE: 8.70562726049684e-05
Epoch 749 val RMSE: 12.26026766461515
Epoch 750 MSE: 8.890657045412809e-05
Epoch 750 val RMSE: 12.240767756299924
Epoch 751 MSE: 8.887510193744674e-05
Epoch 751 val RMSE: 12.318221103998425
Epoch 752 MSE: 9.534741548122838e-05
Epoch 752 val RMSE: 12.283489925744204
Epoch 753 MSE: 9.105342905968428e-05
Epoch 753 val RMSE: 12.493474248731253
Epoch 754 MSE: 9.575683361617848e-05
Epoch 754 val RMSE: 12.394864255493458
Epoch 755 MSE: 9.893222886603326e-05
Epoch 755 val RMSE: 12.529860574079002
Epoch 756 MSE: 0.00010244581790175289
Epoch 756 val RMSE: 12.37542292324981
Epoch 757 MSE: 9.497205610387027e-05
Epoch 757 val RMSE: 12.481597171209136
Epoch 758 MSE: 9.328636951977387e-05
Epoch 758 val RMSE: 12.319844335588215
Epoch 759 MSE: 9.963732009055093e-05
Epoch 759 val RMSE: 12.415146566102734
Epoch 760 MSE: 9.206093818647787e-05
Epoch 760 val RMSE: 12.291580941283868
Epoch 761 MSE: 8.80692241480574e-05
Epoch 761 val RMSE: 12.415673201242011
Epoch 762 MSE: 8.26313262223266e-05
Epoch 762 val RMSE: 12.41948679872683
Epoch 763 MSE: 8.9664725237526e-05
Epoch 763 val RMSE: 12.425078203350472
Epoch 764 MSE: 8.53023084346205e-05
Epoch 764 val RMSE: 12.359340431367587
Epoch 765 MSE: 8.922829874791205e-05
Epoch 765 val RMSE: 12.280449838755398
Epoch 766 MSE: 8.554010855732486e-05
Epoch 766 val RMSE: 12.43104209208211
Epoch 767 MSE: 9.837466495810077e-05
Epoch 767 val RMSE: 12.292536162749329
Epoch 768 MSE: 0.00010842907067853957
Epoch 768 val RMSE: 12.547197881703196
Epoch 769 MSE: 0.00012155432341387495
Epoch 769 val RMSE: 12.379969976385683
Epoch 770 MSE: 0.00012065248301951215
Epoch 770 val RMSE: 12.678400995655588
Epoch 771 MSE: 0.00012640758359339088
Epoch 771 val RMSE: 12.434547265511608
Epoch 772 MSE: 0.00015800184337422252
Epoch 772 val RMSE: 12.614990496607287
Epoch 773 MSE: 0.00015080999583005905
Epoch 773 val RMSE: 12.21077567571115
Epoch 774 MSE: 0.000112499350507278
Epoch 774 val RMSE: 12.348556471257202
Epoch 775 MSE: 0.00012498418800532818
Epoch 775 val RMSE: 12.312711917195958
Epoch 776 MSE: 0.0001136399878305383
Epoch 776 val RMSE: 12.385063010199083
Epoch 777 MSE: 0.00011779157648561522
Epoch 777 val RMSE: 12.43835262270679
Epoch 778 MSE: 0.00012783812417183071
Epoch 778 val RMSE: 12.204330951335537
Epoch 779 MSE: 0.0001330943632638082
Epoch 779 val RMSE: 12.17329525772051
Epoch 780 MSE: 0.0001369741657981649
Epoch 780 val RMSE: 11.816226109164068
Epoch 781 MSE: 0.0001429890689905733
Epoch 781 val RMSE: 11.910400308052072
Epoch 782 MSE: 0.00015015641110949218
Epoch 782 val RMSE: 11.653733705441521
Epoch 783 MSE: 0.00015953565889503807
Epoch 783 val RMSE: 11.949392416603304
Epoch 784 MSE: 0.00017798697808757424
Epoch 784 val RMSE: 11.623498306905068
Epoch 785 MSE: 0.0002095440577249974
Epoch 785 val RMSE: 11.985344520553724
Epoch 786 MSE: 0.0002575343241915107
Epoch 786 val RMSE: 11.399296896149451
Epoch 787 MSE: 0.00033080452703870833
Epoch 787 val RMSE: 11.93331756022457
Epoch 788 MSE: 0.00044909046846441925
Epoch 788 val RMSE: 11.159935435993654
Epoch 789 MSE: 0.0006130504771135747
Epoch 789 val RMSE: 12.119849930139464
Epoch 790 MSE: 0.0007755830883979797
Epoch 790 val RMSE: 11.303484111182614
Epoch 791 MSE: 0.0007827458903193474
Epoch 791 val RMSE: 12.220073033191063
Epoch 792 MSE: 0.0004745585029013455
Epoch 792 val RMSE: 11.767528688952176
Epoch 793 MSE: 0.00015630113193765283
Epoch 793 val RMSE: 11.553705613495625
Epoch 794 MSE: 0.00019512527796905488
Epoch 794 val RMSE: 11.798374671854633
Epoch 795 MSE: 0.00040175384492613375
Epoch 795 val RMSE: 11.141698413728513
Epoch 796 MSE: 0.00034278235398232937
Epoch 796 val RMSE: 11.468630922619221
Epoch 797 MSE: 0.0001397741143591702
Epoch 797 val RMSE: 11.625062347573063
Epoch 798 MSE: 0.00019694310321938246
Epoch 798 val RMSE: 11.329823417937307
Epoch 799 MSE: 0.00030007364694029093
Epoch 799 val RMSE: 11.732692227043684
Epoch 800 MSE: 0.00017297490558121353
Epoch 800 val RMSE: 11.65077158456147
Epoch 801 MSE: 0.00014587955956812948
Epoch 801 val RMSE: 11.24971550475781
Epoch 802 MSE: 0.00023785780649632215
Epoch 802 val RMSE: 11.392533088855352
Epoch 803 MSE: 0.00016495276940986514
Epoch 803 val RMSE: 11.16168815505536
Epoch 804 MSE: 0.0001231008063768968
Epoch 804 val RMSE: 10.853856370899571
Epoch 805 MSE: 0.00020616249821614474
Epoch 805 val RMSE: 11.217493863564249
Epoch 806 MSE: 0.00017946510342881083
Epoch 806 val RMSE: 11.15506479501821
Epoch 807 MSE: 0.00011602769518503919
Epoch 807 val RMSE: 11.154902016120886
Epoch 808 MSE: 0.00015323013940360397
Epoch 808 val RMSE: 11.497840346847818
Epoch 809 MSE: 0.00015277044440153986
Epoch 809 val RMSE: 11.383676426763799
Epoch 810 MSE: 0.00010475354065420106
Epoch 810 val RMSE: 11.288381251071
Epoch 811 MSE: 0.00012578250607475638
Epoch 811 val RMSE: 11.447031520863758
Epoch 812 MSE: 0.00013468810357153416
Epoch 812 val RMSE: 11.253515075855189
Epoch 813 MSE: 0.00010407136142021045
Epoch 813 val RMSE: 11.170433965191465
Epoch 814 MSE: 0.00011797865590779111
Epoch 814 val RMSE: 11.345687490574957
Epoch 815 MSE: 0.00012712636089418083
Epoch 815 val RMSE: 11.25212178884394
Epoch 816 MSE: 0.000100525445304811
Epoch 816 val RMSE: 11.26944594855065
Epoch 817 MSE: 0.00010336237755836919
Epoch 817 val RMSE: 11.442759154178981
Epoch 818 MSE: 0.00011563284351723269
Epoch 818 val RMSE: 11.326509852529734
Epoch 819 MSE: 9.644615784054622e-05
Epoch 819 val RMSE: 11.287972684744721
Epoch 820 MSE: 9.412164945388213e-05
Epoch 820 val RMSE: 11.357222866108984
Epoch 821 MSE: 0.00010688269685488194
Epoch 821 val RMSE: 11.185670500615501
Epoch 822 MSE: 9.567457891535014e-05
Epoch 822 val RMSE: 11.169677518255234
Epoch 823 MSE: 9.215153841068968e-05
Epoch 823 val RMSE: 11.30366229909892
Epoch 824 MSE: 0.00010325504990760237
Epoch 824 val RMSE: 11.27939512267817
Epoch 825 MSE: 9.364174184156582e-05
Epoch 825 val RMSE: 11.428194857251626
Epoch 826 MSE: 8.582134614698589e-05
Epoch 826 val RMSE: 11.579002027975779
Epoch 827 MSE: 9.495266567682847e-05
Epoch 827 val RMSE: 11.487215316283415
Epoch 828 MSE: 9.066471102414653e-05
Epoch 828 val RMSE: 11.517306366823174
Epoch 829 MSE: 8.599059219704941e-05
Epoch 829 val RMSE: 11.52822000863025
Epoch 830 MSE: 8.691677794558927e-05
Epoch 830 val RMSE: 11.448355770743484
Epoch 831 MSE: 9.082918404601514e-05
Epoch 831 val RMSE: 11.505300212658444
Epoch 832 MSE: 8.465914288535714e-05
Epoch 832 val RMSE: 11.539611927297086
Epoch 833 MSE: 8.549281483283266e-05
Epoch 833 val RMSE: 11.508954086706657
Epoch 834 MSE: 8.93341566552408e-05
Epoch 834 val RMSE: 11.662462476075083
Epoch 835 MSE: 8.546926255803555e-05
Epoch 835 val RMSE: 11.642560923332788
Epoch 836 MSE: 8.043897105380893e-05
Epoch 836 val RMSE: 11.601980079816588
Epoch 837 MSE: 8.26907780719921e-05
Epoch 837 val RMSE: 11.646408221545844
Epoch 838 MSE: 8.439100201940164e-05
Epoch 838 val RMSE: 11.557276850251506
Epoch 839 MSE: 8.7293992692139e-05
Epoch 839 val RMSE: 11.542687179306903
Epoch 840 MSE: 8.606955088907853e-05
Epoch 840 val RMSE: 11.510833281605379
Epoch 841 MSE: 8.074904326349497e-05
Epoch 841 val RMSE: 11.475722851560171
Epoch 842 MSE: 9.055366535903886e-05
Epoch 842 val RMSE: 11.535490915395828
Epoch 843 MSE: 8.573826198698953e-05
Epoch 843 val RMSE: 11.583918348583119
Epoch 844 MSE: 8.603346213931218e-05
Epoch 844 val RMSE: 11.535480333239475
Epoch 845 MSE: 9.362524724565446e-05
Epoch 845 val RMSE: 11.341018389902963
Epoch 846 MSE: 8.976314711617306e-05
Epoch 846 val RMSE: 11.136686894355527
Epoch 847 MSE: 8.363056986127049e-05
Epoch 847 val RMSE: 10.985139692665852
Epoch 848 MSE: 8.24243325041607e-05
Epoch 848 val RMSE: 10.92603053769057
Epoch 849 MSE: 8.81190862855874e-05
Epoch 849 val RMSE: 10.982799259643997
Epoch 850 MSE: 8.144095772877336e-05
Epoch 850 val RMSE: 11.090275093980143
Epoch 851 MSE: 8.665372297400609e-05
Epoch 851 val RMSE: 11.074085440665877
Epoch 852 MSE: 8.887660806067288e-05
Epoch 852 val RMSE: 11.081939686130369
Epoch 853 MSE: 8.50477663334459e-05
Epoch 853 val RMSE: 11.011543805700601
Epoch 854 MSE: 8.182036253856495e-05
Epoch 854 val RMSE: 10.924962820168785
Epoch 855 MSE: 8.007239375729114e-05
Epoch 855 val RMSE: 11.00513303808887
Epoch 856 MSE: 8.983030420495197e-05
Epoch 856 val RMSE: 11.066040162273353
Epoch 857 MSE: 8.741858619032428e-05
Epoch 857 val RMSE: 11.180846553409044
Epoch 858 MSE: 7.672052015550435e-05
Epoch 858 val RMSE: 11.349971525853944
Epoch 859 MSE: 8.206474740291014e-05
Epoch 859 val RMSE: 11.36608738770219
Epoch 860 MSE: 8.062344568315893e-05
Epoch 860 val RMSE: 11.411900623037257
Epoch 861 MSE: 7.537438796134666e-05
Epoch 861 val RMSE: 11.411152494166274
Epoch 862 MSE: 7.686330354772508e-05
Epoch 862 val RMSE: 11.379114098685294
Epoch 863 MSE: 8.496453665429726e-05
Epoch 863 val RMSE: 11.474500165703706
Epoch 864 MSE: 9.081765165319666e-05
Epoch 864 val RMSE: 11.406093481374741
Epoch 865 MSE: 8.07983087725006e-05
Epoch 865 val RMSE: 11.465031408174584
Epoch 866 MSE: 8.384195825783536e-05
Epoch 866 val RMSE: 11.485725499888506
Epoch 867 MSE: 7.62299241614528e-05
Epoch 867 val RMSE: 11.447645346724146
Epoch 868 MSE: 8.63771783770062e-05
Epoch 868 val RMSE: 11.4076211183611
Epoch 869 MSE: 9.454690007260069e-05
Epoch 869 val RMSE: 11.131881128803897
Epoch 870 MSE: 8.67560738697648e-05
Epoch 870 val RMSE: 10.938489422323594
Epoch 871 MSE: 7.994844054337591e-05
Epoch 871 val RMSE: 10.848213266667537
Epoch 872 MSE: 8.174038521246985e-05
Epoch 872 val RMSE: 10.762395055881715
Epoch 873 MSE: 8.806123514659703e-05
Epoch 873 val RMSE: 10.903201313795877
Epoch 874 MSE: 8.117757533909753e-05
Epoch 874 val RMSE: 10.96308043801694
Epoch 875 MSE: 7.969795115059242e-05
Epoch 875 val RMSE: 10.99900015708548
Epoch 876 MSE: 8.26298346510157e-05
Epoch 876 val RMSE: 11.09396525429373
Epoch 877 MSE: 8.302833157358691e-05
Epoch 877 val RMSE: 11.050682177997931
Epoch 878 MSE: 7.835890573915094e-05
Epoch 878 val RMSE: 11.141172505283295
Epoch 879 MSE: 7.529956928920001e-05
Epoch 879 val RMSE: 11.2601899516208
Epoch 880 MSE: 7.448123506037518e-05
Epoch 880 val RMSE: 11.404942267713713
Epoch 881 MSE: 7.655302033526823e-05
Epoch 881 val RMSE: 11.64304190513319
Epoch 882 MSE: 7.865807856433094e-05
Epoch 882 val RMSE: 11.73476379806958
Epoch 883 MSE: 7.366346108028665e-05
Epoch 883 val RMSE: 11.867830380874961
Epoch 884 MSE: 8.21661451482214e-05
Epoch 884 val RMSE: 11.907154119010436
Epoch 885 MSE: 7.44549761293456e-05
Epoch 885 val RMSE: 11.945088955151585
Epoch 886 MSE: 7.533323514508083e-05
Epoch 886 val RMSE: 11.921224153884047
Epoch 887 MSE: 7.770808588247746e-05
Epoch 887 val RMSE: 11.879339128087773
Epoch 888 MSE: 8.943684224504977e-05
Epoch 888 val RMSE: 11.964582947900336
Epoch 889 MSE: 0.00010701108112698421
Epoch 889 val RMSE: 11.723376690832563
Epoch 890 MSE: 9.404997399542481e-05
Epoch 890 val RMSE: 11.77650546353277
Epoch 891 MSE: 9.08273141249083e-05
Epoch 891 val RMSE: 11.672443667120838
Epoch 892 MSE: 8.826830890029669e-05
Epoch 892 val RMSE: 11.58600400878584
Epoch 893 MSE: 8.208765211747959e-05
Epoch 893 val RMSE: 11.542495495797597
Epoch 894 MSE: 8.540928683942184e-05
Epoch 894 val RMSE: 11.329476616564131
Epoch 895 MSE: 9.381294512422755e-05
Epoch 895 val RMSE: 11.027122006161424
Epoch 896 MSE: 9.442854207009077e-05
Epoch 896 val RMSE: 10.749046460821281
Epoch 897 MSE: 9.361455158796161e-05
Epoch 897 val RMSE: 10.44914318021739
Epoch 898 MSE: 9.177510219160467e-05
Epoch 898 val RMSE: 10.393399755801116
Epoch 899 MSE: 8.901008550310507e-05
Epoch 899 val RMSE: 10.372104838308157
Epoch 900 MSE: 8.881083340384066e-05
Epoch 900 val RMSE: 10.38906899181065
Epoch 901 MSE: 9.115078137256205e-05
Epoch 901 val RMSE: 10.425636356243066
Epoch 902 MSE: 9.107978257816285e-05
Epoch 902 val RMSE: 10.346216190140481
Epoch 903 MSE: 8.702758350409567e-05
Epoch 903 val RMSE: 10.362338509583974
Epoch 904 MSE: 8.274340507341549e-05
Epoch 904 val RMSE: 10.402301210953201
Epoch 905 MSE: 8.051779150264338e-05
Epoch 905 val RMSE: 10.567179890231808
Epoch 906 MSE: 7.849613029975444e-05
Epoch 906 val RMSE: 10.86726332198567
Epoch 907 MSE: 7.631244079675525e-05
Epoch 907 val RMSE: 11.143967478839553
Epoch 908 MSE: 7.584100239910185e-05
Epoch 908 val RMSE: 11.466322306703704
Epoch 909 MSE: 7.522412488469854e-05
Epoch 909 val RMSE: 11.642023563216336
Epoch 910 MSE: 7.586691208416596e-05
Epoch 910 val RMSE: 11.77588351229398
Epoch 911 MSE: 7.433987047988921e-05
Epoch 911 val RMSE: 11.834718506740625
Epoch 912 MSE: 7.576097414130345e-05
Epoch 912 val RMSE: 11.885649393239877
Epoch 913 MSE: 7.700014975853264e-05
Epoch 913 val RMSE: 12.045108571653877
Epoch 914 MSE: 8.062131382757798e-05
Epoch 914 val RMSE: 12.059837561378508
Epoch 915 MSE: 8.56338010635227e-05
Epoch 915 val RMSE: 12.289082987308097
Epoch 916 MSE: 9.446506737731397e-05
Epoch 916 val RMSE: 12.216761122299802
Epoch 917 MSE: 8.755717135500163e-05
Epoch 917 val RMSE: 12.310906166669099
Epoch 918 MSE: 7.866321539040655e-05
Epoch 918 val RMSE: 12.186741888480501
Epoch 919 MSE: 7.225559238577262e-05
Epoch 919 val RMSE: 12.054717246196287
Epoch 920 MSE: 7.63055359129794e-05
Epoch 920 val RMSE: 12.015801516502524
Epoch 921 MSE: 7.322828605538234e-05
Epoch 921 val RMSE: 11.959009734018924
Epoch 922 MSE: 7.250657654367387e-05
Epoch 922 val RMSE: 11.961766688273412
Epoch 923 MSE: 7.054481829982251e-05
Epoch 923 val RMSE: 11.988293978080568
Epoch 924 MSE: 7.097014895407483e-05
Epoch 924 val RMSE: 11.97021666621506
Epoch 925 MSE: 7.315487164305523e-05
Epoch 925 val RMSE: 11.971075803109304
Epoch 926 MSE: 7.401844050036743e-05
Epoch 926 val RMSE: 11.870266583348734
Epoch 927 MSE: 7.235138036776334e-05
Epoch 927 val RMSE: 11.877418030954003
Epoch 928 MSE: 7.527349225711077e-05
Epoch 928 val RMSE: 11.817171979321753
Epoch 929 MSE: 7.925693353172392e-05
Epoch 929 val RMSE: 11.893660169253184
Epoch 930 MSE: 8.729505498195067e-05
Epoch 930 val RMSE: 11.78373906481539
Epoch 931 MSE: 8.518408139934763e-05
Epoch 931 val RMSE: 11.832544506447897
Epoch 932 MSE: 7.597863441333175e-05
Epoch 932 val RMSE: 11.773480269082901
Epoch 933 MSE: 8.136274118442088e-05
Epoch 933 val RMSE: 11.765344218719694
Epoch 934 MSE: 8.331413846462965e-05
Epoch 934 val RMSE: 11.807177439460883
Epoch 935 MSE: 8.383329986827448e-05
Epoch 935 val RMSE: 11.660396380483812
Epoch 936 MSE: 9.25661443034187e-05
Epoch 936 val RMSE: 11.758656012101786
Epoch 937 MSE: 0.00010810673848027363
Epoch 937 val RMSE: 11.494423218966611
Epoch 938 MSE: 0.00010711441427702084
Epoch 938 val RMSE: 11.540184467500739
Epoch 939 MSE: 9.211390715790913e-05
Epoch 939 val RMSE: 11.378923012131493
Epoch 940 MSE: 7.610148168168962e-05
Epoch 940 val RMSE: 11.442154401111146
Epoch 941 MSE: 8.332792640430853e-05
Epoch 941 val RMSE: 11.453926339420347
Epoch 942 MSE: 8.530390914529562e-05
Epoch 942 val RMSE: 11.419037138904816
Epoch 943 MSE: 8.148793858708814e-05
Epoch 943 val RMSE: 11.417513034012089
Epoch 944 MSE: 7.405631185974926e-05
Epoch 944 val RMSE: 11.341478524947087
Epoch 945 MSE: 7.791878306306899e-05
Epoch 945 val RMSE: 11.29335315304773
Epoch 946 MSE: 7.99196059233509e-05
Epoch 946 val RMSE: 11.244257499772557
Epoch 947 MSE: 7.850430847611278e-05
Epoch 947 val RMSE: 11.197211286225642
Epoch 948 MSE: 7.502955850213766e-05
Epoch 948 val RMSE: 11.260609688929204
Epoch 949 MSE: 7.294122042367235e-05
Epoch 949 val RMSE: 11.260361371652992
Epoch 950 MSE: 7.991532038431615e-05
Epoch 950 val RMSE: 11.322408983534807
Epoch 951 MSE: 7.157676009228453e-05
Epoch 951 val RMSE: 11.342052994837191
Epoch 952 MSE: 7.394382555503398e-05
Epoch 952 val RMSE: 11.300405201356442
Epoch 953 MSE: 7.77024106355384e-05
Epoch 953 val RMSE: 11.392109171140676
Epoch 954 MSE: 7.994587940629572e-05
Epoch 954 val RMSE: 11.344552340125704
Epoch 955 MSE: 8.020709356060252e-05
Epoch 955 val RMSE: 11.571821095101292
Epoch 956 MSE: 9.456495172344148e-05
Epoch 956 val RMSE: 11.55332062782371
Epoch 957 MSE: 9.858565317699686e-05
Epoch 957 val RMSE: 11.765450566228528
Epoch 958 MSE: 8.150175563059747e-05
Epoch 958 val RMSE: 11.700887427950176
Epoch 959 MSE: 8.744326623855159e-05
Epoch 959 val RMSE: 11.746282760576056
Epoch 960 MSE: 8.701196929905564e-05
Epoch 960 val RMSE: 11.579505415980034
Epoch 961 MSE: 7.855442527215928e-05
Epoch 961 val RMSE: 11.536104002506246
Epoch 962 MSE: 6.978320743655786e-05
Epoch 962 val RMSE: 11.53481826777965
Epoch 963 MSE: 8.126867760438472e-05
Epoch 963 val RMSE: 11.559581821362121
Epoch 964 MSE: 8.641598833492026e-05
Epoch 964 val RMSE: 11.64653596254087
Epoch 965 MSE: 8.631426317151636e-05
Epoch 965 val RMSE: 11.532781566438327
Epoch 966 MSE: 8.110518683679402e-05
Epoch 966 val RMSE: 11.604103257138991
Epoch 967 MSE: 9.184864757116884e-05
Epoch 967 val RMSE: 11.390400616145556
Epoch 968 MSE: 9.960136230802163e-05
Epoch 968 val RMSE: 11.51816947910622
Epoch 969 MSE: 0.00010166681749979034
Epoch 969 val RMSE: 11.381486657084418
Epoch 970 MSE: 9.961618343368173e-05
Epoch 970 val RMSE: 11.664689105322445
Epoch 971 MSE: 0.00010873800056288019
Epoch 971 val RMSE: 11.600318878000254
Epoch 972 MSE: 0.00011218574945814908
Epoch 972 val RMSE: 11.831190389814504
Epoch 973 MSE: 8.986885222839192e-05
Epoch 973 val RMSE: 11.702420915068707
Epoch 974 MSE: 9.430414502276108e-05
Epoch 974 val RMSE: 11.729281725864015
Epoch 975 MSE: 9.604890510672703e-05
Epoch 975 val RMSE: 11.476332483654812
Epoch 976 MSE: 8.839952351991087e-05
Epoch 976 val RMSE: 11.378448299015089
Epoch 977 MSE: 7.811657269485295e-05
Epoch 977 val RMSE: 11.27383068982551
Epoch 978 MSE: 7.069938146742061e-05
Epoch 978 val RMSE: 11.297563840513083
Epoch 979 MSE: 8.106799214147031e-05
Epoch 979 val RMSE: 11.32175871757495
Epoch 980 MSE: 8.538099064026028e-05
Epoch 980 val RMSE: 11.264226099107582
Epoch 981 MSE: 8.428926958004013e-05
Epoch 981 val RMSE: 11.190570090382076
Epoch 982 MSE: 7.553585601272061e-05
Epoch 982 val RMSE: 11.053224975030265
Epoch 983 MSE: 7.781857129884884e-05
Epoch 983 val RMSE: 11.069883479579396
Epoch 984 MSE: 9.006724576465786e-05
Epoch 984 val RMSE: 10.941220419142185
Epoch 985 MSE: 9.995301661547273e-05
Epoch 985 val RMSE: 11.013234932977905
Epoch 986 MSE: 0.00010347479110350832
Epoch 986 val RMSE: 10.769874830165014
Epoch 987 MSE: 0.00010328192001907155
Epoch 987 val RMSE: 10.782050326952184
Epoch 988 MSE: 0.00010227746679447591
Epoch 988 val RMSE: 10.465811519151037
Epoch 989 MSE: 0.00010203575220657513
Epoch 989 val RMSE: 10.470907324941786
Epoch 990 MSE: 0.00010098417988047004
Epoch 990 val RMSE: 10.215736621469755
Epoch 991 MSE: 9.94531947071664e-05
Epoch 991 val RMSE: 10.322103202068858
Epoch 992 MSE: 9.747381409397349e-05
Epoch 992 val RMSE: 10.230643254525456
Epoch 993 MSE: 9.669511928223073e-05
Epoch 993 val RMSE: 10.511294511947353
Epoch 994 MSE: 9.763528214534745e-05
Epoch 994 val RMSE: 10.536717475624599
Epoch 995 MSE: 0.00010258206748403609
Epoch 995 val RMSE: 10.946960542972398
Epoch 996 MSE: 0.00011061745317419991
Epoch 996 val RMSE: 10.952570184214148
Epoch 997 MSE: 0.0001272765512112528
Epoch 997 val RMSE: 11.408248433664948
Epoch 998 MSE: 0.0001431968848919496
Epoch 998 val RMSE: 11.303858370056348
Epoch 999 MSE: 0.0001603795390110463
Epoch 999 val RMSE: 11.76273062112021
Training time: 54.915130853652954
(400119.158, 3044703.654, 670) 训练完成

./images/(400119.158, 3044703.654, 670)LSTM训练集可视化结果.png保存成功
Train Score: 3.54 RMSE
Train Score: 7.66 RMSE
Test Score: 38.63 RMSE
./images/(400119.158, 3044703.654, 670)真实值vs预测值.png保存成功
