训练开始: 2025-06-15 17:20:39
Group: (400093.254, 3044617.466, 340)
模型标准化格式保存路径：lstmscaler/(400093.254, 3044617.466, 340)best_scaler.pkl
最优模型参数保存路径：lstmmodel/(400093.254, 3044617.466, 340)best_model.pth
Epoch 0 MSE: 0.32469889521598816
Epoch 0 val RMSE: 18.8590756371228
Best model saved at epoch 0 with Test RMSE: 18.8590756371228
Epoch 1 MSE: 0.32011881470680237
Epoch 1 val RMSE: 5.780607940486977
Best model saved at epoch 1 with Test RMSE: 5.780607940486977
Epoch 2 MSE: 0.2360946387052536
Epoch 2 val RMSE: 11.724473211821781
Epoch 3 MSE: 0.05397190526127815
Epoch 3 val RMSE: 45.033325062790304
Epoch 4 MSE: 0.3474624454975128
Epoch 4 val RMSE: 7.8839358539729725
Epoch 5 MSE: 0.03406677022576332
Epoch 5 val RMSE: 5.224592399213075
Best model saved at epoch 5 with Test RMSE: 5.224592399213075
Epoch 6 MSE: 0.11604420840740204
Epoch 6 val RMSE: 4.890906572615222
Best model saved at epoch 6 with Test RMSE: 4.890906572615222
Epoch 7 MSE: 0.1568099558353424
Epoch 7 val RMSE: 4.797002237726182
Best model saved at epoch 7 with Test RMSE: 4.797002237726182
Epoch 8 MSE: 0.15424630045890808
Epoch 8 val RMSE: 4.916617937439213
Epoch 9 MSE: 0.12469117343425751
Epoch 9 val RMSE: 5.675750669330039
Epoch 10 MSE: 0.08232910186052322
Epoch 10 val RMSE: 7.9137691884040935
Epoch 11 MSE: 0.05712801218032837
Epoch 11 val RMSE: 15.041676923725438
Epoch 12 MSE: 0.05344613641500473
Epoch 12 val RMSE: 28.842122702606122
Epoch 13 MSE: 0.06566344201564789
Epoch 13 val RMSE: 33.55064822166257
Epoch 14 MSE: 0.07541123032569885
Epoch 14 val RMSE: 26.707290351328346
Epoch 15 MSE: 0.05652690306305885
Epoch 15 val RMSE: 15.633166322988654
Epoch 16 MSE: 0.03773026168346405
Epoch 16 val RMSE: 9.123533366190117
Epoch 17 MSE: 0.03487400338053703
Epoch 17 val RMSE: 10.13645644831631
Epoch 18 MSE: 0.041587408632040024
Epoch 18 val RMSE: 10.883265018297408
Epoch 19 MSE: 0.04588824138045311
Epoch 19 val RMSE: 9.593908252715545
Epoch 20 MSE: 0.043145108968019485
Epoch 20 val RMSE: 7.444901061723229
Epoch 21 MSE: 0.03551410883665085
Epoch 21 val RMSE: 6.518759725824929
Epoch 22 MSE: 0.027159851044416428
Epoch 22 val RMSE: 7.995465185434437
Epoch 23 MSE: 0.021482327952980995
Epoch 23 val RMSE: 10.003943619365971
Epoch 24 MSE: 0.02011849917471409
Epoch 24 val RMSE: 10.753353926403795
Epoch 25 MSE: 0.022211875766515732
Epoch 25 val RMSE: 9.94151369048033
Epoch 26 MSE: 0.02338293008506298
Epoch 26 val RMSE: 8.476201569216732
Epoch 27 MSE: 0.01827765256166458
Epoch 27 val RMSE: 7.160832299815031
Epoch 28 MSE: 0.011277390643954277
Epoch 28 val RMSE: 6.175395492676302
Epoch 29 MSE: 0.010646035894751549
Epoch 29 val RMSE: 5.300154579355538
Epoch 30 MSE: 0.013469433411955833
Epoch 30 val RMSE: 4.552193274432456
Best model saved at epoch 30 with Test RMSE: 4.552193274432456
Epoch 31 MSE: 0.0136564327403903
Epoch 31 val RMSE: 4.372729557002871
Best model saved at epoch 31 with Test RMSE: 4.372729557002871
Epoch 32 MSE: 0.011030067689716816
Epoch 32 val RMSE: 4.552768728420369
Epoch 33 MSE: 0.008531634695827961
Epoch 33 val RMSE: 4.789716815899837
Epoch 34 MSE: 0.006476644426584244
Epoch 34 val RMSE: 6.222497778800546
Epoch 35 MSE: 0.00826503336429596
Epoch 35 val RMSE: 7.25050510093952
Epoch 36 MSE: 0.009250368922948837
Epoch 36 val RMSE: 6.5996943431937805
Epoch 37 MSE: 0.005423566326498985
Epoch 37 val RMSE: 5.291806476978813
Epoch 38 MSE: 0.005036328453570604
Epoch 38 val RMSE: 4.862158465710339
Epoch 39 MSE: 0.007037488743662834
Epoch 39 val RMSE: 5.604598452964291
Epoch 40 MSE: 0.006790827494114637
Epoch 40 val RMSE: 6.534456332999027
Epoch 41 MSE: 0.006002552807331085
Epoch 41 val RMSE: 6.75388732872205
Epoch 42 MSE: 0.004110084380954504
Epoch 42 val RMSE: 6.6455321368263505
Epoch 43 MSE: 0.005156431347131729
Epoch 43 val RMSE: 6.9183776148763005
Epoch 44 MSE: 0.005376743618398905
Epoch 44 val RMSE: 6.820725540990312
Epoch 45 MSE: 0.004527695011347532
Epoch 45 val RMSE: 5.687307165880199
Epoch 46 MSE: 0.0035276012495160103
Epoch 46 val RMSE: 4.3055075748737135
Best model saved at epoch 46 with Test RMSE: 4.3055075748737135
Epoch 47 MSE: 0.0038084648549556732
Epoch 47 val RMSE: 3.784659999759785
Best model saved at epoch 47 with Test RMSE: 3.784659999759785
Epoch 48 MSE: 0.004559509921818972
Epoch 48 val RMSE: 4.023062027383107
Epoch 49 MSE: 0.003705718321725726
Epoch 49 val RMSE: 4.671784977380479
Epoch 50 MSE: 0.0031805625185370445
Epoch 50 val RMSE: 5.02593979279311
Epoch 51 MSE: 0.0032277472782880068
Epoch 51 val RMSE: 4.8946925788954845
Epoch 52 MSE: 0.0035364117939025164
Epoch 52 val RMSE: 4.72730696939191
Epoch 53 MSE: 0.0030869876500219107
Epoch 53 val RMSE: 4.761773225693312
Epoch 54 MSE: 0.0024813625495880842
Epoch 54 val RMSE: 4.761450568291372
Epoch 55 MSE: 0.0028830694500356913
Epoch 55 val RMSE: 4.57264292715202
Epoch 56 MSE: 0.002907806308940053
Epoch 56 val RMSE: 4.497694272504624
Epoch 57 MSE: 0.0025877172593027353
Epoch 57 val RMSE: 4.861730268496318
Epoch 58 MSE: 0.0023447908461093903
Epoch 58 val RMSE: 5.419887035360997
Epoch 59 MSE: 0.0025050868280231953
Epoch 59 val RMSE: 5.435376684476287
Epoch 60 MSE: 0.0025597496423870325
Epoch 60 val RMSE: 4.747233739761677
Epoch 61 MSE: 0.002125206170603633
Epoch 61 val RMSE: 4.035318849579725
Epoch 62 MSE: 0.0021559461019933224
Epoch 62 val RMSE: 3.7798789825443704
Best model saved at epoch 62 with Test RMSE: 3.7798789825443704
Epoch 63 MSE: 0.0022573424503207207
Epoch 63 val RMSE: 3.8591156536484967
Epoch 64 MSE: 0.0021117397118359804
Epoch 64 val RMSE: 3.956507385462985
Epoch 65 MSE: 0.0019478843314573169
Epoch 65 val RMSE: 3.8822154885199507
Epoch 66 MSE: 0.002025321824476123
Epoch 66 val RMSE: 3.7420833947468015
Best model saved at epoch 66 with Test RMSE: 3.7420833947468015
Epoch 67 MSE: 0.002051749499514699
Epoch 67 val RMSE: 3.6540893952490654
Best model saved at epoch 67 with Test RMSE: 3.6540893952490654
Epoch 68 MSE: 0.0018137942533940077
Epoch 68 val RMSE: 3.592921153145408
Best model saved at epoch 68 with Test RMSE: 3.592921153145408
Epoch 69 MSE: 0.001858496107161045
Epoch 69 val RMSE: 3.513493684466869
Best model saved at epoch 69 with Test RMSE: 3.513493684466869
Epoch 70 MSE: 0.0018743871478363872
Epoch 70 val RMSE: 3.5138355363322855
Epoch 71 MSE: 0.0017351077403873205
Epoch 71 val RMSE: 3.700243251124536
Epoch 72 MSE: 0.0016974048921838403
Epoch 72 val RMSE: 3.9466237523563827
Epoch 73 MSE: 0.0017396322218701243
Epoch 73 val RMSE: 3.9047889113184553
Epoch 74 MSE: 0.0016651932382956147
Epoch 74 val RMSE: 3.5775156626701707
Epoch 75 MSE: 0.0015797041123732924
Epoch 75 val RMSE: 3.352963454878167
Best model saved at epoch 75 with Test RMSE: 3.352963454878167
Epoch 76 MSE: 0.0016322025330737233
Epoch 76 val RMSE: 3.379845849082767
Epoch 77 MSE: 0.0015568523667752743
Epoch 77 val RMSE: 3.4721653251224818
Epoch 78 MSE: 0.0015022617299109697
Epoch 78 val RMSE: 3.4073602109518353
Epoch 79 MSE: 0.0015056774718686938
Epoch 79 val RMSE: 3.260753593870436
Best model saved at epoch 79 with Test RMSE: 3.260753593870436
Epoch 80 MSE: 0.0014914554776623845
Epoch 80 val RMSE: 3.1627595455733326
Best model saved at epoch 80 with Test RMSE: 3.1627595455733326
Epoch 81 MSE: 0.0014173234812915325
Epoch 81 val RMSE: 3.0814596789592685
Best model saved at epoch 81 with Test RMSE: 3.0814596789592685
Epoch 82 MSE: 0.0014372477307915688
Epoch 82 val RMSE: 3.0059808876308174
Best model saved at epoch 82 with Test RMSE: 3.0059808876308174
Epoch 83 MSE: 0.0014049694873392582
Epoch 83 val RMSE: 3.0382585810597655
Epoch 84 MSE: 0.001359943998977542
Epoch 84 val RMSE: 3.1843052730095316
Epoch 85 MSE: 0.0013473555445671082
Epoch 85 val RMSE: 3.237377450162674
Epoch 86 MSE: 0.0013379972660914063
Epoch 86 val RMSE: 3.109563773860973
Epoch 87 MSE: 0.0012874295935034752
Epoch 87 val RMSE: 3.019532197505511
Epoch 88 MSE: 0.0012854182859882712
Epoch 88 val RMSE: 3.05246257487231
Epoch 89 MSE: 0.0012680389918386936
Epoch 89 val RMSE: 3.078004166608324
Epoch 90 MSE: 0.0012284140102565289
Epoch 90 val RMSE: 3.0487047227889046
Epoch 91 MSE: 0.0012230618158355355
Epoch 91 val RMSE: 3.023965952030632
Epoch 92 MSE: 0.0011993739753961563
Epoch 92 val RMSE: 2.950653979985951
Best model saved at epoch 92 with Test RMSE: 2.950653979985951
Epoch 93 MSE: 0.0011723857605829835
Epoch 93 val RMSE: 2.8252661993137678
Best model saved at epoch 93 with Test RMSE: 2.8252661993137678
Epoch 94 MSE: 0.0011609739158302546
Epoch 94 val RMSE: 2.7843434992420097
Best model saved at epoch 94 with Test RMSE: 2.7843434992420097
Epoch 95 MSE: 0.001143028261139989
Epoch 95 val RMSE: 2.839984958501393
Epoch 96 MSE: 0.0011172847589477897
Epoch 96 val RMSE: 2.8553969430309523
Epoch 97 MSE: 0.0011085126316174865
Epoch 97 val RMSE: 2.7997877415176475
Epoch 98 MSE: 0.0010863573988899589
Epoch 98 val RMSE: 2.7697016955440894
Best model saved at epoch 98 with Test RMSE: 2.7697016955440894
Epoch 99 MSE: 0.0010657886741682887
Epoch 99 val RMSE: 2.7667858898564663
Best model saved at epoch 99 with Test RMSE: 2.7667858898564663
Epoch 100 MSE: 0.0010571439052000642
Epoch 100 val RMSE: 2.7650523481880436
Best model saved at epoch 100 with Test RMSE: 2.7650523481880436
Epoch 101 MSE: 0.0010328221833333373
Epoch 101 val RMSE: 2.7919608478314974
Epoch 102 MSE: 0.0010212539928033948
Epoch 102 val RMSE: 2.7992215675299366
Epoch 103 MSE: 0.0010070971911773086
Epoch 103 val RMSE: 2.7241188619563137
Best model saved at epoch 103 with Test RMSE: 2.7241188619563137
Epoch 104 MSE: 0.0009866401087492704
Epoch 104 val RMSE: 2.6616437117084986
Best model saved at epoch 104 with Test RMSE: 2.6616437117084986
Epoch 105 MSE: 0.0009779133833944798
Epoch 105 val RMSE: 2.6664457428335377
Epoch 106 MSE: 0.0009594100993126631
Epoch 106 val RMSE: 2.6627444589349665
Epoch 107 MSE: 0.0009470149525441229
Epoch 107 val RMSE: 2.6242467616983314
Best model saved at epoch 107 with Test RMSE: 2.6242467616983314
Epoch 108 MSE: 0.0009358286042697728
Epoch 108 val RMSE: 2.592649111308292
Best model saved at epoch 108 with Test RMSE: 2.592649111308292
Epoch 109 MSE: 0.0009198543266393244
Epoch 109 val RMSE: 2.5648202393657162
Best model saved at epoch 109 with Test RMSE: 2.5648202393657162
Epoch 110 MSE: 0.0009109603706747293
Epoch 110 val RMSE: 2.556311974555313
Best model saved at epoch 110 with Test RMSE: 2.556311974555313
Epoch 111 MSE: 0.0008967961766757071
Epoch 111 val RMSE: 2.582439072989786
Epoch 112 MSE: 0.0008864183910191059
Epoch 112 val RMSE: 2.57837911567243
Epoch 113 MSE: 0.0008752177818678319
Epoch 113 val RMSE: 2.5349522583508195
Best model saved at epoch 113 with Test RMSE: 2.5349522583508195
Epoch 114 MSE: 0.0008645114139653742
Epoch 114 val RMSE: 2.5269818525911885
Best model saved at epoch 114 with Test RMSE: 2.5269818525911885
Epoch 115 MSE: 0.0008547972538508475
Epoch 115 val RMSE: 2.536220615117092
Epoch 116 MSE: 0.000843723420985043
Epoch 116 val RMSE: 2.5167516235091685
Best model saved at epoch 116 with Test RMSE: 2.5167516235091685
Epoch 117 MSE: 0.0008356468752026558
Epoch 117 val RMSE: 2.48978454117267
Best model saved at epoch 117 with Test RMSE: 2.48978454117267
Epoch 118 MSE: 0.0008241610485129058
Epoch 118 val RMSE: 2.458347859312773
Best model saved at epoch 118 with Test RMSE: 2.458347859312773
Epoch 119 MSE: 0.0008165386389009655
Epoch 119 val RMSE: 2.4381204451239977
Best model saved at epoch 119 with Test RMSE: 2.4381204451239977
Epoch 120 MSE: 0.0008065805304795504
Epoch 120 val RMSE: 2.4433894288968996
Epoch 121 MSE: 0.0007983477553352714
Epoch 121 val RMSE: 2.4258980100976024
Best model saved at epoch 121 with Test RMSE: 2.4258980100976024
Epoch 122 MSE: 0.0007891561253927648
Epoch 122 val RMSE: 2.3942777365672883
Best model saved at epoch 122 with Test RMSE: 2.3942777365672883
Epoch 123 MSE: 0.0007813574629835784
Epoch 123 val RMSE: 2.395711536352275
Epoch 124 MSE: 0.0007726430194452405
Epoch 124 val RMSE: 2.3985070830449913
Epoch 125 MSE: 0.0007646232843399048
Epoch 125 val RMSE: 2.383828668761511
Best model saved at epoch 125 with Test RMSE: 2.383828668761511
Epoch 126 MSE: 0.0007568468572571874
Epoch 126 val RMSE: 2.367317422757314
Best model saved at epoch 126 with Test RMSE: 2.367317422757314
Epoch 127 MSE: 0.0007492142030969262
Epoch 127 val RMSE: 2.3484975922612596
Best model saved at epoch 127 with Test RMSE: 2.3484975922612596
Epoch 128 MSE: 0.0007414651336148381
Epoch 128 val RMSE: 2.343269502341079
Best model saved at epoch 128 with Test RMSE: 2.343269502341079
Epoch 129 MSE: 0.0007340722368098795
Epoch 129 val RMSE: 2.330170724696302
Best model saved at epoch 129 with Test RMSE: 2.330170724696302
Epoch 130 MSE: 0.0007269108900800347
Epoch 130 val RMSE: 2.296760711940584
Best model saved at epoch 130 with Test RMSE: 2.296760711940584
Epoch 131 MSE: 0.0007198259700089693
Epoch 131 val RMSE: 2.2851029349082332
Best model saved at epoch 131 with Test RMSE: 2.2851029349082332
Epoch 132 MSE: 0.0007127251592464745
Epoch 132 val RMSE: 2.2807440000616332
Best model saved at epoch 132 with Test RMSE: 2.2807440000616332
Epoch 133 MSE: 0.0007060961215756834
Epoch 133 val RMSE: 2.2626539019934753
Best model saved at epoch 133 with Test RMSE: 2.2626539019934753
Epoch 134 MSE: 0.0006994067807681859
Epoch 134 val RMSE: 2.2492274971540467
Best model saved at epoch 134 with Test RMSE: 2.2492274971540467
Epoch 135 MSE: 0.0006930670933797956
Epoch 135 val RMSE: 2.2399773421163394
Best model saved at epoch 135 with Test RMSE: 2.2399773421163394
Epoch 136 MSE: 0.0006864811875857413
Epoch 136 val RMSE: 2.2374664474614194
Best model saved at epoch 136 with Test RMSE: 2.2374664474614194
Epoch 137 MSE: 0.0006805614684708416
Epoch 137 val RMSE: 2.2267552342570154
Best model saved at epoch 137 with Test RMSE: 2.2267552342570154
Epoch 138 MSE: 0.000674384762533009
Epoch 138 val RMSE: 2.206309188610765
Best model saved at epoch 138 with Test RMSE: 2.206309188610765
Epoch 139 MSE: 0.0006687415298074484
Epoch 139 val RMSE: 2.2027583256755627
Best model saved at epoch 139 with Test RMSE: 2.2027583256755627
Epoch 140 MSE: 0.0006627570255659521
Epoch 140 val RMSE: 2.1927396963840993
Best model saved at epoch 140 with Test RMSE: 2.1927396963840993
Epoch 141 MSE: 0.0006573076243512332
Epoch 141 val RMSE: 2.172316801294592
Best model saved at epoch 141 with Test RMSE: 2.172316801294592
Epoch 142 MSE: 0.0006517305737361312
Epoch 142 val RMSE: 2.162287566053726
Best model saved at epoch 142 with Test RMSE: 2.162287566053726
Epoch 143 MSE: 0.0006464524194598198
Epoch 143 val RMSE: 2.153530562120846
Best model saved at epoch 143 with Test RMSE: 2.153530562120846
Epoch 144 MSE: 0.0006411643116734922
Epoch 144 val RMSE: 2.1443102224156037
Best model saved at epoch 144 with Test RMSE: 2.1443102224156037
Epoch 145 MSE: 0.0006359359249472618
Epoch 145 val RMSE: 2.1309121856998385
Best model saved at epoch 145 with Test RMSE: 2.1309121856998385
Epoch 146 MSE: 0.0006309625459834933
Epoch 146 val RMSE: 2.1234792990145928
Best model saved at epoch 146 with Test RMSE: 2.1234792990145928
Epoch 147 MSE: 0.0006259205983951688
Epoch 147 val RMSE: 2.1210172017653055
Best model saved at epoch 147 with Test RMSE: 2.1210172017653055
Epoch 148 MSE: 0.0006211542640812695
Epoch 148 val RMSE: 2.105437949102165
Best model saved at epoch 148 with Test RMSE: 2.105437949102165
Epoch 149 MSE: 0.0006162946810945868
Epoch 149 val RMSE: 2.096327490469021
Best model saved at epoch 149 with Test RMSE: 2.096327490469021
Epoch 150 MSE: 0.0006116152508184314
Epoch 150 val RMSE: 2.090228179084094
Best model saved at epoch 150 with Test RMSE: 2.090228179084094
Epoch 151 MSE: 0.0006070160306990147
Epoch 151 val RMSE: 2.0756706716583477
Best model saved at epoch 151 with Test RMSE: 2.0756706716583477
Epoch 152 MSE: 0.0006024343892931938
Epoch 152 val RMSE: 2.0637354762804145
Best model saved at epoch 152 with Test RMSE: 2.0637354762804145
Epoch 153 MSE: 0.0005980179412290454
Epoch 153 val RMSE: 2.053544687606428
Best model saved at epoch 153 with Test RMSE: 2.053544687606428
Epoch 154 MSE: 0.000593539618421346
Epoch 154 val RMSE: 2.0446808681179345
Best model saved at epoch 154 with Test RMSE: 2.0446808681179345
Epoch 155 MSE: 0.0005891816690564156
Epoch 155 val RMSE: 2.0312502347505874
Best model saved at epoch 155 with Test RMSE: 2.0312502347505874
Epoch 156 MSE: 0.0005848769214935601
Epoch 156 val RMSE: 2.022460819614615
Best model saved at epoch 156 with Test RMSE: 2.022460819614615
Epoch 157 MSE: 0.0005805745022371411
Epoch 157 val RMSE: 2.016831739095868
Best model saved at epoch 157 with Test RMSE: 2.016831739095868
Epoch 158 MSE: 0.0005763856461271644
Epoch 158 val RMSE: 2.0031206104153103
Best model saved at epoch 158 with Test RMSE: 2.0031206104153103
Epoch 159 MSE: 0.0005721803172491491
Epoch 159 val RMSE: 1.9957304323410985
Best model saved at epoch 159 with Test RMSE: 1.9957304323410985
Epoch 160 MSE: 0.0005680220201611519
Epoch 160 val RMSE: 1.9874247146838682
Best model saved at epoch 160 with Test RMSE: 1.9874247146838682
Epoch 161 MSE: 0.0005639319424517453
Epoch 161 val RMSE: 1.9754524581854105
Best model saved at epoch 161 with Test RMSE: 1.9754524581854105
Epoch 162 MSE: 0.0005598392453975976
Epoch 162 val RMSE: 1.965560933874801
Best model saved at epoch 162 with Test RMSE: 1.965560933874801
Epoch 163 MSE: 0.0005558208213187754
Epoch 163 val RMSE: 1.9564667456725677
Best model saved at epoch 163 with Test RMSE: 1.9564667456725677
Epoch 164 MSE: 0.0005518399993889034
Epoch 164 val RMSE: 1.9467288456854122
Best model saved at epoch 164 with Test RMSE: 1.9467288456854122
Epoch 165 MSE: 0.0005478672101162374
Epoch 165 val RMSE: 1.9352976063987268
Best model saved at epoch 165 with Test RMSE: 1.9352976063987268
Epoch 166 MSE: 0.0005439581582322717
Epoch 166 val RMSE: 1.929726542336567
Best model saved at epoch 166 with Test RMSE: 1.929726542336567
Epoch 167 MSE: 0.0005400717491284013
Epoch 167 val RMSE: 1.9195729556616346
Best model saved at epoch 167 with Test RMSE: 1.9195729556616346
Epoch 168 MSE: 0.000536205421667546
Epoch 168 val RMSE: 1.9109905893681969
Best model saved at epoch 168 with Test RMSE: 1.9109905893681969
Epoch 169 MSE: 0.0005323976511135697
Epoch 169 val RMSE: 1.905087601256996
Best model saved at epoch 169 with Test RMSE: 1.905087601256996
Epoch 170 MSE: 0.0005286165396682918
Epoch 170 val RMSE: 1.895217676770439
Best model saved at epoch 170 with Test RMSE: 1.895217676770439
Epoch 171 MSE: 0.0005248578381724656
Epoch 171 val RMSE: 1.8874888615563774
Best model saved at epoch 171 with Test RMSE: 1.8874888615563774
Epoch 172 MSE: 0.0005211466923356056
Epoch 172 val RMSE: 1.8793938335240001
Best model saved at epoch 172 with Test RMSE: 1.8793938335240001
Epoch 173 MSE: 0.0005174617399461567
Epoch 173 val RMSE: 1.8711709661618132
Best model saved at epoch 173 with Test RMSE: 1.8711709661618132
Epoch 174 MSE: 0.0005137961125001311
Epoch 174 val RMSE: 1.861525502102189
Best model saved at epoch 174 with Test RMSE: 1.861525502102189
Epoch 175 MSE: 0.0005101696006022394
Epoch 175 val RMSE: 1.855804477233781
Best model saved at epoch 175 with Test RMSE: 1.855804477233781
Epoch 176 MSE: 0.0005065735895186663
Epoch 176 val RMSE: 1.8459700457001442
Best model saved at epoch 176 with Test RMSE: 1.8459700457001442
Epoch 177 MSE: 0.0005029960884712636
Epoch 177 val RMSE: 1.8396601818214873
Best model saved at epoch 177 with Test RMSE: 1.8396601818214873
Epoch 178 MSE: 0.0004994457704015076
Epoch 178 val RMSE: 1.8326127485741694
Best model saved at epoch 178 with Test RMSE: 1.8326127485741694
Epoch 179 MSE: 0.000495928106829524
Epoch 179 val RMSE: 1.8246710990407786
Best model saved at epoch 179 with Test RMSE: 1.8246710990407786
Epoch 180 MSE: 0.0004924320965074003
Epoch 180 val RMSE: 1.8182436602002154
Best model saved at epoch 180 with Test RMSE: 1.8182436602002154
Epoch 181 MSE: 0.000488954596221447
Epoch 181 val RMSE: 1.8108733540217632
Best model saved at epoch 181 with Test RMSE: 1.8108733540217632
Epoch 182 MSE: 0.00048550369683653116
Epoch 182 val RMSE: 1.803037541481547
Best model saved at epoch 182 with Test RMSE: 1.803037541481547
Epoch 183 MSE: 0.00048207936924882233
Epoch 183 val RMSE: 1.7962816668581445
Best model saved at epoch 183 with Test RMSE: 1.7962816668581445
Epoch 184 MSE: 0.0004786729987245053
Epoch 184 val RMSE: 1.7885910145863717
Best model saved at epoch 184 with Test RMSE: 1.7885910145863717
Epoch 185 MSE: 0.0004752859240397811
Epoch 185 val RMSE: 1.7809636739188712
Best model saved at epoch 185 with Test RMSE: 1.7809636739188712
Epoch 186 MSE: 0.00047192067722789943
Epoch 186 val RMSE: 1.7750619850618647
Best model saved at epoch 186 with Test RMSE: 1.7750619850618647
Epoch 187 MSE: 0.00046857915003784
Epoch 187 val RMSE: 1.7662900499256369
Best model saved at epoch 187 with Test RMSE: 1.7662900499256369
Epoch 188 MSE: 0.00046525817015208304
Epoch 188 val RMSE: 1.7619114535682103
Best model saved at epoch 188 with Test RMSE: 1.7619114535682103
Epoch 189 MSE: 0.0004619563987944275
Epoch 189 val RMSE: 1.752317324816255
Best model saved at epoch 189 with Test RMSE: 1.752317324816255
Epoch 190 MSE: 0.00045867523294873536
Epoch 190 val RMSE: 1.7489808384634686
Best model saved at epoch 190 with Test RMSE: 1.7489808384634686
Epoch 191 MSE: 0.00045541836880147457
Epoch 191 val RMSE: 1.7378070999003985
Best model saved at epoch 191 with Test RMSE: 1.7378070999003985
Epoch 192 MSE: 0.0004521940427366644
Epoch 192 val RMSE: 1.7368577250321295
Best model saved at epoch 192 with Test RMSE: 1.7368577250321295
Epoch 193 MSE: 0.00044901538058184087
Epoch 193 val RMSE: 1.7213654472069941
Best model saved at epoch 193 with Test RMSE: 1.7213654472069941
Epoch 194 MSE: 0.00044591768528334796
Epoch 194 val RMSE: 1.727634908153268
Epoch 195 MSE: 0.0004429852997418493
Epoch 195 val RMSE: 1.7008007884272258
Best model saved at epoch 195 with Test RMSE: 1.7008007884272258
Epoch 196 MSE: 0.0004404385690577328
Epoch 196 val RMSE: 1.7272899355327762
Epoch 197 MSE: 0.0004388821544125676
Epoch 197 val RMSE: 1.669517280687968
Best model saved at epoch 197 with Test RMSE: 1.669517280687968
Epoch 198 MSE: 0.00043996042222715914
Epoch 198 val RMSE: 1.7563931987119072
Epoch 199 MSE: 0.0004488029517233372
Epoch 199 val RMSE: 1.6129705762644957
Best model saved at epoch 199 with Test RMSE: 1.6129705762644957
Epoch 200 MSE: 0.000479810347314924
Epoch 200 val RMSE: 1.904596956524655
Epoch 201 MSE: 0.0005828808643855155
Epoch 201 val RMSE: 1.574353157912629
Best model saved at epoch 201 with Test RMSE: 1.574353157912629
Epoch 202 MSE: 0.0008756948518566787
Epoch 202 val RMSE: 2.508273833911483
Epoch 203 MSE: 0.0017137146787717938
Epoch 203 val RMSE: 1.9792288184864135
Epoch 204 MSE: 0.0028654676862061024
Epoch 204 val RMSE: 3.0514384207865066
Epoch 205 MSE: 0.0033288318663835526
Epoch 205 val RMSE: 1.632699186782882
Epoch 206 MSE: 0.0009829060873016715
Epoch 206 val RMSE: 1.6476348803216503
Epoch 207 MSE: 0.0010285187745466828
Epoch 207 val RMSE: 2.599039498223137
Epoch 208 MSE: 0.0017554460791870952
Epoch 208 val RMSE: 1.7162755319984173
Epoch 209 MSE: 0.0006261657108552754
Epoch 209 val RMSE: 1.714144136054825
Epoch 210 MSE: 0.001233309623785317
Epoch 210 val RMSE: 2.0422749553887702
Epoch 211 MSE: 0.0009913149988278747
Epoch 211 val RMSE: 2.1599406847050435
Epoch 212 MSE: 0.0008603566675446928
Epoch 212 val RMSE: 1.7747102447196874
Epoch 213 MSE: 0.0009956674184650183
Epoch 213 val RMSE: 1.785965216580949
Epoch 214 MSE: 0.0008716699085198343
Epoch 214 val RMSE: 1.8277104225554035
Epoch 215 MSE: 0.0007712990045547485
Epoch 215 val RMSE: 1.7811656061893157
Epoch 216 MSE: 0.0008669946691952646
Epoch 216 val RMSE: 2.0008091481865633
Epoch 217 MSE: 0.0006504697958007455
Epoch 217 val RMSE: 1.9940151432920104
Epoch 218 MSE: 0.0007305800681933761
Epoch 218 val RMSE: 1.621514470301971
Epoch 219 MSE: 0.0006702874670736492
Epoch 219 val RMSE: 1.721096794828751
Epoch 220 MSE: 0.0005902720731683075
Epoch 220 val RMSE: 2.3535804581319058
Epoch 221 MSE: 0.0007153805927373469
Epoch 221 val RMSE: 2.0634988620201247
Epoch 222 MSE: 0.0004997131763957441
Epoch 222 val RMSE: 1.628127536295784
Epoch 223 MSE: 0.000698516087140888
Epoch 223 val RMSE: 1.8589891947062376
Epoch 224 MSE: 0.0004927513073198497
Epoch 224 val RMSE: 2.3103659809722648
Epoch 225 MSE: 0.0005982317961752415
Epoch 225 val RMSE: 1.920180527425495
Epoch 226 MSE: 0.0005375843029469252
Epoch 226 val RMSE: 1.7075813157922304
Epoch 227 MSE: 0.0005003325641155243
Epoch 227 val RMSE: 1.8780711770874567
Epoch 228 MSE: 0.0005713832215406001
Epoch 228 val RMSE: 1.879675757164555
Epoch 229 MSE: 0.00044711484224535525
Epoch 229 val RMSE: 1.7749005974888246
Epoch 230 MSE: 0.0005605325568467379
Epoch 230 val RMSE: 1.823848384533044
Epoch 231 MSE: 0.0004455332236830145
Epoch 231 val RMSE: 1.7261981838661835
Epoch 232 MSE: 0.0005068754544481635
Epoch 232 val RMSE: 1.6139519800419173
Epoch 233 MSE: 0.00046194661990739405
Epoch 233 val RMSE: 1.769949150001578
Epoch 234 MSE: 0.00045762353693135083
Epoch 234 val RMSE: 1.8755257822988596
Epoch 235 MSE: 0.0004654458607546985
Epoch 235 val RMSE: 1.6014360331403676
Epoch 236 MSE: 0.0004345118359196931
Epoch 236 val RMSE: 1.5521659146384936
Best model saved at epoch 236 with Test RMSE: 1.5521659146384936
Epoch 237 MSE: 0.0004511399893090129
Epoch 237 val RMSE: 1.7775772779703543
Epoch 238 MSE: 0.00043139231274835765
Epoch 238 val RMSE: 1.7554438250970292
Epoch 239 MSE: 0.00042844979907386005
Epoch 239 val RMSE: 1.5397113652176961
Best model saved at epoch 239 with Test RMSE: 1.5397113652176961
Epoch 240 MSE: 0.00042787447455339134
Epoch 240 val RMSE: 1.5520232101504092
Epoch 241 MSE: 0.0004158120427746326
Epoch 241 val RMSE: 1.6612680818536685
Epoch 242 MSE: 0.0004121313104405999
Epoch 242 val RMSE: 1.595126436537637
Epoch 243 MSE: 0.000414705224102363
Epoch 243 val RMSE: 1.5504875769832516
Epoch 244 MSE: 0.000394044240238145
Epoch 244 val RMSE: 1.569155290386487
Epoch 245 MSE: 0.00041136957588605583
Epoch 245 val RMSE: 1.5343646078282238
Best model saved at epoch 245 with Test RMSE: 1.5343646078282238
Epoch 246 MSE: 0.000386029394576326
Epoch 246 val RMSE: 1.5536838531531136
Epoch 247 MSE: 0.00039842299884185195
Epoch 247 val RMSE: 1.626563127354511
Epoch 248 MSE: 0.00038793942076154053
Epoch 248 val RMSE: 1.540090382264568
Epoch 249 MSE: 0.00038244298775680363
Epoch 249 val RMSE: 1.478766839519206
Best model saved at epoch 249 with Test RMSE: 1.478766839519206
Epoch 250 MSE: 0.000387422158382833
Epoch 250 val RMSE: 1.586135701539859
Epoch 251 MSE: 0.00037559340125881135
Epoch 251 val RMSE: 1.6024564155686098
Epoch 252 MSE: 0.0003779883263632655
Epoch 252 val RMSE: 1.4728603879256705
Best model saved at epoch 252 with Test RMSE: 1.4728603879256705
Epoch 253 MSE: 0.0003747809969354421
Epoch 253 val RMSE: 1.4825746560557442
Epoch 254 MSE: 0.00036976434057578444
Epoch 254 val RMSE: 1.5504064611508952
Epoch 255 MSE: 0.00036905729211866856
Epoch 255 val RMSE: 1.4961613970968237
Epoch 256 MSE: 0.00036819351953454316
Epoch 256 val RMSE: 1.4668926101102109
Best model saved at epoch 256 with Test RMSE: 1.4668926101102109
Epoch 257 MSE: 0.00036072093644179404
Epoch 257 val RMSE: 1.4815383308594023
Epoch 258 MSE: 0.00036531707155518234
Epoch 258 val RMSE: 1.4589051170218068
Best model saved at epoch 258 with Test RMSE: 1.4589051170218068
Epoch 259 MSE: 0.00035738738370127976
Epoch 259 val RMSE: 1.4724541887239226
Epoch 260 MSE: 0.00035822653444483876
Epoch 260 val RMSE: 1.4835824557211452
Epoch 261 MSE: 0.00035580008989199996
Epoch 261 val RMSE: 1.4215027038784658
Best model saved at epoch 261 with Test RMSE: 1.4215027038784658
Epoch 262 MSE: 0.00035349675454199314
Epoch 262 val RMSE: 1.4267098525157036
Epoch 263 MSE: 0.00035058139474131167
Epoch 263 val RMSE: 1.4780398451166468
Epoch 264 MSE: 0.0003514690906740725
Epoch 264 val RMSE: 1.422228423409718
Epoch 265 MSE: 0.00034598325146362185
Epoch 265 val RMSE: 1.3856708704505591
Best model saved at epoch 265 with Test RMSE: 1.3856708704505591
Epoch 266 MSE: 0.0003468804352451116
Epoch 266 val RMSE: 1.4271679966819513
Epoch 267 MSE: 0.00034404065809212625
Epoch 267 val RMSE: 1.4166356906122273
Epoch 268 MSE: 0.0003421473957132548
Epoch 268 val RMSE: 1.3830517491845873
Best model saved at epoch 268 with Test RMSE: 1.3830517491845873
Epoch 269 MSE: 0.0003403743030503392
Epoch 269 val RMSE: 1.3929304236393496
Epoch 270 MSE: 0.00033973538666032255
Epoch 270 val RMSE: 1.3875971201680117
Epoch 271 MSE: 0.0003361784329172224
Epoch 271 val RMSE: 1.384115219714167
Epoch 272 MSE: 0.00033619673922657967
Epoch 272 val RMSE: 1.393641382954432
Epoch 273 MSE: 0.00033382850233465433
Epoch 273 val RMSE: 1.3660131588074456
Best model saved at epoch 273 with Test RMSE: 1.3660131588074456
Epoch 274 MSE: 0.00033217380405403674
Epoch 274 val RMSE: 1.3637904224646284
Best model saved at epoch 274 with Test RMSE: 1.3637904224646284
Epoch 275 MSE: 0.00033057996188290417
Epoch 275 val RMSE: 1.3908911889585036
Epoch 276 MSE: 0.00032961356919258833
Epoch 276 val RMSE: 1.3610886482193076
Best model saved at epoch 276 with Test RMSE: 1.3610886482193076
Epoch 277 MSE: 0.0003270070010330528
Epoch 277 val RMSE: 1.342006572568009
Best model saved at epoch 277 with Test RMSE: 1.342006572568009
Epoch 278 MSE: 0.00032628243207000196
Epoch 278 val RMSE: 1.3671871948241847
Epoch 279 MSE: 0.00032454499159939587
Epoch 279 val RMSE: 1.355045395403913
Epoch 280 MSE: 0.00032289428054355085
Epoch 280 val RMSE: 1.3359857293954358
Best model saved at epoch 280 with Test RMSE: 1.3359857293954358
Epoch 281 MSE: 0.00032138542155735195
Epoch 281 val RMSE: 1.3448514637948015
Epoch 282 MSE: 0.0003203140222467482
Epoch 282 val RMSE: 1.3387171955523929
Epoch 283 MSE: 0.0003183868539053947
Epoch 283 val RMSE: 1.336022045293396
Epoch 284 MSE: 0.0003171293355990201
Epoch 284 val RMSE: 1.3366493871496297
Epoch 285 MSE: 0.0003158779290970415
Epoch 285 val RMSE: 1.320421609376753
Best model saved at epoch 285 with Test RMSE: 1.320421609376753
Epoch 286 MSE: 0.0003142958739772439
Epoch 286 val RMSE: 1.3272722985051983
Epoch 287 MSE: 0.0003128762182313949
Epoch 287 val RMSE: 1.3319006265710531
Epoch 288 MSE: 0.0003116567968390882
Epoch 288 val RMSE: 1.3084564136917465
Best model saved at epoch 288 with Test RMSE: 1.3084564136917465
Epoch 289 MSE: 0.0003102892078459263
Epoch 289 val RMSE: 1.3121888382230995
Epoch 290 MSE: 0.0003087382938247174
Epoch 290 val RMSE: 1.3203835552891452
Epoch 291 MSE: 0.000307627662550658
Epoch 291 val RMSE: 1.3025955972716294
Best model saved at epoch 291 with Test RMSE: 1.3025955972716294
Epoch 292 MSE: 0.00030623190104961395
Epoch 292 val RMSE: 1.3020467473294268
Best model saved at epoch 292 with Test RMSE: 1.3020467473294268
Epoch 293 MSE: 0.00030489772325381637
Epoch 293 val RMSE: 1.3051929522696708
Epoch 294 MSE: 0.0003035453846678138
Epoch 294 val RMSE: 1.2976771252518777
Best model saved at epoch 294 with Test RMSE: 1.2976771252518777
Epoch 295 MSE: 0.0003024154284503311
Epoch 295 val RMSE: 1.2988147706227229
Epoch 296 MSE: 0.00030101029551588
Epoch 296 val RMSE: 1.2923505059859983
Best model saved at epoch 296 with Test RMSE: 1.2923505059859983
Epoch 297 MSE: 0.00029975350480526686
Epoch 297 val RMSE: 1.289785147894717
Best model saved at epoch 297 with Test RMSE: 1.289785147894717
Epoch 298 MSE: 0.0002985430182889104
Epoch 298 val RMSE: 1.295270869894085
Epoch 299 MSE: 0.0002973100054077804
Epoch 299 val RMSE: 1.282781801774109
Best model saved at epoch 299 with Test RMSE: 1.282781801774109
Epoch 300 MSE: 0.0002960279234685004
Epoch 300 val RMSE: 1.2801005627199624
Best model saved at epoch 300 with Test RMSE: 1.2801005627199624
Epoch 301 MSE: 0.000294798199320212
Epoch 301 val RMSE: 1.286719255846824
Epoch 302 MSE: 0.00029365543741732836
Epoch 302 val RMSE: 1.2751591751369846
Best model saved at epoch 302 with Test RMSE: 1.2751591751369846
Epoch 303 MSE: 0.0002923903230112046
Epoch 303 val RMSE: 1.2724884334705542
Best model saved at epoch 303 with Test RMSE: 1.2724884334705542
Epoch 304 MSE: 0.00029119933606125414
Epoch 304 val RMSE: 1.2753304296428236
Epoch 305 MSE: 0.0002900124527513981
Epoch 305 val RMSE: 1.2684621211836826
Best model saved at epoch 305 with Test RMSE: 1.2684621211836826
Epoch 306 MSE: 0.00028887097141705453
Epoch 306 val RMSE: 1.2678022612623012
Best model saved at epoch 306 with Test RMSE: 1.2678022612623012
Epoch 307 MSE: 0.0002876651124097407
Epoch 307 val RMSE: 1.2643154103468466
Best model saved at epoch 307 with Test RMSE: 1.2643154103468466
Epoch 308 MSE: 0.00028649921296164393
Epoch 308 val RMSE: 1.2616332411947124
Best model saved at epoch 308 with Test RMSE: 1.2616332411947124
Epoch 309 MSE: 0.00028537859907373786
Epoch 309 val RMSE: 1.2629749669926404
Epoch 310 MSE: 0.00028422856121324003
Epoch 310 val RMSE: 1.2546119961757822
Best model saved at epoch 310 with Test RMSE: 1.2546119961757822
Epoch 311 MSE: 0.00028309322078712285
Epoch 311 val RMSE: 1.2543116594486916
Best model saved at epoch 311 with Test RMSE: 1.2543116594486916
Epoch 312 MSE: 0.00028195223421789706
Epoch 312 val RMSE: 1.2556302112188282
Epoch 313 MSE: 0.0002808631688822061
Epoch 313 val RMSE: 1.2467558246917851
Best model saved at epoch 313 with Test RMSE: 1.2467558246917851
Epoch 314 MSE: 0.00027975140255875885
Epoch 314 val RMSE: 1.2474457870812856
Epoch 315 MSE: 0.0002786401310004294
Epoch 315 val RMSE: 1.2466346260448093
Best model saved at epoch 315 with Test RMSE: 1.2466346260448093
Epoch 316 MSE: 0.00027755092014558613
Epoch 316 val RMSE: 1.2412530515235662
Best model saved at epoch 316 with Test RMSE: 1.2412530515235662
Epoch 317 MSE: 0.00027647046954371035
Epoch 317 val RMSE: 1.2413244548183713
Epoch 318 MSE: 0.00027540509472601116
Epoch 318 val RMSE: 1.237839099393103
Best model saved at epoch 318 with Test RMSE: 1.237839099393103
Epoch 319 MSE: 0.00027432257775217295
Epoch 319 val RMSE: 1.2370023169777218
Best model saved at epoch 319 with Test RMSE: 1.2370023169777218
Epoch 320 MSE: 0.00027326305280439556
Epoch 320 val RMSE: 1.2347330467418083
Best model saved at epoch 320 with Test RMSE: 1.2347330467418083
Epoch 321 MSE: 0.0002722158969845623
Epoch 321 val RMSE: 1.230186066626522
Best model saved at epoch 321 with Test RMSE: 1.230186066626522
Epoch 322 MSE: 0.0002711719716899097
Epoch 322 val RMSE: 1.2319144339324577
Epoch 323 MSE: 0.0002701347693800926
Epoch 323 val RMSE: 1.227202084704547
Best model saved at epoch 323 with Test RMSE: 1.227202084704547
Epoch 324 MSE: 0.00026909567532129586
Epoch 324 val RMSE: 1.2241148124932335
Best model saved at epoch 324 with Test RMSE: 1.2241148124932335
Epoch 325 MSE: 0.0002680768957361579
Epoch 325 val RMSE: 1.225091769225966
Epoch 326 MSE: 0.0002670633839443326
Epoch 326 val RMSE: 1.2201966234352701
Best model saved at epoch 326 with Test RMSE: 1.2201966234352701
Epoch 327 MSE: 0.0002660528407432139
Epoch 327 val RMSE: 1.2191608421167428
Best model saved at epoch 327 with Test RMSE: 1.2191608421167428
Epoch 328 MSE: 0.00026504936977289617
Epoch 328 val RMSE: 1.2172367286765633
Best model saved at epoch 328 with Test RMSE: 1.2172367286765633
Epoch 329 MSE: 0.0002640491584315896
Epoch 329 val RMSE: 1.2148261850933257
Best model saved at epoch 329 with Test RMSE: 1.2148261850933257
Epoch 330 MSE: 0.0002630632370710373
Epoch 330 val RMSE: 1.213589035659578
Best model saved at epoch 330 with Test RMSE: 1.213589035659578
Epoch 331 MSE: 0.0002620820887386799
Epoch 331 val RMSE: 1.2097983632078368
Best model saved at epoch 331 with Test RMSE: 1.2097983632078368
Epoch 332 MSE: 0.0002611043746583164
Epoch 332 val RMSE: 1.2099771937278119
Epoch 333 MSE: 0.0002601341693662107
Epoch 333 val RMSE: 1.2065177244836078
Best model saved at epoch 333 with Test RMSE: 1.2065177244836078
Epoch 334 MSE: 0.0002591680677141994
Epoch 334 val RMSE: 1.2038684876180357
Best model saved at epoch 334 with Test RMSE: 1.2038684876180357
Epoch 335 MSE: 0.0002582116867415607
Epoch 335 val RMSE: 1.2038075381240554
Best model saved at epoch 335 with Test RMSE: 1.2038075381240554
Epoch 336 MSE: 0.00025726237799972296
Epoch 336 val RMSE: 1.1996608751646007
Best model saved at epoch 336 with Test RMSE: 1.1996608751646007
Epoch 337 MSE: 0.00025631621247157454
Epoch 337 val RMSE: 1.1988129068840017
Best model saved at epoch 337 with Test RMSE: 1.1988129068840017
Epoch 338 MSE: 0.00025537662440910935
Epoch 338 val RMSE: 1.1965017448855733
Best model saved at epoch 338 with Test RMSE: 1.1965017448855733
Epoch 339 MSE: 0.00025444143102504313
Epoch 339 val RMSE: 1.1945849429650712
Best model saved at epoch 339 with Test RMSE: 1.1945849429650712
Epoch 340 MSE: 0.00025351313524879515
Epoch 340 val RMSE: 1.1927473680974499
Best model saved at epoch 340 with Test RMSE: 1.1927473680974499
Epoch 341 MSE: 0.0002525921445339918
Epoch 341 val RMSE: 1.1901666915573745
Best model saved at epoch 341 with Test RMSE: 1.1901666915573745
Epoch 342 MSE: 0.00025167581043206155
Epoch 342 val RMSE: 1.1896211853062382
Best model saved at epoch 342 with Test RMSE: 1.1896211853062382
Epoch 343 MSE: 0.0002507649187464267
Epoch 343 val RMSE: 1.1859042840258955
Best model saved at epoch 343 with Test RMSE: 1.1859042840258955
Epoch 344 MSE: 0.0002498591202311218
Epoch 344 val RMSE: 1.1852222482087171
Best model saved at epoch 344 with Test RMSE: 1.1852222482087171
Epoch 345 MSE: 0.00024895777460187674
Epoch 345 val RMSE: 1.1829529088080377
Best model saved at epoch 345 with Test RMSE: 1.1829529088080377
Epoch 346 MSE: 0.000248062628088519
Epoch 346 val RMSE: 1.1805091169361517
Best model saved at epoch 346 with Test RMSE: 1.1805091169361517
Epoch 347 MSE: 0.0002471728075761348
Epoch 347 val RMSE: 1.179333513719909
Best model saved at epoch 347 with Test RMSE: 1.179333513719909
Epoch 348 MSE: 0.00024628834216855466
Epoch 348 val RMSE: 1.1767476314879863
Best model saved at epoch 348 with Test RMSE: 1.1767476314879863
Epoch 349 MSE: 0.0002454096102155745
Epoch 349 val RMSE: 1.1755762777012424
Best model saved at epoch 349 with Test RMSE: 1.1755762777012424
Epoch 350 MSE: 0.00024453498190268874
Epoch 350 val RMSE: 1.172736093139813
Best model saved at epoch 350 with Test RMSE: 1.172736093139813
Epoch 351 MSE: 0.0002436651411699131
Epoch 351 val RMSE: 1.1721100126489894
Best model saved at epoch 351 with Test RMSE: 1.1721100126489894
Epoch 352 MSE: 0.00024280068464577198
Epoch 352 val RMSE: 1.1690930724868918
Best model saved at epoch 352 with Test RMSE: 1.1690930724868918
Epoch 353 MSE: 0.0002419403608655557
Epoch 353 val RMSE: 1.167920165821667
Best model saved at epoch 353 with Test RMSE: 1.167920165821667
Epoch 354 MSE: 0.0002410845918348059
Epoch 354 val RMSE: 1.1659060735053375
Best model saved at epoch 354 with Test RMSE: 1.1659060735053375
Epoch 355 MSE: 0.00024023427977226675
Epoch 355 val RMSE: 1.1638366684974877
Best model saved at epoch 355 with Test RMSE: 1.1638366684974877
Epoch 356 MSE: 0.00023938826052471995
Epoch 356 val RMSE: 1.162216309828598
Best model saved at epoch 356 with Test RMSE: 1.162216309828598
Epoch 357 MSE: 0.00023854695609770715
Epoch 357 val RMSE: 1.160145717791392
Best model saved at epoch 357 with Test RMSE: 1.160145717791392
Epoch 358 MSE: 0.0002377102355239913
Epoch 358 val RMSE: 1.1586352823829864
Best model saved at epoch 358 with Test RMSE: 1.1586352823829864
Epoch 359 MSE: 0.00023687815701123327
Epoch 359 val RMSE: 1.1561386982727722
Best model saved at epoch 359 with Test RMSE: 1.1561386982727722
Epoch 360 MSE: 0.0002360501530347392
Epoch 360 val RMSE: 1.1553507736259594
Best model saved at epoch 360 with Test RMSE: 1.1553507736259594
Epoch 361 MSE: 0.0002352268638787791
Epoch 361 val RMSE: 1.1522578837844453
Best model saved at epoch 361 with Test RMSE: 1.1522578837844453
Epoch 362 MSE: 0.0002344076056033373
Epoch 362 val RMSE: 1.1517950788436182
Best model saved at epoch 362 with Test RMSE: 1.1517950788436182
Epoch 363 MSE: 0.0002335926692467183
Epoch 363 val RMSE: 1.1485374562886161
Best model saved at epoch 363 with Test RMSE: 1.1485374562886161
Epoch 364 MSE: 0.00023278244771063328
Epoch 364 val RMSE: 1.1483991447842827
Best model saved at epoch 364 with Test RMSE: 1.1483991447842827
Epoch 365 MSE: 0.00023197635891847312
Epoch 365 val RMSE: 1.1443453693147694
Best model saved at epoch 365 with Test RMSE: 1.1443453693147694
Epoch 366 MSE: 0.00023117508681025356
Epoch 366 val RMSE: 1.145550427046613
Epoch 367 MSE: 0.00023037918435875326
Epoch 367 val RMSE: 1.139687767101996
Best model saved at epoch 367 with Test RMSE: 1.139687767101996
Epoch 368 MSE: 0.0002295901213074103
Epoch 368 val RMSE: 1.1432537461450305
Epoch 369 MSE: 0.00022881024051457644
Epoch 369 val RMSE: 1.134247811072972
Best model saved at epoch 369 with Test RMSE: 1.134247811072972
Epoch 370 MSE: 0.00022804562468081713
Epoch 370 val RMSE: 1.1425690479407071
Epoch 371 MSE: 0.0002273097197758034
Epoch 371 val RMSE: 1.1263808676740719
Best model saved at epoch 371 with Test RMSE: 1.1263808676740719
Epoch 372 MSE: 0.00022663291019853204
Epoch 372 val RMSE: 1.1461549769860253
Epoch 373 MSE: 0.00022608890139963478
Epoch 373 val RMSE: 1.1128245705322442
Best model saved at epoch 373 with Test RMSE: 1.1128245705322442
Epoch 374 MSE: 0.00022585077385883778
Epoch 374 val RMSE: 1.1606472016954974
Epoch 375 MSE: 0.0002263743372168392
Epoch 375 val RMSE: 1.0866277134140787
Best model saved at epoch 375 with Test RMSE: 1.0866277134140787
Epoch 376 MSE: 0.00022874549904372543
Epoch 376 val RMSE: 1.2080509853434962
Epoch 377 MSE: 0.00023613579105585814
Epoch 377 val RMSE: 1.0392200092450858
Best model saved at epoch 377 with Test RMSE: 1.0392200092450858
Epoch 378 MSE: 0.00025584743707440794
Epoch 378 val RMSE: 1.3704000603812228
Epoch 379 MSE: 0.00031252362532541156
Epoch 379 val RMSE: 1.0467531503393535
Epoch 380 MSE: 0.00045193915138952434
Epoch 380 val RMSE: 1.9378845079414264
Epoch 381 MSE: 0.0008675624267198145
Epoch 381 val RMSE: 1.6825902652191804
Epoch 382 MSE: 0.0015873449156060815
Epoch 382 val RMSE: 3.2114304955325936
Epoch 383 MSE: 0.0033555985428392887
Epoch 383 val RMSE: 2.4274326667915305
Epoch 384 MSE: 0.0024447916075587273
Epoch 384 val RMSE: 1.820392066624621
Epoch 385 MSE: 0.0011600195430219173
Epoch 385 val RMSE: 1.1480495809787297
Epoch 386 MSE: 0.0003988115058746189
Epoch 386 val RMSE: 2.0454740899048134
Epoch 387 MSE: 0.001548981061205268
Epoch 387 val RMSE: 2.1925221150412755
Epoch 388 MSE: 0.0013443314237520099
Epoch 388 val RMSE: 1.4033501289401595
Epoch 389 MSE: 0.0003647571138571948
Epoch 389 val RMSE: 1.6409231732392693
Epoch 390 MSE: 0.0015371418558061123
Epoch 390 val RMSE: 2.374883247316594
Epoch 391 MSE: 0.0010000106412917376
Epoch 391 val RMSE: 1.8333962892068882
Epoch 392 MSE: 0.0005381804658100009
Epoch 392 val RMSE: 1.5781632220483486
Epoch 393 MSE: 0.0013118667993694544
Epoch 393 val RMSE: 1.5825897361298165
Epoch 394 MSE: 0.00035262980964034796
Epoch 394 val RMSE: 1.9611120868184535
Epoch 395 MSE: 0.0008272187551483512
Epoch 395 val RMSE: 1.2407938498796527
Epoch 396 MSE: 0.00047822066699154675
Epoch 396 val RMSE: 1.2399981897094803
Epoch 397 MSE: 0.000504924391862005
Epoch 397 val RMSE: 1.9454695550109458
Epoch 398 MSE: 0.0006125493091531098
Epoch 398 val RMSE: 1.6750831839559481
Epoch 399 MSE: 0.0003384315932635218
Epoch 399 val RMSE: 1.2496820522303123
Epoch 400 MSE: 0.0006575771258212626
Epoch 400 val RMSE: 1.5073576720504187
Epoch 401 MSE: 0.0002521498245187104
Epoch 401 val RMSE: 2.0551209663373338
Epoch 402 MSE: 0.0005481400294229388
Epoch 402 val RMSE: 1.403832158429936
Epoch 403 MSE: 0.00026332796551287174
Epoch 403 val RMSE: 1.1971282631267086
Epoch 404 MSE: 0.0004639853723347187
Epoch 404 val RMSE: 1.517337657282612
Epoch 405 MSE: 0.00030731825972907245
Epoch 405 val RMSE: 1.631917242630595
Epoch 406 MSE: 0.00038012894219718874
Epoch 406 val RMSE: 1.160161233499529
Epoch 407 MSE: 0.0003251483431085944
Epoch 407 val RMSE: 1.1539774031451415
Epoch 408 MSE: 0.00030843488639220595
Epoch 408 val RMSE: 1.565548174223786
Epoch 409 MSE: 0.0003420499269850552
Epoch 409 val RMSE: 1.424352311292171
Epoch 410 MSE: 0.0002669624809641391
Epoch 410 val RMSE: 1.152660003196808
Epoch 411 MSE: 0.0003410424687899649
Epoch 411 val RMSE: 1.294503306868283
Epoch 412 MSE: 0.00024064703029580414
Epoch 412 val RMSE: 1.5905995365045735
Epoch 413 MSE: 0.00032482630922459066
Epoch 413 val RMSE: 1.2940078662650907
Epoch 414 MSE: 0.00023117891396395862
Epoch 414 val RMSE: 1.1451880227343656
Epoch 415 MSE: 0.00030904627055861056
Epoch 415 val RMSE: 1.2819339973342712
Epoch 416 MSE: 0.00023195569519884884
Epoch 416 val RMSE: 1.3907569651191853
Epoch 417 MSE: 0.0002816813939716667
Epoch 417 val RMSE: 1.1542298479838964
Epoch 418 MSE: 0.00023790770501364022
Epoch 418 val RMSE: 1.1021830116485587
Epoch 419 MSE: 0.00025961018400266767
Epoch 419 val RMSE: 1.2990782073913285
Epoch 420 MSE: 0.0002430262538837269
Epoch 420 val RMSE: 1.3225957326005973
Epoch 421 MSE: 0.00024029635824263096
Epoch 421 val RMSE: 1.1159200347670284
Epoch 422 MSE: 0.0002462259435560554
Epoch 422 val RMSE: 1.1629060979344894
Epoch 423 MSE: 0.0002245132636744529
Epoch 423 val RMSE: 1.3472878657512966
Epoch 424 MSE: 0.0002454738423693925
Epoch 424 val RMSE: 1.1989597699476837
Epoch 425 MSE: 0.00021742375975009054
Epoch 425 val RMSE: 1.0900792786876363
Epoch 426 MSE: 0.0002399799122940749
Epoch 426 val RMSE: 1.1668800715135517
Epoch 427 MSE: 0.00021403681603260338
Epoch 427 val RMSE: 1.2154514963632226
Epoch 428 MSE: 0.00023190169304143637
Epoch 428 val RMSE: 1.0981148410038442
Epoch 429 MSE: 0.00021457583352457732
Epoch 429 val RMSE: 1.0700477773926804
Epoch 430 MSE: 0.0002224123163614422
Epoch 430 val RMSE: 1.1681846495655779
Epoch 431 MSE: 0.00021654294687323272
Epoch 431 val RMSE: 1.1835737069324501
Epoch 432 MSE: 0.00021401539561338723
Epoch 432 val RMSE: 1.0794580483529648
Epoch 433 MSE: 0.00021689066488761455
Epoch 433 val RMSE: 1.1095077005456926
Epoch 434 MSE: 0.00020785225206054747
Epoch 434 val RMSE: 1.2087545592449878
Epoch 435 MSE: 0.00021569090313278139
Epoch 435 val RMSE: 1.1184059914144662
Epoch 436 MSE: 0.00020476934150792658
Epoch 436 val RMSE: 1.0624030012845251
Epoch 437 MSE: 0.0002116969699272886
Epoch 437 val RMSE: 1.1261021195851337
Epoch 438 MSE: 0.0002041531406575814
Epoch 438 val RMSE: 1.1282523614312245
Epoch 439 MSE: 0.00020694210252258927
Epoch 439 val RMSE: 1.05677238954317
Epoch 440 MSE: 0.00020414433674886823
Epoch 440 val RMSE: 1.0592649802183378
Epoch 441 MSE: 0.00020210658840369433
Epoch 441 val RMSE: 1.1143241949476004
Epoch 442 MSE: 0.00020369974663481116
Epoch 442 val RMSE: 1.090502304127186
Epoch 443 MSE: 0.00019891538249794394
Epoch 443 val RMSE: 1.0417116854794168
Epoch 444 MSE: 0.0002019042003666982
Epoch 444 val RMSE: 1.0784893249598853
Epoch 445 MSE: 0.00019723402510862797
Epoch 445 val RMSE: 1.1020615982383406
Epoch 446 MSE: 0.00019908169633708894
Epoch 446 val RMSE: 1.0388844846664975
Best model saved at epoch 446 with Test RMSE: 1.0388844846664975
Epoch 447 MSE: 0.0001965714618563652
Epoch 447 val RMSE: 1.0352461290026886
Best model saved at epoch 447 with Test RMSE: 1.0352461290026886
Epoch 448 MSE: 0.00019585956761147827
Epoch 448 val RMSE: 1.0700345200469479
Epoch 449 MSE: 0.00019580047228373587
Epoch 449 val RMSE: 1.0446722855574044
Epoch 450 MSE: 0.00019341714505571872
Epoch 450 val RMSE: 1.0194560640754462
Best model saved at epoch 450 with Test RMSE: 1.0194560640754462
Epoch 451 MSE: 0.00019447827071417123
Epoch 451 val RMSE: 1.040958309921824
Epoch 452 MSE: 0.0001917599729495123
Epoch 452 val RMSE: 1.0610167865593734
Epoch 453 MSE: 0.00019227192387916148
Epoch 453 val RMSE: 1.0304357030282172
Epoch 454 MSE: 0.00019075012824032456
Epoch 454 val RMSE: 1.0268936621745732
Epoch 455 MSE: 0.00019004578643944114
Epoch 455 val RMSE: 1.0603836524086037
Epoch 456 MSE: 0.00018978846492245793
Epoch 456 val RMSE: 1.0389318168891803
Epoch 457 MSE: 0.00018810997426044196
Epoch 457 val RMSE: 1.0164340391472508
Best model saved at epoch 457 with Test RMSE: 1.0164340391472508
Epoch 458 MSE: 0.00018832049681805074
Epoch 458 val RMSE: 1.0353947778507826
Epoch 459 MSE: 0.00018676610488910228
Epoch 459 val RMSE: 1.0365218457773486
Epoch 460 MSE: 0.0001865645608631894
Epoch 460 val RMSE: 1.0146102530937597
Best model saved at epoch 460 with Test RMSE: 1.0146102530937597
Epoch 461 MSE: 0.00018571672262623906
Epoch 461 val RMSE: 1.0147392518685956
Epoch 462 MSE: 0.0001847610401455313
Epoch 462 val RMSE: 1.0346423906996516
Epoch 463 MSE: 0.0001845020888140425
Epoch 463 val RMSE: 1.0205670937289861
Epoch 464 MSE: 0.0001832922425819561
Epoch 464 val RMSE: 1.007235813005926
Best model saved at epoch 464 with Test RMSE: 1.007235813005926
Epoch 465 MSE: 0.0001830685796448961
Epoch 465 val RMSE: 1.0256173600697427
Epoch 466 MSE: 0.00018214210285805166
Epoch 466 val RMSE: 1.0198836028312126
Epoch 467 MSE: 0.0001814973511500284
Epoch 467 val RMSE: 1.0031783734439343
Best model saved at epoch 467 with Test RMSE: 1.0031783734439343
Epoch 468 MSE: 0.00018098672444466501
Epoch 468 val RMSE: 1.0069674712138847
Epoch 469 MSE: 0.0001800523605197668
Epoch 469 val RMSE: 1.0142147543567965
Epoch 470 MSE: 0.0001796931610442698
Epoch 470 val RMSE: 1.0009921635598247
Best model saved at epoch 470 with Test RMSE: 1.0009921635598247
Epoch 471 MSE: 0.00017884747649077326
Epoch 471 val RMSE: 0.9957978949898258
Best model saved at epoch 471 with Test RMSE: 0.9957978949898258
Epoch 472 MSE: 0.00017829843272920698
Epoch 472 val RMSE: 1.0102279460626604
Epoch 473 MSE: 0.0001777161960490048
Epoch 473 val RMSE: 1.0017828545700767
Epoch 474 MSE: 0.00017695403948891908
Epoch 474 val RMSE: 0.9943443644160351
Best model saved at epoch 474 with Test RMSE: 0.9943443644160351
Epoch 475 MSE: 0.00017650399240665138
Epoch 475 val RMSE: 1.0005634032047657
Epoch 476 MSE: 0.0001757500576786697
Epoch 476 val RMSE: 1.0015465578902287
Epoch 477 MSE: 0.00017520702385809273
Epoch 477 val RMSE: 0.9890029744681129
Best model saved at epoch 477 with Test RMSE: 0.9890029744681129
Epoch 478 MSE: 0.00017461877723690122
Epoch 478 val RMSE: 0.9896282319708412
Epoch 479 MSE: 0.00017394668248016387
Epoch 479 val RMSE: 0.9953201581100414
Epoch 480 MSE: 0.0001734576071612537
Epoch 480 val RMSE: 0.9848628273444201
Best model saved at epoch 480 with Test RMSE: 0.9848628273444201
Epoch 481 MSE: 0.0001727894996292889
Epoch 481 val RMSE: 0.9838221677898019
Best model saved at epoch 481 with Test RMSE: 0.9838221677898019
Epoch 482 MSE: 0.00017224861949216574
Epoch 482 val RMSE: 0.9883157475296979
Epoch 483 MSE: 0.00017168388876598328
Epoch 483 val RMSE: 0.9869820419444105
Epoch 484 MSE: 0.00017106566519942135
Epoch 484 val RMSE: 0.97806799238029
Best model saved at epoch 484 with Test RMSE: 0.97806799238029
Epoch 485 MSE: 0.00017056181968655437
Epoch 485 val RMSE: 0.9859592465573246
Epoch 486 MSE: 0.00016995634359773248
Epoch 486 val RMSE: 0.9813760457813763
Epoch 487 MSE: 0.00016942164802458137
Epoch 487 val RMSE: 0.978653248990101
Epoch 488 MSE: 0.00016889577091205865
Epoch 488 val RMSE: 0.9741186768160023
Best model saved at epoch 488 with Test RMSE: 0.9741186768160023
Epoch 489 MSE: 0.00016833825793582946
Epoch 489 val RMSE: 0.9839455409486825
Epoch 490 MSE: 0.00016787929052952677
Epoch 490 val RMSE: 0.9680342337292694
Best model saved at epoch 490 with Test RMSE: 0.9680342337292694
Epoch 491 MSE: 0.00016741399304009974
Epoch 491 val RMSE: 0.9806646933949592
Epoch 492 MSE: 0.00016707746544852853
Epoch 492 val RMSE: 0.9653051099559179
Best model saved at epoch 492 with Test RMSE: 0.9653051099559179
Epoch 493 MSE: 0.0001669756748015061
Epoch 493 val RMSE: 0.9887092779191661
Epoch 494 MSE: 0.00016731531650293618
Epoch 494 val RMSE: 0.9471400856124647
Best model saved at epoch 494 with Test RMSE: 0.9471400856124647
Epoch 495 MSE: 0.00016880682960618287
Epoch 495 val RMSE: 1.008820672661667
Epoch 496 MSE: 0.00017282839689869434
Epoch 496 val RMSE: 0.9221803838234892
Best model saved at epoch 496 with Test RMSE: 0.9221803838234892
Epoch 497 MSE: 0.00018320025992579758
Epoch 497 val RMSE: 1.0568798309161622
Epoch 498 MSE: 0.0002085559390252456
Epoch 498 val RMSE: 0.875675383540276
Best model saved at epoch 498 with Test RMSE: 0.875675383540276
Epoch 499 MSE: 0.0002733352012000978
Epoch 499 val RMSE: 1.22730572773335
Epoch 500 MSE: 0.000423572666477412
Epoch 500 val RMSE: 0.8916130608342635
Epoch 501 MSE: 0.0007866185042075813
Epoch 501 val RMSE: 1.6475133248746878
Epoch 502 MSE: 0.0013338460121303797
Epoch 502 val RMSE: 1.139265268956371
Epoch 503 MSE: 0.0019466232042759657
Epoch 503 val RMSE: 1.6457207878680677
Epoch 504 MSE: 0.0009984138887375593
Epoch 504 val RMSE: 0.9808261721394703
Epoch 505 MSE: 0.0002011189644690603
Epoch 505 val RMSE: 0.9514750598639734
Epoch 506 MSE: 0.0007412427803501487
Epoch 506 val RMSE: 1.289581795333578
Epoch 507 MSE: 0.0004204738652333617
Epoch 507 val RMSE: 1.096035449652027
Epoch 508 MSE: 0.00036242289934307337
Epoch 508 val RMSE: 0.9935946661028153
Epoch 509 MSE: 0.0005265244981274009
Epoch 509 val RMSE: 0.9225961160080628
Epoch 510 MSE: 0.0002662517945282161
Epoch 510 val RMSE: 1.204621560831555
Epoch 511 MSE: 0.0005044874851591885
Epoch 511 val RMSE: 0.935883909292856
Epoch 512 MSE: 0.00023145978047978133
Epoch 512 val RMSE: 0.8898976015804715
Epoch 513 MSE: 0.0004285516624804586
Epoch 513 val RMSE: 1.0927910006477917
Epoch 514 MSE: 0.00021749240113422275
Epoch 514 val RMSE: 1.241119069226929
Epoch 515 MSE: 0.0003845796745736152
Epoch 515 val RMSE: 1.03126028807161
Epoch 516 MSE: 0.00022156881459522992
Epoch 516 val RMSE: 0.9533817695826474
Epoch 517 MSE: 0.0003264594415668398
Epoch 517 val RMSE: 1.1077867878887884
Epoch 518 MSE: 0.00022511927818413824
Epoch 518 val RMSE: 1.2362585545350915
Epoch 519 MSE: 0.00028334392118267715
Epoch 519 val RMSE: 0.9827277918761228
Epoch 520 MSE: 0.00023172014334704727
Epoch 520 val RMSE: 0.8924782862012034
Epoch 521 MSE: 0.0002548821794334799
Epoch 521 val RMSE: 1.0747092496995503
Epoch 522 MSE: 0.00022664075368084013
Epoch 522 val RMSE: 1.145071950009495
Epoch 523 MSE: 0.00023143029829952866
Epoch 523 val RMSE: 0.8950883887775359
Epoch 524 MSE: 0.00022544174862559885
Epoch 524 val RMSE: 0.9005518373822751
Epoch 525 MSE: 0.0002111953654093668
Epoch 525 val RMSE: 1.1268220028551401
Epoch 526 MSE: 0.00022496738529298455
Epoch 526 val RMSE: 1.0254894390631855
Epoch 527 MSE: 0.00019720420823432505
Epoch 527 val RMSE: 0.8773874341597498
Epoch 528 MSE: 0.00022022771008778363
Epoch 528 val RMSE: 0.9272358086745279
Epoch 529 MSE: 0.00019272335339337587
Epoch 529 val RMSE: 1.0199688085760954
Epoch 530 MSE: 0.00021308801660779864
Epoch 530 val RMSE: 0.9196792898223175
Epoch 531 MSE: 0.00018769202870316803
Epoch 531 val RMSE: 0.8701469852983832
Best model saved at epoch 531 with Test RMSE: 0.8701469852983832
Epoch 532 MSE: 0.00020793611474800855
Epoch 532 val RMSE: 0.90583186533463
Epoch 533 MSE: 0.00018204376101493835
Epoch 533 val RMSE: 0.9547948124535682
Epoch 534 MSE: 0.0002030356990871951
Epoch 534 val RMSE: 0.9288793946563783
Epoch 535 MSE: 0.0001773570547811687
Epoch 535 val RMSE: 0.8906081014000425
Epoch 536 MSE: 0.00019476210582070053
Epoch 536 val RMSE: 0.9264530046425716
Epoch 537 MSE: 0.00017507282609585673
Epoch 537 val RMSE: 1.010136903133533
Epoch 538 MSE: 0.00018770848691929132
Epoch 538 val RMSE: 0.959670309038881
Epoch 539 MSE: 0.00017261947505176067
Epoch 539 val RMSE: 0.899911649658968
Epoch 540 MSE: 0.00018217407341580838
Epoch 540 val RMSE: 0.9647093459196115
Epoch 541 MSE: 0.00017008441500365734
Epoch 541 val RMSE: 1.0103598640966578
Epoch 542 MSE: 0.0001771036913851276
Epoch 542 val RMSE: 0.9164954842051934
Epoch 543 MSE: 0.0001693546073511243
Epoch 543 val RMSE: 0.9049825355256729
Epoch 544 MSE: 0.00017193597159348428
Epoch 544 val RMSE: 0.9781612279843358
Epoch 545 MSE: 0.00016874037100933492
Epoch 545 val RMSE: 0.9604664089757075
Epoch 546 MSE: 0.00016794662224128842
Epoch 546 val RMSE: 0.9096809750751781
Epoch 547 MSE: 0.00016734479868318886
Epoch 547 val RMSE: 0.9343686578847948
Epoch 548 MSE: 0.00016504300583619624
Epoch 548 val RMSE: 0.9673542920380634
Epoch 549 MSE: 0.00016593164764344692
Epoch 549 val RMSE: 0.942446849801664
Epoch 550 MSE: 0.0001623042771825567
Epoch 550 val RMSE: 0.9193907093129678
Epoch 551 MSE: 0.00016459928883705288
Epoch 551 val RMSE: 0.9274810123813543
Epoch 552 MSE: 0.00016009484534151852
Epoch 552 val RMSE: 0.9429623417924959
Epoch 553 MSE: 0.00016277287795674056
Epoch 553 val RMSE: 0.9272220522077448
Epoch 554 MSE: 0.00015875257668085396
Epoch 554 val RMSE: 0.9028712130555218
Epoch 555 MSE: 0.00016055541345849633
Epoch 555 val RMSE: 0.9190241164694901
Epoch 556 MSE: 0.00015770304889883846
Epoch 556 val RMSE: 0.9415103649008484
Epoch 557 MSE: 0.00015850347699597478
Epoch 557 val RMSE: 0.9139126059718279
Epoch 558 MSE: 0.0001566730934428051
Epoch 558 val RMSE: 0.9061410443809833
Epoch 559 MSE: 0.00015647993132006377
Epoch 559 val RMSE: 0.9414224267099986
Epoch 560 MSE: 0.00015582914056722075
Epoch 560 val RMSE: 0.9356871242959431
Epoch 561 MSE: 0.00015456092660315335
Epoch 561 val RMSE: 0.906659395548705
Epoch 562 MSE: 0.0001548849104437977
Epoch 562 val RMSE: 0.9236571010494432
Epoch 563 MSE: 0.00015310374146793038
Epoch 563 val RMSE: 0.9380248825660812
Epoch 564 MSE: 0.000153625151142478
Epoch 564 val RMSE: 0.9129022913372206
Epoch 565 MSE: 0.00015209564298857003
Epoch 565 val RMSE: 0.9097777140212594
Epoch 566 MSE: 0.0001522725069662556
Epoch 566 val RMSE: 0.9270393096815225
Epoch 567 MSE: 0.0001512462185928598
Epoch 567 val RMSE: 0.921603017222247
Epoch 568 MSE: 0.000150958527228795
Epoch 568 val RMSE: 0.9119874925885104
Epoch 569 MSE: 0.00015046731277834624
Epoch 569 val RMSE: 0.9185619953375014
Epoch 570 MSE: 0.00014968260074965656
Epoch 570 val RMSE: 0.9248797699400173
Epoch 571 MSE: 0.00014963986177463084
Epoch 571 val RMSE: 0.9200317252431837
Epoch 572 MSE: 0.00014861876843497157
Epoch 572 val RMSE: 0.9133835904072561
Epoch 573 MSE: 0.00014858775830361992
Epoch 573 val RMSE: 0.9174483427114776
Epoch 574 MSE: 0.00014777903561480343
Epoch 574 val RMSE: 0.9218879957414565
Epoch 575 MSE: 0.000147454600664787
Epoch 575 val RMSE: 0.9114707655285873
Epoch 576 MSE: 0.0001469879935029894
Epoch 576 val RMSE: 0.908539937230626
Epoch 577 MSE: 0.00014640833251178265
Epoch 577 val RMSE: 0.9196174911725503
Epoch 578 MSE: 0.00014615760301239789
Epoch 578 val RMSE: 0.9147338032316772
Epoch 579 MSE: 0.00014547781029250473
Epoch 579 val RMSE: 0.9060508246071189
Epoch 580 MSE: 0.00014525973529089242
Epoch 580 val RMSE: 0.9162867293340544
Epoch 581 MSE: 0.00014467771688941866
Epoch 581 val RMSE: 0.91768771800435
Epoch 582 MSE: 0.0001443122891942039
Epoch 582 val RMSE: 0.9061002936524093
Epoch 583 MSE: 0.00014393725723493844
Epoch 583 val RMSE: 0.9100366931371435
Epoch 584 MSE: 0.00014341901987791061
Epoch 584 val RMSE: 0.9142995673645792
Epoch 585 MSE: 0.0001431454293197021
Epoch 585 val RMSE: 0.9046136618411399
Epoch 586 MSE: 0.00014263561752159148
Epoch 586 val RMSE: 0.9033792672379145
Epoch 587 MSE: 0.00014231569366529584
Epoch 587 val RMSE: 0.907956555438402
Epoch 588 MSE: 0.00014190486399456859
Epoch 588 val RMSE: 0.9033900878351486
Epoch 589 MSE: 0.00014150302740745246
Epoch 589 val RMSE: 0.9004453365228254
Epoch 590 MSE: 0.00014117805403657258
Epoch 590 val RMSE: 0.9030069003385417
Epoch 591 MSE: 0.0001407351956004277
Epoch 591 val RMSE: 0.9023156760336171
Epoch 592 MSE: 0.00014042880502529442
Epoch 592 val RMSE: 0.899421584173472
Epoch 593 MSE: 0.00014002756506670266
Epoch 593 val RMSE: 0.8984012762313704
Epoch 594 MSE: 0.00013966670667286962
Epoch 594 val RMSE: 0.8988939204001181
Epoch 595 MSE: 0.00013934011803939939
Epoch 595 val RMSE: 0.8973051149665273
Epoch 596 MSE: 0.00013894622679799795
Epoch 596 val RMSE: 0.8937825563810098
Epoch 597 MSE: 0.00013863689673598856
Epoch 597 val RMSE: 0.894337462377904
Epoch 598 MSE: 0.0001382744958391413
Epoch 598 val RMSE: 0.8948944886844695
Epoch 599 MSE: 0.00013793820107821375
Epoch 599 val RMSE: 0.8907219348825504
Epoch 600 MSE: 0.00013761977606918663
Epoch 600 val RMSE: 0.8906218210799387
Epoch 601 MSE: 0.0001372669212287292
Epoch 601 val RMSE: 0.8923961362054913
Epoch 602 MSE: 0.0001369639503536746
Epoch 602 val RMSE: 0.8881488308806569
Epoch 603 MSE: 0.00013662951823789626
Epoch 603 val RMSE: 0.8866727707827222
Epoch 604 MSE: 0.00013631003093905747
Epoch 604 val RMSE: 0.8882896523594092
Epoch 605 MSE: 0.00013600803504232317
Epoch 605 val RMSE: 0.884405336432573
Epoch 606 MSE: 0.00013568087888415903
Epoch 606 val RMSE: 0.8821138638916075
Epoch 607 MSE: 0.0001353854895569384
Epoch 607 val RMSE: 0.8833111730231036
Epoch 608 MSE: 0.00013507928815670311
Epoch 608 val RMSE: 0.8805561770314277
Epoch 609 MSE: 0.00013477397442329675
Epoch 609 val RMSE: 0.8784394444485167
Epoch 610 MSE: 0.00013448642857838422
Epoch 610 val RMSE: 0.8791815771553015
Epoch 611 MSE: 0.0001341851457254961
Epoch 611 val RMSE: 0.8774417459002195
Epoch 612 MSE: 0.00013389949162956327
Epoch 612 val RMSE: 0.8756529891927208
Epoch 613 MSE: 0.0001336142304353416
Epoch 613 val RMSE: 0.8754999912072425
Epoch 614 MSE: 0.00013332573871593922
Epoch 614 val RMSE: 0.8742442273065816
Epoch 615 MSE: 0.00013305236643645912
Epoch 615 val RMSE: 0.8727282939190562
Epoch 616 MSE: 0.00013277202378958464
Epoch 616 val RMSE: 0.8717549983199377
Epoch 617 MSE: 0.00013249825860839337
Epoch 617 val RMSE: 0.8709141841268181
Epoch 618 MSE: 0.00013223206042312086
Epoch 618 val RMSE: 0.8698698948993905
Best model saved at epoch 618 with Test RMSE: 0.8698698948993905
Epoch 619 MSE: 0.0001319611183134839
Epoch 619 val RMSE: 0.8684867885531287
Best model saved at epoch 619 with Test RMSE: 0.8684867885531287
Epoch 620 MSE: 0.00013169962039683014
Epoch 620 val RMSE: 0.8679935043197384
Best model saved at epoch 620 with Test RMSE: 0.8679935043197384
Epoch 621 MSE: 0.00013143949036020786
Epoch 621 val RMSE: 0.8672384298679384
Best model saved at epoch 621 with Test RMSE: 0.8672384298679384
Epoch 622 MSE: 0.00013117965136189014
Epoch 622 val RMSE: 0.8654721796532888
Best model saved at epoch 622 with Test RMSE: 0.8654721796532888
Epoch 623 MSE: 0.00013092767039779574
Epoch 623 val RMSE: 0.8649979520233254
Best model saved at epoch 623 with Test RMSE: 0.8649979520233254
Epoch 624 MSE: 0.00013067475811112672
Epoch 624 val RMSE: 0.864182084208738
Best model saved at epoch 624 with Test RMSE: 0.864182084208738
Epoch 625 MSE: 0.00013042535283602774
Epoch 625 val RMSE: 0.8621644265660549
Best model saved at epoch 625 with Test RMSE: 0.8621644265660549
Epoch 626 MSE: 0.0001301812444580719
Epoch 626 val RMSE: 0.8616804237177541
Best model saved at epoch 626 with Test RMSE: 0.8616804237177541
Epoch 627 MSE: 0.00012993674317840487
Epoch 627 val RMSE: 0.8608239183775784
Best model saved at epoch 627 with Test RMSE: 0.8608239183775784
Epoch 628 MSE: 0.00012969727686140686
Epoch 628 val RMSE: 0.8589619771093825
Best model saved at epoch 628 with Test RMSE: 0.8589619771093825
Epoch 629 MSE: 0.00012946089555043727
Epoch 629 val RMSE: 0.8585972474350649
Best model saved at epoch 629 with Test RMSE: 0.8585972474350649
Epoch 630 MSE: 0.0001292250381084159
Epoch 630 val RMSE: 0.8577435005384254
Best model saved at epoch 630 with Test RMSE: 0.8577435005384254
Epoch 631 MSE: 0.00012899427383672446
Epoch 631 val RMSE: 0.8561823755555499
Best model saved at epoch 631 with Test RMSE: 0.8561823755555499
Epoch 632 MSE: 0.00012876545952167362
Epoch 632 val RMSE: 0.8557721649406465
Best model saved at epoch 632 with Test RMSE: 0.8557721649406465
Epoch 633 MSE: 0.00012853868247475475
Epoch 633 val RMSE: 0.8547934388053934
Best model saved at epoch 633 with Test RMSE: 0.8547934388053934
Epoch 634 MSE: 0.00012831593630835414
Epoch 634 val RMSE: 0.8534686950770735
Best model saved at epoch 634 with Test RMSE: 0.8534686950770735
Epoch 635 MSE: 0.0001280947180930525
Epoch 635 val RMSE: 0.8528796517397488
Best model saved at epoch 635 with Test RMSE: 0.8528796517397488
Epoch 636 MSE: 0.0001278763375012204
Epoch 636 val RMSE: 0.851857090661699
Best model saved at epoch 636 with Test RMSE: 0.851857090661699
Epoch 637 MSE: 0.0001276610855711624
Epoch 637 val RMSE: 0.850819394716374
Best model saved at epoch 637 with Test RMSE: 0.850819394716374
Epoch 638 MSE: 0.00012744766718242317
Epoch 638 val RMSE: 0.8501155003444731
Best model saved at epoch 638 with Test RMSE: 0.8501155003444731
Epoch 639 MSE: 0.00012723707186523825
Epoch 639 val RMSE: 0.849189707269072
Best model saved at epoch 639 with Test RMSE: 0.849189707269072
Epoch 640 MSE: 0.00012702950334642082
Epoch 640 val RMSE: 0.8483849482831954
Best model saved at epoch 640 with Test RMSE: 0.8483849482831954
Epoch 641 MSE: 0.00012682349188253284
Epoch 641 val RMSE: 0.8475259425826002
Best model saved at epoch 641 with Test RMSE: 0.8475259425826002
Epoch 642 MSE: 0.00012662049266509712
Epoch 642 val RMSE: 0.8467045024680477
Best model saved at epoch 642 with Test RMSE: 0.8467045024680477
Epoch 643 MSE: 0.00012642004003282636
Epoch 643 val RMSE: 0.8459223932129961
Best model saved at epoch 643 with Test RMSE: 0.8459223932129961
Epoch 644 MSE: 0.00012622131907846779
Epoch 644 val RMSE: 0.8449137750344051
Best model saved at epoch 644 with Test RMSE: 0.8449137750344051
Epoch 645 MSE: 0.00012602553761098534
Epoch 645 val RMSE: 0.8441964840181105
Best model saved at epoch 645 with Test RMSE: 0.8441964840181105
Epoch 646 MSE: 0.0001258319680346176
Epoch 646 val RMSE: 0.8433733205273953
Best model saved at epoch 646 with Test RMSE: 0.8433733205273953
Epoch 647 MSE: 0.00012564040662255138
Epoch 647 val RMSE: 0.8423680184557999
Best model saved at epoch 647 with Test RMSE: 0.8423680184557999
Epoch 648 MSE: 0.00012545162462629378
Epoch 648 val RMSE: 0.8417884489907836
Best model saved at epoch 648 with Test RMSE: 0.8417884489907836
Epoch 649 MSE: 0.0001252647489309311
Epoch 649 val RMSE: 0.8409129589048088
Best model saved at epoch 649 with Test RMSE: 0.8409129589048088
Epoch 650 MSE: 0.0001250800705747679
Epoch 650 val RMSE: 0.8400074998770553
Best model saved at epoch 650 with Test RMSE: 0.8400074998770553
Epoch 651 MSE: 0.00012489782238844782
Epoch 651 val RMSE: 0.8394467502243664
Best model saved at epoch 651 with Test RMSE: 0.8394467502243664
Epoch 652 MSE: 0.00012471766967792064
Epoch 652 val RMSE: 0.8384938591702088
Best model saved at epoch 652 with Test RMSE: 0.8384938591702088
Epoch 653 MSE: 0.00012453949602786452
Epoch 653 val RMSE: 0.8376928064829581
Best model saved at epoch 653 with Test RMSE: 0.8376928064829581
Epoch 654 MSE: 0.00012436354882083833
Epoch 654 val RMSE: 0.8370351625870535
Best model saved at epoch 654 with Test RMSE: 0.8370351625870535
Epoch 655 MSE: 0.00012418971164152026
Epoch 655 val RMSE: 0.8360912858915652
Best model saved at epoch 655 with Test RMSE: 0.8360912858915652
Epoch 656 MSE: 0.0001240178244188428
Epoch 656 val RMSE: 0.8353836506497408
Best model saved at epoch 656 with Test RMSE: 0.8353836506497408
Epoch 657 MSE: 0.00012384816363919526
Epoch 657 val RMSE: 0.8346567414049609
Best model saved at epoch 657 with Test RMSE: 0.8346567414049609
Epoch 658 MSE: 0.00012368045281618834
Epoch 658 val RMSE: 0.8338141881892633
Best model saved at epoch 658 with Test RMSE: 0.8338141881892633
Epoch 659 MSE: 0.0001235144300153479
Epoch 659 val RMSE: 0.8331571670927235
Best model saved at epoch 659 with Test RMSE: 0.8331571670927235
Epoch 660 MSE: 0.00012335059000179172
Epoch 660 val RMSE: 0.832376506970759
Best model saved at epoch 660 with Test RMSE: 0.832376506970759
Epoch 661 MSE: 0.00012318861263338476
Epoch 661 val RMSE: 0.8316421673618418
Best model saved at epoch 661 with Test RMSE: 0.8316421673618418
Epoch 662 MSE: 0.00012302858522161841
Epoch 662 val RMSE: 0.8309307073148363
Best model saved at epoch 662 with Test RMSE: 0.8309307073148363
Epoch 663 MSE: 0.0001228703185915947
Epoch 663 val RMSE: 0.8301518665544783
Best model saved at epoch 663 with Test RMSE: 0.8301518665544783
Epoch 664 MSE: 0.00012271400191821158
Epoch 664 val RMSE: 0.8294743035896602
Best model saved at epoch 664 with Test RMSE: 0.8294743035896602
Epoch 665 MSE: 0.00012255921319592744
Epoch 665 val RMSE: 0.8287089825889659
Best model saved at epoch 665 with Test RMSE: 0.8287089825889659
Epoch 666 MSE: 0.00012240666546858847
Epoch 666 val RMSE: 0.8280074917896627
Best model saved at epoch 666 with Test RMSE: 0.8280074917896627
Epoch 667 MSE: 0.00012225544196553528
Epoch 667 val RMSE: 0.827329541481493
Best model saved at epoch 667 with Test RMSE: 0.827329541481493
Epoch 668 MSE: 0.00012210593558847904
Epoch 668 val RMSE: 0.8265644700832722
Best model saved at epoch 668 with Test RMSE: 0.8265644700832722
Epoch 669 MSE: 0.00012195838644402102
Epoch 669 val RMSE: 0.825933327290866
Best model saved at epoch 669 with Test RMSE: 0.825933327290866
Epoch 670 MSE: 0.00012181233614683151
Epoch 670 val RMSE: 0.8251979850409755
Best model saved at epoch 670 with Test RMSE: 0.8251979850409755
Epoch 671 MSE: 0.00012166808301117271
Epoch 671 val RMSE: 0.8244855548340462
Best model saved at epoch 671 with Test RMSE: 0.8244855548340462
Epoch 672 MSE: 0.00012152535055065528
Epoch 672 val RMSE: 0.8238413520717027
Best model saved at epoch 672 with Test RMSE: 0.8238413520717027
Epoch 673 MSE: 0.00012138414604123682
Epoch 673 val RMSE: 0.8230783971571731
Best model saved at epoch 673 with Test RMSE: 0.8230783971571731
Epoch 674 MSE: 0.00012124455679440871
Epoch 674 val RMSE: 0.8224235256204233
Best model saved at epoch 674 with Test RMSE: 0.8224235256204233
Epoch 675 MSE: 0.00012110627721995115
Epoch 675 val RMSE: 0.8217419839415226
Best model saved at epoch 675 with Test RMSE: 0.8217419839415226
Epoch 676 MSE: 0.00012096964928787202
Epoch 676 val RMSE: 0.8210255384922047
Best model saved at epoch 676 with Test RMSE: 0.8210255384922047
Epoch 677 MSE: 0.00012083468755008653
Epoch 677 val RMSE: 0.8203991798744584
Best model saved at epoch 677 with Test RMSE: 0.8203991798744584
Epoch 678 MSE: 0.00012070090451743454
Epoch 678 val RMSE: 0.8196859964581631
Best model saved at epoch 678 with Test RMSE: 0.8196859964581631
Epoch 679 MSE: 0.00012056870036758482
Epoch 679 val RMSE: 0.8190428217474643
Best model saved at epoch 679 with Test RMSE: 0.8190428217474643
Epoch 680 MSE: 0.00012043767492286861
Epoch 680 val RMSE: 0.8183718295731494
Best model saved at epoch 680 with Test RMSE: 0.8183718295731494
Epoch 681 MSE: 0.00012030819925712422
Epoch 681 val RMSE: 0.8176823913605907
Best model saved at epoch 681 with Test RMSE: 0.8176823913605907
Epoch 682 MSE: 0.00012018001143587753
Epoch 682 val RMSE: 0.8170551112577771
Best model saved at epoch 682 with Test RMSE: 0.8170551112577771
Epoch 683 MSE: 0.00012005319877061993
Epoch 683 val RMSE: 0.8163581724475436
Best model saved at epoch 683 with Test RMSE: 0.8163581724475436
Epoch 684 MSE: 0.00011992765939794481
Epoch 684 val RMSE: 0.8157275723674888
Best model saved at epoch 684 with Test RMSE: 0.8157275723674888
Epoch 685 MSE: 0.00011980314593529329
Epoch 685 val RMSE: 0.8150690251941818
Best model saved at epoch 685 with Test RMSE: 0.8150690251941818
Epoch 686 MSE: 0.00011968010221607983
Epoch 686 val RMSE: 0.814417227633196
Best model saved at epoch 686 with Test RMSE: 0.814417227633196
Epoch 687 MSE: 0.00011955833906540647
Epoch 687 val RMSE: 0.8138014567054879
Best model saved at epoch 687 with Test RMSE: 0.8138014567054879
Epoch 688 MSE: 0.00011943784193135798
Epoch 688 val RMSE: 0.8131332497321185
Best model saved at epoch 688 with Test RMSE: 0.8131332497321185
Epoch 689 MSE: 0.00011931833432754502
Epoch 689 val RMSE: 0.8125186697942335
Best model saved at epoch 689 with Test RMSE: 0.8125186697942335
Epoch 690 MSE: 0.0001191998744616285
Epoch 690 val RMSE: 0.8118705879191386
Best model saved at epoch 690 with Test RMSE: 0.8118705879191386
Epoch 691 MSE: 0.000119082658784464
Epoch 691 val RMSE: 0.8112382261365249
Best model saved at epoch 691 with Test RMSE: 0.8112382261365249
Epoch 692 MSE: 0.00011896639625774696
Epoch 692 val RMSE: 0.8106255918219766
Best model saved at epoch 692 with Test RMSE: 0.8106255918219766
Epoch 693 MSE: 0.00011885162530234084
Epoch 693 val RMSE: 0.8099847521936221
Best model saved at epoch 693 with Test RMSE: 0.8099847521936221
Epoch 694 MSE: 0.00011873763287439942
Epoch 694 val RMSE: 0.8093824732372845
Best model saved at epoch 694 with Test RMSE: 0.8093824732372845
Epoch 695 MSE: 0.00011862449173349887
Epoch 695 val RMSE: 0.8087547989574658
Best model saved at epoch 695 with Test RMSE: 0.8087547989574658
Epoch 696 MSE: 0.00011851239105453715
Epoch 696 val RMSE: 0.8081430478304465
Best model saved at epoch 696 with Test RMSE: 0.8081430478304465
Epoch 697 MSE: 0.00011840163642773405
Epoch 697 val RMSE: 0.8075414988834789
Best model saved at epoch 697 with Test RMSE: 0.8075414988834789
Epoch 698 MSE: 0.00011829150753328577
Epoch 698 val RMSE: 0.8069193360833665
Best model saved at epoch 698 with Test RMSE: 0.8069193360833665
Epoch 699 MSE: 0.0001181823099614121
Epoch 699 val RMSE: 0.8063275558666301
Best model saved at epoch 699 with Test RMSE: 0.8063275558666301
Epoch 700 MSE: 0.00011807430564658716
Epoch 700 val RMSE: 0.805710484872325
Best model saved at epoch 700 with Test RMSE: 0.805710484872325
Epoch 701 MSE: 0.00011796691251220182
Epoch 701 val RMSE: 0.8051081548621547
Best model saved at epoch 701 with Test RMSE: 0.8051081548621547
Epoch 702 MSE: 0.00011786037794081494
Epoch 702 val RMSE: 0.8045152646519794
Best model saved at epoch 702 with Test RMSE: 0.8045152646519794
Epoch 703 MSE: 0.00011775474558817223
Epoch 703 val RMSE: 0.8039104079721947
Best model saved at epoch 703 with Test RMSE: 0.8039104079721947
Epoch 704 MSE: 0.00011764993541873991
Epoch 704 val RMSE: 0.8033382993428551
Best model saved at epoch 704 with Test RMSE: 0.8033382993428551
Epoch 705 MSE: 0.00011754614388337359
Epoch 705 val RMSE: 0.8027361570463796
Best model saved at epoch 705 with Test RMSE: 0.8027361570463796
Epoch 706 MSE: 0.00011744292714865878
Epoch 706 val RMSE: 0.8021611675462589
Best model saved at epoch 706 with Test RMSE: 0.8021611675462589
Epoch 707 MSE: 0.00011734040162991732
Epoch 707 val RMSE: 0.8015665065375243
Best model saved at epoch 707 with Test RMSE: 0.8015665065375243
Epoch 708 MSE: 0.00011723872739821672
Epoch 708 val RMSE: 0.8009976350532699
Best model saved at epoch 708 with Test RMSE: 0.8009976350532699
Epoch 709 MSE: 0.00011713794083334506
Epoch 709 val RMSE: 0.8004203169059493
Best model saved at epoch 709 with Test RMSE: 0.8004203169059493
Epoch 710 MSE: 0.00011703768541337922
Epoch 710 val RMSE: 0.7998401973978575
Best model saved at epoch 710 with Test RMSE: 0.7998401973978575
Epoch 711 MSE: 0.00011693825217662379
Epoch 711 val RMSE: 0.7992885167610774
Best model saved at epoch 711 with Test RMSE: 0.7992885167610774
Epoch 712 MSE: 0.00011683925549732521
Epoch 712 val RMSE: 0.7986964931087703
Best model saved at epoch 712 with Test RMSE: 0.7986964931087703
Epoch 713 MSE: 0.00011674096458591521
Epoch 713 val RMSE: 0.7981612726152615
Best model saved at epoch 713 with Test RMSE: 0.7981612726152615
Epoch 714 MSE: 0.00011664342309813946
Epoch 714 val RMSE: 0.7975729709234142
Best model saved at epoch 714 with Test RMSE: 0.7975729709234142
Epoch 715 MSE: 0.00011654669651761651
Epoch 715 val RMSE: 0.7970386785816495
Best model saved at epoch 715 with Test RMSE: 0.7970386785816495
Epoch 716 MSE: 0.00011645023914752528
Epoch 716 val RMSE: 0.7964620455183815
Best model saved at epoch 716 with Test RMSE: 0.7964620455183815
Epoch 717 MSE: 0.00011635421105893329
Epoch 717 val RMSE: 0.7959238996118841
Best model saved at epoch 717 with Test RMSE: 0.7959238996118841
Epoch 718 MSE: 0.00011625924526015297
Epoch 718 val RMSE: 0.7953663925767493
Best model saved at epoch 718 with Test RMSE: 0.7953663925767493
Epoch 719 MSE: 0.00011616455594776198
Epoch 719 val RMSE: 0.7948197807715861
Best model saved at epoch 719 with Test RMSE: 0.7948197807715861
Epoch 720 MSE: 0.00011607035412453115
Epoch 720 val RMSE: 0.7942768826280375
Best model saved at epoch 720 with Test RMSE: 0.7942768826280375
Epoch 721 MSE: 0.00011597683624131605
Epoch 721 val RMSE: 0.7937357908764296
Best model saved at epoch 721 with Test RMSE: 0.7937357908764296
Epoch 722 MSE: 0.00011588363850023597
Epoch 722 val RMSE: 0.7931997404361633
Best model saved at epoch 722 with Test RMSE: 0.7931997404361633
Epoch 723 MSE: 0.0001157910592155531
Epoch 723 val RMSE: 0.7926617483786397
Best model saved at epoch 723 with Test RMSE: 0.7926617483786397
Epoch 724 MSE: 0.0001156987709691748
Epoch 724 val RMSE: 0.79212741661576
Best model saved at epoch 724 with Test RMSE: 0.79212741661576
Epoch 725 MSE: 0.00011560713028302416
Epoch 725 val RMSE: 0.7915969031531161
Best model saved at epoch 725 with Test RMSE: 0.7915969031531161
Epoch 726 MSE: 0.00011551602801773697
Epoch 726 val RMSE: 0.7910627562998745
Best model saved at epoch 726 with Test RMSE: 0.7910627562998745
Epoch 727 MSE: 0.00011542502761585638
Epoch 727 val RMSE: 0.790551207042639
Best model saved at epoch 727 with Test RMSE: 0.790551207042639
Epoch 728 MSE: 0.00011533463111845776
Epoch 728 val RMSE: 0.7900058659202959
Best model saved at epoch 728 with Test RMSE: 0.7900058659202959
Epoch 729 MSE: 0.00011524450383149087
Epoch 729 val RMSE: 0.7895141668564619
Best model saved at epoch 729 with Test RMSE: 0.7895141668564619
Epoch 730 MSE: 0.00011515495862113312
Epoch 730 val RMSE: 0.7889619517707162
Best model saved at epoch 730 with Test RMSE: 0.7889619517707162
Epoch 731 MSE: 0.00011506559530971572
Epoch 731 val RMSE: 0.7884909571103099
Best model saved at epoch 731 with Test RMSE: 0.7884909571103099
Epoch 732 MSE: 0.00011497665400383994
Epoch 732 val RMSE: 0.7879325405426818
Best model saved at epoch 732 with Test RMSE: 0.7879325405426818
Epoch 733 MSE: 0.00011488811287563294
Epoch 733 val RMSE: 0.7874685372016583
Best model saved at epoch 733 with Test RMSE: 0.7874685372016583
Epoch 734 MSE: 0.00011479995009722188
Epoch 734 val RMSE: 0.7869133717071615
Best model saved at epoch 734 with Test RMSE: 0.7869133717071615
Epoch 735 MSE: 0.0001147120347013697
Epoch 735 val RMSE: 0.7864583164914026
Best model saved at epoch 735 with Test RMSE: 0.7864583164914026
Epoch 736 MSE: 0.00011462441034382209
Epoch 736 val RMSE: 0.7859079738402214
Best model saved at epoch 736 with Test RMSE: 0.7859079738402214
Epoch 737 MSE: 0.00011453697516117245
Epoch 737 val RMSE: 0.7854651986734861
Best model saved at epoch 737 with Test RMSE: 0.7854651986734861
Epoch 738 MSE: 0.00011444991105236113
Epoch 738 val RMSE: 0.7849061482204622
Best model saved at epoch 738 with Test RMSE: 0.7849061482204622
Epoch 739 MSE: 0.00011436339991632849
Epoch 739 val RMSE: 0.7844839681491005
Best model saved at epoch 739 with Test RMSE: 0.7844839681491005
Epoch 740 MSE: 0.00011427667777752504
Epoch 740 val RMSE: 0.783909429247566
Best model saved at epoch 740 with Test RMSE: 0.783909429247566
Epoch 741 MSE: 0.00011419031216064468
Epoch 741 val RMSE: 0.7835078229410168
Best model saved at epoch 741 with Test RMSE: 0.7835078229410168
Epoch 742 MSE: 0.00011410454317228869
Epoch 742 val RMSE: 0.7829247643534328
Best model saved at epoch 742 with Test RMSE: 0.7829247643534328
Epoch 743 MSE: 0.00011401853407733142
Epoch 743 val RMSE: 0.7825542625528079
Best model saved at epoch 743 with Test RMSE: 0.7825542625528079
Epoch 744 MSE: 0.00011393298336770386
Epoch 744 val RMSE: 0.7819359247757226
Best model saved at epoch 744 with Test RMSE: 0.7819359247757226
Epoch 745 MSE: 0.00011384757817722857
Epoch 745 val RMSE: 0.7816165064379663
Best model saved at epoch 745 with Test RMSE: 0.7816165064379663
Epoch 746 MSE: 0.00011376234033377841
Epoch 746 val RMSE: 0.7809360254708085
Best model saved at epoch 746 with Test RMSE: 0.7809360254708085
Epoch 747 MSE: 0.00011367730621714145
Epoch 747 val RMSE: 0.7807198060543172
Best model saved at epoch 747 with Test RMSE: 0.7807198060543172
Epoch 748 MSE: 0.00011359242489561439
Epoch 748 val RMSE: 0.7799279662028812
Best model saved at epoch 748 with Test RMSE: 0.7799279662028812
Epoch 749 MSE: 0.00011350806744303554
Epoch 749 val RMSE: 0.7798662137568247
Best model saved at epoch 749 with Test RMSE: 0.7798662137568247
Epoch 750 MSE: 0.00011342341895215213
Epoch 750 val RMSE: 0.7788667950064092
Best model saved at epoch 750 with Test RMSE: 0.7788667950064092
Epoch 751 MSE: 0.00011333895236020908
Epoch 751 val RMSE: 0.7790989062650571
Epoch 752 MSE: 0.0001132549878093414
Epoch 752 val RMSE: 0.7777141282929911
Best model saved at epoch 752 with Test RMSE: 0.7777141282929911
Epoch 753 MSE: 0.00011317097960272804
Epoch 753 val RMSE: 0.7784902274682778
Epoch 754 MSE: 0.00011308745888527483
Epoch 754 val RMSE: 0.7763595868584316
Best model saved at epoch 754 with Test RMSE: 0.7763595868584316
Epoch 755 MSE: 0.00011300440382910892
Epoch 755 val RMSE: 0.7781829521322658
Epoch 756 MSE: 0.00011292232375126332
Epoch 756 val RMSE: 0.7745928371585813
Best model saved at epoch 756 with Test RMSE: 0.7745928371585813
Epoch 757 MSE: 0.0001128417206928134
Epoch 757 val RMSE: 0.7785291212168641
Epoch 758 MSE: 0.00011276404256932437
Epoch 758 val RMSE: 0.7719441649302341
Best model saved at epoch 758 with Test RMSE: 0.7719441649302341
Epoch 759 MSE: 0.00011269276728853583
Epoch 759 val RMSE: 0.7802587323957534
Epoch 760 MSE: 0.00011263480701018125
Epoch 760 val RMSE: 0.7674065706376887
Best model saved at epoch 760 with Test RMSE: 0.7674065706376887
Epoch 761 MSE: 0.00011260468454565853
Epoch 761 val RMSE: 0.7851422816310335
Epoch 762 MSE: 0.0001126349379774183
Epoch 762 val RMSE: 0.7588594028464177
Best model saved at epoch 762 with Test RMSE: 0.7588594028464177
Epoch 763 MSE: 0.00011279687896603718
Epoch 763 val RMSE: 0.7976229280541439
Epoch 764 MSE: 0.00011325418745400384
Epoch 764 val RMSE: 0.7422501387013003
Best model saved at epoch 764 with Test RMSE: 0.7422501387013003
Epoch 765 MSE: 0.0001143744375440292
Epoch 765 val RMSE: 0.8300022943304133
Epoch 766 MSE: 0.00011702559277182445
Epoch 766 val RMSE: 0.7134556451629622
Best model saved at epoch 766 with Test RMSE: 0.7134556451629622
Epoch 767 MSE: 0.00012318270455580205
Epoch 767 val RMSE: 0.9199079119681586
Epoch 768 MSE: 0.00013770029181614518
Epoch 768 val RMSE: 0.6983954201466753
Best model saved at epoch 768 with Test RMSE: 0.6983954201466753
Epoch 769 MSE: 0.00017138404655270278
Epoch 769 val RMSE: 1.184041709606632
Epoch 770 MSE: 0.0002516265958547592
Epoch 770 val RMSE: 0.9194669793419221
Epoch 771 MSE: 0.00043055028072558343
Epoch 771 val RMSE: 1.8912027910571796
Epoch 772 MSE: 0.0008320442284457386
Epoch 772 val RMSE: 1.7609506357781126
Epoch 773 MSE: 0.0014901155373081565
Epoch 773 val RMSE: 2.9714129902095787
Epoch 774 MSE: 0.0024066297337412834
Epoch 774 val RMSE: 2.115851061419808
Epoch 775 MSE: 0.001965532312169671
Epoch 775 val RMSE: 1.7753134732746505
Epoch 776 MSE: 0.0008341415086761117
Epoch 776 val RMSE: 0.9847278265411727
Epoch 777 MSE: 0.00026520114624872804
Epoch 777 val RMSE: 1.5391676039074143
Epoch 778 MSE: 0.0010041758650913835
Epoch 778 val RMSE: 1.8524429223949657
Epoch 779 MSE: 0.0009747350704856217
Epoch 779 val RMSE: 1.0514514019846442
Epoch 780 MSE: 0.0003969034005422145
Epoch 780 val RMSE: 1.3175961241862553
Epoch 781 MSE: 0.0007331903907470405
Epoch 781 val RMSE: 1.5428278991536484
Epoch 782 MSE: 0.0008583770832046866
Epoch 782 val RMSE: 1.1709127417319811
Epoch 783 MSE: 0.00044814980356022716
Epoch 783 val RMSE: 1.1932219630667367
Epoch 784 MSE: 0.0005692667327821255
Epoch 784 val RMSE: 1.2555625647843398
Epoch 785 MSE: 0.0008155274554155767
Epoch 785 val RMSE: 1.1886918962881625
Epoch 786 MSE: 0.0002794070460367948
Epoch 786 val RMSE: 1.037476670336109
Epoch 787 MSE: 0.0006025299662724137
Epoch 787 val RMSE: 1.2180989311486028
Epoch 788 MSE: 0.0007119402871467173
Epoch 788 val RMSE: 1.1434382925893534
Epoch 789 MSE: 0.0001676287647569552
Epoch 789 val RMSE: 1.0013402659556752
Epoch 790 MSE: 0.0007517668418586254
Epoch 790 val RMSE: 1.304919970239851
Epoch 791 MSE: 0.0004935232573188841
Epoch 791 val RMSE: 1.0534786502175701
Epoch 792 MSE: 0.00024809883325360715
Epoch 792 val RMSE: 0.9650990692734196
Epoch 793 MSE: 0.0006960235186852515
Epoch 793 val RMSE: 1.331192960994707
Epoch 794 MSE: 0.00030423543648794293
Epoch 794 val RMSE: 1.042739843044233
Epoch 795 MSE: 0.0003215039905626327
Epoch 795 val RMSE: 0.9455902070012787
Epoch 796 MSE: 0.0005071065970696509
Epoch 796 val RMSE: 1.2054209909230762
Epoch 797 MSE: 0.00020465441048145294
Epoch 797 val RMSE: 1.1775960002730175
Epoch 798 MSE: 0.00032670251675881445
Epoch 798 val RMSE: 0.8922079307768904
Epoch 799 MSE: 0.0003256909258197993
Epoch 799 val RMSE: 0.9726099210069585
Epoch 800 MSE: 0.00015664409147575498
Epoch 800 val RMSE: 1.3105108537570154
Epoch 801 MSE: 0.0003155949816573411
Epoch 801 val RMSE: 0.8416468227678445
Epoch 802 MSE: 0.00017395195027347654
Epoch 802 val RMSE: 0.8410126823802591
Epoch 803 MSE: 0.0002108808112097904
Epoch 803 val RMSE: 1.2297502145443253
Epoch 804 MSE: 0.00025194676709361374
Epoch 804 val RMSE: 0.9552047115133852
Epoch 805 MSE: 0.00013812667748425156
Epoch 805 val RMSE: 0.8320578270907533
Epoch 806 MSE: 0.00025564790121279657
Epoch 806 val RMSE: 1.0060616595367886
Epoch 807 MSE: 0.00016295076056849211
Epoch 807 val RMSE: 1.0947161086142254
Epoch 808 MSE: 0.0001781764003681019
Epoch 808 val RMSE: 0.8138700085584882
Epoch 809 MSE: 0.0002034692734014243
Epoch 809 val RMSE: 0.8494979960781125
Epoch 810 MSE: 0.00013640063116326928
Epoch 810 val RMSE: 1.0889467766246277
Epoch 811 MSE: 0.00018609949620440602
Epoch 811 val RMSE: 0.867714008955389
Epoch 812 MSE: 0.0001502558443462476
Epoch 812 val RMSE: 0.8015147873507316
Epoch 813 MSE: 0.00014848224236629903
Epoch 813 val RMSE: 0.9642192966556684
Epoch 814 MSE: 0.00016622671682853252
Epoch 814 val RMSE: 0.9261618367089153
Epoch 815 MSE: 0.00013390486128628254
Epoch 815 val RMSE: 0.800445151158957
Epoch 816 MSE: 0.0001548740838188678
Epoch 816 val RMSE: 0.8603591139220601
Epoch 817 MSE: 0.00014530423504766077
Epoch 817 val RMSE: 0.9249269753061024
Epoch 818 MSE: 0.00013210803444962949
Epoch 818 val RMSE: 0.8261468761801295
Epoch 819 MSE: 0.00015145190991461277
Epoch 819 val RMSE: 0.8258166981345477
Epoch 820 MSE: 0.0001279258431168273
Epoch 820 val RMSE: 0.8922113712678136
Epoch 821 MSE: 0.00013723340816795826
Epoch 821 val RMSE: 0.8494455815421222
Epoch 822 MSE: 0.0001373712148051709
Epoch 822 val RMSE: 0.8223536573389821
Epoch 823 MSE: 0.00012276215420570225
Epoch 823 val RMSE: 0.8544473342022632
Epoch 824 MSE: 0.00013813393888995051
Epoch 824 val RMSE: 0.8409529702058207
Epoch 825 MSE: 0.00012313149636611342
Epoch 825 val RMSE: 0.8194896021934506
Epoch 826 MSE: 0.00012754849740304053
Epoch 826 val RMSE: 0.8309801653251896
Epoch 827 MSE: 0.0001301176962442696
Epoch 827 val RMSE: 0.8220496177107706
Epoch 828 MSE: 0.000119287651614286
Epoch 828 val RMSE: 0.8127293263096764
Epoch 829 MSE: 0.000129422391182743
Epoch 829 val RMSE: 0.8240497650909968
Epoch 830 MSE: 0.00012125314970035106
Epoch 830 val RMSE: 0.8115073155386586
Epoch 831 MSE: 0.00012152608542237431
Epoch 831 val RMSE: 0.8010620369241309
Epoch 832 MSE: 0.00012506524217315018
Epoch 832 val RMSE: 0.8183752163102619
Epoch 833 MSE: 0.00011764478404074907
Epoch 833 val RMSE: 0.8081075339852763
Epoch 834 MSE: 0.0001225350861204788
Epoch 834 val RMSE: 0.7886597767053575
Epoch 835 MSE: 0.00011971373169217259
Epoch 835 val RMSE: 0.8087695018297836
Epoch 836 MSE: 0.00011777738836826757
Epoch 836 val RMSE: 0.8123993444450435
Epoch 837 MSE: 0.0001208145622513257
Epoch 837 val RMSE: 0.7860823147115824
Epoch 838 MSE: 0.00011677249131025746
Epoch 838 val RMSE: 0.800785455460089
Epoch 839 MSE: 0.0001182532068924047
Epoch 839 val RMSE: 0.8203702633819944
Epoch 840 MSE: 0.0001182270425488241
Epoch 840 val RMSE: 0.7922389613785206
Epoch 841 MSE: 0.00011586924665607512
Epoch 841 val RMSE: 0.7920151035742332
Epoch 842 MSE: 0.00011781965440604836
Epoch 842 val RMSE: 0.8188799747647263
Epoch 843 MSE: 0.00011617006384767592
Epoch 843 val RMSE: 0.7972375007838614
Epoch 844 MSE: 0.00011569878552109003
Epoch 844 val RMSE: 0.7812246699995266
Epoch 845 MSE: 0.00011670593085000291
Epoch 845 val RMSE: 0.8062657554329026
Epoch 846 MSE: 0.00011489827738841996
Epoch 846 val RMSE: 0.7990833425060048
Epoch 847 MSE: 0.00011552647629287094
Epoch 847 val RMSE: 0.7746169220234024
Epoch 848 MSE: 0.00011539955448824912
Epoch 848 val RMSE: 0.7921166939476765
Epoch 849 MSE: 0.00011426715354900807
Epoch 849 val RMSE: 0.7994615799318754
Epoch 850 MSE: 0.00011511128104757518
Epoch 850 val RMSE: 0.7739074512320642
Epoch 851 MSE: 0.00011427161371102557
Epoch 851 val RMSE: 0.7806520080780999
Epoch 852 MSE: 0.00011400030052755028
Epoch 852 val RMSE: 0.7968941854523534
Epoch 853 MSE: 0.000114434864372015
Epoch 853 val RMSE: 0.7765646245608827
Epoch 854 MSE: 0.0001134952690335922
Epoch 854 val RMSE: 0.7734044385837417
Epoch 855 MSE: 0.0001137747458415106
Epoch 855 val RMSE: 0.7928053212996738
Epoch 856 MSE: 0.00011364868259988725
Epoch 856 val RMSE: 0.7817401492819069
Epoch 857 MSE: 0.00011304339568596333
Epoch 857 val RMSE: 0.771526519010585
Epoch 858 MSE: 0.00011341317440383136
Epoch 858 val RMSE: 0.7886872863019543
Epoch 859 MSE: 0.0001129491938627325
Epoch 859 val RMSE: 0.7863399635481193
Epoch 860 MSE: 0.00011275392898824066
Epoch 860 val RMSE: 0.7717829259404838
Epoch 861 MSE: 0.0001129174925154075
Epoch 861 val RMSE: 0.7826071966803059
Epoch 862 MSE: 0.00011242046457482502
Epoch 862 val RMSE: 0.7863590270411981
Epoch 863 MSE: 0.00011246712529100478
Epoch 863 val RMSE: 0.7714034412279583
Epoch 864 MSE: 0.00011238176375627518
Epoch 864 val RMSE: 0.7756900161310158
Epoch 865 MSE: 0.0001120323795475997
Epoch 865 val RMSE: 0.7834096051344799
Epoch 866 MSE: 0.00011212228127988055
Epoch 866 val RMSE: 0.77170198486061
Epoch 867 MSE: 0.0001118939762818627
Epoch 867 val RMSE: 0.7710772635292699
Epoch 868 MSE: 0.00011171230289619416
Epoch 868 val RMSE: 0.780230734638932
Epoch 869 MSE: 0.00011173354141646996
Epoch 869 val RMSE: 0.7727975606187779
Epoch 870 MSE: 0.00011148164776386693
Epoch 870 val RMSE: 0.7686015675847637
Epoch 871 MSE: 0.00011140343849547207
Epoch 871 val RMSE: 0.7767805042937748
Epoch 872 MSE: 0.00011133911903016269
Epoch 872 val RMSE: 0.7733548823456483
Epoch 873 MSE: 0.00011112855281680822
Epoch 873 val RMSE: 0.7673379070826196
Epoch 874 MSE: 0.0001110831944970414
Epoch 874 val RMSE: 0.7735451902690607
Epoch 875 MSE: 0.00011096450907643884
Epoch 875 val RMSE: 0.7734821961714371
Epoch 876 MSE: 0.00011080657714046538
Epoch 876 val RMSE: 0.7672186245014063
Epoch 877 MSE: 0.00011075392831116915
Epoch 877 val RMSE: 0.7710469997963341
Epoch 878 MSE: 0.00011061674740631133
Epoch 878 val RMSE: 0.773046953645599
Epoch 879 MSE: 0.00011049723252654076
Epoch 879 val RMSE: 0.7673810167065874
Epoch 880 MSE: 0.00011042626283597201
Epoch 880 val RMSE: 0.768863136216099
Epoch 881 MSE: 0.00011029197776224464
Epoch 881 val RMSE: 0.7718784146870438
Epoch 882 MSE: 0.0001101926900446415
Epoch 882 val RMSE: 0.7675225235308716
Epoch 883 MSE: 0.00011010700836777687
Epoch 883 val RMSE: 0.767395619057127
Epoch 884 MSE: 0.00010998276411555707
Epoch 884 val RMSE: 0.7707923972798624
Epoch 885 MSE: 0.00010989118163706735
Epoch 885 val RMSE: 0.7679821630259277
Epoch 886 MSE: 0.00010979750368278474
Epoch 886 val RMSE: 0.7667193862853316
Epoch 887 MSE: 0.00010968312562908977
Epoch 887 val RMSE: 0.769719096072306
Epoch 888 MSE: 0.00010959387145703658
Epoch 888 val RMSE: 0.7680438232982092
Epoch 889 MSE: 0.00010949718853225932
Epoch 889 val RMSE: 0.7659590634594985
Epoch 890 MSE: 0.0001093903774744831
Epoch 890 val RMSE: 0.7681785739252532
Epoch 891 MSE: 0.00010930110875051469
Epoch 891 val RMSE: 0.7674623358366164
Epoch 892 MSE: 0.00010920373460976407
Epoch 892 val RMSE: 0.7651900788319586
Epoch 893 MSE: 0.00010910200944636017
Epoch 893 val RMSE: 0.7667727916975647
Epoch 894 MSE: 0.00010901292989728972
Epoch 894 val RMSE: 0.7669128174850143
Epoch 895 MSE: 0.0001089161160052754
Epoch 895 val RMSE: 0.7648379893568172
Epoch 896 MSE: 0.0001088178760255687
Epoch 896 val RMSE: 0.7658277749104427
Epoch 897 MSE: 0.00010872881102841347
Epoch 897 val RMSE: 0.76647435001423
Epoch 898 MSE: 0.00010863276111194864
Epoch 898 val RMSE: 0.7646593115022426
Epoch 899 MSE: 0.0001085370167857036
Epoch 899 val RMSE: 0.7650833549464884
Epoch 900 MSE: 0.00010844804637599736
Epoch 900 val RMSE: 0.7659618648667672
Epoch 901 MSE: 0.00010835253488039598
Epoch 901 val RMSE: 0.7644817613979629
Epoch 902 MSE: 0.0001082588205463253
Epoch 902 val RMSE: 0.7644645693959832
Epoch 903 MSE: 0.00010816964640980586
Epoch 903 val RMSE: 0.7653779390270243
Epoch 904 MSE: 0.00010807502258103341
Epoch 904 val RMSE: 0.7641757171314002
Epoch 905 MSE: 0.00010798254515975714
Epoch 905 val RMSE: 0.7637966278502167
Epoch 906 MSE: 0.0001078935747500509
Epoch 906 val RMSE: 0.7646142165125356
Epoch 907 MSE: 0.00010779957665363327
Epoch 907 val RMSE: 0.7636904897152861
Epoch 908 MSE: 0.0001077079214155674
Epoch 908 val RMSE: 0.7631277892540548
Epoch 909 MSE: 0.00010761834710137919
Epoch 909 val RMSE: 0.7638840246527344
Epoch 910 MSE: 0.00010752554953796789
Epoch 910 val RMSE: 0.7632600498281272
Epoch 911 MSE: 0.00010743435268523172
Epoch 911 val RMSE: 0.7626381045486263
Epoch 912 MSE: 0.00010734442184912041
Epoch 912 val RMSE: 0.7632936287289067
Epoch 913 MSE: 0.00010725198808358982
Epoch 913 val RMSE: 0.7628328050460581
Epoch 914 MSE: 0.00010716132237575948
Epoch 914 val RMSE: 0.762117643326135
Epoch 915 MSE: 0.00010707111505325884
Epoch 915 val RMSE: 0.7625796026358774
Epoch 916 MSE: 0.00010697897960199043
Epoch 916 val RMSE: 0.7621874809812549
Epoch 917 MSE: 0.00010688845941331238
Epoch 917 val RMSE: 0.7614295214739363
Epoch 918 MSE: 0.00010679816477932036
Epoch 918 val RMSE: 0.7617667158625777
Epoch 919 MSE: 0.00010670614574337378
Epoch 919 val RMSE: 0.7614778186550679
Epoch 920 MSE: 0.00010661558917490765
Epoch 920 val RMSE: 0.7607770527402461
Epoch 921 MSE: 0.00010652489436324686
Epoch 921 val RMSE: 0.7610435819214507
Epoch 922 MSE: 0.0001064331954694353
Epoch 922 val RMSE: 0.76083483150233
Epoch 923 MSE: 0.00010634242062224075
Epoch 923 val RMSE: 0.7601944367872338
Epoch 924 MSE: 0.00010625166032696143
Epoch 924 val RMSE: 0.7603963474711708
Epoch 925 MSE: 0.00010615991777740419
Epoch 925 val RMSE: 0.7602186641965131
Epoch 926 MSE: 0.00010606864816509187
Epoch 926 val RMSE: 0.7596300881902597
Epoch 927 MSE: 0.00010597761138342321
Epoch 927 val RMSE: 0.7597640559712269
Epoch 928 MSE: 0.00010588601435301825
Epoch 928 val RMSE: 0.7595908937341278
Epoch 929 MSE: 0.00010579459922155365
Epoch 929 val RMSE: 0.7590318289002316
Epoch 930 MSE: 0.00010570322774583474
Epoch 930 val RMSE: 0.759101086731546
Epoch 931 MSE: 0.00010561145609244704
Epoch 931 val RMSE: 0.7588980852944125
Epoch 932 MSE: 0.00010551948071224615
Epoch 932 val RMSE: 0.7583903832687017
Epoch 933 MSE: 0.00010542797099333256
Epoch 933 val RMSE: 0.7584101493062776
Epoch 934 MSE: 0.00010533573367865756
Epoch 934 val RMSE: 0.7582091247226876
Epoch 935 MSE: 0.00010524367826292291
Epoch 935 val RMSE: 0.7577593283335505
Epoch 936 MSE: 0.00010515162284718826
Epoch 936 val RMSE: 0.7577542941362869
Epoch 937 MSE: 0.00010505948739591986
Epoch 937 val RMSE: 0.7575296483674221
Epoch 938 MSE: 0.00010496689355932176
Epoch 938 val RMSE: 0.7571247558794892
Epoch 939 MSE: 0.00010487419058335945
Epoch 939 val RMSE: 0.7570773225824571
Epoch 940 MSE: 0.00010478184412932023
Epoch 940 val RMSE: 0.7568193200040606
Epoch 941 MSE: 0.00010468895925441757
Epoch 941 val RMSE: 0.7564536427364957
Epoch 942 MSE: 0.0001045960743795149
Epoch 942 val RMSE: 0.7563760652372279
Epoch 943 MSE: 0.00010450305853737518
Epoch 943 val RMSE: 0.7561186510886228
Epoch 944 MSE: 0.0001044099117279984
Epoch 944 val RMSE: 0.7558114679812609
Epoch 945 MSE: 0.00010431670671096072
Epoch 945 val RMSE: 0.7557261347080003
Epoch 946 MSE: 0.0001042234362103045
Epoch 946 val RMSE: 0.7554660927253389
Epoch 947 MSE: 0.00010412970004836097
Epoch 947 val RMSE: 0.7552070266887717
Epoch 948 MSE: 0.00010403621854493394
Epoch 948 val RMSE: 0.755082551851434
Epoch 949 MSE: 0.0001039425769704394
Epoch 949 val RMSE: 0.754811864679702
Epoch 950 MSE: 0.0001038483896991238
Epoch 950 val RMSE: 0.7545771405580107
Epoch 951 MSE: 0.00010375434794696048
Epoch 951 val RMSE: 0.7544196954869545
Epoch 952 MSE: 0.00010366026253905147
Epoch 952 val RMSE: 0.7541437120966222
Epoch 953 MSE: 0.0001035659370245412
Epoch 953 val RMSE: 0.753926252188713
Epoch 954 MSE: 0.0001034715460264124
Epoch 954 val RMSE: 0.7537341539099547
Epoch 955 MSE: 0.00010337719140807167
Epoch 955 val RMSE: 0.7534653159868556
Epoch 956 MSE: 0.00010328248754376546
Epoch 956 val RMSE: 0.7532612309370341
Epoch 957 MSE: 0.00010318771819584072
Epoch 957 val RMSE: 0.7530519062202247
Epoch 958 MSE: 0.0001030929124681279
Epoch 958 val RMSE: 0.7527986998854912
Epoch 959 MSE: 0.00010299778659828007
Epoch 959 val RMSE: 0.752610748860616
Epoch 960 MSE: 0.00010290282079949975
Epoch 960 val RMSE: 0.7523777543065209
Epoch 961 MSE: 0.00010280741844326258
Epoch 961 val RMSE: 0.7521421913159034
Epoch 962 MSE: 0.00010271213977830485
Epoch 962 val RMSE: 0.7519451190472752
Epoch 963 MSE: 0.00010261649003950879
Epoch 963 val RMSE: 0.7516977644476686
Epoch 964 MSE: 0.00010252126958221197
Epoch 964 val RMSE: 0.7514773758803128
Epoch 965 MSE: 0.00010242538701277226
Epoch 965 val RMSE: 0.751270886351428
Epoch 966 MSE: 0.00010232950444333255
Epoch 966 val RMSE: 0.7510235874647182
Epoch 967 MSE: 0.00010223381832474843
Epoch 967 val RMSE: 0.7508251895808657
Epoch 968 MSE: 0.00010213776840828359
Epoch 968 val RMSE: 0.7506059741706652
Epoch 969 MSE: 0.00010204171849181876
Epoch 969 val RMSE: 0.7503640562851619
Epoch 970 MSE: 0.00010194580681854859
Epoch 970 val RMSE: 0.7501757336410193
Epoch 971 MSE: 0.0001018496259348467
Epoch 971 val RMSE: 0.7499376112102277
Epoch 972 MSE: 0.00010175339411944151
Epoch 972 val RMSE: 0.749700168440567
Epoch 973 MSE: 0.00010165703133679926
Epoch 973 val RMSE: 0.7495081003704394
Epoch 974 MSE: 0.00010156048665521666
Epoch 974 val RMSE: 0.749250912100307
Epoch 975 MSE: 0.00010146450222237036
Epoch 975 val RMSE: 0.7490262226714434
Epoch 976 MSE: 0.00010136771743418649
Epoch 976 val RMSE: 0.7488328673879686
Epoch 977 MSE: 0.00010127113637281582
Epoch 977 val RMSE: 0.7485696743585277
Epoch 978 MSE: 0.00010117460624314845
Epoch 978 val RMSE: 0.7483678383154007
Epoch 979 MSE: 0.0001010778360068798
Epoch 979 val RMSE: 0.7481519660137124
Epoch 980 MSE: 0.00010098117490997538
Epoch 980 val RMSE: 0.7478933550319498
Epoch 981 MSE: 0.00010088441922562197
Epoch 981 val RMSE: 0.7477012214170068
Epoch 982 MSE: 0.00010078764898935333
Epoch 982 val RMSE: 0.7474678128945246
Epoch 983 MSE: 0.00010069125710288063
Epoch 983 val RMSE: 0.7472228848108933
Epoch 984 MSE: 0.00010059434862341732
Epoch 984 val RMSE: 0.7470246743617138
Epoch 985 MSE: 0.00010049756383523345
Epoch 985 val RMSE: 0.7467825541084416
Epoch 986 MSE: 0.00010040074266726151
Epoch 986 val RMSE: 0.7465473413984315
Epoch 987 MSE: 0.00010030409612227231
Epoch 987 val RMSE: 0.7463403663681542
Epoch 988 MSE: 0.00010020756599260494
Epoch 988 val RMSE: 0.7460962664976172
Epoch 989 MSE: 0.00010011080303229392
Epoch 989 val RMSE: 0.7458817745084567
Epoch 990 MSE: 0.00010001422924688086
Epoch 990 val RMSE: 0.7456545111035315
Epoch 991 MSE: 9.991754632210359e-05
Epoch 991 val RMSE: 0.7454107463708893
Epoch 992 MSE: 9.982105257222429e-05
Epoch 992 val RMSE: 0.7451957771182642
Epoch 993 MSE: 9.972472616937011e-05
Epoch 993 val RMSE: 0.7449520223005187
Epoch 994 MSE: 9.962811600416899e-05
Epoch 994 val RMSE: 0.7447224742698156
Epoch 995 MSE: 9.953159315045923e-05
Epoch 995 val RMSE: 0.7445033433453545
Epoch 996 MSE: 9.94352885754779e-05
Epoch 996 val RMSE: 0.7442569992100229
Epoch 997 MSE: 9.933919500326738e-05
Epoch 997 val RMSE: 0.7440306414529159
Epoch 998 MSE: 9.924291225615889e-05
Epoch 998 val RMSE: 0.7438004484617887
Epoch 999 MSE: 9.914673864841461e-05
Epoch 999 val RMSE: 0.7435627292832464
Training time: 56.45333242416382
(400093.254, 3044617.466, 340) 训练完成

./images/(400093.254, 3044617.466, 340)LSTM训练集可视化结果.png保存成功
Train Score: 0.90 RMSE
Train Score: 0.70 RMSE
Test Score: 0.58 RMSE
./images/(400093.254, 3044617.466, 340)真实值vs预测值.png保存成功
