训练开始: 2025-06-15 17:23:38
Group: (400530.275, 3043926.857, 670)
模型标准化格式保存路径：lstmscaler/(400530.275, 3043926.857, 670)best_scaler.pkl
最优模型参数保存路径：lstmmodel/(400530.275, 3043926.857, 670)best_model.pth
Epoch 0 MSE: 0.1551114320755005
Epoch 0 val RMSE: 3.0914908743866634
Best model saved at epoch 0 with Test RMSE: 3.0914908743866634
Epoch 1 MSE: 0.16707968711853027
Epoch 1 val RMSE: 5.534747553498446
Epoch 2 MSE: 0.1395437866449356
Epoch 2 val RMSE: 8.20507045383181
Epoch 3 MSE: 0.13517677783966064
Epoch 3 val RMSE: 11.34413066467014
Epoch 4 MSE: 0.11627482622861862
Epoch 4 val RMSE: 20.08421600217133
Epoch 5 MSE: 0.05768729746341705
Epoch 5 val RMSE: 23.372087103346296
Epoch 6 MSE: 0.049464620649814606
Epoch 6 val RMSE: 9.971250023260232
Epoch 7 MSE: 0.05673565715551376
Epoch 7 val RMSE: 11.00913171599544
Epoch 8 MSE: 0.05561981350183487
Epoch 8 val RMSE: 14.669577974309142
Epoch 9 MSE: 0.03745834901928902
Epoch 9 val RMSE: 18.46680751338271
Epoch 10 MSE: 0.02502787671983242
Epoch 10 val RMSE: 23.022786670051207
Epoch 11 MSE: 0.024782825261354446
Epoch 11 val RMSE: 26.365942100217683
Epoch 12 MSE: 0.03460056334733963
Epoch 12 val RMSE: 22.360968425708823
Epoch 13 MSE: 0.017752017825841904
Epoch 13 val RMSE: 19.631209053353906
Epoch 14 MSE: 0.01995406672358513
Epoch 14 val RMSE: 16.126900021295942
Epoch 15 MSE: 0.021486567333340645
Epoch 15 val RMSE: 11.972594438054143
Epoch 16 MSE: 0.019400686025619507
Epoch 16 val RMSE: 8.949826150409772
Epoch 17 MSE: 0.019082775339484215
Epoch 17 val RMSE: 7.687553591657712
Epoch 18 MSE: 0.0176569651812315
Epoch 18 val RMSE: 7.906577604841852
Epoch 19 MSE: 0.013110258616507053
Epoch 19 val RMSE: 9.069573529194459
Epoch 20 MSE: 0.008849301375448704
Epoch 20 val RMSE: 10.286228817982732
Epoch 21 MSE: 0.011273093521595001
Epoch 21 val RMSE: 10.463447890645506
Epoch 22 MSE: 0.00971339363604784
Epoch 22 val RMSE: 9.988676526569543
Epoch 23 MSE: 0.011597864329814911
Epoch 23 val RMSE: 8.916495015521312
Epoch 24 MSE: 0.01092443522065878
Epoch 24 val RMSE: 7.339334662111457
Epoch 25 MSE: 0.008151965215802193
Epoch 25 val RMSE: 5.707140201518196
Epoch 26 MSE: 0.009188195690512657
Epoch 26 val RMSE: 4.725453245030754
Epoch 27 MSE: 0.007677162066102028
Epoch 27 val RMSE: 4.259504797364879
Epoch 28 MSE: 0.008062437176704407
Epoch 28 val RMSE: 3.8915352733140254
Epoch 29 MSE: 0.0078565813601017
Epoch 29 val RMSE: 3.5963064637589515
Epoch 30 MSE: 0.006522103678435087
Epoch 30 val RMSE: 3.631842633472249
Epoch 31 MSE: 0.0061210463754832745
Epoch 31 val RMSE: 3.885849438548774
Epoch 32 MSE: 0.006435995455831289
Epoch 32 val RMSE: 4.002004597948627
Epoch 33 MSE: 0.006257481873035431
Epoch 33 val RMSE: 3.941763855029669
Epoch 34 MSE: 0.00611461466178298
Epoch 34 val RMSE: 3.711366777185645
Epoch 35 MSE: 0.005934026557952166
Epoch 35 val RMSE: 3.2630152153013454
Epoch 36 MSE: 0.005202850326895714
Epoch 36 val RMSE: 2.6442834915560436
Best model saved at epoch 36 with Test RMSE: 2.6442834915560436
Epoch 37 MSE: 0.004330362193286419
Epoch 37 val RMSE: 2.105108396588917
Best model saved at epoch 37 with Test RMSE: 2.105108396588917
Epoch 38 MSE: 0.004229641519486904
Epoch 38 val RMSE: 1.8706554305599477
Best model saved at epoch 38 with Test RMSE: 1.8706554305599477
Epoch 39 MSE: 0.00447802385315299
Epoch 39 val RMSE: 1.929155160472768
Epoch 40 MSE: 0.003974751103669405
Epoch 40 val RMSE: 2.321952779501684
Epoch 41 MSE: 0.003539056284353137
Epoch 41 val RMSE: 2.669590291081219
Epoch 42 MSE: 0.0034347129985690117
Epoch 42 val RMSE: 2.610598614180114
Epoch 43 MSE: 0.0031723380088806152
Epoch 43 val RMSE: 2.2129312429042014
Epoch 44 MSE: 0.0030234376899898052
Epoch 44 val RMSE: 1.852232413483513
Best model saved at epoch 44 with Test RMSE: 1.852232413483513
Epoch 45 MSE: 0.0028370919171720743
Epoch 45 val RMSE: 1.7257421970050109
Best model saved at epoch 45 with Test RMSE: 1.7257421970050109
Epoch 46 MSE: 0.0022505398374050856
Epoch 46 val RMSE: 1.7359542529982774
Epoch 47 MSE: 0.0020911763422191143
Epoch 47 val RMSE: 1.70215460053388
Best model saved at epoch 47 with Test RMSE: 1.70215460053388
Epoch 48 MSE: 0.002177867107093334
Epoch 48 val RMSE: 1.6116544265966053
Best model saved at epoch 48 with Test RMSE: 1.6116544265966053
Epoch 49 MSE: 0.001826106570661068
Epoch 49 val RMSE: 1.616588094447115
Epoch 50 MSE: 0.0015676285838708282
Epoch 50 val RMSE: 1.6733189702019151
Epoch 51 MSE: 0.0015820031985640526
Epoch 51 val RMSE: 1.748200172223732
Epoch 52 MSE: 0.0013952075969427824
Epoch 52 val RMSE: 1.8823430912640156
Epoch 53 MSE: 0.001296652015298605
Epoch 53 val RMSE: 1.9364314670624516
Epoch 54 MSE: 0.0012425943277776241
Epoch 54 val RMSE: 1.987045113671982
Epoch 55 MSE: 0.0010553455213084817
Epoch 55 val RMSE: 2.1389746325372108
Epoch 56 MSE: 0.0011110735358670354
Epoch 56 val RMSE: 2.1666747484300957
Epoch 57 MSE: 0.0010062633082270622
Epoch 57 val RMSE: 2.1888621857375705
Epoch 58 MSE: 0.000911448965780437
Epoch 58 val RMSE: 2.276081972325442
Epoch 59 MSE: 0.00104232388548553
Epoch 59 val RMSE: 2.2524569130691834
Epoch 60 MSE: 0.0008954903460107744
Epoch 60 val RMSE: 2.2716265934828517
Epoch 61 MSE: 0.0009107709629461169
Epoch 61 val RMSE: 2.2785863087463354
Epoch 62 MSE: 0.0009149824036285281
Epoch 62 val RMSE: 2.1935844815404373
Epoch 63 MSE: 0.000834561709780246
Epoch 63 val RMSE: 2.1419150370497757
Epoch 64 MSE: 0.0008253710111603141
Epoch 64 val RMSE: 2.0827345814191984
Epoch 65 MSE: 0.0007934607565402985
Epoch 65 val RMSE: 2.0310293224477527
Epoch 66 MSE: 0.0007692689541727304
Epoch 66 val RMSE: 1.9868963248472549
Epoch 67 MSE: 0.0007127869757823646
Epoch 67 val RMSE: 1.9174099669525604
Epoch 68 MSE: 0.0007369267987087369
Epoch 68 val RMSE: 1.8492937312136302
Epoch 69 MSE: 0.0006670163129456341
Epoch 69 val RMSE: 1.7954383082253726
Epoch 70 MSE: 0.0006463447934947908
Epoch 70 val RMSE: 1.7462496079899779
Epoch 71 MSE: 0.0006448299973271787
Epoch 71 val RMSE: 1.6961823091093344
Epoch 72 MSE: 0.0005803033127449453
Epoch 72 val RMSE: 1.6503791402383312
Epoch 73 MSE: 0.0005856756470166147
Epoch 73 val RMSE: 1.6139067760285337
Epoch 74 MSE: 0.0005642531323246658
Epoch 74 val RMSE: 1.5770206175226216
Best model saved at epoch 74 with Test RMSE: 1.5770206175226216
Epoch 75 MSE: 0.0005376171320676804
Epoch 75 val RMSE: 1.551330699681264
Best model saved at epoch 75 with Test RMSE: 1.551330699681264
Epoch 76 MSE: 0.0005373027524910867
Epoch 76 val RMSE: 1.5289555701018454
Best model saved at epoch 76 with Test RMSE: 1.5289555701018454
Epoch 77 MSE: 0.000526386545971036
Epoch 77 val RMSE: 1.4765362611084234
Best model saved at epoch 77 with Test RMSE: 1.4765362611084234
Epoch 78 MSE: 0.0005045435973443091
Epoch 78 val RMSE: 1.4330057294668483
Best model saved at epoch 78 with Test RMSE: 1.4330057294668483
Epoch 79 MSE: 0.0005041507538408041
Epoch 79 val RMSE: 1.4037810798934154
Best model saved at epoch 79 with Test RMSE: 1.4037810798934154
Epoch 80 MSE: 0.0004912977456115186
Epoch 80 val RMSE: 1.385346413267605
Best model saved at epoch 80 with Test RMSE: 1.385346413267605
Epoch 81 MSE: 0.00047062020166777074
Epoch 81 val RMSE: 1.3766888736907288
Best model saved at epoch 81 with Test RMSE: 1.3766888736907288
Epoch 82 MSE: 0.0004752991662826389
Epoch 82 val RMSE: 1.3373070996656764
Best model saved at epoch 82 with Test RMSE: 1.3373070996656764
Epoch 83 MSE: 0.0004563865950331092
Epoch 83 val RMSE: 1.3019863652044221
Best model saved at epoch 83 with Test RMSE: 1.3019863652044221
Epoch 84 MSE: 0.0004498175985645503
Epoch 84 val RMSE: 1.2817268879701964
Best model saved at epoch 84 with Test RMSE: 1.2817268879701964
Epoch 85 MSE: 0.0004482335934881121
Epoch 85 val RMSE: 1.2673602041766727
Best model saved at epoch 85 with Test RMSE: 1.2673602041766727
Epoch 86 MSE: 0.00043321092380210757
Epoch 86 val RMSE: 1.2650585555294078
Best model saved at epoch 86 with Test RMSE: 1.2650585555294078
Epoch 87 MSE: 0.000429529114626348
Epoch 87 val RMSE: 1.2499598019812113
Best model saved at epoch 87 with Test RMSE: 1.2499598019812113
Epoch 88 MSE: 0.0004214881919324398
Epoch 88 val RMSE: 1.2307904988409069
Best model saved at epoch 88 with Test RMSE: 1.2307904988409069
Epoch 89 MSE: 0.0004105559492018074
Epoch 89 val RMSE: 1.217395861595669
Best model saved at epoch 89 with Test RMSE: 1.217395861595669
Epoch 90 MSE: 0.00040389454807154834
Epoch 90 val RMSE: 1.211232352507127
Best model saved at epoch 90 with Test RMSE: 1.211232352507127
Epoch 91 MSE: 0.00039729836862534285
Epoch 91 val RMSE: 1.2107883484568684
Best model saved at epoch 91 with Test RMSE: 1.2107883484568684
Epoch 92 MSE: 0.00038660832797177136
Epoch 92 val RMSE: 1.2048925321783355
Best model saved at epoch 92 with Test RMSE: 1.2048925321783355
Epoch 93 MSE: 0.0003835044044535607
Epoch 93 val RMSE: 1.1933255104966436
Best model saved at epoch 93 with Test RMSE: 1.1933255104966436
Epoch 94 MSE: 0.000375043076928705
Epoch 94 val RMSE: 1.1803107225941514
Best model saved at epoch 94 with Test RMSE: 1.1803107225941514
Epoch 95 MSE: 0.0003680466616060585
Epoch 95 val RMSE: 1.1689697874944018
Best model saved at epoch 95 with Test RMSE: 1.1689697874944018
Epoch 96 MSE: 0.0003642955853138119
Epoch 96 val RMSE: 1.1607219716750323
Best model saved at epoch 96 with Test RMSE: 1.1607219716750323
Epoch 97 MSE: 0.00035470229340717196
Epoch 97 val RMSE: 1.153756468600803
Best model saved at epoch 97 with Test RMSE: 1.153756468600803
Epoch 98 MSE: 0.00035108206793665886
Epoch 98 val RMSE: 1.143515230275064
Best model saved at epoch 98 with Test RMSE: 1.143515230275064
Epoch 99 MSE: 0.0003441018925514072
Epoch 99 val RMSE: 1.127494430781987
Best model saved at epoch 99 with Test RMSE: 1.127494430781987
Epoch 100 MSE: 0.00033841884578578174
Epoch 100 val RMSE: 1.112571677567025
Best model saved at epoch 100 with Test RMSE: 1.112571677567025
Epoch 101 MSE: 0.0003341116535011679
Epoch 101 val RMSE: 1.1030947262335409
Best model saved at epoch 101 with Test RMSE: 1.1030947262335409
Epoch 102 MSE: 0.0003283943224232644
Epoch 102 val RMSE: 1.0956349615154486
Best model saved at epoch 102 with Test RMSE: 1.0956349615154486
Epoch 103 MSE: 0.00032377539901062846
Epoch 103 val RMSE: 1.0864383996809344
Best model saved at epoch 103 with Test RMSE: 1.0864383996809344
Epoch 104 MSE: 0.0003195783356204629
Epoch 104 val RMSE: 1.0716607171561425
Best model saved at epoch 104 with Test RMSE: 1.0716607171561425
Epoch 105 MSE: 0.00031378614949062467
Epoch 105 val RMSE: 1.0596368021693077
Best model saved at epoch 105 with Test RMSE: 1.0596368021693077
Epoch 106 MSE: 0.00031041816691868007
Epoch 106 val RMSE: 1.051048783630129
Best model saved at epoch 106 with Test RMSE: 1.051048783630129
Epoch 107 MSE: 0.0003049119550269097
Epoch 107 val RMSE: 1.0459671069201222
Best model saved at epoch 107 with Test RMSE: 1.0459671069201222
Epoch 108 MSE: 0.00030122481985017657
Epoch 108 val RMSE: 1.0360579683847109
Best model saved at epoch 108 with Test RMSE: 1.0360579683847109
Epoch 109 MSE: 0.0002970409987028688
Epoch 109 val RMSE: 1.0214516979118455
Best model saved at epoch 109 with Test RMSE: 1.0214516979118455
Epoch 110 MSE: 0.00029279361478984356
Epoch 110 val RMSE: 1.0097527567709428
Best model saved at epoch 110 with Test RMSE: 1.0097527567709428
Epoch 111 MSE: 0.0002894722856581211
Epoch 111 val RMSE: 1.0025623395377585
Best model saved at epoch 111 with Test RMSE: 1.0025623395377585
Epoch 112 MSE: 0.00028518569888547063
Epoch 112 val RMSE: 0.995298868801609
Best model saved at epoch 112 with Test RMSE: 0.995298868801609
Epoch 113 MSE: 0.00028189714066684246
Epoch 113 val RMSE: 0.9823156037689045
Best model saved at epoch 113 with Test RMSE: 0.9823156037689045
Epoch 114 MSE: 0.00027815529028885067
Epoch 114 val RMSE: 0.9686645654722066
Best model saved at epoch 114 with Test RMSE: 0.9686645654722066
Epoch 115 MSE: 0.0002746580867096782
Epoch 115 val RMSE: 0.9584021267179542
Best model saved at epoch 115 with Test RMSE: 0.9584021267179542
Epoch 116 MSE: 0.00027159604360349476
Epoch 116 val RMSE: 0.9510306188826773
Best model saved at epoch 116 with Test RMSE: 0.9510306188826773
Epoch 117 MSE: 0.0002681525656953454
Epoch 117 val RMSE: 0.9425706429150953
Best model saved at epoch 117 with Test RMSE: 0.9425706429150953
Epoch 118 MSE: 0.0002654912241268903
Epoch 118 val RMSE: 0.9323612201397075
Best model saved at epoch 118 with Test RMSE: 0.9323612201397075
Epoch 119 MSE: 0.00026232327218167484
Epoch 119 val RMSE: 0.9228001817397165
Best model saved at epoch 119 with Test RMSE: 0.9228001817397165
Epoch 120 MSE: 0.0002597055281512439
Epoch 120 val RMSE: 0.9157650082144876
Best model saved at epoch 120 with Test RMSE: 0.9157650082144876
Epoch 121 MSE: 0.0002569165371824056
Epoch 121 val RMSE: 0.9107507884032371
Best model saved at epoch 121 with Test RMSE: 0.9107507884032371
Epoch 122 MSE: 0.0002543024020269513
Epoch 122 val RMSE: 0.9055789567762005
Best model saved at epoch 122 with Test RMSE: 0.9055789567762005
Epoch 123 MSE: 0.00025188166182488203
Epoch 123 val RMSE: 0.8985770407409818
Best model saved at epoch 123 with Test RMSE: 0.8985770407409818
Epoch 124 MSE: 0.0002493784704711288
Epoch 124 val RMSE: 0.8911868882806189
Best model saved at epoch 124 with Test RMSE: 0.8911868882806189
Epoch 125 MSE: 0.0002472192281857133
Epoch 125 val RMSE: 0.8864757860365539
Best model saved at epoch 125 with Test RMSE: 0.8864757860365539
Epoch 126 MSE: 0.000244929309701547
Epoch 126 val RMSE: 0.8836962234883445
Best model saved at epoch 126 with Test RMSE: 0.8836962234883445
Epoch 127 MSE: 0.0002428999578114599
Epoch 127 val RMSE: 0.8785229334478475
Best model saved at epoch 127 with Test RMSE: 0.8785229334478475
Epoch 128 MSE: 0.0002408284053672105
Epoch 128 val RMSE: 0.8704285754832805
Best model saved at epoch 128 with Test RMSE: 0.8704285754832805
Epoch 129 MSE: 0.00023886551207397133
Epoch 129 val RMSE: 0.8646614123711492
Best model saved at epoch 129 with Test RMSE: 0.8646614123711492
Epoch 130 MSE: 0.00023701968893874437
Epoch 130 val RMSE: 0.8623373126968011
Best model saved at epoch 130 with Test RMSE: 0.8623373126968011
Epoch 131 MSE: 0.00023516053624916822
Epoch 131 val RMSE: 0.8588644765432091
Best model saved at epoch 131 with Test RMSE: 0.8588644765432091
Epoch 132 MSE: 0.00023351909476332366
Epoch 132 val RMSE: 0.8520573919089006
Best model saved at epoch 132 with Test RMSE: 0.8520573919089006
Epoch 133 MSE: 0.00023178885749075562
Epoch 133 val RMSE: 0.8468570721407277
Best model saved at epoch 133 with Test RMSE: 0.8468570721407277
Epoch 134 MSE: 0.00023029631120152771
Epoch 134 val RMSE: 0.8453541447504972
Best model saved at epoch 134 with Test RMSE: 0.8453541447504972
Epoch 135 MSE: 0.0002287018287461251
Epoch 135 val RMSE: 0.8437584064206155
Best model saved at epoch 135 with Test RMSE: 0.8437584064206155
Epoch 136 MSE: 0.00022731427452526987
Epoch 136 val RMSE: 0.8392410599792326
Best model saved at epoch 136 with Test RMSE: 0.8392410599792326
Epoch 137 MSE: 0.0002258614986203611
Epoch 137 val RMSE: 0.8353381994470529
Best model saved at epoch 137 with Test RMSE: 0.8353381994470529
Epoch 138 MSE: 0.00022456755687016994
Epoch 138 val RMSE: 0.8342254075954504
Best model saved at epoch 138 with Test RMSE: 0.8342254075954504
Epoch 139 MSE: 0.0002232647966593504
Epoch 139 val RMSE: 0.8331571670927235
Best model saved at epoch 139 with Test RMSE: 0.8331571670927235
Epoch 140 MSE: 0.00022206407447811216
Epoch 140 val RMSE: 0.8298505762904391
Best model saved at epoch 140 with Test RMSE: 0.8298505762904391
Epoch 141 MSE: 0.00022089273261372
Epoch 141 val RMSE: 0.8264346595362813
Best model saved at epoch 141 with Test RMSE: 0.8264346595362813
Epoch 142 MSE: 0.00021977165306452662
Epoch 142 val RMSE: 0.824533772944526
Best model saved at epoch 142 with Test RMSE: 0.824533772944526
Epoch 143 MSE: 0.00021870373166166246
Epoch 143 val RMSE: 0.8228513756133148
Best model saved at epoch 143 with Test RMSE: 0.8228513756133148
Epoch 144 MSE: 0.0002176597627112642
Epoch 144 val RMSE: 0.820148633302716
Best model saved at epoch 144 with Test RMSE: 0.820148633302716
Epoch 145 MSE: 0.0002166778576793149
Epoch 145 val RMSE: 0.8170707954820756
Best model saved at epoch 145 with Test RMSE: 0.8170707954820756
Epoch 146 MSE: 0.00021571232355199754
Epoch 146 val RMSE: 0.8146563672027568
Best model saved at epoch 146 with Test RMSE: 0.8146563672027568
Epoch 147 MSE: 0.00021480208670254797
Epoch 147 val RMSE: 0.8130453553657043
Best model saved at epoch 147 with Test RMSE: 0.8130453553657043
Epoch 148 MSE: 0.00021390798792708665
Epoch 148 val RMSE: 0.8113975381337599
Best model saved at epoch 148 with Test RMSE: 0.8113975381337599
Epoch 149 MSE: 0.00021305323753040284
Epoch 149 val RMSE: 0.809046926985793
Best model saved at epoch 149 with Test RMSE: 0.809046926985793
Epoch 150 MSE: 0.00021221490169409662
Epoch 150 val RMSE: 0.8068706932514352
Best model saved at epoch 150 with Test RMSE: 0.8068706932514352
Epoch 151 MSE: 0.00021140645549166948
Epoch 151 val RMSE: 0.8058941876597674
Best model saved at epoch 151 with Test RMSE: 0.8058941876597674
Epoch 152 MSE: 0.000210614045499824
Epoch 152 val RMSE: 0.8050119431125056
Best model saved at epoch 152 with Test RMSE: 0.8050119431125056
Epoch 153 MSE: 0.00020984925504308194
Epoch 153 val RMSE: 0.8028817146016929
Best model saved at epoch 153 with Test RMSE: 0.8028817146016929
Epoch 154 MSE: 0.00020909456361550838
Epoch 154 val RMSE: 0.8008383753800093
Best model saved at epoch 154 with Test RMSE: 0.8008383753800093
Epoch 155 MSE: 0.00020836781186517328
Epoch 155 val RMSE: 0.8000928199088313
Best model saved at epoch 155 with Test RMSE: 0.8000928199088313
Epoch 156 MSE: 0.0002076426026178524
Epoch 156 val RMSE: 0.7990527222012377
Best model saved at epoch 156 with Test RMSE: 0.7990527222012377
Epoch 157 MSE: 0.00020694451814051718
Epoch 157 val RMSE: 0.7966900405154979
Best model saved at epoch 157 with Test RMSE: 0.7966900405154979
Epoch 158 MSE: 0.0002062445564661175
Epoch 158 val RMSE: 0.7948519889235066
Best model saved at epoch 158 with Test RMSE: 0.7948519889235066
Epoch 159 MSE: 0.00020556805247906595
Epoch 159 val RMSE: 0.7941455846538745
Best model saved at epoch 159 with Test RMSE: 0.7941455846538745
Epoch 160 MSE: 0.00020489281450863928
Epoch 160 val RMSE: 0.7928403553112126
Best model saved at epoch 160 with Test RMSE: 0.7928403553112126
Epoch 161 MSE: 0.00020423371461220086
Epoch 161 val RMSE: 0.7907941720174698
Best model saved at epoch 161 with Test RMSE: 0.7907941720174698
Epoch 162 MSE: 0.0002035800280282274
Epoch 162 val RMSE: 0.7895800715423554
Best model saved at epoch 162 with Test RMSE: 0.7895800715423554
Epoch 163 MSE: 0.00020293508714530617
Epoch 163 val RMSE: 0.7890034644071381
Best model saved at epoch 163 with Test RMSE: 0.7890034644071381
Epoch 164 MSE: 0.00020229675283189863
Epoch 164 val RMSE: 0.7878135768303478
Best model saved at epoch 164 with Test RMSE: 0.7878135768303478
Epoch 165 MSE: 0.0002016655053012073
Epoch 165 val RMSE: 0.7864090523005717
Best model saved at epoch 165 with Test RMSE: 0.7864090523005717
Epoch 166 MSE: 0.0002010391908697784
Epoch 166 val RMSE: 0.7855988958083937
Best model saved at epoch 166 with Test RMSE: 0.7855988958083937
Epoch 167 MSE: 0.00020042034157086164
Epoch 167 val RMSE: 0.7849184501712196
Best model saved at epoch 167 with Test RMSE: 0.7849184501712196
Epoch 168 MSE: 0.00019980507204309106
Epoch 168 val RMSE: 0.7838616397201498
Best model saved at epoch 168 with Test RMSE: 0.7838616397201498
Epoch 169 MSE: 0.00019919652550015599
Epoch 169 val RMSE: 0.7827210881203662
Best model saved at epoch 169 with Test RMSE: 0.7827210881203662
Epoch 170 MSE: 0.00019859177700709552
Epoch 170 val RMSE: 0.7817999239462139
Best model saved at epoch 170 with Test RMSE: 0.7817999239462139
Epoch 171 MSE: 0.00019799091387540102
Epoch 171 val RMSE: 0.7809875810492987
Best model saved at epoch 171 with Test RMSE: 0.7809875810492987
Epoch 172 MSE: 0.00019739584240596741
Epoch 172 val RMSE: 0.7800255144054418
Best model saved at epoch 172 with Test RMSE: 0.7800255144054418
Epoch 173 MSE: 0.0001968026626855135
Epoch 173 val RMSE: 0.7788969844775904
Best model saved at epoch 173 with Test RMSE: 0.7788969844775904
Epoch 174 MSE: 0.00019621617684606463
Epoch 174 val RMSE: 0.7780048109018594
Best model saved at epoch 174 with Test RMSE: 0.7780048109018594
Epoch 175 MSE: 0.00019563153909984976
Epoch 175 val RMSE: 0.777384886300156
Best model saved at epoch 175 with Test RMSE: 0.777384886300156
Epoch 176 MSE: 0.00019505247473716736
Epoch 176 val RMSE: 0.7765288178720796
Best model saved at epoch 176 with Test RMSE: 0.7765288178720796
Epoch 177 MSE: 0.0001944759424077347
Epoch 177 val RMSE: 0.7755427367475706
Best model saved at epoch 177 with Test RMSE: 0.7755427367475706
Epoch 178 MSE: 0.00019390403758734465
Epoch 178 val RMSE: 0.7749728367259826
Best model saved at epoch 178 with Test RMSE: 0.7749728367259826
Epoch 179 MSE: 0.000193334897630848
Epoch 179 val RMSE: 0.774486062165181
Best model saved at epoch 179 with Test RMSE: 0.774486062165181
Epoch 180 MSE: 0.00019277077808510512
Epoch 180 val RMSE: 0.7736040571801663
Best model saved at epoch 180 with Test RMSE: 0.7736040571801663
Epoch 181 MSE: 0.00019220891408622265
Epoch 181 val RMSE: 0.7728353140518158
Best model saved at epoch 181 with Test RMSE: 0.7728353140518158
Epoch 182 MSE: 0.000191651881323196
Epoch 182 val RMSE: 0.7724032181540901
Best model saved at epoch 182 with Test RMSE: 0.7724032181540901
Epoch 183 MSE: 0.00019109752611257136
Epoch 183 val RMSE: 0.7717241132031974
Best model saved at epoch 183 with Test RMSE: 0.7717241132031974
Epoch 184 MSE: 0.00019054702715948224
Epoch 184 val RMSE: 0.77084381938366
Best model saved at epoch 184 with Test RMSE: 0.77084381938366
Epoch 185 MSE: 0.00019000009342562407
Epoch 185 val RMSE: 0.7702374775780809
Best model saved at epoch 185 with Test RMSE: 0.7702374775780809
Epoch 186 MSE: 0.00018945641932077706
Epoch 186 val RMSE: 0.7696867654961858
Best model saved at epoch 186 with Test RMSE: 0.7696867654961858
Epoch 187 MSE: 0.0001889162085717544
Epoch 187 val RMSE: 0.7689187570200823
Best model saved at epoch 187 with Test RMSE: 0.7689187570200823
Epoch 188 MSE: 0.0001883793156594038
Epoch 188 val RMSE: 0.7682155457059605
Best model saved at epoch 188 with Test RMSE: 0.7682155457059605
Epoch 189 MSE: 0.00018784584244713187
Epoch 189 val RMSE: 0.7676708369283278
Best model saved at epoch 189 with Test RMSE: 0.7676708369283278
Epoch 190 MSE: 0.00018731543968897313
Epoch 190 val RMSE: 0.7670829670656716
Best model saved at epoch 190 with Test RMSE: 0.7670829670656716
Epoch 191 MSE: 0.0001867885875981301
Epoch 191 val RMSE: 0.766439432870418
Best model saved at epoch 191 with Test RMSE: 0.766439432870418
Epoch 192 MSE: 0.00018626458768267184
Epoch 192 val RMSE: 0.7658392548012204
Best model saved at epoch 192 with Test RMSE: 0.7658392548012204
Epoch 193 MSE: 0.00018574402201920748
Epoch 193 val RMSE: 0.765301499823149
Best model saved at epoch 193 with Test RMSE: 0.765301499823149
Epoch 194 MSE: 0.000185226381290704
Epoch 194 val RMSE: 0.7647571705646928
Best model saved at epoch 194 with Test RMSE: 0.7647571705646928
Epoch 195 MSE: 0.00018471195653546602
Epoch 195 val RMSE: 0.7641207261317785
Best model saved at epoch 195 with Test RMSE: 0.7641207261317785
Epoch 196 MSE: 0.0001842004421632737
Epoch 196 val RMSE: 0.7635106845900018
Best model saved at epoch 196 with Test RMSE: 0.7635106845900018
Epoch 197 MSE: 0.00018369205645285547
Epoch 197 val RMSE: 0.7629987476958551
Best model saved at epoch 197 with Test RMSE: 0.7629987476958551
Epoch 198 MSE: 0.00018318655202165246
Epoch 198 val RMSE: 0.762392616527526
Best model saved at epoch 198 with Test RMSE: 0.762392616527526
Epoch 199 MSE: 0.0001826838415581733
Epoch 199 val RMSE: 0.7617236406218199
Best model saved at epoch 199 with Test RMSE: 0.7617236406218199
Epoch 200 MSE: 0.00018218409968540072
Epoch 200 val RMSE: 0.7611965247728897
Best model saved at epoch 200 with Test RMSE: 0.7611965247728897
Epoch 201 MSE: 0.00018168706446886063
Epoch 201 val RMSE: 0.760666261931414
Best model saved at epoch 201 with Test RMSE: 0.760666261931414
Epoch 202 MSE: 0.0001811929832911119
Epoch 202 val RMSE: 0.7600245095993964
Best model saved at epoch 202 with Test RMSE: 0.7600245095993964
Epoch 203 MSE: 0.00018070166697725654
Epoch 203 val RMSE: 0.7594778893864244
Best model saved at epoch 203 with Test RMSE: 0.7594778893864244
Epoch 204 MSE: 0.00018021285359282047
Epoch 204 val RMSE: 0.759002027242514
Best model saved at epoch 204 with Test RMSE: 0.759002027242514
Epoch 205 MSE: 0.00017972680507227778
Epoch 205 val RMSE: 0.7584307400182515
Best model saved at epoch 205 with Test RMSE: 0.7584307400182515
Epoch 206 MSE: 0.00017924334679264575
Epoch 206 val RMSE: 0.757877071815061
Best model saved at epoch 206 with Test RMSE: 0.757877071815061
Epoch 207 MSE: 0.000178762391442433
Epoch 207 val RMSE: 0.7573946951385985
Best model saved at epoch 207 with Test RMSE: 0.7573946951385985
Epoch 208 MSE: 0.0001782840263331309
Epoch 208 val RMSE: 0.7568702739186869
Best model saved at epoch 208 with Test RMSE: 0.7568702739186869
Epoch 209 MSE: 0.0001778082805685699
Epoch 209 val RMSE: 0.7563233048401966
Best model saved at epoch 209 with Test RMSE: 0.7563233048401966
Epoch 210 MSE: 0.0001773347903508693
Epoch 210 val RMSE: 0.7558015707618964
Best model saved at epoch 210 with Test RMSE: 0.7558015707618964
Epoch 211 MSE: 0.0001768638176145032
Epoch 211 val RMSE: 0.7552920634890758
Best model saved at epoch 211 with Test RMSE: 0.7552920634890758
Epoch 212 MSE: 0.00017639518773648888
Epoch 212 val RMSE: 0.7547730122962729
Best model saved at epoch 212 with Test RMSE: 0.7547730122962729
Epoch 213 MSE: 0.00017592881340533495
Epoch 213 val RMSE: 0.7542353885033186
Best model saved at epoch 213 with Test RMSE: 0.7542353885033186
Epoch 214 MSE: 0.00017546491289976984
Epoch 214 val RMSE: 0.7537286183501902
Best model saved at epoch 214 with Test RMSE: 0.7537286183501902
Epoch 215 MSE: 0.00017500323883723468
Epoch 215 val RMSE: 0.7532513397741699
Best model saved at epoch 215 with Test RMSE: 0.7532513397741699
Epoch 216 MSE: 0.00017454358749091625
Epoch 216 val RMSE: 0.7527285058466293
Best model saved at epoch 216 with Test RMSE: 0.7527285058466293
Epoch 217 MSE: 0.0001740863372106105
Epoch 217 val RMSE: 0.7522262671654736
Best model saved at epoch 217 with Test RMSE: 0.7522262671654736
Epoch 218 MSE: 0.000173630949575454
Epoch 218 val RMSE: 0.7517749129322921
Best model saved at epoch 218 with Test RMSE: 0.7517749129322921
Epoch 219 MSE: 0.000173178079421632
Epoch 219 val RMSE: 0.7512763606824318
Best model saved at epoch 219 with Test RMSE: 0.7512763606824318
Epoch 220 MSE: 0.00017272714467253536
Epoch 220 val RMSE: 0.7507729520944523
Best model saved at epoch 220 with Test RMSE: 0.7507729520944523
Epoch 221 MSE: 0.00017227820353582501
Epoch 221 val RMSE: 0.7503187376475633
Best model saved at epoch 221 with Test RMSE: 0.7503187376475633
Epoch 222 MSE: 0.00017183119780384004
Epoch 222 val RMSE: 0.7498360295662357
Best model saved at epoch 222 with Test RMSE: 0.7498360295662357
Epoch 223 MSE: 0.00017138634575530887
Epoch 223 val RMSE: 0.7493347555494331
Best model saved at epoch 223 with Test RMSE: 0.7493347555494331
Epoch 224 MSE: 0.00017094331269618124
Epoch 224 val RMSE: 0.7488686850581916
Best model saved at epoch 224 with Test RMSE: 0.7488686850581916
Epoch 225 MSE: 0.0001705021713860333
Epoch 225 val RMSE: 0.7483919707209582
Best model saved at epoch 225 with Test RMSE: 0.7483919707209582
Epoch 226 MSE: 0.00017006289272103459
Epoch 226 val RMSE: 0.7479101310026469
Best model saved at epoch 226 with Test RMSE: 0.7479101310026469
Epoch 227 MSE: 0.00016962550580501556
Epoch 227 val RMSE: 0.7474367527055676
Best model saved at epoch 227 with Test RMSE: 0.7474367527055676
Epoch 228 MSE: 0.00016918980691116303
Epoch 228 val RMSE: 0.7469768789867486
Best model saved at epoch 228 with Test RMSE: 0.7469768789867486
Epoch 229 MSE: 0.00016875601431820542
Epoch 229 val RMSE: 0.7465157239271013
Best model saved at epoch 229 with Test RMSE: 0.7465157239271013
Epoch 230 MSE: 0.00016832393885124475
Epoch 230 val RMSE: 0.7460459349324721
Best model saved at epoch 230 with Test RMSE: 0.7460459349324721
Epoch 231 MSE: 0.00016789342043921351
Epoch 231 val RMSE: 0.7455929578369772
Best model saved at epoch 231 with Test RMSE: 0.7455929578369772
Epoch 232 MSE: 0.000167464604601264
Epoch 232 val RMSE: 0.745148104404971
Best model saved at epoch 232 with Test RMSE: 0.745148104404971
Epoch 233 MSE: 0.00016703756409697235
Epoch 233 val RMSE: 0.7446815747254633
Best model saved at epoch 233 with Test RMSE: 0.7446815747254633
Epoch 234 MSE: 0.0001666118623688817
Epoch 234 val RMSE: 0.7442324123694263
Best model saved at epoch 234 with Test RMSE: 0.7442324123694263
Epoch 235 MSE: 0.00016618796507827938
Epoch 235 val RMSE: 0.7437935567972181
Best model saved at epoch 235 with Test RMSE: 0.7437935567972181
Epoch 236 MSE: 0.00016576543566770852
Epoch 236 val RMSE: 0.743331429161176
Best model saved at epoch 236 with Test RMSE: 0.743331429161176
Epoch 237 MSE: 0.0001653443614486605
Epoch 237 val RMSE: 0.7428842586766466
Best model saved at epoch 237 with Test RMSE: 0.7428842586766466
Epoch 238 MSE: 0.00016492497525177896
Epoch 238 val RMSE: 0.7424469745210316
Best model saved at epoch 238 with Test RMSE: 0.7424469745210316
Epoch 239 MSE: 0.00016450676776003093
Epoch 239 val RMSE: 0.7420004759604477
Best model saved at epoch 239 with Test RMSE: 0.7420004759604477
Epoch 240 MSE: 0.0001640900591155514
Epoch 240 val RMSE: 0.7415616257538206
Best model saved at epoch 240 with Test RMSE: 0.7415616257538206
Epoch 241 MSE: 0.00016367460193578154
Epoch 241 val RMSE: 0.7411298343078067
Best model saved at epoch 241 with Test RMSE: 0.7411298343078067
Epoch 242 MSE: 0.00016326052718795836
Epoch 242 val RMSE: 0.7406985556215397
Best model saved at epoch 242 with Test RMSE: 0.7406985556215397
Epoch 243 MSE: 0.00016284766024909914
Epoch 243 val RMSE: 0.7402664217893999
Best model saved at epoch 243 with Test RMSE: 0.7402664217893999
Epoch 244 MSE: 0.00016243619029410183
Epoch 244 val RMSE: 0.7398385068874819
Best model saved at epoch 244 with Test RMSE: 0.7398385068874819
Epoch 245 MSE: 0.00016202584083657712
Epoch 245 val RMSE: 0.7394227986432058
Best model saved at epoch 245 with Test RMSE: 0.7394227986432058
Epoch 246 MSE: 0.00016161661187652498
Epoch 246 val RMSE: 0.7389914109475523
Best model saved at epoch 246 with Test RMSE: 0.7389914109475523
Epoch 247 MSE: 0.00016120870714075863
Epoch 247 val RMSE: 0.7385688907643462
Best model saved at epoch 247 with Test RMSE: 0.7385688907643462
Epoch 248 MSE: 0.00016080177738331258
Epoch 248 val RMSE: 0.7381558185574678
Best model saved at epoch 248 with Test RMSE: 0.7381558185574678
Epoch 249 MSE: 0.00016039599722716957
Epoch 249 val RMSE: 0.7377296284235375
Best model saved at epoch 249 with Test RMSE: 0.7377296284235375
Epoch 250 MSE: 0.0001599911629455164
Epoch 250 val RMSE: 0.7373151563696961
Best model saved at epoch 250 with Test RMSE: 0.7373151563696961
Epoch 251 MSE: 0.0001595874928170815
Epoch 251 val RMSE: 0.7369030799724742
Best model saved at epoch 251 with Test RMSE: 0.7369030799724742
Epoch 252 MSE: 0.00015918465214781463
Epoch 252 val RMSE: 0.7364860790229331
Best model saved at epoch 252 with Test RMSE: 0.7364860790229331
Epoch 253 MSE: 0.00015878278645686805
Epoch 253 val RMSE: 0.7360773443678539
Best model saved at epoch 253 with Test RMSE: 0.7360773443678539
Epoch 254 MSE: 0.00015838189574424177
Epoch 254 val RMSE: 0.7356712183535689
Best model saved at epoch 254 with Test RMSE: 0.7356712183535689
Epoch 255 MSE: 0.00015798189269844443
Epoch 255 val RMSE: 0.735265151743594
Best model saved at epoch 255 with Test RMSE: 0.735265151743594
Epoch 256 MSE: 0.00015758255904074758
Epoch 256 val RMSE: 0.7348572385419123
Best model saved at epoch 256 with Test RMSE: 0.7348572385419123
Epoch 257 MSE: 0.00015718430222477764
Epoch 257 val RMSE: 0.7344559158225101
Best model saved at epoch 257 with Test RMSE: 0.7344559158225101
Epoch 258 MSE: 0.00015678670024499297
Epoch 258 val RMSE: 0.7340557946767305
Best model saved at epoch 258 with Test RMSE: 0.7340557946767305
Epoch 259 MSE: 0.00015638972399756312
Epoch 259 val RMSE: 0.7336487527038417
Best model saved at epoch 259 with Test RMSE: 0.7336487527038417
Epoch 260 MSE: 0.00015599350444972515
Epoch 260 val RMSE: 0.7332525806687232
Best model saved at epoch 260 with Test RMSE: 0.7332525806687232
Epoch 261 MSE: 0.00015559802704956383
Epoch 261 val RMSE: 0.7328510298695745
Best model saved at epoch 261 with Test RMSE: 0.7328510298695745
Epoch 262 MSE: 0.00015520300075877458
Epoch 262 val RMSE: 0.7324508864696939
Best model saved at epoch 262 with Test RMSE: 0.7324508864696939
Epoch 263 MSE: 0.00015480881847906858
Epoch 263 val RMSE: 0.7320569566184447
Best model saved at epoch 263 with Test RMSE: 0.7320569566184447
Epoch 264 MSE: 0.0001544152182759717
Epoch 264 val RMSE: 0.7316604929281929
Best model saved at epoch 264 with Test RMSE: 0.7316604929281929
Epoch 265 MSE: 0.00015402206918224692
Epoch 265 val RMSE: 0.7312649554166033
Best model saved at epoch 265 with Test RMSE: 0.7312649554166033
Epoch 266 MSE: 0.00015362938574980944
Epoch 266 val RMSE: 0.7308719766448923
Best model saved at epoch 266 with Test RMSE: 0.7308719766448923
Epoch 267 MSE: 0.00015323713887482882
Epoch 267 val RMSE: 0.7304823359077705
Best model saved at epoch 267 with Test RMSE: 0.7304823359077705
Epoch 268 MSE: 0.00015284538676496595
Epoch 268 val RMSE: 0.7300905686854399
Best model saved at epoch 268 with Test RMSE: 0.7300905686854399
Epoch 269 MSE: 0.00015245404210872948
Epoch 269 val RMSE: 0.7297013275339337
Best model saved at epoch 269 with Test RMSE: 0.7297013275339337
Epoch 270 MSE: 0.0001520631049061194
Epoch 270 val RMSE: 0.7293150251323423
Best model saved at epoch 270 with Test RMSE: 0.7293150251323423
Epoch 271 MSE: 0.0001516724587418139
Epoch 271 val RMSE: 0.7289216492754695
Best model saved at epoch 271 with Test RMSE: 0.7289216492754695
Epoch 272 MSE: 0.00015128208906389773
Epoch 272 val RMSE: 0.7285383287425521
Best model saved at epoch 272 with Test RMSE: 0.7285383287425521
Epoch 273 MSE: 0.00015089193766470999
Epoch 273 val RMSE: 0.7281528009174429
Best model saved at epoch 273 with Test RMSE: 0.7281528009174429
Epoch 274 MSE: 0.00015050220827106386
Epoch 274 val RMSE: 0.7277662089045515
Best model saved at epoch 274 with Test RMSE: 0.7277662089045515
Epoch 275 MSE: 0.00015011255163699389
Epoch 275 val RMSE: 0.7273823614146229
Best model saved at epoch 275 with Test RMSE: 0.7273823614146229
Epoch 276 MSE: 0.00014972305507399142
Epoch 276 val RMSE: 0.7270003199438889
Best model saved at epoch 276 with Test RMSE: 0.7270003199438889
Epoch 277 MSE: 0.00014933371858205646
Epoch 277 val RMSE: 0.7266157397381152
Best model saved at epoch 277 with Test RMSE: 0.7266157397381152
Epoch 278 MSE: 0.00014894455671310425
Epoch 278 val RMSE: 0.7262358802959222
Best model saved at epoch 278 with Test RMSE: 0.7262358802959222
Epoch 279 MSE: 0.00014855535118840635
Epoch 279 val RMSE: 0.7258559452378633
Best model saved at epoch 279 with Test RMSE: 0.7258559452378633
Epoch 280 MSE: 0.00014816623297519982
Epoch 280 val RMSE: 0.7254751950104424
Best model saved at epoch 280 with Test RMSE: 0.7254751950104424
Epoch 281 MSE: 0.00014777723117731512
Epoch 281 val RMSE: 0.7250985604739733
Best model saved at epoch 281 with Test RMSE: 0.7250985604739733
Epoch 282 MSE: 0.00014738811296410859
Epoch 282 val RMSE: 0.7247217713247351
Best model saved at epoch 282 with Test RMSE: 0.7247217713247351
Epoch 283 MSE: 0.00014699898019898683
Epoch 283 val RMSE: 0.7243449918967613
Best model saved at epoch 283 with Test RMSE: 0.7243449918967613
Epoch 284 MSE: 0.0001466098619857803
Epoch 284 val RMSE: 0.7239694983264063
Best model saved at epoch 284 with Test RMSE: 0.7239694983264063
Epoch 285 MSE: 0.0001462206564610824
Epoch 285 val RMSE: 0.7235920800651271
Best model saved at epoch 285 with Test RMSE: 0.7235920800651271
Epoch 286 MSE: 0.00014583130541723222
Epoch 286 val RMSE: 0.7232222531399518
Best model saved at epoch 286 with Test RMSE: 0.7232222531399518
Epoch 287 MSE: 0.0001454418379580602
Epoch 287 val RMSE: 0.7228454754502769
Best model saved at epoch 287 with Test RMSE: 0.7228454754502769
Epoch 288 MSE: 0.00014505238505080342
Epoch 288 val RMSE: 0.7224800926158635
Best model saved at epoch 288 with Test RMSE: 0.7224800926158635
Epoch 289 MSE: 0.00014466271386481822
Epoch 289 val RMSE: 0.7221031340408092
Best model saved at epoch 289 with Test RMSE: 0.7221031340408092
Epoch 290 MSE: 0.0001442728826077655
Epoch 290 val RMSE: 0.7217438995743043
Best model saved at epoch 290 with Test RMSE: 0.7217438995743043
Epoch 291 MSE: 0.00014388303679879755
Epoch 291 val RMSE: 0.7213596981860179
Best model saved at epoch 291 with Test RMSE: 0.7213596981860179
Epoch 292 MSE: 0.00014349279808811843
Epoch 292 val RMSE: 0.7210163789944225
Best model saved at epoch 292 with Test RMSE: 0.7210163789944225
Epoch 293 MSE: 0.0001431025448255241
Epoch 293 val RMSE: 0.7206131793704437
Best model saved at epoch 293 with Test RMSE: 0.7206131793704437
Epoch 294 MSE: 0.00014271218969952315
Epoch 294 val RMSE: 0.7203063699788307
Best model saved at epoch 294 with Test RMSE: 0.7203063699788307
Epoch 295 MSE: 0.00014232182002160698
Epoch 295 val RMSE: 0.7198508995037284
Best model saved at epoch 295 with Test RMSE: 0.7198508995037284
Epoch 296 MSE: 0.00014193143579177558
Epoch 296 val RMSE: 0.7196415885960089
Best model saved at epoch 296 with Test RMSE: 0.7196415885960089
Epoch 297 MSE: 0.00014154115342535079
Epoch 297 val RMSE: 0.71903053282263
Best model saved at epoch 297 with Test RMSE: 0.71903053282263
Epoch 298 MSE: 0.00014115222438704222
Epoch 298 val RMSE: 0.7190995403035285
Epoch 299 MSE: 0.00014076594379730523
Epoch 299 val RMSE: 0.7180249662255905
Best model saved at epoch 299 with Test RMSE: 0.7180249662255905
Epoch 300 MSE: 0.00014038925291970372
Epoch 300 val RMSE: 0.7189768972093997
Epoch 301 MSE: 0.00014004128752276301
Epoch 301 val RMSE: 0.7165018664733045
Best model saved at epoch 301 with Test RMSE: 0.7165018664733045
Epoch 302 MSE: 0.00013978767674416304
Epoch 302 val RMSE: 0.7206164465576097
Epoch 303 MSE: 0.00013984883844386786
Epoch 303 val RMSE: 0.7143097013464913
Best model saved at epoch 303 with Test RMSE: 0.7143097013464913
Epoch 304 MSE: 0.00014098655083216727
Epoch 304 val RMSE: 0.7325405991014903
Epoch 305 MSE: 0.00014596361143048853
Epoch 305 val RMSE: 0.724416990009398
Epoch 306 MSE: 0.00016444330685772002
Epoch 306 val RMSE: 0.8297102168937006
Epoch 307 MSE: 0.00023366801906377077
Epoch 307 val RMSE: 0.9320302024765076
Epoch 308 MSE: 0.0004614593053702265
Epoch 308 val RMSE: 1.4692485855872042
Epoch 309 MSE: 0.0012120616156607866
Epoch 309 val RMSE: 1.7696079801719247
Epoch 310 MSE: 0.0021014162339270115
Epoch 310 val RMSE: 2.1465545726123816
Epoch 311 MSE: 0.0027985491324216127
Epoch 311 val RMSE: 0.7122161182580733
Best model saved at epoch 311 with Test RMSE: 0.7122161182580733
Epoch 312 MSE: 0.00024003673752304167
Epoch 312 val RMSE: 1.5635730873252964
Epoch 313 MSE: 0.0015699837822467089
Epoch 313 val RMSE: 1.454015889407602
Epoch 314 MSE: 0.0013427729718387127
Epoch 314 val RMSE: 1.383453996214006
Epoch 315 MSE: 0.000986016122624278
Epoch 315 val RMSE: 1.1856360111318478
Epoch 316 MSE: 0.0009813721990212798
Epoch 316 val RMSE: 0.8700671112001928
Epoch 317 MSE: 0.0006761664990335703
Epoch 317 val RMSE: 1.3867418314127729
Epoch 318 MSE: 0.0007475869497284293
Epoch 318 val RMSE: 1.3664568447301315
Epoch 319 MSE: 0.000643645878881216
Epoch 319 val RMSE: 0.7194547515197919
Epoch 320 MSE: 0.00047806877410039306
Epoch 320 val RMSE: 0.8569243080092518
Epoch 321 MSE: 0.0006719404482282698
Epoch 321 val RMSE: 1.083507811116368
Epoch 322 MSE: 0.0003193586890120059
Epoch 322 val RMSE: 1.4617795914221525
Epoch 323 MSE: 0.0006875960971228778
Epoch 323 val RMSE: 0.7511826171741696
Epoch 324 MSE: 0.00019465979130472988
Epoch 324 val RMSE: 0.8697559364578972
Epoch 325 MSE: 0.0006224615499377251
Epoch 325 val RMSE: 0.6889477787837754
Best model saved at epoch 325 with Test RMSE: 0.6889477787837754
Epoch 326 MSE: 0.0002294713194714859
Epoch 326 val RMSE: 1.1313054550657122
Epoch 327 MSE: 0.0004389905952848494
Epoch 327 val RMSE: 0.9637482636432368
Epoch 328 MSE: 0.00034313875949010253
Epoch 328 val RMSE: 0.6979946951637239
Epoch 329 MSE: 0.00027594497078098357
Epoch 329 val RMSE: 0.7761420541303616
Epoch 330 MSE: 0.00040323761641047895
Epoch 330 val RMSE: 0.7355950548920559
Epoch 331 MSE: 0.00020195635443087667
Epoch 331 val RMSE: 1.0279151864744078
Epoch 332 MSE: 0.00036755893961526453
Epoch 332 val RMSE: 0.8291359255154408
Epoch 333 MSE: 0.00022556445037480444
Epoch 333 val RMSE: 0.7068705718680055
Epoch 334 MSE: 0.0002750921994447708
Epoch 334 val RMSE: 0.7059352240793827
Epoch 335 MSE: 0.00027134266565553844
Epoch 335 val RMSE: 0.836860966639557
Epoch 336 MSE: 0.0002082614228129387
Epoch 336 val RMSE: 0.9883728286470371
Epoch 337 MSE: 0.0002866493014153093
Epoch 337 val RMSE: 0.7620088465019398
Epoch 338 MSE: 0.00018673257727641612
Epoch 338 val RMSE: 0.6970573349265988
Epoch 339 MSE: 0.00025232910411432385
Epoch 339 val RMSE: 0.6881570710513835
Best model saved at epoch 339 with Test RMSE: 0.6881570710513835
Epoch 340 MSE: 0.00020645845506805927
Epoch 340 val RMSE: 0.8212410530636489
Epoch 341 MSE: 0.0002013789489865303
Epoch 341 val RMSE: 0.8600535401600493
Epoch 342 MSE: 0.0002264646755065769
Epoch 342 val RMSE: 0.7061036278949002
Epoch 343 MSE: 0.00017463827680330724
Epoch 343 val RMSE: 0.6832450195170059
Best model saved at epoch 343 with Test RMSE: 0.6832450195170059
Epoch 344 MSE: 0.00021830873447470367
Epoch 344 val RMSE: 0.6855137048070608
Epoch 345 MSE: 0.00017777695029508322
Epoch 345 val RMSE: 0.7933976840786204
Epoch 346 MSE: 0.00018956988060381263
Epoch 346 val RMSE: 0.798948059778587
Epoch 347 MSE: 0.0001906623801914975
Epoch 347 val RMSE: 0.6915579807152791
Epoch 348 MSE: 0.0001655433006817475
Epoch 348 val RMSE: 0.6785744070045099
Best model saved at epoch 348 with Test RMSE: 0.6785744070045099
Epoch 349 MSE: 0.00019032799173146486
Epoch 349 val RMSE: 0.6985700357806613
Epoch 350 MSE: 0.00016133332974277437
Epoch 350 val RMSE: 0.7817854381588923
Epoch 351 MSE: 0.0001760297891451046
Epoch 351 val RMSE: 0.7528169896430155
Epoch 352 MSE: 0.0001672311482252553
Epoch 352 val RMSE: 0.6816332141724765
Epoch 353 MSE: 0.0001597976661287248
Epoch 353 val RMSE: 0.6723947067507391
Best model saved at epoch 353 with Test RMSE: 0.6723947067507391
Epoch 354 MSE: 0.0001695413957349956
Epoch 354 val RMSE: 0.695132564450699
Epoch 355 MSE: 0.0001516176271252334
Epoch 355 val RMSE: 0.7386765405758717
Epoch 356 MSE: 0.00016374685219489038
Epoch 356 val RMSE: 0.7031829598168107
Epoch 357 MSE: 0.00015210073615889996
Epoch 357 val RMSE: 0.6673495227704265
Best model saved at epoch 357 with Test RMSE: 0.6673495227704265
Epoch 358 MSE: 0.00015374940994661301
Epoch 358 val RMSE: 0.6666250489079507
Best model saved at epoch 358 with Test RMSE: 0.6666250489079507
Epoch 359 MSE: 0.00015423264994751662
Epoch 359 val RMSE: 0.6856648270298423
Epoch 360 MSE: 0.0001462233776692301
Epoch 360 val RMSE: 0.7078823636167273
Epoch 361 MSE: 0.00015278207138180733
Epoch 361 val RMSE: 0.6788028133422264
Epoch 362 MSE: 0.00014333105355035514
Epoch 362 val RMSE: 0.6645172133085575
Best model saved at epoch 362 with Test RMSE: 0.6645172133085575
Epoch 363 MSE: 0.00014756774180568755
Epoch 363 val RMSE: 0.665591711904374
Epoch 364 MSE: 0.00014348917466122657
Epoch 364 val RMSE: 0.6871166677776512
Epoch 365 MSE: 0.00014194972754921764
Epoch 365 val RMSE: 0.6924959851572043
Epoch 366 MSE: 0.0001434925216017291
Epoch 366 val RMSE: 0.6693340202417624
Epoch 367 MSE: 0.00013832766853738576
Epoch 367 val RMSE: 0.6620120761913703
Best model saved at epoch 367 with Test RMSE: 0.6620120761913703
Epoch 368 MSE: 0.00014151239884085953
Epoch 368 val RMSE: 0.6660172806436762
Epoch 369 MSE: 0.00013689062325283885
Epoch 369 val RMSE: 0.6788524672228586
Epoch 370 MSE: 0.0001383013150189072
Epoch 370 val RMSE: 0.6721271884379587
Epoch 371 MSE: 0.0001365388452541083
Epoch 371 val RMSE: 0.6592373292940004
Best model saved at epoch 371 with Test RMSE: 0.6592373292940004
Epoch 372 MSE: 0.0001352375402348116
Epoch 372 val RMSE: 0.6576554597979923
Best model saved at epoch 372 with Test RMSE: 0.6576554597979923
Epoch 373 MSE: 0.00013590537128038704
Epoch 373 val RMSE: 0.6605775606053865
Epoch 374 MSE: 0.00013325233885552734
Epoch 374 val RMSE: 0.6664919003254177
Epoch 375 MSE: 0.00013453676365315914
Epoch 375 val RMSE: 0.6593692535222303
Epoch 376 MSE: 0.00013216244406066835
Epoch 376 val RMSE: 0.6546510335739998
Best model saved at epoch 376 with Test RMSE: 0.6546510335739998
Epoch 377 MSE: 0.00013269261398818344
Epoch 377 val RMSE: 0.6542502315463982
Best model saved at epoch 377 with Test RMSE: 0.6542502315463982
Epoch 378 MSE: 0.0001315168192377314
Epoch 378 val RMSE: 0.659128506404261
Epoch 379 MSE: 0.0001309782383032143
Epoch 379 val RMSE: 0.6594474418222613
Epoch 380 MSE: 0.00013088535342831165
Epoch 380 val RMSE: 0.6530235083906503
Best model saved at epoch 380 with Test RMSE: 0.6530235083906503
Epoch 381 MSE: 0.00012964887719135731
Epoch 381 val RMSE: 0.6514944155315382
Best model saved at epoch 381 with Test RMSE: 0.6514944155315382
Epoch 382 MSE: 0.00013002031482756138
Epoch 382 val RMSE: 0.651897689080681
Epoch 383 MSE: 0.00012868652993347496
Epoch 383 val RMSE: 0.6535569975366797
Epoch 384 MSE: 0.00012897611304651946
Epoch 384 val RMSE: 0.6502598811524101
Best model saved at epoch 384 with Test RMSE: 0.6502598811524101
Epoch 385 MSE: 0.00012798911484424025
Epoch 385 val RMSE: 0.6474613747803836
Best model saved at epoch 385 with Test RMSE: 0.6474613747803836
Epoch 386 MSE: 0.000127888546558097
Epoch 386 val RMSE: 0.6460914685579217
Best model saved at epoch 386 with Test RMSE: 0.6460914685579217
Epoch 387 MSE: 0.00012740184320136905
Epoch 387 val RMSE: 0.6466079547699545
Epoch 388 MSE: 0.00012688095739576966
Epoch 388 val RMSE: 0.6469426446827489
Epoch 389 MSE: 0.0001267837214982137
Epoch 389 val RMSE: 0.6440338296075527
Best model saved at epoch 389 with Test RMSE: 0.6440338296075527
Epoch 390 MSE: 0.00012600999616552144
Epoch 390 val RMSE: 0.6423554425948856
Best model saved at epoch 390 with Test RMSE: 0.6423554425948856
Epoch 391 MSE: 0.0001260553253814578
Epoch 391 val RMSE: 0.6424978838043393
Epoch 392 MSE: 0.00012530607637017965
Epoch 392 val RMSE: 0.6435632777472845
Epoch 393 MSE: 0.00012525588681455702
Epoch 393 val RMSE: 0.6415815887361388
Best model saved at epoch 393 with Test RMSE: 0.6415815887361388
Epoch 394 MSE: 0.00012470659567043185
Epoch 394 val RMSE: 0.639353094275712
Best model saved at epoch 394 with Test RMSE: 0.639353094275712
Epoch 395 MSE: 0.00012444851745385677
Epoch 395 val RMSE: 0.6386281503064684
Best model saved at epoch 395 with Test RMSE: 0.6386281503064684
Epoch 396 MSE: 0.0001241089921677485
Epoch 396 val RMSE: 0.6385616942392496
Best model saved at epoch 396 with Test RMSE: 0.6385616942392496
Epoch 397 MSE: 0.00012369350588414818
Epoch 397 val RMSE: 0.6379039008492972
Best model saved at epoch 397 with Test RMSE: 0.6379039008492972
Epoch 398 MSE: 0.0001234750816365704
Epoch 398 val RMSE: 0.6357655323154782
Best model saved at epoch 398 with Test RMSE: 0.6357655323154782
Epoch 399 MSE: 0.0001230053458129987
Epoch 399 val RMSE: 0.6341458860552487
Best model saved at epoch 399 with Test RMSE: 0.6341458860552487
Epoch 400 MSE: 0.00012282092939130962
Epoch 400 val RMSE: 0.6336353274248984
Best model saved at epoch 400 with Test RMSE: 0.6336353274248984
Epoch 401 MSE: 0.00012236263137310743
Epoch 401 val RMSE: 0.6339477669517168
Epoch 402 MSE: 0.00012216102913953364
Epoch 402 val RMSE: 0.6325125277639332
Best model saved at epoch 402 with Test RMSE: 0.6325125277639332
Epoch 403 MSE: 0.00012174490257166326
Epoch 403 val RMSE: 0.6307320244806018
Best model saved at epoch 403 with Test RMSE: 0.6307320244806018
Epoch 404 MSE: 0.00012149788381066173
Epoch 404 val RMSE: 0.6303037434595234
Best model saved at epoch 404 with Test RMSE: 0.6303037434595234
Epoch 405 MSE: 0.00012114899436710402
Epoch 405 val RMSE: 0.630580970580602
Epoch 406 MSE: 0.00012084476475138217
Epoch 406 val RMSE: 0.629845267662845
Best model saved at epoch 406 with Test RMSE: 0.629845267662845
Epoch 407 MSE: 0.00012056261039106175
Epoch 407 val RMSE: 0.628241976004021
Best model saved at epoch 407 with Test RMSE: 0.628241976004021
Epoch 408 MSE: 0.00012021665315842256
Epoch 408 val RMSE: 0.6272294810965398
Best model saved at epoch 408 with Test RMSE: 0.6272294810965398
Epoch 409 MSE: 0.00011996776447631419
Epoch 409 val RMSE: 0.6269290242063805
Best model saved at epoch 409 with Test RMSE: 0.6269290242063805
Epoch 410 MSE: 0.00011961617565248162
Epoch 410 val RMSE: 0.6267680194959158
Best model saved at epoch 410 with Test RMSE: 0.6267680194959158
Epoch 411 MSE: 0.00011936893133679405
Epoch 411 val RMSE: 0.6254550469389053
Best model saved at epoch 411 with Test RMSE: 0.6254550469389053
Epoch 412 MSE: 0.0001190333568956703
Epoch 412 val RMSE: 0.6239496703865312
Best model saved at epoch 412 with Test RMSE: 0.6239496703865312
Epoch 413 MSE: 0.00011877857468789443
Epoch 413 val RMSE: 0.6235182841265412
Best model saved at epoch 413 with Test RMSE: 0.6235182841265412
Epoch 414 MSE: 0.0001184617358376272
Epoch 414 val RMSE: 0.6236566889654722
Epoch 415 MSE: 0.0001181959523819387
Epoch 415 val RMSE: 0.6228008442202918
Best model saved at epoch 415 with Test RMSE: 0.6228008442202918
Epoch 416 MSE: 0.00011790056305471808
Epoch 416 val RMSE: 0.6215150232148877
Best model saved at epoch 416 with Test RMSE: 0.6215150232148877
Epoch 417 MSE: 0.00011761910718632862
Epoch 417 val RMSE: 0.6209819621124741
Best model saved at epoch 417 with Test RMSE: 0.6209819621124741
Epoch 418 MSE: 0.00011734587315004319
Epoch 418 val RMSE: 0.6209629568901249
Best model saved at epoch 418 with Test RMSE: 0.6209629568901249
Epoch 419 MSE: 0.00011705530050676316
Epoch 419 val RMSE: 0.6206258534851045
Best model saved at epoch 419 with Test RMSE: 0.6206258534851045
Epoch 420 MSE: 0.00011679351882776245
Epoch 420 val RMSE: 0.6195797731655974
Best model saved at epoch 420 with Test RMSE: 0.6195797731655974
Epoch 421 MSE: 0.00011650409578578547
Epoch 421 val RMSE: 0.6186097332883345
Best model saved at epoch 421 with Test RMSE: 0.6186097332883345
Epoch 422 MSE: 0.00011624574835877866
Epoch 422 val RMSE: 0.6183835042365247
Best model saved at epoch 422 with Test RMSE: 0.6183835042365247
Epoch 423 MSE: 0.00011596051626838744
Epoch 423 val RMSE: 0.618296556300186
Best model saved at epoch 423 with Test RMSE: 0.618296556300186
Epoch 424 MSE: 0.00011570432980079204
Epoch 424 val RMSE: 0.617363892470184
Best model saved at epoch 424 with Test RMSE: 0.617363892470184
Epoch 425 MSE: 0.0001154252458945848
Epoch 425 val RMSE: 0.6163429807965595
Best model saved at epoch 425 with Test RMSE: 0.6163429807965595
Epoch 426 MSE: 0.00011516798258526251
Epoch 426 val RMSE: 0.6160386898195468
Best model saved at epoch 426 with Test RMSE: 0.6160386898195468
Epoch 427 MSE: 0.00011489831376820803
Epoch 427 val RMSE: 0.6159600957928575
Best model saved at epoch 427 with Test RMSE: 0.6159600957928575
Epoch 428 MSE: 0.00011463840928627178
Epoch 428 val RMSE: 0.6154461208656682
Best model saved at epoch 428 with Test RMSE: 0.6154461208656682
Epoch 429 MSE: 0.00011437638750066981
Epoch 429 val RMSE: 0.6146588494625376
Best model saved at epoch 429 with Test RMSE: 0.6146588494625376
Epoch 430 MSE: 0.00011411656305426732
Epoch 430 val RMSE: 0.614165743430732
Best model saved at epoch 430 with Test RMSE: 0.614165743430732
Epoch 431 MSE: 0.00011386012192815542
Epoch 431 val RMSE: 0.6141495844312798
Best model saved at epoch 431 with Test RMSE: 0.6141495844312798
Epoch 432 MSE: 0.00011360118514858186
Epoch 432 val RMSE: 0.6139559102428589
Best model saved at epoch 432 with Test RMSE: 0.6139559102428589
Epoch 433 MSE: 0.00011335031740600243
Epoch 433 val RMSE: 0.6131972966164422
Best model saved at epoch 433 with Test RMSE: 0.6131972966164422
Epoch 434 MSE: 0.00011309313413221389
Epoch 434 val RMSE: 0.6126225329467938
Best model saved at epoch 434 with Test RMSE: 0.6126225329467938
Epoch 435 MSE: 0.0001128454168792814
Epoch 435 val RMSE: 0.6125398029317809
Best model saved at epoch 435 with Test RMSE: 0.6125398029317809
Epoch 436 MSE: 0.00011259192251600325
Epoch 436 val RMSE: 0.612355061334366
Best model saved at epoch 436 with Test RMSE: 0.612355061334366
Epoch 437 MSE: 0.00011234686826355755
Epoch 437 val RMSE: 0.6117915143111947
Best model saved at epoch 437 with Test RMSE: 0.6117915143111947
Epoch 438 MSE: 0.0001120968590839766
Epoch 438 val RMSE: 0.6112309826581933
Best model saved at epoch 438 with Test RMSE: 0.6112309826581933
Epoch 439 MSE: 0.00011185448965989053
Epoch 439 val RMSE: 0.6110014850251901
Best model saved at epoch 439 with Test RMSE: 0.6110014850251901
Epoch 440 MSE: 0.00011160860594827682
Epoch 440 val RMSE: 0.6109780476180573
Best model saved at epoch 440 with Test RMSE: 0.6109780476180573
Epoch 441 MSE: 0.0001113677499233745
Epoch 441 val RMSE: 0.6106518060350615
Best model saved at epoch 441 with Test RMSE: 0.6106518060350615
Epoch 442 MSE: 0.00011112637730548158
Epoch 442 val RMSE: 0.6101202930987114
Best model saved at epoch 442 with Test RMSE: 0.6101202930987114
Epoch 443 MSE: 0.00011088800965808332
Epoch 443 val RMSE: 0.6099378969285223
Best model saved at epoch 443 with Test RMSE: 0.6099378969285223
Epoch 444 MSE: 0.00011065021681133658
Epoch 444 val RMSE: 0.609965087602894
Epoch 445 MSE: 0.00011041427205782384
Epoch 445 val RMSE: 0.6097484813482025
Best model saved at epoch 445 with Test RMSE: 0.6097484813482025
Epoch 446 MSE: 0.00011018051009159535
Epoch 446 val RMSE: 0.6093652920071934
Best model saved at epoch 446 with Test RMSE: 0.6093652920071934
Epoch 447 MSE: 0.00010994725016644225
Epoch 447 val RMSE: 0.6091139552154065
Best model saved at epoch 447 with Test RMSE: 0.6091139552154065
Epoch 448 MSE: 0.00010971692972816527
Epoch 448 val RMSE: 0.6091032400348485
Best model saved at epoch 448 with Test RMSE: 0.6091032400348485
Epoch 449 MSE: 0.00010948693670798093
Epoch 449 val RMSE: 0.6090472880734711
Best model saved at epoch 449 with Test RMSE: 0.6090472880734711
Epoch 450 MSE: 0.00010925983224296942
Epoch 450 val RMSE: 0.6087211132833051
Best model saved at epoch 450 with Test RMSE: 0.6087211132833051
Epoch 451 MSE: 0.00010903276415774599
Epoch 451 val RMSE: 0.6084977952091267
Best model saved at epoch 451 with Test RMSE: 0.6084977952091267
Epoch 452 MSE: 0.00010880907211685553
Epoch 452 val RMSE: 0.6085522305743658
Epoch 453 MSE: 0.00010858565656235442
Epoch 453 val RMSE: 0.6085719661707074
Epoch 454 MSE: 0.00010836518777068704
Epoch 454 val RMSE: 0.6084326769652821
Best model saved at epoch 454 with Test RMSE: 0.6084326769652821
Epoch 455 MSE: 0.00010814531560754403
Epoch 455 val RMSE: 0.6083032524388168
Best model saved at epoch 455 with Test RMSE: 0.6083032524388168
Epoch 456 MSE: 0.00010792804096126929
Epoch 456 val RMSE: 0.608364539021019
Epoch 457 MSE: 0.00010771162487799302
Epoch 457 val RMSE: 0.6085238258631016
Epoch 458 MSE: 0.00010749787179520354
Epoch 458 val RMSE: 0.6084946606808499
Epoch 459 MSE: 0.0001072850645869039
Epoch 459 val RMSE: 0.6084217783459734
Epoch 460 MSE: 0.0001070747384801507
Epoch 460 val RMSE: 0.6085501002670104
Epoch 461 MSE: 0.00010686559835448861
Epoch 461 val RMSE: 0.6087392767680414
Epoch 462 MSE: 0.00010665884474292397
Epoch 462 val RMSE: 0.6088433024598577
Epoch 463 MSE: 0.00010645353904692456
Epoch 463 val RMSE: 0.6088827051980291
Epoch 464 MSE: 0.0001062503652065061
Epoch 464 val RMSE: 0.6090493677092627
Epoch 465 MSE: 0.00010604902490740642
Epoch 465 val RMSE: 0.6093688866724352
Epoch 466 MSE: 0.00010584938718238845
Epoch 466 val RMSE: 0.6095956011815572
Epoch 467 MSE: 0.00010565184493316337
Epoch 467 val RMSE: 0.6097655389799147
Epoch 468 MSE: 0.00010545612894929945
Epoch 468 val RMSE: 0.6100506338226425
Epoch 469 MSE: 0.00010526247933739796
Epoch 469 val RMSE: 0.6104403011663554
Epoch 470 MSE: 0.00010507068509468809
Epoch 470 val RMSE: 0.6108157902532073
Epoch 471 MSE: 0.00010488121188245714
Epoch 471 val RMSE: 0.6110993466063677
Epoch 472 MSE: 0.00010469341941643506
Epoch 472 val RMSE: 0.6114647075920868
Epoch 473 MSE: 0.00010450798436067998
Epoch 473 val RMSE: 0.6119592352252468
Epoch 474 MSE: 0.00010432444832986221
Epoch 474 val RMSE: 0.6124244584969357
Epoch 475 MSE: 0.00010414295684313402
Epoch 475 val RMSE: 0.6128507913612223
Epoch 476 MSE: 0.00010396359721198678
Epoch 476 val RMSE: 0.6133172577413267
Epoch 477 MSE: 0.00010378634033259004
Epoch 477 val RMSE: 0.6139060561290735
Epoch 478 MSE: 0.00010361125896451995
Epoch 478 val RMSE: 0.614509906800682
Epoch 479 MSE: 0.0001034383021760732
Epoch 479 val RMSE: 0.6150517025978507
Epoch 480 MSE: 0.00010326740448363125
Epoch 480 val RMSE: 0.6156502907297425
Epoch 481 MSE: 0.00010309886420145631
Epoch 481 val RMSE: 0.616330021930125
Epoch 482 MSE: 0.00010293225932400674
Epoch 482 val RMSE: 0.617043683643313
Epoch 483 MSE: 0.00010276780813001096
Epoch 483 val RMSE: 0.6177001465827974
Epoch 484 MSE: 0.00010260561248287559
Epoch 484 val RMSE: 0.6183865163489113
Epoch 485 MSE: 0.00010244549048366025
Epoch 485 val RMSE: 0.6191634886939466
Epoch 486 MSE: 0.00010228754399577156
Epoch 486 val RMSE: 0.6199537166886162
Epoch 487 MSE: 0.00010213162750005722
Epoch 487 val RMSE: 0.6207258706459572
Epoch 488 MSE: 0.00010197776282439008
Epoch 488 val RMSE: 0.6214971372012112
Epoch 489 MSE: 0.00010182601545238867
Epoch 489 val RMSE: 0.6223644238025587
Epoch 490 MSE: 0.0001016762325889431
Epoch 490 val RMSE: 0.6232411431495383
Epoch 491 MSE: 0.00010152852337341756
Epoch 491 val RMSE: 0.6241006340788285
Epoch 492 MSE: 0.00010138261859538034
Epoch 492 val RMSE: 0.6249617088032237
Epoch 493 MSE: 0.0001012387583614327
Epoch 493 val RMSE: 0.6258907408063398
Epoch 494 MSE: 0.00010109656432177871
Epoch 494 val RMSE: 0.6268395294240583
Epoch 495 MSE: 0.0001009563566185534
Epoch 495 val RMSE: 0.6277585426715514
Epoch 496 MSE: 0.00010081786604132503
Epoch 496 val RMSE: 0.6286833705825264
Epoch 497 MSE: 0.00010068101255455986
Epoch 497 val RMSE: 0.6296568235966202
Epoch 498 MSE: 0.00010054574522655457
Epoch 498 val RMSE: 0.6306524262073955
Epoch 499 MSE: 0.00010041210771305487
Epoch 499 val RMSE: 0.6316148468400375
Epoch 500 MSE: 0.00010027994721895084
Epoch 500 val RMSE: 0.6325938706607305
Epoch 501 MSE: 0.00010014925646828488
Epoch 501 val RMSE: 0.6335971582887844
Epoch 502 MSE: 0.00010001996997743845
Epoch 502 val RMSE: 0.6346345502064555
Epoch 503 MSE: 9.989203681470826e-05
Epoch 503 val RMSE: 0.6356223091511141
Epoch 504 MSE: 9.976518776966259e-05
Epoch 504 val RMSE: 0.6366519073786108
Epoch 505 MSE: 9.963963384507224e-05
Epoch 505 val RMSE: 0.6376516376862291
Epoch 506 MSE: 9.951556421583518e-05
Epoch 506 val RMSE: 0.6387528067823879
Epoch 507 MSE: 9.939224401023239e-05
Epoch 507 val RMSE: 0.6396930242243083
Epoch 508 MSE: 9.927028440870345e-05
Epoch 508 val RMSE: 0.6408445633308144
Epoch 509 MSE: 9.914964903146029e-05
Epoch 509 val RMSE: 0.641694362670191
Epoch 510 MSE: 9.903038153424859e-05
Epoch 510 val RMSE: 0.6430741920086767
Epoch 511 MSE: 9.891427180264145e-05
Epoch 511 val RMSE: 0.6435909695158907
Epoch 512 MSE: 9.880448487820104e-05
Epoch 512 val RMSE: 0.645499686739703
Epoch 513 MSE: 9.871118527371436e-05
Epoch 513 val RMSE: 0.6451187461767213
Epoch 514 MSE: 9.866409527603537e-05
Epoch 514 val RMSE: 0.648651616238317
Epoch 515 MSE: 9.875155228655785e-05
Epoch 515 val RMSE: 0.6454719614296713
Epoch 516 MSE: 9.925293852575123e-05
Epoch 516 val RMSE: 0.6539472186563965
Epoch 517 MSE: 0.0001010133491945453
Epoch 517 val RMSE: 0.6419876539478204
Epoch 518 MSE: 0.00010693271178752184
Epoch 518 val RMSE: 0.6665045322513086
Epoch 519 MSE: 0.0001253561640623957
Epoch 519 val RMSE: 0.6262358606002457
Epoch 520 MSE: 0.00018812360940501094
Epoch 520 val RMSE: 0.7013129939720155
Epoch 521 MSE: 0.00035189391928724945
Epoch 521 val RMSE: 0.5846973009781501
Best model saved at epoch 521 with Test RMSE: 0.5846973009781501
Epoch 522 MSE: 0.000834716425742954
Epoch 522 val RMSE: 0.7413740820382969
Epoch 523 MSE: 0.0009963498450815678
Epoch 523 val RMSE: 0.5808509790138255
Best model saved at epoch 523 with Test RMSE: 0.5808509790138255
Epoch 524 MSE: 0.0008651870302855968
Epoch 524 val RMSE: 0.6228884552358407
Epoch 525 MSE: 0.00010428854147903621
Epoch 525 val RMSE: 0.6965223138374514
Epoch 526 MSE: 0.0006801407434977591
Epoch 526 val RMSE: 0.6189770166493433
Epoch 527 MSE: 0.0005087809404358268
Epoch 527 val RMSE: 0.5659058037175294
Best model saved at epoch 527 with Test RMSE: 0.5659058037175294
Epoch 528 MSE: 0.000265244540059939
Epoch 528 val RMSE: 0.6481162504894933
Epoch 529 MSE: 0.000579916755668819
Epoch 529 val RMSE: 0.6704731888669679
Epoch 530 MSE: 0.0001343876647297293
Epoch 530 val RMSE: 0.6109897054625998
Epoch 531 MSE: 0.0004335285921115428
Epoch 531 val RMSE: 0.5891136299021935
Epoch 532 MSE: 0.0001547951396787539
Epoch 532 val RMSE: 0.6132200660071312
Epoch 533 MSE: 0.0003461835440248251
Epoch 533 val RMSE: 0.7321418735617168
Epoch 534 MSE: 0.00019277429964859039
Epoch 534 val RMSE: 0.6009711542093823
Epoch 535 MSE: 0.0002583271998446435
Epoch 535 val RMSE: 0.6346597671272337
Epoch 536 MSE: 0.0002062025887425989
Epoch 536 val RMSE: 0.5923443518584989
Epoch 537 MSE: 0.00019440903270151466
Epoch 537 val RMSE: 0.775886012261453
Epoch 538 MSE: 0.00021641921193804592
Epoch 538 val RMSE: 0.6017165791748004
Epoch 539 MSE: 0.000158852111781016
Epoch 539 val RMSE: 0.6490335138246452
Epoch 540 MSE: 0.00021458194532897323
Epoch 540 val RMSE: 0.5773991848525295
Epoch 541 MSE: 0.00012885739852208644
Epoch 541 val RMSE: 0.7508209027507874
Epoch 542 MSE: 0.000202046605409123
Epoch 542 val RMSE: 0.6003433854251553
Epoch 543 MSE: 0.00012016948312520981
Epoch 543 val RMSE: 0.6355028068021292
Epoch 544 MSE: 0.00018865954189095646
Epoch 544 val RMSE: 0.5678219696078266
Epoch 545 MSE: 0.00011329875997034833
Epoch 545 val RMSE: 0.6945551272773056
Epoch 546 MSE: 0.00016970679280348122
Epoch 546 val RMSE: 0.602298905104697
Epoch 547 MSE: 0.00011464658018667251
Epoch 547 val RMSE: 0.6065721609534271
Epoch 548 MSE: 0.0001555945782456547
Epoch 548 val RMSE: 0.5652891521366534
Best model saved at epoch 548 with Test RMSE: 0.5652891521366534
Epoch 549 MSE: 0.00011476498912088573
Epoch 549 val RMSE: 0.6457345538328206
Epoch 550 MSE: 0.0001417632884113118
Epoch 550 val RMSE: 0.6016048565109269
Epoch 551 MSE: 0.00011561575229279697
Epoch 551 val RMSE: 0.58642578125
Epoch 552 MSE: 0.00013305064931046218
Epoch 552 val RMSE: 0.565574350776497
Epoch 553 MSE: 0.0001151714677689597
Epoch 553 val RMSE: 0.6063415389413622
Epoch 554 MSE: 0.00012605094525497407
Epoch 554 val RMSE: 0.5901306919646775
Epoch 555 MSE: 0.00011356824688846245
Epoch 555 val RMSE: 0.5779602486180345
Epoch 556 MSE: 0.00012139719183323905
Epoch 556 val RMSE: 0.5657857719099516
Epoch 557 MSE: 0.00011206552881048992
Epoch 557 val RMSE: 0.5787668016437769
Epoch 558 MSE: 0.00011779178748838603
Epoch 558 val RMSE: 0.5762049261408888
Epoch 559 MSE: 0.00010991503950208426
Epoch 559 val RMSE: 0.5734017717004767
Epoch 560 MSE: 0.00011471664038253948
Epoch 560 val RMSE: 0.5682233929595719
Epoch 561 MSE: 0.00010863347415579483
Epoch 561 val RMSE: 0.5660338394256603
Epoch 562 MSE: 0.00011200636072317138
Epoch 562 val RMSE: 0.5674932900842927
Epoch 563 MSE: 0.00010722730803536251
Epoch 563 val RMSE: 0.5716849495945658
Epoch 564 MSE: 0.00010933863813988864
Epoch 564 val RMSE: 0.5747188284934425
Epoch 565 MSE: 0.00010648792522260919
Epoch 565 val RMSE: 0.5620624111722241
Best model saved at epoch 565 with Test RMSE: 0.5620624111722241
Epoch 566 MSE: 0.00010697580000851303
Epoch 566 val RMSE: 0.561983639755572
Best model saved at epoch 566 with Test RMSE: 0.561983639755572
Epoch 567 MSE: 0.00010581807146081701
Epoch 567 val RMSE: 0.5701644130382735
Epoch 568 MSE: 0.0001048290214384906
Epoch 568 val RMSE: 0.5794191567096655
Epoch 569 MSE: 0.0001052981533575803
Epoch 569 val RMSE: 0.5602556595318565
Best model saved at epoch 569 with Test RMSE: 0.5602556595318565
Epoch 570 MSE: 0.0001031005012919195
Epoch 570 val RMSE: 0.5574022937909505
Best model saved at epoch 570 with Test RMSE: 0.5574022937909505
Epoch 571 MSE: 0.00010476168972672895
Epoch 571 val RMSE: 0.5664518929868672
Epoch 572 MSE: 0.00010173726332141086
Epoch 572 val RMSE: 0.5787209454899611
Epoch 573 MSE: 0.00010409943206468597
Epoch 573 val RMSE: 0.5593027270634757
Epoch 574 MSE: 0.00010078427294502035
Epoch 574 val RMSE: 0.5545681032439199
Best model saved at epoch 574 with Test RMSE: 0.5545681032439199
Epoch 575 MSE: 0.00010337866842746735
Epoch 575 val RMSE: 0.563250385555198
Epoch 576 MSE: 0.00010013613064074889
Epoch 576 val RMSE: 0.5759480445712052
Epoch 577 MSE: 0.00010251884668832645
Epoch 577 val RMSE: 0.5600545761642761
Epoch 578 MSE: 9.971446706913412e-05
Epoch 578 val RMSE: 0.554244979784043
Best model saved at epoch 578 with Test RMSE: 0.554244979784043
Epoch 579 MSE: 0.00010165306593989953
Epoch 579 val RMSE: 0.5619537297084762
Epoch 580 MSE: 9.944902558345348e-05
Epoch 580 val RMSE: 0.5723729212036505
Epoch 581 MSE: 0.00010077426122734323
Epoch 581 val RMSE: 0.560935998558649
Epoch 582 MSE: 9.9239892733749e-05
Epoch 582 val RMSE: 0.5552391747454674
Epoch 583 MSE: 9.996190055971965e-05
Epoch 583 val RMSE: 0.5609710895820414
Epoch 584 MSE: 9.905259503284469e-05
Epoch 584 val RMSE: 0.5676258505533647
Epoch 585 MSE: 9.922987374011427e-05
Epoch 585 val RMSE: 0.5607621846076359
Epoch 586 MSE: 9.883485472528264e-05
Epoch 586 val RMSE: 0.5566444530690053
Epoch 587 MSE: 9.860166755970567e-05
Epoch 587 val RMSE: 0.5603173613457065
Epoch 588 MSE: 9.858411794994026e-05
Epoch 588 val RMSE: 0.5637548014231227
Epoch 589 MSE: 9.808007598621771e-05
Epoch 589 val RMSE: 0.5607628489334756
Epoch 590 MSE: 9.82914207270369e-05
Epoch 590 val RMSE: 0.558897775996901
Epoch 591 MSE: 9.76500814431347e-05
Epoch 591 val RMSE: 0.5607469314698724
Epoch 592 MSE: 9.796188533073291e-05
Epoch 592 val RMSE: 0.561716302009522
Epoch 593 MSE: 9.730249439598992e-05
Epoch 593 val RMSE: 0.5612239669335571
Epoch 594 MSE: 9.761438559507951e-05
Epoch 594 val RMSE: 0.5612813676594304
Epoch 595 MSE: 9.701507224235684e-05
Epoch 595 val RMSE: 0.5611918656332001
Epoch 596 MSE: 9.725380368763581e-05
Epoch 596 val RMSE: 0.560381821845501
Epoch 597 MSE: 9.676814079284668e-05
Epoch 597 val RMSE: 0.5613927008981633
Epoch 598 MSE: 9.69000393524766e-05
Epoch 598 val RMSE: 0.5627594985024728
Epoch 599 MSE: 9.654509631218389e-05
Epoch 599 val RMSE: 0.5611908300768096
Epoch 600 MSE: 9.656007750891149e-05
Epoch 600 val RMSE: 0.559694419532656
Epoch 601 MSE: 9.63310812949203e-05
Epoch 601 val RMSE: 0.5618227219156163
Epoch 602 MSE: 9.62449557846412e-05
Epoch 602 val RMSE: 0.5639971571082979
Epoch 603 MSE: 9.611641144147143e-05
Epoch 603 val RMSE: 0.5616796127076275
Epoch 604 MSE: 9.595724259270355e-05
Epoch 604 val RMSE: 0.5602268541602854
Epoch 605 MSE: 9.58965320023708e-05
Epoch 605 val RMSE: 0.563083187418086
Epoch 606 MSE: 9.569802932674065e-05
Epoch 606 val RMSE: 0.5653042827154479
Epoch 607 MSE: 9.567022789269686e-05
Epoch 607 val RMSE: 0.5626300025756525
Epoch 608 MSE: 9.546484216116369e-05
Epoch 608 val RMSE: 0.5615002436616119
Epoch 609 MSE: 9.544111526338384e-05
Epoch 609 val RMSE: 0.5645533014124768
Epoch 610 MSE: 9.525191853754222e-05
Epoch 610 val RMSE: 0.5661966133213795
Epoch 611 MSE: 9.521200263407081e-05
Epoch 611 val RMSE: 0.5636751033402359
Epoch 612 MSE: 9.505291382083669e-05
Epoch 612 val RMSE: 0.5631522794206427
Epoch 613 MSE: 9.498877625446767e-05
Epoch 613 val RMSE: 0.566043685101713
Epoch 614 MSE: 9.486205817665905e-05
Epoch 614 val RMSE: 0.5670497001785065
Epoch 615 MSE: 9.477432467974722e-05
Epoch 615 val RMSE: 0.5651987556248766
Epoch 616 MSE: 9.467455674894154e-05
Epoch 616 val RMSE: 0.5653811155549743
Epoch 617 MSE: 9.457082342123613e-05
Epoch 617 val RMSE: 0.5677655188313707
Epoch 618 MSE: 9.448757919017226e-05
Epoch 618 val RMSE: 0.568244686549964
Epoch 619 MSE: 9.437855624128133e-05
Epoch 619 val RMSE: 0.5672147570909749
Epoch 620 MSE: 9.430126374354586e-05
Epoch 620 val RMSE: 0.5678248300510041
Epoch 621 MSE: 9.419571870239452e-05
Epoch 621 val RMSE: 0.569383465466341
Epoch 622 MSE: 9.411570499651134e-05
Epoch 622 val RMSE: 0.5695826681235986
Epoch 623 MSE: 9.402012801729143e-05
Epoch 623 val RMSE: 0.5693796183611326
Epoch 624 MSE: 9.393330401508138e-05
Epoch 624 val RMSE: 0.5701114875113847
Epoch 625 MSE: 9.384864097228274e-05
Epoch 625 val RMSE: 0.5709248221189868
Epoch 626 MSE: 9.375579975312576e-05
Epoch 626 val RMSE: 0.5712613873421479
Epoch 627 MSE: 9.367946768179536e-05
Epoch 627 val RMSE: 0.5717872208313076
Epoch 628 MSE: 9.358380339108407e-05
Epoch 628 val RMSE: 0.5723956224084199
Epoch 629 MSE: 9.351145126856863e-05
Epoch 629 val RMSE: 0.5727435254963613
Epoch 630 MSE: 9.34176059672609e-05
Epoch 630 val RMSE: 0.5734314224378447
Epoch 631 MSE: 9.334496280644089e-05
Epoch 631 val RMSE: 0.5743477086172011
Epoch 632 MSE: 9.325588325737044e-05
Epoch 632 val RMSE: 0.574611866606517
Epoch 633 MSE: 9.318038064520806e-05
Epoch 633 val RMSE: 0.5747914475093404
Epoch 634 MSE: 9.309723100159317e-05
Epoch 634 val RMSE: 0.575840741711155
Epoch 635 MSE: 9.301856334786862e-05
Epoch 635 val RMSE: 0.5767923150366061
Epoch 636 MSE: 9.294041228713468e-05
Epoch 636 val RMSE: 0.5767762198967984
Epoch 637 MSE: 9.28599329199642e-05
Epoch 637 val RMSE: 0.577134546929264
Epoch 638 MSE: 9.278464858653024e-05
Epoch 638 val RMSE: 0.5784691739800251
Epoch 639 MSE: 9.270442387787625e-05
Epoch 639 val RMSE: 0.5792681501061505
Epoch 640 MSE: 9.262956154998392e-05
Epoch 640 val RMSE: 0.5792185261604776
Epoch 641 MSE: 9.255135228158906e-05
Epoch 641 val RMSE: 0.579918014059225
Epoch 642 MSE: 9.247579146176577e-05
Epoch 642 val RMSE: 0.581317130693465
Epoch 643 MSE: 9.239979408448562e-05
Epoch 643 val RMSE: 0.581884839377303
Epoch 644 MSE: 9.232322190655395e-05
Epoch 644 val RMSE: 0.5819963790381092
Epoch 645 MSE: 9.224913810612634e-05
Epoch 645 val RMSE: 0.5829805914116629
Epoch 646 MSE: 9.21721730264835e-05
Epoch 646 val RMSE: 0.5842274698900874
Epoch 647 MSE: 9.209886775352061e-05
Epoch 647 val RMSE: 0.5846690881175866
Epoch 648 MSE: 9.20224774745293e-05
Epoch 648 val RMSE: 0.5850942774960105
Epoch 649 MSE: 9.194900485454127e-05
Epoch 649 val RMSE: 0.5862377923129581
Epoch 650 MSE: 9.187373507302254e-05
Epoch 650 val RMSE: 0.5872793473161283
Epoch 651 MSE: 9.179981134366244e-05
Epoch 651 val RMSE: 0.5877923978443735
Epoch 652 MSE: 9.172555292025208e-05
Epoch 652 val RMSE: 0.5885362343551509
Epoch 653 MSE: 9.16510762181133e-05
Epoch 653 val RMSE: 0.5896602117696583
Epoch 654 MSE: 9.157769818557426e-05
Epoch 654 val RMSE: 0.5905490473194946
Epoch 655 MSE: 9.150335245067254e-05
Epoch 655 val RMSE: 0.5912440522279845
Epoch 656 MSE: 9.142999624600634e-05
Epoch 656 val RMSE: 0.592164985812538
Epoch 657 MSE: 9.135630534728989e-05
Epoch 657 val RMSE: 0.5931641047040908
Epoch 658 MSE: 9.128290548687801e-05
Epoch 658 val RMSE: 0.5940350300128134
Epoch 659 MSE: 9.12095420062542e-05
Epoch 659 val RMSE: 0.5949365655358918
Epoch 660 MSE: 9.113590931519866e-05
Epoch 660 val RMSE: 0.5958982304485491
Epoch 661 MSE: 9.106294601224363e-05
Epoch 661 val RMSE: 0.5968223938053459
Epoch 662 MSE: 9.098924783756956e-05
Epoch 662 val RMSE: 0.5978078961431899
Epoch 663 MSE: 9.09165246412158e-05
Epoch 663 val RMSE: 0.5988452528204273
Epoch 664 MSE: 9.084305929718539e-05
Epoch 664 val RMSE: 0.599769098834042
Epoch 665 MSE: 9.077007416635752e-05
Epoch 665 val RMSE: 0.6007103271687659
Epoch 666 MSE: 9.069693624041975e-05
Epoch 666 val RMSE: 0.6018264241090912
Epoch 667 MSE: 9.062382741831243e-05
Epoch 667 val RMSE: 0.6028826706042587
Epoch 668 MSE: 9.055079135578126e-05
Epoch 668 val RMSE: 0.6037725006870609
Epoch 669 MSE: 9.04775588423945e-05
Epoch 669 val RMSE: 0.6048169965845909
Epoch 670 MSE: 9.040454460773617e-05
Epoch 670 val RMSE: 0.6060186780484076
Epoch 671 MSE: 9.033122478285804e-05
Epoch 671 val RMSE: 0.6070366524120875
Epoch 672 MSE: 9.025797771755606e-05
Epoch 672 val RMSE: 0.6079804039011969
Epoch 673 MSE: 9.018481068778783e-05
Epoch 673 val RMSE: 0.6091618042693965
Epoch 674 MSE: 9.01114399312064e-05
Epoch 674 val RMSE: 0.6103723141003538
Epoch 675 MSE: 9.003801824292168e-05
Epoch 675 val RMSE: 0.6113755326581689
Epoch 676 MSE: 8.996444375952706e-05
Epoch 676 val RMSE: 0.6124396411193799
Epoch 677 MSE: 8.98910075193271e-05
Epoch 677 val RMSE: 0.6137071576286451
Epoch 678 MSE: 8.981722203316167e-05
Epoch 678 val RMSE: 0.6148814324315678
Epoch 679 MSE: 8.974342199508101e-05
Epoch 679 val RMSE: 0.6159303875903949
Epoch 680 MSE: 8.966962923295796e-05
Epoch 680 val RMSE: 0.6171254235448344
Epoch 681 MSE: 8.959561819210649e-05
Epoch 681 val RMSE: 0.6184145403393093
Epoch 682 MSE: 8.95214980118908e-05
Epoch 682 val RMSE: 0.6195828516132438
Epoch 683 MSE: 8.944734145188704e-05
Epoch 683 val RMSE: 0.6207333124693097
Epoch 684 MSE: 8.937284292187542e-05
Epoch 684 val RMSE: 0.6220255166397779
Epoch 685 MSE: 8.929862815421075e-05
Epoch 685 val RMSE: 0.6233116472223703
Epoch 686 MSE: 8.922382403397933e-05
Epoch 686 val RMSE: 0.624524316966361
Epoch 687 MSE: 8.914898353395984e-05
Epoch 687 val RMSE: 0.6257911919460083
Epoch 688 MSE: 8.907399023883045e-05
Epoch 688 val RMSE: 0.6271204977544923
Epoch 689 MSE: 8.8998865976464e-05
Epoch 689 val RMSE: 0.6284189409487065
Epoch 690 MSE: 8.89236107468605e-05
Epoch 690 val RMSE: 0.6297121511703008
Epoch 691 MSE: 8.884813723852858e-05
Epoch 691 val RMSE: 0.6310538355385623
Epoch 692 MSE: 8.877248910721391e-05
Epoch 692 val RMSE: 0.6324040307301377
Epoch 693 MSE: 8.869656448950991e-05
Epoch 693 val RMSE: 0.6337565221206362
Epoch 694 MSE: 8.862057438818738e-05
Epoch 694 val RMSE: 0.6351318476682621
Epoch 695 MSE: 8.854428597260267e-05
Epoch 695 val RMSE: 0.636514525630586
Epoch 696 MSE: 8.84678665897809e-05
Epoch 696 val RMSE: 0.6379072178996951
Epoch 697 MSE: 8.839121437631547e-05
Epoch 697 val RMSE: 0.6393335863350907
Epoch 698 MSE: 8.831433660816401e-05
Epoch 698 val RMSE: 0.6407613376592229
Epoch 699 MSE: 8.823723328532651e-05
Epoch 699 val RMSE: 0.6421784430466159
Epoch 700 MSE: 8.815994806354865e-05
Epoch 700 val RMSE: 0.6436384780355691
Epoch 701 MSE: 8.80823063198477e-05
Epoch 701 val RMSE: 0.6451246131240935
Epoch 702 MSE: 8.800457726465538e-05
Epoch 702 val RMSE: 0.6465835495219275
Epoch 703 MSE: 8.792638982413337e-05
Epoch 703 val RMSE: 0.6480573436036369
Epoch 704 MSE: 8.78481223480776e-05
Epoch 704 val RMSE: 0.6495913156096849
Epoch 705 MSE: 8.77695856615901e-05
Epoch 705 val RMSE: 0.651115815072794
Epoch 706 MSE: 8.769061241764575e-05
Epoch 706 val RMSE: 0.6526177110862265
Epoch 707 MSE: 8.761150820646435e-05
Epoch 707 val RMSE: 0.6541651123376673
Epoch 708 MSE: 8.753200381761417e-05
Epoch 708 val RMSE: 0.6557474709991774
Epoch 709 MSE: 8.745236118556932e-05
Epoch 709 val RMSE: 0.6573002676141618
Epoch 710 MSE: 8.737220923649147e-05
Epoch 710 val RMSE: 0.6588643994246643
Epoch 711 MSE: 8.729205001145601e-05
Epoch 711 val RMSE: 0.6604763135438599
Epoch 712 MSE: 8.72114032972604e-05
Epoch 712 val RMSE: 0.6620924730872398
Epoch 713 MSE: 8.713058923603967e-05
Epoch 713 val RMSE: 0.663689901501156
Epoch 714 MSE: 8.704920765012503e-05
Epoch 714 val RMSE: 0.6653228020038404
Epoch 715 MSE: 8.696774602867663e-05
Epoch 715 val RMSE: 0.6669848149843047
Epoch 716 MSE: 8.688584057381377e-05
Epoch 716 val RMSE: 0.6686319104328011
Epoch 717 MSE: 8.680364408064634e-05
Epoch 717 val RMSE: 0.6702898310671771
Epoch 718 MSE: 8.672116382513195e-05
Epoch 718 val RMSE: 0.6719818252095376
Epoch 719 MSE: 8.663820335641503e-05
Epoch 719 val RMSE: 0.6736796339867376
Epoch 720 MSE: 8.655482088215649e-05
Epoch 720 val RMSE: 0.6753727334136462
Epoch 721 MSE: 8.647122012916952e-05
Epoch 721 val RMSE: 0.6770883388823326
Epoch 722 MSE: 8.638722647447139e-05
Epoch 722 val RMSE: 0.6788259724343496
Epoch 723 MSE: 8.630278898635879e-05
Epoch 723 val RMSE: 0.6805626069782701
Epoch 724 MSE: 8.621800952823833e-05
Epoch 724 val RMSE: 0.6823108733485296
Epoch 725 MSE: 8.613296085968614e-05
Epoch 725 val RMSE: 0.6840778925223884
Epoch 726 MSE: 8.604741742601618e-05
Epoch 726 val RMSE: 0.6858540686265104
Epoch 727 MSE: 8.596129191573709e-05
Epoch 727 val RMSE: 0.6876394173837914
Epoch 728 MSE: 8.587507181800902e-05
Epoch 728 val RMSE: 0.689436742139477
Epoch 729 MSE: 8.578824053984135e-05
Epoch 729 val RMSE: 0.6912459279193931
Epoch 730 MSE: 8.57010527397506e-05
Epoch 730 val RMSE: 0.693067440845437
Epoch 731 MSE: 8.561325375922024e-05
Epoch 731 val RMSE: 0.6948994470486244
Epoch 732 MSE: 8.552537474315614e-05
Epoch 732 val RMSE: 0.6967367094898682
Epoch 733 MSE: 8.5436760855373e-05
Epoch 733 val RMSE: 0.6985884868071187
Epoch 734 MSE: 8.534792868886143e-05
Epoch 734 val RMSE: 0.700453749118879
Epoch 735 MSE: 8.52586017572321e-05
Epoch 735 val RMSE: 0.7023229474985192
Epoch 736 MSE: 8.516852540196851e-05
Epoch 736 val RMSE: 0.704201277234025
Epoch 737 MSE: 8.507823076797649e-05
Epoch 737 val RMSE: 0.7060953342245234
Epoch 738 MSE: 8.498733950546011e-05
Epoch 738 val RMSE: 0.7079991412453912
Epoch 739 MSE: 8.489599713357165e-05
Epoch 739 val RMSE: 0.7099019987678682
Epoch 740 MSE: 8.480415272060782e-05
Epoch 740 val RMSE: 0.711820075551212
Epoch 741 MSE: 8.471198088955134e-05
Epoch 741 val RMSE: 0.7137532906531591
Epoch 742 MSE: 8.461909601464868e-05
Epoch 742 val RMSE: 0.7156839488041898
Epoch 743 MSE: 8.452586916973814e-05
Epoch 743 val RMSE: 0.7176219131491046
Epoch 744 MSE: 8.443208207609132e-05
Epoch 744 val RMSE: 0.7195771889202447
Epoch 745 MSE: 8.43375819385983e-05
Epoch 745 val RMSE: 0.7215361704097052
Epoch 746 MSE: 8.424283441854641e-05
Epoch 746 val RMSE: 0.7234954085767853
Epoch 747 MSE: 8.414743206230924e-05
Epoch 747 val RMSE: 0.7254652536485836
Epoch 748 MSE: 8.405160770053044e-05
Epoch 748 val RMSE: 0.7274488969269445
Epoch 749 MSE: 8.395512122660875e-05
Epoch 749 val RMSE: 0.7294285349415494
Epoch 750 MSE: 8.3858089055866e-05
Epoch 750 val RMSE: 0.731412716229628
Epoch 751 MSE: 8.376067853532732e-05
Epoch 751 val RMSE: 0.7334124161242732
Epoch 752 MSE: 8.366246765945107e-05
Epoch 752 val RMSE: 0.7354099204931002
Epoch 753 MSE: 8.35640385048464e-05
Epoch 753 val RMSE: 0.7374081570609982
Epoch 754 MSE: 8.3464830822777e-05
Epoch 754 val RMSE: 0.7394157452614295
Epoch 755 MSE: 8.336523751495406e-05
Epoch 755 val RMSE: 0.741426579766469
Epoch 756 MSE: 8.326493116328493e-05
Epoch 756 val RMSE: 0.7434348616807775
Epoch 757 MSE: 8.316412277054042e-05
Epoch 757 val RMSE: 0.7454475680308069
Epoch 758 MSE: 8.306278323289007e-05
Epoch 758 val RMSE: 0.747465819339644
Epoch 759 MSE: 8.296119631268084e-05
Epoch 759 val RMSE: 0.7494810613767751
Epoch 760 MSE: 8.285875082947314e-05
Epoch 760 val RMSE: 0.751498434147628
Epoch 761 MSE: 8.275571599369869e-05
Epoch 761 val RMSE: 0.7535129766580841
Epoch 762 MSE: 8.265236101578921e-05
Epoch 762 val RMSE: 0.7555306678495505
Epoch 763 MSE: 8.254832937382162e-05
Epoch 763 val RMSE: 0.7575449520407933
Epoch 764 MSE: 8.24439266580157e-05
Epoch 764 val RMSE: 0.7595540906920399
Epoch 765 MSE: 8.233900007326156e-05
Epoch 765 val RMSE: 0.7615654815627986
Epoch 766 MSE: 8.223345503211021e-05
Epoch 766 val RMSE: 0.7635690371060317
Epoch 767 MSE: 8.212769898818806e-05
Epoch 767 val RMSE: 0.7655675438322288
Epoch 768 MSE: 8.202118624467403e-05
Epoch 768 val RMSE: 0.7675630990224762
Epoch 769 MSE: 8.191437518689781e-05
Epoch 769 val RMSE: 0.7695546025639519
Epoch 770 MSE: 8.180707663996145e-05
Epoch 770 val RMSE: 0.7715340127548992
Epoch 771 MSE: 8.16993197076954e-05
Epoch 771 val RMSE: 0.7735059688586868
Epoch 772 MSE: 8.159124263329431e-05
Epoch 772 val RMSE: 0.7754748704627625
Epoch 773 MSE: 8.148270717356354e-05
Epoch 773 val RMSE: 0.7774281671587787
Epoch 774 MSE: 8.137384429574013e-05
Epoch 774 val RMSE: 0.7793721710006898
Epoch 775 MSE: 8.126461034407839e-05
Epoch 775 val RMSE: 0.781305730739265
Epoch 776 MSE: 8.115520904539153e-05
Epoch 776 val RMSE: 0.7832283149150105
Epoch 777 MSE: 8.10455676401034e-05
Epoch 777 val RMSE: 0.7851322606915121
Epoch 778 MSE: 8.093555516097695e-05
Epoch 778 val RMSE: 0.7870229668907466
Epoch 779 MSE: 8.082525891950354e-05
Epoch 779 val RMSE: 0.7889018508990965
Epoch 780 MSE: 8.07148462627083e-05
Epoch 780 val RMSE: 0.7907598764922573
Epoch 781 MSE: 8.060428081080317e-05
Epoch 781 val RMSE: 0.7925992584043119
Epoch 782 MSE: 8.049370808294043e-05
Epoch 782 val RMSE: 0.7944216642322272
Epoch 783 MSE: 8.038285886868834e-05
Epoch 783 val RMSE: 0.7962219704046669
Epoch 784 MSE: 8.027214062167332e-05
Epoch 784 val RMSE: 0.7980018576884815
Epoch 785 MSE: 8.016145147848874e-05
Epoch 785 val RMSE: 0.799756618075282
Epoch 786 MSE: 8.005078416317701e-05
Epoch 786 val RMSE: 0.8014893541182329
Epoch 787 MSE: 7.994023326318711e-05
Epoch 787 val RMSE: 0.8031925276929237
Epoch 788 MSE: 7.982987881405279e-05
Epoch 788 val RMSE: 0.8048728803407378
Epoch 789 MSE: 7.971968443598598e-05
Epoch 789 val RMSE: 0.806522499283835
Epoch 790 MSE: 7.960986840771511e-05
Epoch 790 val RMSE: 0.8081441172782129
Epoch 791 MSE: 7.950032158987597e-05
Epoch 791 val RMSE: 0.809733412341585
Epoch 792 MSE: 7.93912258814089e-05
Epoch 792 val RMSE: 0.8112916029973404
Epoch 793 MSE: 7.928239938337356e-05
Epoch 793 val RMSE: 0.8128124516599671
Epoch 794 MSE: 7.917422044556588e-05
Epoch 794 val RMSE: 0.8143010351943433
Epoch 795 MSE: 7.906645623734221e-05
Epoch 795 val RMSE: 0.8157512830115659
Epoch 796 MSE: 7.895953604020178e-05
Epoch 796 val RMSE: 0.8171666086126727
Epoch 797 MSE: 7.885313243605196e-05
Epoch 797 val RMSE: 0.8185410764450491
Epoch 798 MSE: 7.874736184021458e-05
Epoch 798 val RMSE: 0.8198724565520328
Epoch 799 MSE: 7.864274084568024e-05
Epoch 799 val RMSE: 0.8211621198854125
Epoch 800 MSE: 7.853870920371264e-05
Epoch 800 val RMSE: 0.8224091393278355
Epoch 801 MSE: 7.84357325755991e-05
Epoch 801 val RMSE: 0.8236125506630965
Epoch 802 MSE: 7.833373820176348e-05
Epoch 802 val RMSE: 0.8247681002820483
Epoch 803 MSE: 7.82326387707144e-05
Epoch 803 val RMSE: 0.8258792367938804
Epoch 804 MSE: 7.813269621692598e-05
Epoch 804 val RMSE: 0.8269369131885816
Epoch 805 MSE: 7.803393236827105e-05
Epoch 805 val RMSE: 0.827948065515757
Epoch 806 MSE: 7.793640543241054e-05
Epoch 806 val RMSE: 0.8289070395448828
Epoch 807 MSE: 7.784007902955636e-05
Epoch 807 val RMSE: 0.829814447148837
Epoch 808 MSE: 7.774501864332706e-05
Epoch 808 val RMSE: 0.8306665107911618
Epoch 809 MSE: 7.765109330648556e-05
Epoch 809 val RMSE: 0.8314674867339471
Epoch 810 MSE: 7.755876868031919e-05
Epoch 810 val RMSE: 0.8322127238342607
Epoch 811 MSE: 7.746772462269291e-05
Epoch 811 val RMSE: 0.8328993302933291
Epoch 812 MSE: 7.737808482488617e-05
Epoch 812 val RMSE: 0.8335329571680248
Epoch 813 MSE: 7.728987111477181e-05
Epoch 813 val RMSE: 0.8341086158852603
Epoch 814 MSE: 7.720316352788359e-05
Epoch 814 val RMSE: 0.8346271762451027
Epoch 815 MSE: 7.711796934017912e-05
Epoch 815 val RMSE: 0.8350864606054597
Epoch 816 MSE: 7.703399751335382e-05
Epoch 816 val RMSE: 0.8354844621529616
Epoch 817 MSE: 7.695187377976254e-05
Epoch 817 val RMSE: 0.8358268308022107
Epoch 818 MSE: 7.687108154641464e-05
Epoch 818 val RMSE: 0.8361102843641359
Epoch 819 MSE: 7.67917517805472e-05
Epoch 819 val RMSE: 0.836332530865741
Epoch 820 MSE: 7.671381172258407e-05
Epoch 820 val RMSE: 0.836497253107918
Epoch 821 MSE: 7.663747237529606e-05
Epoch 821 val RMSE: 0.8366034876258959
Epoch 822 MSE: 7.656251545995474e-05
Epoch 822 val RMSE: 0.8366499743436585
Epoch 823 MSE: 7.648902828805149e-05
Epoch 823 val RMSE: 0.8366364382479583
Epoch 824 MSE: 7.64168580644764e-05
Epoch 824 val RMSE: 0.8365676857492245
Epoch 825 MSE: 7.634598296135664e-05
Epoch 825 val RMSE: 0.8364419929995419
Epoch 826 MSE: 7.627668674103916e-05
Epoch 826 val RMSE: 0.8362569109598331
Epoch 827 MSE: 7.620856922585517e-05
Epoch 827 val RMSE: 0.8360177117483784
Epoch 828 MSE: 7.614169589942321e-05
Epoch 828 val RMSE: 0.8357252404085341
Epoch 829 MSE: 7.607608858961612e-05
Epoch 829 val RMSE: 0.835376872369819
Epoch 830 MSE: 7.601165270898491e-05
Epoch 830 val RMSE: 0.8349730373643557
Epoch 831 MSE: 7.594826456625015e-05
Epoch 831 val RMSE: 0.8345237256489233
Epoch 832 MSE: 7.588611333630979e-05
Epoch 832 val RMSE: 0.8340202520367807
Epoch 833 MSE: 7.582497346447781e-05
Epoch 833 val RMSE: 0.8334678104297079
Epoch 834 MSE: 7.576483767479658e-05
Epoch 834 val RMSE: 0.8328642637616266
Epoch 835 MSE: 7.570574234705418e-05
Epoch 835 val RMSE: 0.83221727181159
Epoch 836 MSE: 7.564749103039503e-05
Epoch 836 val RMSE: 0.8315248694608911
Epoch 837 MSE: 7.559019286418334e-05
Epoch 837 val RMSE: 0.8307909967418604
Epoch 838 MSE: 7.553377508884296e-05
Epoch 838 val RMSE: 0.8300087215356021
Epoch 839 MSE: 7.547817222075537e-05
Epoch 839 val RMSE: 0.829200765653
Epoch 840 MSE: 7.542330422438681e-05
Epoch 840 val RMSE: 0.8283200304228328
Epoch 841 MSE: 7.536916382377967e-05
Epoch 841 val RMSE: 0.8274944351908108
Epoch 842 MSE: 7.531662413384765e-05
Epoch 842 val RMSE: 0.8263677991496495
Epoch 843 MSE: 7.527039269916713e-05
Epoch 843 val RMSE: 0.8259918160968314
Epoch 844 MSE: 7.528454443672672e-05
Epoch 844 val RMSE: 0.8230754280659518
Epoch 845 MSE: 7.594139606226236e-05
Epoch 845 val RMSE: 0.827420096616551
Epoch 846 MSE: 8.059545507421717e-05
Epoch 846 val RMSE: 0.810611400563702
Epoch 847 MSE: 8.570418867748231e-05
Epoch 847 val RMSE: 0.8289654263901342
Epoch 848 MSE: 7.81987837399356e-05
Epoch 848 val RMSE: 0.8548680465221338
Epoch 849 MSE: 8.14340019132942e-05
Epoch 849 val RMSE: 0.8181575262191538
Epoch 850 MSE: 8.173372771125287e-05
Epoch 850 val RMSE: 0.8268866006350287
Epoch 851 MSE: 7.725426985416561e-05
Epoch 851 val RMSE: 0.8250704157284634
Epoch 852 MSE: 7.670152990613133e-05
Epoch 852 val RMSE: 0.7987847724473637
Epoch 853 MSE: 7.899184856796637e-05
Epoch 853 val RMSE: 0.8020964080603614
Epoch 854 MSE: 7.855605508666486e-05
Epoch 854 val RMSE: 0.8178026950760054
Epoch 855 MSE: 7.655084482394159e-05
Epoch 855 val RMSE: 0.8135297558670059
Epoch 856 MSE: 7.637304224772379e-05
Epoch 856 val RMSE: 0.8214258540446192
Epoch 857 MSE: 7.76849701651372e-05
Epoch 857 val RMSE: 0.8275778420360581
Epoch 858 MSE: 7.746885239612311e-05
Epoch 858 val RMSE: 0.8158079811718608
Epoch 859 MSE: 7.661607378395274e-05
Epoch 859 val RMSE: 0.8055435367944589
Epoch 860 MSE: 7.657721289433539e-05
Epoch 860 val RMSE: 0.8012440530374773
Epoch 861 MSE: 7.635343354195356e-05
Epoch 861 val RMSE: 0.7952018825744741
Epoch 862 MSE: 7.636891677975655e-05
Epoch 862 val RMSE: 0.7893154380961743
Epoch 863 MSE: 7.67168021411635e-05
Epoch 863 val RMSE: 0.7946489320097244
Epoch 864 MSE: 7.621021359227598e-05
Epoch 864 val RMSE: 0.8014220860211324
Epoch 865 MSE: 7.559781079180539e-05
Epoch 865 val RMSE: 0.7990420178714995
Epoch 866 MSE: 7.582393300253898e-05
Epoch 866 val RMSE: 0.8033598530482371
Epoch 867 MSE: 7.612536865053698e-05
Epoch 867 val RMSE: 0.8057900440090513
Epoch 868 MSE: 7.59376198402606e-05
Epoch 868 val RMSE: 0.7922411808282619
Epoch 869 MSE: 7.550557347713038e-05
Epoch 869 val RMSE: 0.7896549531232394
Epoch 870 MSE: 7.54007778596133e-05
Epoch 870 val RMSE: 0.7885687010014002
Epoch 871 MSE: 7.565053238067776e-05
Epoch 871 val RMSE: 0.7789049429772525
Epoch 872 MSE: 7.558616198366508e-05
Epoch 872 val RMSE: 0.7825153022708016
Epoch 873 MSE: 7.527277193730697e-05
Epoch 873 val RMSE: 0.7874807612778753
Epoch 874 MSE: 7.522445957874879e-05
Epoch 874 val RMSE: 0.7822406591319153
Epoch 875 MSE: 7.525270484620705e-05
Epoch 875 val RMSE: 0.7868461831461735
Epoch 876 MSE: 7.519928476540372e-05
Epoch 876 val RMSE: 0.7870718140076377
Epoch 877 MSE: 7.51716288505122e-05
Epoch 877 val RMSE: 0.7782511566722103
Epoch 878 MSE: 7.508722046623006e-05
Epoch 878 val RMSE: 0.7782168828190245
Epoch 879 MSE: 7.497239857912064e-05
Epoch 879 val RMSE: 0.7756156306657638
Epoch 880 MSE: 7.496208854718134e-05
Epoch 880 val RMSE: 0.770707214623035
Epoch 881 MSE: 7.496699981857091e-05
Epoch 881 val RMSE: 0.7733067488691193
Epoch 882 MSE: 7.489199924748391e-05
Epoch 882 val RMSE: 0.7744628967820045
Epoch 883 MSE: 7.478422048734501e-05
Epoch 883 val RMSE: 0.7737788208260549
Epoch 884 MSE: 7.472175639122725e-05
Epoch 884 val RMSE: 0.7755075746064265
Epoch 885 MSE: 7.473903679056093e-05
Epoch 885 val RMSE: 0.7744799822811782
Epoch 886 MSE: 7.472734432667494e-05
Epoch 886 val RMSE: 0.7712526770225323
Epoch 887 MSE: 7.461937639163807e-05
Epoch 887 val RMSE: 0.7684533174739893
Epoch 888 MSE: 7.455082959495485e-05
Epoch 888 val RMSE: 0.7667872890314356
Epoch 889 MSE: 7.456692401319742e-05
Epoch 889 val RMSE: 0.7645378568743104
Epoch 890 MSE: 7.454269507434219e-05
Epoch 890 val RMSE: 0.7634305450709772
Epoch 891 MSE: 7.446098607033491e-05
Epoch 891 val RMSE: 0.7650066915231895
Epoch 892 MSE: 7.440529589075595e-05
Epoch 892 val RMSE: 0.7639778870458156
Epoch 893 MSE: 7.438831380568445e-05
Epoch 893 val RMSE: 0.7628194046176849
Epoch 894 MSE: 7.437071326421574e-05
Epoch 894 val RMSE: 0.763449673143757
Epoch 895 MSE: 7.432409620378166e-05
Epoch 895 val RMSE: 0.7598333255053525
Epoch 896 MSE: 7.426502997986972e-05
Epoch 896 val RMSE: 0.7578668869794842
Epoch 897 MSE: 7.423522765748203e-05
Epoch 897 val RMSE: 0.7579584276152693
Epoch 898 MSE: 7.422000635415316e-05
Epoch 898 val RMSE: 0.7551378458386283
Epoch 899 MSE: 7.417742745019495e-05
Epoch 899 val RMSE: 0.7555129960366852
Epoch 900 MSE: 7.41251787985675e-05
Epoch 900 val RMSE: 0.756433510386626
Epoch 901 MSE: 7.409429963445291e-05
Epoch 901 val RMSE: 0.7544505866992507
Epoch 902 MSE: 7.407047087326646e-05
Epoch 902 val RMSE: 0.7547165859138155
Epoch 903 MSE: 7.403530617011711e-05
Epoch 903 val RMSE: 0.7534378256810931
Epoch 904 MSE: 7.399378955597058e-05
Epoch 904 val RMSE: 0.7506120489116491
Epoch 905 MSE: 7.395692227873951e-05
Epoch 905 val RMSE: 0.7497487044544227
Epoch 906 MSE: 7.392765837721527e-05
Epoch 906 val RMSE: 0.7480866742813939
Epoch 907 MSE: 7.389670645352453e-05
Epoch 907 val RMSE: 0.7467143089416204
Epoch 908 MSE: 7.385713252006099e-05
Epoch 908 val RMSE: 0.7464863009106092
Epoch 909 MSE: 7.381942850770429e-05
Epoch 909 val RMSE: 0.7457641752419529
Epoch 910 MSE: 7.37909140298143e-05
Epoch 910 val RMSE: 0.7448666852681268
Epoch 911 MSE: 7.376085704891011e-05
Epoch 911 val RMSE: 0.7438654753854547
Epoch 912 MSE: 7.372239633696154e-05
Epoch 912 val RMSE: 0.7428499979288635
Epoch 913 MSE: 7.368516526184976e-05
Epoch 913 val RMSE: 0.7412934389300285
Epoch 914 MSE: 7.365341298282146e-05
Epoch 914 val RMSE: 0.7402971789609158
Epoch 915 MSE: 7.362217002082616e-05
Epoch 915 val RMSE: 0.7399065403944772
Epoch 916 MSE: 7.358736911555752e-05
Epoch 916 val RMSE: 0.7387496834639695
Epoch 917 MSE: 7.355146954068914e-05
Epoch 917 val RMSE: 0.73856134500548
Epoch 918 MSE: 7.351784006459638e-05
Epoch 918 val RMSE: 0.7380283467501024
Epoch 919 MSE: 7.348638609983027e-05
Epoch 919 val RMSE: 0.7364473119951482
Epoch 920 MSE: 7.345276389969513e-05
Epoch 920 val RMSE: 0.735901159859267
Epoch 921 MSE: 7.341676246142015e-05
Epoch 921 val RMSE: 0.734473201597823
Epoch 922 MSE: 7.338248542509973e-05
Epoch 922 val RMSE: 0.7331144999787145
Epoch 923 MSE: 7.335058762691915e-05
Epoch 923 val RMSE: 0.7328137786138316
Epoch 924 MSE: 7.331724191317335e-05
Epoch 924 val RMSE: 0.7317440711362172
Epoch 925 MSE: 7.328196079470217e-05
Epoch 925 val RMSE: 0.7312606354290517
Epoch 926 MSE: 7.32478074496612e-05
Epoch 926 val RMSE: 0.7308895918340573
Epoch 927 MSE: 7.321448356378824e-05
Epoch 927 val RMSE: 0.729827926160399
Epoch 928 MSE: 7.318066491279751e-05
Epoch 928 val RMSE: 0.7291315251919557
Epoch 929 MSE: 7.314636604860425e-05
Epoch 929 val RMSE: 0.7282059243873505
Epoch 930 MSE: 7.311250374186784e-05
Epoch 930 val RMSE: 0.7272326342547505
Epoch 931 MSE: 7.307812484214082e-05
Epoch 931 val RMSE: 0.7264855046647569
Epoch 932 MSE: 7.304396422114223e-05
Epoch 932 val RMSE: 0.7258116421120837
Epoch 933 MSE: 7.300997094716877e-05
Epoch 933 val RMSE: 0.7250982727664677
Epoch 934 MSE: 7.297630509128794e-05
Epoch 934 val RMSE: 0.7243407129264947
Epoch 935 MSE: 7.294175156857818e-05
Epoch 935 val RMSE: 0.7237524018717229
Epoch 936 MSE: 7.290707435458899e-05
Epoch 936 val RMSE: 0.7228017299722173
Epoch 937 MSE: 7.287313201231882e-05
Epoch 937 val RMSE: 0.7220796501416459
Epoch 938 MSE: 7.283921877387911e-05
Epoch 938 val RMSE: 0.7214150982587393
Epoch 939 MSE: 7.28047889424488e-05
Epoch 939 val RMSE: 0.7203965607619809
Epoch 940 MSE: 7.277054100995883e-05
Epoch 940 val RMSE: 0.7198100772680099
Epoch 941 MSE: 7.273648952832446e-05
Epoch 941 val RMSE: 0.718906551395014
Epoch 942 MSE: 7.270192145369947e-05
Epoch 942 val RMSE: 0.7180227248997365
Epoch 943 MSE: 7.266772445291281e-05
Epoch 943 val RMSE: 0.7174575629627196
Epoch 944 MSE: 7.263392035383731e-05
Epoch 944 val RMSE: 0.7165682477425235
Epoch 945 MSE: 7.259966514538974e-05
Epoch 945 val RMSE: 0.7159509058296233
Epoch 946 MSE: 7.256559183588251e-05
Epoch 946 val RMSE: 0.7152475352719829
Epoch 947 MSE: 7.253173680510372e-05
Epoch 947 val RMSE: 0.7144006909066989
Epoch 948 MSE: 7.249761983985081e-05
Epoch 948 val RMSE: 0.7136934958838385
Epoch 949 MSE: 7.24638084648177e-05
Epoch 949 val RMSE: 0.7128786268922923
Epoch 950 MSE: 7.243002619361505e-05
Epoch 950 val RMSE: 0.7121166051015255
Epoch 951 MSE: 7.239635306177661e-05
Epoch 951 val RMSE: 0.7113545211260064
Epoch 952 MSE: 7.236275268951431e-05
Epoch 952 val RMSE: 0.7106568337911932
Epoch 953 MSE: 7.232905045384541e-05
Epoch 953 val RMSE: 0.7098777753772679
Epoch 954 MSE: 7.229577022371814e-05
Epoch 954 val RMSE: 0.7091665322930836
Epoch 955 MSE: 7.226239540614188e-05
Epoch 955 val RMSE: 0.7084078796279124
Epoch 956 MSE: 7.222919521154836e-05
Epoch 956 val RMSE: 0.7075472892755131
Epoch 957 MSE: 7.219610415631905e-05
Epoch 957 val RMSE: 0.7068770857020469
Epoch 958 MSE: 7.21629912732169e-05
Epoch 958 val RMSE: 0.705997723277206
Epoch 959 MSE: 7.213016942841932e-05
Epoch 959 val RMSE: 0.7052462263834595
Epoch 960 MSE: 7.209731847979128e-05
Epoch 960 val RMSE: 0.7045034883045934
Epoch 961 MSE: 7.206452573882416e-05
Epoch 961 val RMSE: 0.7037255795173383
Epoch 962 MSE: 7.203214772744104e-05
Epoch 962 val RMSE: 0.7030442933281996
Epoch 963 MSE: 7.199948595371097e-05
Epoch 963 val RMSE: 0.7022168122214282
Epoch 964 MSE: 7.196730439318344e-05
Epoch 964 val RMSE: 0.7015203391067832
Epoch 965 MSE: 7.193494820967317e-05
Epoch 965 val RMSE: 0.7007585757870923
Epoch 966 MSE: 7.190288306446746e-05
Epoch 966 val RMSE: 0.6999949191113408
Epoch 967 MSE: 7.18708906788379e-05
Epoch 967 val RMSE: 0.6992061549922393
Epoch 968 MSE: 7.183886191342026e-05
Epoch 968 val RMSE: 0.6985970402390331
Epoch 969 MSE: 7.180713873822242e-05
Epoch 969 val RMSE: 0.6977314821968597
Epoch 970 MSE: 7.177543739089742e-05
Epoch 970 val RMSE: 0.6971283678722785
Epoch 971 MSE: 7.174393249442801e-05
Epoch 971 val RMSE: 0.6963672781266046
Epoch 972 MSE: 7.17125876690261e-05
Epoch 972 val RMSE: 0.6957179612511359
Epoch 973 MSE: 7.168135925894603e-05
Epoch 973 val RMSE: 0.6948319821383097
Epoch 974 MSE: 7.165088754845783e-05
Epoch 974 val RMSE: 0.6945265496248317
Epoch 975 MSE: 7.162177644204348e-05
Epoch 975 val RMSE: 0.693070622883236
Epoch 976 MSE: 7.159873348427936e-05
Epoch 976 val RMSE: 0.6937736670435053
Epoch 977 MSE: 7.160222594393417e-05
Epoch 977 val RMSE: 0.6904754839307868
Epoch 978 MSE: 7.174765778472647e-05
Epoch 978 val RMSE: 0.6956750374660372
Epoch 979 MSE: 7.255206583067775e-05
Epoch 979 val RMSE: 0.6838904254730623
Epoch 980 MSE: 7.708230259595439e-05
Epoch 980 val RMSE: 0.7111656325974719
Epoch 981 MSE: 7.842794002499431e-05
Epoch 981 val RMSE: 0.6808647615150726
Epoch 982 MSE: 8.722153143025935e-05
Epoch 982 val RMSE: 0.7395165820735483
Epoch 983 MSE: 9.589198452886194e-05
Epoch 983 val RMSE: 0.683567809566411
Epoch 984 MSE: 9.324910206487402e-05
Epoch 984 val RMSE: 0.7186836129088479
Epoch 985 MSE: 0.00011334477312630042
Epoch 985 val RMSE: 0.7186289975686657
Epoch 986 MSE: 0.0001924730750033632
Epoch 986 val RMSE: 0.950851668521805
Epoch 987 MSE: 0.00033831398468464613
Epoch 987 val RMSE: 0.7806628882175267
Epoch 988 MSE: 0.00028396520065143704
Epoch 988 val RMSE: 0.7272575909220693
Epoch 989 MSE: 0.0001951972080860287
Epoch 989 val RMSE: 0.711980913369846
Epoch 990 MSE: 0.00010363447654526681
Epoch 990 val RMSE: 0.6807212641363592
Epoch 991 MSE: 0.00011646765779005364
Epoch 991 val RMSE: 0.8140782287015366
Epoch 992 MSE: 0.00016979078645817935
Epoch 992 val RMSE: 0.7114764675288643
Epoch 993 MSE: 0.00016391644021496177
Epoch 993 val RMSE: 0.6554620644702444
Epoch 994 MSE: 0.00013195042265579104
Epoch 994 val RMSE: 0.7466834967992764
Epoch 995 MSE: 9.167624375550076e-05
Epoch 995 val RMSE: 0.6686661632074163
Epoch 996 MSE: 0.00010304086754331365
Epoch 996 val RMSE: 0.6350908121368507
Epoch 997 MSE: 0.00013960553042124957
Epoch 997 val RMSE: 0.6850704047992323
Epoch 998 MSE: 0.00011388085840735584
Epoch 998 val RMSE: 0.6324265798543338
Epoch 999 MSE: 7.788326911395416e-05
Epoch 999 val RMSE: 0.6303592979219865
Training time: 57.85953998565674
(400530.275, 3043926.857, 670) 训练完成

./images/(400530.275, 3043926.857, 670)LSTM训练集可视化结果.png保存成功
Train Score: 0.41 RMSE
Train Score: 0.55 RMSE
Test Score: 0.86 RMSE
./images/(400530.275, 3043926.857, 670)真实值vs预测值.png保存成功
