训练开始: 2025-06-15 17:24:37
Group: (401142.234, 3043998.544, 490)
模型标准化格式保存路径：lstmscaler/(401142.234, 3043998.544, 490)best_scaler.pkl
最优模型参数保存路径：lstmmodel/(401142.234, 3043998.544, 490)best_model.pth
Epoch 0 MSE: 0.38456958532333374
Epoch 0 val RMSE: 19.364791444915646
Best model saved at epoch 0 with Test RMSE: 19.364791444915646
Epoch 1 MSE: 0.10756739974021912
Epoch 1 val RMSE: 46.79173855366992
Epoch 2 MSE: 0.9275652170181274
Epoch 2 val RMSE: 24.541912740392327
Epoch 3 MSE: 0.03481403365731239
Epoch 3 val RMSE: 19.41401219812397
Epoch 4 MSE: 0.11426670104265213
Epoch 4 val RMSE: 18.157465199759265
Best model saved at epoch 4 with Test RMSE: 18.157465199759265
Epoch 5 MSE: 0.15096217393875122
Epoch 5 val RMSE: 18.06688977393496
Best model saved at epoch 5 with Test RMSE: 18.06688977393496
Epoch 6 MSE: 0.15379329025745392
Epoch 6 val RMSE: 18.534564746225666
Epoch 7 MSE: 0.13950711488723755
Epoch 7 val RMSE: 19.3943727177559
Epoch 8 MSE: 0.11584161967039108
Epoch 8 val RMSE: 20.627030706137834
Epoch 9 MSE: 0.08732902258634567
Epoch 9 val RMSE: 22.292221642356626
Epoch 10 MSE: 0.05856604874134064
Epoch 10 val RMSE: 24.50977364045311
Epoch 11 MSE: 0.03740803152322769
Epoch 11 val RMSE: 27.31448322140369
Epoch 12 MSE: 0.03839297592639923
Epoch 12 val RMSE: 28.94110440902459
Epoch 13 MSE: 0.052607301622629166
Epoch 13 val RMSE: 28.7201643337128
Epoch 14 MSE: 0.04996158182621002
Epoch 14 val RMSE: 27.772303510604882
Epoch 15 MSE: 0.04120504483580589
Epoch 15 val RMSE: 26.754006344260855
Epoch 16 MSE: 0.03571189567446709
Epoch 16 val RMSE: 25.908677745487733
Epoch 17 MSE: 0.03427763655781746
Epoch 17 val RMSE: 25.27849640249779
Epoch 18 MSE: 0.03506824001669884
Epoch 18 val RMSE: 24.845033624464694
Epoch 19 MSE: 0.036535728722810745
Epoch 19 val RMSE: 24.57993154319126
Epoch 20 MSE: 0.03780242055654526
Epoch 20 val RMSE: 24.457137001148944
Epoch 21 MSE: 0.03847994655370712
Epoch 21 val RMSE: 24.454085943578786
Epoch 22 MSE: 0.03848748281598091
Epoch 22 val RMSE: 24.550522385767323
Epoch 23 MSE: 0.03792974725365639
Epoch 23 val RMSE: 24.727156144137613
Epoch 24 MSE: 0.03701348602771759
Epoch 24 val RMSE: 24.964597736328916
Epoch 25 MSE: 0.03598367050290108
Epoch 25 val RMSE: 25.2427049428549
Epoch 26 MSE: 0.03507036343216896
Epoch 26 val RMSE: 25.54031834821416
Epoch 27 MSE: 0.03444463014602661
Epoch 27 val RMSE: 25.83550044988666
Epoch 28 MSE: 0.03418675437569618
Epoch 28 val RMSE: 26.10637325653211
Epoch 29 MSE: 0.034273166209459305
Epoch 29 val RMSE: 26.33264172124649
Epoch 30 MSE: 0.03458857163786888
Epoch 30 val RMSE: 26.497619521987843
Epoch 31 MSE: 0.03496474772691727
Epoch 31 val RMSE: 26.59037944085405
Epoch 32 MSE: 0.03523711860179901
Epoch 32 val RMSE: 26.607327752645862
Epoch 33 MSE: 0.03529895097017288
Epoch 33 val RMSE: 26.55256362865752
Epoch 34 MSE: 0.03513050079345703
Epoch 34 val RMSE: 26.436870883102706
Epoch 35 MSE: 0.03479189798235893
Epoch 35 val RMSE: 26.27563735958357
Epoch 36 MSE: 0.034387171268463135
Epoch 36 val RMSE: 26.086360995364394
Epoch 37 MSE: 0.034019600600004196
Epoch 37 val RMSE: 25.88639307975693
Epoch 38 MSE: 0.033757783472537994
Epoch 38 val RMSE: 25.69125271972143
Epoch 39 MSE: 0.03362175077199936
Epoch 39 val RMSE: 25.513597640293327
Epoch 40 MSE: 0.033587753772735596
Epoch 40 val RMSE: 25.362776795480098
Epoch 41 MSE: 0.03360437601804733
Epoch 41 val RMSE: 25.24474317764926
Epoch 42 MSE: 0.03361182287335396
Epoch 42 val RMSE: 25.162199655513152
Epoch 43 MSE: 0.033558301627635956
Epoch 43 val RMSE: 25.11482784405895
Epoch 44 MSE: 0.033410340547561646
Epoch 44 val RMSE: 25.0995308760007
Epoch 45 MSE: 0.033155906945466995
Epoch 45 val RMSE: 25.11063653878198
Epoch 46 MSE: 0.03280068188905716
Epoch 46 val RMSE: 25.14007996418207
Epoch 47 MSE: 0.03235827013850212
Epoch 47 val RMSE: 25.17747188126781
Epoch 48 MSE: 0.03183460235595703
Epoch 48 val RMSE: 25.21005019549495
Epoch 49 MSE: 0.031204828992486
Epoch 49 val RMSE: 25.222245778853758
Epoch 50 MSE: 0.030378179624676704
Epoch 50 val RMSE: 25.194147259876523
Epoch 51 MSE: 0.029192255809903145
Epoch 51 val RMSE: 25.096155414755515
Epoch 52 MSE: 0.02792556770145893
Epoch 52 val RMSE: 24.88075810789208
Epoch 53 MSE: 0.02691446803510189
Epoch 53 val RMSE: 24.533938198649565
Epoch 54 MSE: 0.022438351064920425
Epoch 54 val RMSE: 24.14360443790252
Epoch 55 MSE: 0.01977274753153324
Epoch 55 val RMSE: 23.775717213238938
Epoch 56 MSE: 0.01679786667227745
Epoch 56 val RMSE: 23.443340418143006
Epoch 57 MSE: 0.013837741687893867
Epoch 57 val RMSE: 23.125296925880892
Epoch 58 MSE: 0.013055223971605301
Epoch 58 val RMSE: 22.76822008201618
Epoch 59 MSE: 0.013569815084338188
Epoch 59 val RMSE: 22.468907553341907
Epoch 60 MSE: 0.014849081635475159
Epoch 60 val RMSE: 22.242176523530837
Epoch 61 MSE: 0.014758792705833912
Epoch 61 val RMSE: 22.07310753872267
Epoch 62 MSE: 0.028500443324446678
Epoch 62 val RMSE: 21.721528458743055
Epoch 63 MSE: 0.02248264104127884
Epoch 63 val RMSE: 21.57795387106291
Epoch 64 MSE: 0.051647718995809555
Epoch 64 val RMSE: 21.699891345899132
Epoch 65 MSE: 0.05262817069888115
Epoch 65 val RMSE: 22.052486578765684
Epoch 66 MSE: 0.048256367444992065
Epoch 66 val RMSE: 22.591733301679593
Epoch 67 MSE: 0.04142704978585243
Epoch 67 val RMSE: 23.27162657649063
Epoch 68 MSE: 0.03427348658442497
Epoch 68 val RMSE: 24.0440904617499
Epoch 69 MSE: 0.02868366241455078
Epoch 69 val RMSE: 24.850957091415513
Epoch 70 MSE: 0.026491530239582062
Epoch 70 val RMSE: 25.598256814734963
Epoch 71 MSE: 0.029634855687618256
Epoch 71 val RMSE: 26.083003260399888
Epoch 72 MSE: 0.03583669289946556
Epoch 72 val RMSE: 26.107325950041663
Epoch 73 MSE: 0.035604529082775116
Epoch 73 val RMSE: 25.791128552502677
Epoch 74 MSE: 0.031101929023861885
Epoch 74 val RMSE: 25.331312935555918
Epoch 75 MSE: 0.02772974967956543
Epoch 75 val RMSE: 24.845079072153553
Epoch 76 MSE: 0.02638363093137741
Epoch 76 val RMSE: 24.390890253202116
Epoch 77 MSE: 0.026341313496232033
Epoch 77 val RMSE: 23.999418887414624
Epoch 78 MSE: 0.026814447715878487
Epoch 78 val RMSE: 23.685898537965183
Epoch 79 MSE: 0.02712836116552353
Epoch 79 val RMSE: 23.454647373142013
Epoch 80 MSE: 0.02673299051821232
Epoch 80 val RMSE: 23.30061851630097
Epoch 81 MSE: 0.02518649213016033
Epoch 81 val RMSE: 23.2091519424282
Epoch 82 MSE: 0.022142935544252396
Epoch 82 val RMSE: 23.153504655495055
Epoch 83 MSE: 0.01777397282421589
Epoch 83 val RMSE: 23.089479952408116
Epoch 84 MSE: 0.01431111991405487
Epoch 84 val RMSE: 22.95476960794654
Epoch 85 MSE: 0.014500629156827927
Epoch 85 val RMSE: 22.681170292554214
Epoch 86 MSE: 0.016529018059372902
Epoch 86 val RMSE: 22.244407379563267
Epoch 87 MSE: 0.01245967112481594
Epoch 87 val RMSE: 21.717335694733237
Epoch 88 MSE: 0.008119975216686726
Epoch 88 val RMSE: 21.204818264417007
Epoch 89 MSE: 0.00855940394103527
Epoch 89 val RMSE: 20.771977930343365
Epoch 90 MSE: 0.010163125582039356
Epoch 90 val RMSE: 20.4464312062586
Epoch 91 MSE: 0.010305125266313553
Epoch 91 val RMSE: 20.224653039698158
Epoch 92 MSE: 0.008789167739450932
Epoch 92 val RMSE: 20.07111456527958
Epoch 93 MSE: 0.007483058609068394
Epoch 93 val RMSE: 19.918341445204074
Epoch 94 MSE: 0.009785221889615059
Epoch 94 val RMSE: 19.693382522704088
Epoch 95 MSE: 0.00816196110099554
Epoch 95 val RMSE: 19.421773650932266
Epoch 96 MSE: 0.006083483807742596
Epoch 96 val RMSE: 19.17641822314951
Epoch 97 MSE: 0.006952792871743441
Epoch 97 val RMSE: 18.9966853412662
Epoch 98 MSE: 0.0069410833530128
Epoch 98 val RMSE: 18.878742579597795
Epoch 99 MSE: 0.005526585038751364
Epoch 99 val RMSE: 18.785474254560356
Epoch 100 MSE: 0.004922496620565653
Epoch 100 val RMSE: 18.666559945664282
Epoch 101 MSE: 0.005827719811350107
Epoch 101 val RMSE: 18.487070875365337
Epoch 102 MSE: 0.005976205691695213
Epoch 102 val RMSE: 18.24401506503871
Epoch 103 MSE: 0.005216921214014292
Epoch 103 val RMSE: 17.959476207410148
Best model saved at epoch 103 with Test RMSE: 17.959476207410148
Epoch 104 MSE: 0.005014508962631226
Epoch 104 val RMSE: 17.661372321131363
Best model saved at epoch 104 with Test RMSE: 17.661372321131363
Epoch 105 MSE: 0.005327105056494474
Epoch 105 val RMSE: 17.367675115455597
Best model saved at epoch 105 with Test RMSE: 17.367675115455597
Epoch 106 MSE: 0.005248991772532463
Epoch 106 val RMSE: 17.079122976616528
Best model saved at epoch 106 with Test RMSE: 17.079122976616528
Epoch 107 MSE: 0.004599276464432478
Epoch 107 val RMSE: 16.779257657859244
Best model saved at epoch 107 with Test RMSE: 16.779257657859244
Epoch 108 MSE: 0.004064202308654785
Epoch 108 val RMSE: 16.44169534151284
Best model saved at epoch 108 with Test RMSE: 16.44169534151284
Epoch 109 MSE: 0.004084440413862467
Epoch 109 val RMSE: 16.04411813739355
Best model saved at epoch 109 with Test RMSE: 16.04411813739355
Epoch 110 MSE: 0.004077291581779718
Epoch 110 val RMSE: 15.58405768739022
Best model saved at epoch 110 with Test RMSE: 15.58405768739022
Epoch 111 MSE: 0.00364401051774621
Epoch 111 val RMSE: 15.085996164437981
Best model saved at epoch 111 with Test RMSE: 15.085996164437981
Epoch 112 MSE: 0.0034134474117308855
Epoch 112 val RMSE: 14.592434090665947
Best model saved at epoch 112 with Test RMSE: 14.592434090665947
Epoch 113 MSE: 0.0035976155195385218
Epoch 113 val RMSE: 14.140942783894673
Best model saved at epoch 113 with Test RMSE: 14.140942783894673
Epoch 114 MSE: 0.003594216424971819
Epoch 114 val RMSE: 13.738341781747511
Best model saved at epoch 114 with Test RMSE: 13.738341781747511
Epoch 115 MSE: 0.003242510138079524
Epoch 115 val RMSE: 13.353911414759429
Best model saved at epoch 115 with Test RMSE: 13.353911414759429
Epoch 116 MSE: 0.003031998872756958
Epoch 116 val RMSE: 12.94130720796692
Best model saved at epoch 116 with Test RMSE: 12.94130720796692
Epoch 117 MSE: 0.0030298407655209303
Epoch 117 val RMSE: 12.46946220945269
Best model saved at epoch 117 with Test RMSE: 12.46946220945269
Epoch 118 MSE: 0.0028338737320154905
Epoch 118 val RMSE: 11.938320591069594
Best model saved at epoch 118 with Test RMSE: 11.938320591069594
Epoch 119 MSE: 0.0025348723866045475
Epoch 119 val RMSE: 11.371912946058565
Best model saved at epoch 119 with Test RMSE: 11.371912946058565
Epoch 120 MSE: 0.0024509765207767487
Epoch 120 val RMSE: 10.798504012306918
Best model saved at epoch 120 with Test RMSE: 10.798504012306918
Epoch 121 MSE: 0.0024591947440057993
Epoch 121 val RMSE: 10.234499865054127
Best model saved at epoch 121 with Test RMSE: 10.234499865054127
Epoch 122 MSE: 0.0023222353775054216
Epoch 122 val RMSE: 9.68326402158985
Best model saved at epoch 122 with Test RMSE: 9.68326402158985
Epoch 123 MSE: 0.0021167132072150707
Epoch 123 val RMSE: 9.147106409354954
Best model saved at epoch 123 with Test RMSE: 9.147106409354954
Epoch 124 MSE: 0.00200878013856709
Epoch 124 val RMSE: 8.640252821013698
Best model saved at epoch 124 with Test RMSE: 8.640252821013698
Epoch 125 MSE: 0.001919211121276021
Epoch 125 val RMSE: 8.190588914427138
Best model saved at epoch 125 with Test RMSE: 8.190588914427138
Epoch 126 MSE: 0.0017424339894205332
Epoch 126 val RMSE: 7.826273259419422
Best model saved at epoch 126 with Test RMSE: 7.826273259419422
Epoch 127 MSE: 0.0016409683739766479
Epoch 127 val RMSE: 7.556300625185819
Best model saved at epoch 127 with Test RMSE: 7.556300625185819
Epoch 128 MSE: 0.0016914212610572577
Epoch 128 val RMSE: 7.362997342006748
Best model saved at epoch 128 with Test RMSE: 7.362997342006748
Epoch 129 MSE: 0.001621165545657277
Epoch 129 val RMSE: 7.217219467075773
Best model saved at epoch 129 with Test RMSE: 7.217219467075773
Epoch 130 MSE: 0.0015099507290869951
Epoch 130 val RMSE: 7.103460043688932
Best model saved at epoch 130 with Test RMSE: 7.103460043688932
Epoch 131 MSE: 0.0015245232498273253
Epoch 131 val RMSE: 7.019451635521662
Best model saved at epoch 131 with Test RMSE: 7.019451635521662
Epoch 132 MSE: 0.0014690653188154101
Epoch 132 val RMSE: 6.96378056856539
Best model saved at epoch 132 with Test RMSE: 6.96378056856539
Epoch 133 MSE: 0.0013975066831335425
Epoch 133 val RMSE: 6.931022025264187
Best model saved at epoch 133 with Test RMSE: 6.931022025264187
Epoch 134 MSE: 0.001429770258255303
Epoch 134 val RMSE: 6.9144103571568705
Best model saved at epoch 134 with Test RMSE: 6.9144103571568705
Epoch 135 MSE: 0.0014277154114097357
Epoch 135 val RMSE: 6.911096589760415
Best model saved at epoch 135 with Test RMSE: 6.911096589760415
Epoch 136 MSE: 0.0013555091572925448
Epoch 136 val RMSE: 6.9225247252557605
Epoch 137 MSE: 0.0013381615281105042
Epoch 137 val RMSE: 6.950090136046433
Epoch 138 MSE: 0.0013370286906138062
Epoch 138 val RMSE: 6.99238690139908
Epoch 139 MSE: 0.0012856257380917668
Epoch 139 val RMSE: 7.0457973967330725
Epoch 140 MSE: 0.001273731468245387
Epoch 140 val RMSE: 7.107138749427457
Epoch 141 MSE: 0.0012912634992972016
Epoch 141 val RMSE: 7.176398153684415
Epoch 142 MSE: 0.0012490020599216223
Epoch 142 val RMSE: 7.255319419680418
Epoch 143 MSE: 0.0012288163416087627
Epoch 143 val RMSE: 7.342941953965497
Epoch 144 MSE: 0.0012282769894227386
Epoch 144 val RMSE: 7.435537640360696
Epoch 145 MSE: 0.001198321464471519
Epoch 145 val RMSE: 7.529590471334787
Epoch 146 MSE: 0.0011843240354210138
Epoch 146 val RMSE: 7.623557032394515
Epoch 147 MSE: 0.0011841559316962957
Epoch 147 val RMSE: 7.717013638676021
Epoch 148 MSE: 0.0011548385955393314
Epoch 148 val RMSE: 7.808639671263171
Epoch 149 MSE: 0.0011284365318715572
Epoch 149 val RMSE: 7.896000789050959
Epoch 150 MSE: 0.0011180881410837173
Epoch 150 val RMSE: 7.977684368034158
Epoch 151 MSE: 0.001094198552891612
Epoch 151 val RMSE: 8.055412548447386
Epoch 152 MSE: 0.001082151778973639
Epoch 152 val RMSE: 8.133752422270847
Epoch 153 MSE: 0.0010759750148281455
Epoch 153 val RMSE: 8.215423258803472
Epoch 154 MSE: 0.0010496687609702349
Epoch 154 val RMSE: 8.296903506012706
Epoch 155 MSE: 0.0010424049105495214
Epoch 155 val RMSE: 8.37296965171702
Epoch 156 MSE: 0.0010295734973624349
Epoch 156 val RMSE: 8.442480807069352
Epoch 157 MSE: 0.0010164359118789434
Epoch 157 val RMSE: 8.509192040501196
Epoch 158 MSE: 0.0010151853784918785
Epoch 158 val RMSE: 8.57626328129665
Epoch 159 MSE: 0.0009987608063966036
Epoch 159 val RMSE: 8.640121252127475
Epoch 160 MSE: 0.0009915870614349842
Epoch 160 val RMSE: 8.695738474376176
Epoch 161 MSE: 0.0009803069988265634
Epoch 161 val RMSE: 8.74445843284142
Epoch 162 MSE: 0.0009700875380076468
Epoch 162 val RMSE: 8.793954801580805
Epoch 163 MSE: 0.000962386024184525
Epoch 163 val RMSE: 8.846198400174728
Epoch 164 MSE: 0.0009474969119764864
Epoch 164 val RMSE: 8.893002586028928
Epoch 165 MSE: 0.0009384783916175365
Epoch 165 val RMSE: 8.930531165717719
Epoch 166 MSE: 0.0009231753065250814
Epoch 166 val RMSE: 8.963907562773352
Epoch 167 MSE: 0.000915981363505125
Epoch 167 val RMSE: 8.997078739362303
Epoch 168 MSE: 0.0009016319527290761
Epoch 168 val RMSE: 9.02409485903724
Epoch 169 MSE: 0.0008931891643442214
Epoch 169 val RMSE: 9.041122584226354
Epoch 170 MSE: 0.0008791128057055175
Epoch 170 val RMSE: 9.05422195672821
Epoch 171 MSE: 0.0008716535521671176
Epoch 171 val RMSE: 9.07056147375777
Epoch 172 MSE: 0.000859284948091954
Epoch 172 val RMSE: 9.085060398738715
Epoch 173 MSE: 0.0008518848917447031
Epoch 173 val RMSE: 9.094096907982527
Epoch 174 MSE: 0.000839967979118228
Epoch 174 val RMSE: 9.104544508809358
Epoch 175 MSE: 0.000832000863738358
Epoch 175 val RMSE: 9.119278877927682
Epoch 176 MSE: 0.000822705973405391
Epoch 176 val RMSE: 9.130575488568144
Epoch 177 MSE: 0.0008139665587805212
Epoch 177 val RMSE: 9.139928859709297
Epoch 178 MSE: 0.0008067298331297934
Epoch 178 val RMSE: 9.155890864597177
Epoch 179 MSE: 0.0007968939607962966
Epoch 179 val RMSE: 9.17318960513399
Epoch 180 MSE: 0.0007902686484158039
Epoch 180 val RMSE: 9.1899701385511
Epoch 181 MSE: 0.0007833984564058483
Epoch 181 val RMSE: 9.215505255241029
Epoch 182 MSE: 0.0007748183561488986
Epoch 182 val RMSE: 9.243103755828754
Epoch 183 MSE: 0.000767745659686625
Epoch 183 val RMSE: 9.271198622689905
Epoch 184 MSE: 0.0007614681962877512
Epoch 184 val RMSE: 9.3070699746844
Epoch 185 MSE: 0.0007540723890997469
Epoch 185 val RMSE: 9.34037551419073
Epoch 186 MSE: 0.0007458360050804913
Epoch 186 val RMSE: 9.377078626985067
Epoch 187 MSE: 0.0007383609190583229
Epoch 187 val RMSE: 9.417032240351539
Epoch 188 MSE: 0.0007317552226595581
Epoch 188 val RMSE: 9.453838428657232
Epoch 189 MSE: 0.0007252373616211116
Epoch 189 val RMSE: 9.498431829220836
Epoch 190 MSE: 0.0007186247385106981
Epoch 190 val RMSE: 9.536047556662545
Epoch 191 MSE: 0.0007116335909813643
Epoch 191 val RMSE: 9.582577440609256
Epoch 192 MSE: 0.0007054704474285245
Epoch 192 val RMSE: 9.618253647240556
Epoch 193 MSE: 0.0006998145836405456
Epoch 193 val RMSE: 9.665473952101365
Epoch 194 MSE: 0.0006975290598347783
Epoch 194 val RMSE: 9.694592838797233
Epoch 195 MSE: 0.0006981024635024369
Epoch 195 val RMSE: 9.746598261616196
Epoch 196 MSE: 0.0007163045811466873
Epoch 196 val RMSE: 9.765009355594277
Epoch 197 MSE: 0.0007224085857160389
Epoch 197 val RMSE: 9.826577748586912
Epoch 198 MSE: 0.0007597870426252484
Epoch 198 val RMSE: 9.841298600392625
Epoch 199 MSE: 0.0006797108217142522
Epoch 199 val RMSE: 9.88326139976051
Epoch 200 MSE: 0.0006507579819299281
Epoch 200 val RMSE: 9.909511089563384
Epoch 201 MSE: 0.000640363956335932
Epoch 201 val RMSE: 9.928100747285061
Epoch 202 MSE: 0.0006435848190449178
Epoch 202 val RMSE: 9.9633950706076
Epoch 203 MSE: 0.0006734213675372303
Epoch 203 val RMSE: 9.962252900279188
Epoch 204 MSE: 0.0007026913808658719
Epoch 204 val RMSE: 10.016764892841252
Epoch 205 MSE: 0.000762445037253201
Epoch 205 val RMSE: 10.017013191749895
Epoch 206 MSE: 0.000613326090388
Epoch 206 val RMSE: 10.019334412662046
Epoch 207 MSE: 0.0007122603128664196
Epoch 207 val RMSE: 10.079707436932887
Epoch 208 MSE: 0.0008899742970243096
Epoch 208 val RMSE: 10.079899689311498
Epoch 209 MSE: 0.0007819363963790238
Epoch 209 val RMSE: 10.030355918707821
Epoch 210 MSE: 0.0008985893218778074
Epoch 210 val RMSE: 10.080116158073473
Epoch 211 MSE: 0.0007267736364156008
Epoch 211 val RMSE: 10.081014151040389
Epoch 212 MSE: 0.0007722318987362087
Epoch 212 val RMSE: 10.035547019445039
Epoch 213 MSE: 0.0006131392437964678
Epoch 213 val RMSE: 10.015065860465079
Epoch 214 MSE: 0.0006624139496125281
Epoch 214 val RMSE: 10.047716357655915
Epoch 215 MSE: 0.0007951927254907787
Epoch 215 val RMSE: 10.033288481180138
Epoch 216 MSE: 0.0007084915414452553
Epoch 216 val RMSE: 9.98106422514184
Epoch 217 MSE: 0.0007329916697926819
Epoch 217 val RMSE: 9.9967428624971
Epoch 218 MSE: 0.0006006307667121291
Epoch 218 val RMSE: 9.990533544213086
Epoch 219 MSE: 0.0006412807269953191
Epoch 219 val RMSE: 9.95098269416593
Epoch 220 MSE: 0.0005535188247449696
Epoch 220 val RMSE: 9.913081656439944
Epoch 221 MSE: 0.000658439879771322
Epoch 221 val RMSE: 9.946605038013049
Epoch 222 MSE: 0.0006975656724534929
Epoch 222 val RMSE: 9.938493786909634
Epoch 223 MSE: 0.000585943169426173
Epoch 223 val RMSE: 9.902137263626237
Epoch 224 MSE: 0.0007958872010931373
Epoch 224 val RMSE: 9.961537589154434
Epoch 225 MSE: 0.0006038913270458579
Epoch 225 val RMSE: 9.978748246395506
Epoch 226 MSE: 0.0006742448313161731
Epoch 226 val RMSE: 9.948100643886672
Epoch 227 MSE: 0.0005336531321518123
Epoch 227 val RMSE: 9.917629120440301
Epoch 228 MSE: 0.0006604375084862113
Epoch 228 val RMSE: 9.954059359351449
Epoch 229 MSE: 0.0006338324164971709
Epoch 229 val RMSE: 9.945031341150456
Epoch 230 MSE: 0.0005866285064257681
Epoch 230 val RMSE: 9.900418559772683
Epoch 231 MSE: 0.000695152033586055
Epoch 231 val RMSE: 9.940570476901716
Epoch 232 MSE: 0.0004856362647842616
Epoch 232 val RMSE: 9.968663899877981
Epoch 233 MSE: 0.0005912947235628963
Epoch 233 val RMSE: 9.949726764243602
Epoch 234 MSE: 0.00048490025801584125
Epoch 234 val RMSE: 9.91444803845512
Epoch 235 MSE: 0.0005969345802441239
Epoch 235 val RMSE: 9.930300233725745
Epoch 236 MSE: 0.000493753410410136
Epoch 236 val RMSE: 9.914034796060582
Epoch 237 MSE: 0.0005188939394429326
Epoch 237 val RMSE: 9.864152575993565
Epoch 238 MSE: 0.0005157830892130733
Epoch 238 val RMSE: 9.859852823083674
Epoch 239 MSE: 0.00045421169488690794
Epoch 239 val RMSE: 9.868371984527133
Epoch 240 MSE: 0.0005123578594066203
Epoch 240 val RMSE: 9.834144774324955
Epoch 241 MSE: 0.0004370431415736675
Epoch 241 val RMSE: 9.788494315862868
Epoch 242 MSE: 0.0004999209777452052
Epoch 242 val RMSE: 9.776059659610395
Epoch 243 MSE: 0.00043740845285356045
Epoch 243 val RMSE: 9.739030193322398
Epoch 244 MSE: 0.00044637953396886587
Epoch 244 val RMSE: 9.679246893977357
Epoch 245 MSE: 0.00045629002852365375
Epoch 245 val RMSE: 9.659384999413499
Epoch 246 MSE: 0.0004118728102184832
Epoch 246 val RMSE: 9.65283458763134
Epoch 247 MSE: 0.0004515513137448579
Epoch 247 val RMSE: 9.614781888411132
Epoch 248 MSE: 0.0004025025700684637
Epoch 248 val RMSE: 9.584377817925287
Epoch 249 MSE: 0.0004200366965960711
Epoch 249 val RMSE: 9.57452633634843
Epoch 250 MSE: 0.0004147118015680462
Epoch 250 val RMSE: 9.540617195173683
Epoch 251 MSE: 0.00038434204179793596
Epoch 251 val RMSE: 9.507046144392145
Epoch 252 MSE: 0.0004125891427975148
Epoch 252 val RMSE: 9.511565947822954
Epoch 253 MSE: 0.00038062938256189227
Epoch 253 val RMSE: 9.512471495496673
Epoch 254 MSE: 0.00038183401920832694
Epoch 254 val RMSE: 9.500823938879098
Epoch 255 MSE: 0.00038992197369225323
Epoch 255 val RMSE: 9.51201351891817
Epoch 256 MSE: 0.00036367771099321544
Epoch 256 val RMSE: 9.517846460471885
Epoch 257 MSE: 0.00037375924875959754
Epoch 257 val RMSE: 9.50613847475261
Epoch 258 MSE: 0.00036824322887696326
Epoch 258 val RMSE: 9.516977098237597
Epoch 259 MSE: 0.00035275035770609975
Epoch 259 val RMSE: 9.536077558803699
Epoch 260 MSE: 0.00036377631477080286
Epoch 260 val RMSE: 9.537517550591035
Epoch 261 MSE: 0.0003523470659274608
Epoch 261 val RMSE: 9.550396608435587
Epoch 262 MSE: 0.00034249445889145136
Epoch 262 val RMSE: 9.563273479619628
Epoch 263 MSE: 0.0003510857932269573
Epoch 263 val RMSE: 9.555080352716821
Epoch 264 MSE: 0.00033951696241274476
Epoch 264 val RMSE: 9.560181579780737
Epoch 265 MSE: 0.00033183128107339144
Epoch 265 val RMSE: 9.573387978414639
Epoch 266 MSE: 0.000338238722179085
Epoch 266 val RMSE: 9.571579157248639
Epoch 267 MSE: 0.0003294579510111362
Epoch 267 val RMSE: 9.581065387776233
Epoch 268 MSE: 0.00032067159190773964
Epoch 268 val RMSE: 9.589534268173233
Epoch 269 MSE: 0.0003251574235036969
Epoch 269 val RMSE: 9.582326642664544
Epoch 270 MSE: 0.000321071915095672
Epoch 270 val RMSE: 9.590989700497994
Epoch 271 MSE: 0.0003108867967966944
Epoch 271 val RMSE: 9.600581517090962
Epoch 272 MSE: 0.0003118719905614853
Epoch 272 val RMSE: 9.601029309086881
Epoch 273 MSE: 0.000312622549245134
Epoch 273 val RMSE: 9.61522901907986
Epoch 274 MSE: 0.00030366145074367523
Epoch 274 val RMSE: 9.61858877700025
Epoch 275 MSE: 0.00029881656519137323
Epoch 275 val RMSE: 9.616810671181561
Epoch 276 MSE: 0.0003006659389939159
Epoch 276 val RMSE: 9.627974805988334
Epoch 277 MSE: 0.000297561869956553
Epoch 277 val RMSE: 9.628659035873145
Epoch 278 MSE: 0.00029046667623333633
Epoch 278 val RMSE: 9.634390473577625
Epoch 279 MSE: 0.0002873118210118264
Epoch 279 val RMSE: 9.641425051638745
Epoch 280 MSE: 0.0002875931968446821
Epoch 280 val RMSE: 9.636181170402937
Epoch 281 MSE: 0.0002856187929864973
Epoch 281 val RMSE: 9.642217124407578
Epoch 282 MSE: 0.0002804162504617125
Epoch 282 val RMSE: 9.641804083589758
Epoch 283 MSE: 0.0002759097551461309
Epoch 283 val RMSE: 9.643186751287919
Epoch 284 MSE: 0.0002740820636972785
Epoch 284 val RMSE: 9.64870041709087
Epoch 285 MSE: 0.00027349908486939967
Epoch 285 val RMSE: 9.642399109957186
Epoch 286 MSE: 0.0002714762231335044
Epoch 286 val RMSE: 9.644984120721238
Epoch 287 MSE: 0.00026770003023557365
Epoch 287 val RMSE: 9.63841006958272
Epoch 288 MSE: 0.000263710884610191
Epoch 288 val RMSE: 9.63683512926281
Epoch 289 MSE: 0.00026036688359454274
Epoch 289 val RMSE: 9.632938826599686
Epoch 290 MSE: 0.0002582753368187696
Epoch 290 val RMSE: 9.623081561042115
Epoch 291 MSE: 0.000256838568020612
Epoch 291 val RMSE: 9.617752318913643
Epoch 292 MSE: 0.0002555595419835299
Epoch 292 val RMSE: 9.602514382738676
Epoch 293 MSE: 0.0002544020244386047
Epoch 293 val RMSE: 9.599320276356364
Epoch 294 MSE: 0.0002528441254980862
Epoch 294 val RMSE: 9.583725056036773
Epoch 295 MSE: 0.0002515755477361381
Epoch 295 val RMSE: 9.581665778547949
Epoch 296 MSE: 0.0002505641896277666
Epoch 296 val RMSE: 9.563213246990882
Epoch 297 MSE: 0.00025041744811460376
Epoch 297 val RMSE: 9.562908886912734
Epoch 298 MSE: 0.0002512957726139575
Epoch 298 val RMSE: 9.542626167484677
Epoch 299 MSE: 0.0002545730967540294
Epoch 299 val RMSE: 9.547813956229637
Epoch 300 MSE: 0.0002583680907264352
Epoch 300 val RMSE: 9.524176502423526
Epoch 301 MSE: 0.0002631008392199874
Epoch 301 val RMSE: 9.531335248722247
Epoch 302 MSE: 0.0002642430772539228
Epoch 302 val RMSE: 9.504192431084812
Epoch 303 MSE: 0.0002618093276396394
Epoch 303 val RMSE: 9.508868846027745
Epoch 304 MSE: 0.000253873789915815
Epoch 304 val RMSE: 9.481011135082307
Epoch 305 MSE: 0.00024783797562122345
Epoch 305 val RMSE: 9.478089614434852
Epoch 306 MSE: 0.00024251695140264928
Epoch 306 val RMSE: 9.445296345106119
Epoch 307 MSE: 0.0002401307283435017
Epoch 307 val RMSE: 9.435234151501081
Epoch 308 MSE: 0.00024009891785681248
Epoch 308 val RMSE: 9.39681909187413
Epoch 309 MSE: 0.00024275656323879957
Epoch 309 val RMSE: 9.387785064798383
Epoch 310 MSE: 0.00024573906557634473
Epoch 310 val RMSE: 9.348358140698174
Epoch 311 MSE: 0.0002473417262081057
Epoch 311 val RMSE: 9.342788493719576
Epoch 312 MSE: 0.00024607390514574945
Epoch 312 val RMSE: 9.305654582798326
Epoch 313 MSE: 0.00024005018349271268
Epoch 313 val RMSE: 9.300422773698584
Epoch 314 MSE: 0.00023380071797873825
Epoch 314 val RMSE: 9.266951827823387
Epoch 315 MSE: 0.00022936529421713203
Epoch 315 val RMSE: 9.261350523837796
Epoch 316 MSE: 0.0002268303360324353
Epoch 316 val RMSE: 9.22882129950109
Epoch 317 MSE: 0.000226713324082084
Epoch 317 val RMSE: 9.223884213173285
Epoch 318 MSE: 0.00022834152332507074
Epoch 318 val RMSE: 9.190670789742699
Epoch 319 MSE: 0.00022929676924832165
Epoch 319 val RMSE: 9.18891075876881
Epoch 320 MSE: 0.00022879027528688312
Epoch 320 val RMSE: 9.158515727963536
Epoch 321 MSE: 0.00022569594148080796
Epoch 321 val RMSE: 9.15928209115174
Epoch 322 MSE: 0.00022188574075698853
Epoch 322 val RMSE: 9.132179257879626
Epoch 323 MSE: 0.00021707519772462547
Epoch 323 val RMSE: 9.132630802432296
Epoch 324 MSE: 0.0002147779450751841
Epoch 324 val RMSE: 9.106508095041622
Epoch 325 MSE: 0.00021359522361308336
Epoch 325 val RMSE: 9.107843862529636
Epoch 326 MSE: 0.00021425195154733956
Epoch 326 val RMSE: 9.081629695423873
Epoch 327 MSE: 0.00021485917386598885
Epoch 327 val RMSE: 9.084732041299128
Epoch 328 MSE: 0.00021544926858041435
Epoch 328 val RMSE: 9.058694816706575
Epoch 329 MSE: 0.00021283727255649865
Epoch 329 val RMSE: 9.062684787313263
Epoch 330 MSE: 0.00021025209571234882
Epoch 330 val RMSE: 9.038518917319916
Epoch 331 MSE: 0.00020686007337644696
Epoch 331 val RMSE: 9.04359010081843
Epoch 332 MSE: 0.00020521850092336535
Epoch 332 val RMSE: 9.021240601071556
Epoch 333 MSE: 0.00020388391567394137
Epoch 333 val RMSE: 9.028092092927437
Epoch 334 MSE: 0.00020488981681410223
Epoch 334 val RMSE: 9.006511452008278
Epoch 335 MSE: 0.00020393541490193456
Epoch 335 val RMSE: 9.015666042611302
Epoch 336 MSE: 0.00020377314649522305
Epoch 336 val RMSE: 8.995519158403212
Epoch 337 MSE: 0.00020080433750990778
Epoch 337 val RMSE: 9.00567236271617
Epoch 338 MSE: 0.0001987901923712343
Epoch 338 val RMSE: 8.986349986729005
Epoch 339 MSE: 0.00019527871336322278
Epoch 339 val RMSE: 8.995542057958703
Epoch 340 MSE: 0.00019429984968155622
Epoch 340 val RMSE: 8.975439255360161
Epoch 341 MSE: 0.00019273062935099006
Epoch 341 val RMSE: 8.984268426677692
Epoch 342 MSE: 0.00019314700330141932
Epoch 342 val RMSE: 8.963361550264596
Epoch 343 MSE: 0.00019177593640051782
Epoch 343 val RMSE: 8.972512124032933
Epoch 344 MSE: 0.00019165071716997772
Epoch 344 val RMSE: 8.951476366398092
Epoch 345 MSE: 0.00018829644250217825
Epoch 345 val RMSE: 8.960341496090566
Epoch 346 MSE: 0.0001869927509687841
Epoch 346 val RMSE: 8.939625307291443
Epoch 347 MSE: 0.00018401842680759728
Epoch 347 val RMSE: 8.948370877965939
Epoch 348 MSE: 0.00018348275625612587
Epoch 348 val RMSE: 8.927701687549545
Epoch 349 MSE: 0.0001818699383875355
Epoch 349 val RMSE: 8.936629246262612
Epoch 350 MSE: 0.00018224064842797816
Epoch 350 val RMSE: 8.915433519127625
Epoch 351 MSE: 0.0001801268954295665
Epoch 351 val RMSE: 8.924181424596942
Epoch 352 MSE: 0.0001794446725398302
Epoch 352 val RMSE: 8.902805666219427
Epoch 353 MSE: 0.00017659740115050226
Epoch 353 val RMSE: 8.911066406002567
Epoch 354 MSE: 0.00017533704522065818
Epoch 354 val RMSE: 8.889666406746779
Epoch 355 MSE: 0.00017299568571615964
Epoch 355 val RMSE: 8.897337405934376
Epoch 356 MSE: 0.00017262311303056777
Epoch 356 val RMSE: 8.875406175372033
Epoch 357 MSE: 0.00017098666285164654
Epoch 357 val RMSE: 8.882860597934865
Epoch 358 MSE: 0.00017081484838854522
Epoch 358 val RMSE: 8.860593035895166
Epoch 359 MSE: 0.00016905997472349554
Epoch 359 val RMSE: 8.868028078274804
Epoch 360 MSE: 0.00016815074195619673
Epoch 360 val RMSE: 8.845765440206096
Epoch 361 MSE: 0.00016596779460087419
Epoch 361 val RMSE: 8.852743260279373
Epoch 362 MSE: 0.0001647778699407354
Epoch 362 val RMSE: 8.830331064241111
Epoch 363 MSE: 0.0001630871120141819
Epoch 363 val RMSE: 8.836951996081833
Epoch 364 MSE: 0.00016224219871219248
Epoch 364 val RMSE: 8.81440919797109
Epoch 365 MSE: 0.00016125396359711885
Epoch 365 val RMSE: 8.821207708944163
Epoch 366 MSE: 0.00016054774459917098
Epoch 366 val RMSE: 8.798741632135929
Epoch 367 MSE: 0.0001594026107341051
Epoch 367 val RMSE: 8.805747617384581
Epoch 368 MSE: 0.00015819654799997807
Epoch 368 val RMSE: 8.78356208093219
Epoch 369 MSE: 0.00015685601101722568
Epoch 369 val RMSE: 8.790610106801727
Epoch 370 MSE: 0.000155285291839391
Epoch 370 val RMSE: 8.768699501202148
Epoch 371 MSE: 0.00015437790716532618
Epoch 371 val RMSE: 8.775693391101862
Epoch 372 MSE: 0.00015304514090530574
Epoch 372 val RMSE: 8.753726274784222
Epoch 373 MSE: 0.00015264235844369978
Epoch 373 val RMSE: 8.760689445781633
Epoch 374 MSE: 0.00015136013098526746
Epoch 374 val RMSE: 8.73863048307494
Epoch 375 MSE: 0.0001511405425844714
Epoch 375 val RMSE: 8.745742634058665
Epoch 376 MSE: 0.00014942938287276775
Epoch 376 val RMSE: 8.723882880192983
Epoch 377 MSE: 0.00014921392721589655
Epoch 377 val RMSE: 8.731117582853038
Epoch 378 MSE: 0.00014724534412380308
Epoch 378 val RMSE: 8.70945501328401
Epoch 379 MSE: 0.00014728479436598718
Epoch 379 val RMSE: 8.716737576470384
Epoch 380 MSE: 0.00014534687215927988
Epoch 380 val RMSE: 8.695162899516092
Epoch 381 MSE: 0.000145899728522636
Epoch 381 val RMSE: 8.702663005298382
Epoch 382 MSE: 0.000143870449392125
Epoch 382 val RMSE: 8.681226921737458
Epoch 383 MSE: 0.00014473177725449204
Epoch 383 val RMSE: 8.688978769152405
Epoch 384 MSE: 0.00014236847346182913
Epoch 384 val RMSE: 8.667673443735989
Epoch 385 MSE: 0.00014334989828057587
Epoch 385 val RMSE: 8.675485769957008
Epoch 386 MSE: 0.00014061186811886728
Epoch 386 val RMSE: 8.654245523219911
Epoch 387 MSE: 0.00014189377543516457
Epoch 387 val RMSE: 8.662017113023305
Epoch 388 MSE: 0.0001389872923027724
Epoch 388 val RMSE: 8.64076892256946
Epoch 389 MSE: 0.00014073732018005103
Epoch 389 val RMSE: 8.648544683024847
Epoch 390 MSE: 0.0001377730950480327
Epoch 390 val RMSE: 8.62727303890926
Epoch 391 MSE: 0.00013997081259731203
Epoch 391 val RMSE: 8.635192598228258
Epoch 392 MSE: 0.00013671521446667612
Epoch 392 val RMSE: 8.614034122425142
Epoch 393 MSE: 0.00013921958452556282
Epoch 393 val RMSE: 8.622140603919075
Epoch 394 MSE: 0.0001354606356471777
Epoch 394 val RMSE: 8.601167342336673
Epoch 395 MSE: 0.0001381718466291204
Epoch 395 val RMSE: 8.60925713820186
Epoch 396 MSE: 0.00013408041559159756
Epoch 396 val RMSE: 8.588335474676448
Epoch 397 MSE: 0.0001371301186736673
Epoch 397 val RMSE: 8.596293125130392
Epoch 398 MSE: 0.00013297348050400615
Epoch 398 val RMSE: 8.575387875873586
Epoch 399 MSE: 0.00013652554480358958
Epoch 399 val RMSE: 8.583441971273455
Epoch 400 MSE: 0.00013229940668679774
Epoch 400 val RMSE: 8.562742355146803
Epoch 401 MSE: 0.00013625988503918052
Epoch 401 val RMSE: 8.571132791047946
Epoch 402 MSE: 0.00013169427984394133
Epoch 402 val RMSE: 8.550798202644227
Epoch 403 MSE: 0.00013577713980339468
Epoch 403 val RMSE: 8.559407142002218
Epoch 404 MSE: 0.00013066832616459578
Epoch 404 val RMSE: 8.539388163534875
Epoch 405 MSE: 0.00013465600204654038
Epoch 405 val RMSE: 8.547842581199584
Epoch 406 MSE: 0.00012929525109939277
Epoch 406 val RMSE: 8.527953017343355
Epoch 407 MSE: 0.00013332272646948695
Epoch 407 val RMSE: 8.53615912300387
Epoch 408 MSE: 0.00012829925981350243
Epoch 408 val RMSE: 8.51640531831937
Epoch 409 MSE: 0.00013276103709358722
Epoch 409 val RMSE: 8.524934436176814
Epoch 410 MSE: 0.00012808979954570532
Epoch 410 val RMSE: 8.505730884864755
Epoch 411 MSE: 0.00013292244693730026
Epoch 411 val RMSE: 8.51517388785056
Epoch 412 MSE: 0.00012777996016666293
Epoch 412 val RMSE: 8.496837251950446
Epoch 413 MSE: 0.00013211325858719647
Epoch 413 val RMSE: 8.506677136708735
Epoch 414 MSE: 0.0001259682176169008
Epoch 414 val RMSE: 8.488820971249988
Epoch 415 MSE: 0.00012917029380332679
Epoch 415 val RMSE: 8.49778314741028
Epoch 416 MSE: 0.00012303639960009605
Epoch 416 val RMSE: 8.479726961886481
Epoch 417 MSE: 0.0001259675045730546
Epoch 417 val RMSE: 8.48776666281321
Epoch 418 MSE: 0.00012142296327510849
Epoch 418 val RMSE: 8.46968957397449
Epoch 419 MSE: 0.0001256707328138873
Epoch 419 val RMSE: 8.478875782419
Epoch 420 MSE: 0.00012254439934622496
Epoch 420 val RMSE: 8.461946013445882
Epoch 421 MSE: 0.00012811218039132655
Epoch 421 val RMSE: 8.473849292155949
Epoch 422 MSE: 0.00012382671411614865
Epoch 422 val RMSE: 8.458455152213773
Epoch 423 MSE: 0.00012797619274351746
Epoch 423 val RMSE: 8.4708316961219
Epoch 424 MSE: 0.00012048194912495092
Epoch 424 val RMSE: 8.4554654475705
Epoch 425 MSE: 0.00012103852350264788
Epoch 425 val RMSE: 8.463896877562007
Epoch 426 MSE: 0.00011355405149515718
Epoch 426 val RMSE: 8.446453402064217
Epoch 427 MSE: 0.00011373423330951482
Epoch 427 val RMSE: 8.450993803372976
Epoch 428 MSE: 0.00011081111733801663
Epoch 428 val RMSE: 8.43253479847201
Epoch 429 MSE: 0.000115465561975725
Epoch 429 val RMSE: 8.440872987552424
Epoch 430 MSE: 0.00011722398630809039
Epoch 430 val RMSE: 8.425329402291009
Epoch 431 MSE: 0.0001280094002140686
Epoch 431 val RMSE: 8.44304378783625
Epoch 432 MSE: 0.0001280539872823283
Epoch 432 val RMSE: 8.430730972545934
Epoch 433 MSE: 0.0001362996263196692
Epoch 433 val RMSE: 8.450432706509536
Epoch 434 MSE: 0.00012327700096648186
Epoch 434 val RMSE: 8.437392848711982
Epoch 435 MSE: 0.00011608390923356637
Epoch 435 val RMSE: 8.44212067849619
Epoch 436 MSE: 0.00010085492249345407
Epoch 436 val RMSE: 8.42112623860163
Epoch 437 MSE: 9.369737381348386e-05
Epoch 437 val RMSE: 8.406993733799064
Epoch 438 MSE: 9.04325206647627e-05
Epoch 438 val RMSE: 8.384502883942485
Epoch 439 MSE: 8.946983143687248e-05
Epoch 439 val RMSE: 8.376307143503317
Epoch 440 MSE: 8.961842831922695e-05
Epoch 440 val RMSE: 8.37136716480694
Epoch 441 MSE: 9.087101352633908e-05
Epoch 441 val RMSE: 8.385728028639642
Epoch 442 MSE: 9.559811587678269e-05
Epoch 442 val RMSE: 8.385704828527619
Epoch 443 MSE: 0.0001106665949919261
Epoch 443 val RMSE: 8.412975698004532
Epoch 444 MSE: 0.00013422359188552946
Epoch 444 val RMSE: 8.402478134095043
Epoch 445 MSE: 0.00018257363990414888
Epoch 445 val RMSE: 8.447341717504102
Epoch 446 MSE: 0.00021138634474482387
Epoch 446 val RMSE: 8.429395612271593
Epoch 447 MSE: 0.00024247077817562968
Epoch 447 val RMSE: 8.47807986131091
Epoch 448 MSE: 0.00025553072919137776
Epoch 448 val RMSE: 8.441646207111214
Epoch 449 MSE: 0.00020508539455477148
Epoch 449 val RMSE: 8.41546964788842
Epoch 450 MSE: 0.00011108799662906677
Epoch 450 val RMSE: 8.350989697674406
Epoch 451 MSE: 9.41910911933519e-05
Epoch 451 val RMSE: 8.288009475997162
Epoch 452 MSE: 0.00013151437451597303
Epoch 452 val RMSE: 8.269009969694453
Epoch 453 MSE: 0.0001676283573033288
Epoch 453 val RMSE: 8.22942816081433
Epoch 454 MSE: 0.00014946133887860924
Epoch 454 val RMSE: 8.230325068453972
Epoch 455 MSE: 0.00011452471517259255
Epoch 455 val RMSE: 8.217263206920927
Epoch 456 MSE: 9.15568380150944e-05
Epoch 456 val RMSE: 8.229724823255266
Epoch 457 MSE: 9.346965089207515e-05
Epoch 457 val RMSE: 8.263194312674937
Epoch 458 MSE: 9.977141598938033e-05
Epoch 458 val RMSE: 8.28315177529179
Epoch 459 MSE: 9.836042590904981e-05
Epoch 459 val RMSE: 8.300055115298463
Epoch 460 MSE: 9.427885379409418e-05
Epoch 460 val RMSE: 8.285398430277056
Epoch 461 MSE: 8.564593008486554e-05
Epoch 461 val RMSE: 8.275999772910275
Epoch 462 MSE: 8.600594446761534e-05
Epoch 462 val RMSE: 8.2835892738187
Epoch 463 MSE: 8.669809903949499e-05
Epoch 463 val RMSE: 8.30420241998178
Epoch 464 MSE: 8.656657882966101e-05
Epoch 464 val RMSE: 8.335236853316102
Epoch 465 MSE: 8.972193609224632e-05
Epoch 465 val RMSE: 8.344693134167246
Epoch 466 MSE: 8.846221317071468e-05
Epoch 466 val RMSE: 8.362107559369985
Epoch 467 MSE: 9.044139733305201e-05
Epoch 467 val RMSE: 8.364517712048661
Epoch 468 MSE: 8.776888716965914e-05
Epoch 468 val RMSE: 8.37655807349841
Epoch 469 MSE: 8.236875146394596e-05
Epoch 469 val RMSE: 8.371866123811317
Epoch 470 MSE: 8.115823584375903e-05
Epoch 470 val RMSE: 8.351329546856315
Epoch 471 MSE: 8.30418721307069e-05
Epoch 471 val RMSE: 8.33823672675619
Epoch 472 MSE: 8.946402522269636e-05
Epoch 472 val RMSE: 8.316901626274824
Epoch 473 MSE: 0.00010482630750630051
Epoch 473 val RMSE: 8.346654036556028
Epoch 474 MSE: 0.0001188944443129003
Epoch 474 val RMSE: 8.348946199906056
Epoch 475 MSE: 0.00014595822722185403
Epoch 475 val RMSE: 8.398435683139338
Epoch 476 MSE: 0.0001600465620867908
Epoch 476 val RMSE: 8.383237971932024
Epoch 477 MSE: 0.00016330351354554296
Epoch 477 val RMSE: 8.403869064828953
Epoch 478 MSE: 0.0001341844181297347
Epoch 478 val RMSE: 8.36384728131826
Epoch 479 MSE: 9.548042726237327e-05
Epoch 479 val RMSE: 8.323268254333374
Epoch 480 MSE: 7.88905454101041e-05
Epoch 480 val RMSE: 8.273983397948733
Epoch 481 MSE: 0.00010266993194818497
Epoch 481 val RMSE: 8.199653283209221
Epoch 482 MSE: 0.00015415510279126465
Epoch 482 val RMSE: 8.191155702236482
Epoch 483 MSE: 0.00018289289437234402
Epoch 483 val RMSE: 8.15660591372038
Epoch 484 MSE: 0.00017599160491954535
Epoch 484 val RMSE: 8.198285868052931
Epoch 485 MSE: 0.0001296564150834456
Epoch 485 val RMSE: 8.201255832432244
Epoch 486 MSE: 9.037617564899847e-05
Epoch 486 val RMSE: 8.205347541176081
Epoch 487 MSE: 8.104135486064479e-05
Epoch 487 val RMSE: 8.19785498499336
Epoch 488 MSE: 0.00010264539741910994
Epoch 488 val RMSE: 8.159621437117675
Epoch 489 MSE: 0.00011110551713500172
Epoch 489 val RMSE: 8.151907162932266
Epoch 490 MSE: 9.230727300746366e-05
Epoch 490 val RMSE: 8.128498439283938
Epoch 491 MSE: 7.607022416777909e-05
Epoch 491 val RMSE: 8.120316314549566
Epoch 492 MSE: 7.75567750679329e-05
Epoch 492 val RMSE: 8.129972843439184
Epoch 493 MSE: 9.045049228006974e-05
Epoch 493 val RMSE: 8.129622333008081
Epoch 494 MSE: 0.00010361938620917499
Epoch 494 val RMSE: 8.173930097556871
Epoch 495 MSE: 0.00010033960279542953
Epoch 495 val RMSE: 8.195876633943932
Epoch 496 MSE: 8.448254084214568e-05
Epoch 496 val RMSE: 8.230350097032723
Epoch 497 MSE: 7.304253813344985e-05
Epoch 497 val RMSE: 8.241194215918721
Epoch 498 MSE: 7.618311065016314e-05
Epoch 498 val RMSE: 8.22194177418485
Epoch 499 MSE: 8.560289279557765e-05
Epoch 499 val RMSE: 8.217101189174015
Epoch 500 MSE: 8.96582641871646e-05
Epoch 500 val RMSE: 8.190123159672599
Epoch 501 MSE: 8.745195373194292e-05
Epoch 501 val RMSE: 8.20080928995754
Epoch 502 MSE: 8.005679410416633e-05
Epoch 502 val RMSE: 8.19800109690547
Epoch 503 MSE: 7.354828994721174e-05
Epoch 503 val RMSE: 8.210368825454799
Epoch 504 MSE: 6.876566476421431e-05
Epoch 504 val RMSE: 8.21247095947705
Epoch 505 MSE: 6.698739889543504e-05
Epoch 505 val RMSE: 8.210268002409343
Epoch 506 MSE: 6.79230215610005e-05
Epoch 506 val RMSE: 8.211796012444537
Epoch 507 MSE: 6.99538504704833e-05
Epoch 507 val RMSE: 8.197977365529999
Epoch 508 MSE: 7.17341317795217e-05
Epoch 508 val RMSE: 8.195998578586707
Epoch 509 MSE: 7.313087553484365e-05
Epoch 509 val RMSE: 8.172293716119087
Epoch 510 MSE: 7.47333760955371e-05
Epoch 510 val RMSE: 8.169707322592187
Epoch 511 MSE: 7.69352336646989e-05
Epoch 511 val RMSE: 8.148544705820415
Epoch 512 MSE: 8.16785468487069e-05
Epoch 512 val RMSE: 8.162542846006422
Epoch 513 MSE: 9.076020069187507e-05
Epoch 513 val RMSE: 8.144210874993794
Epoch 514 MSE: 0.00010925117385340855
Epoch 514 val RMSE: 8.170944598534751
Epoch 515 MSE: 0.00015149587125051767
Epoch 515 val RMSE: 8.132358446739175
Epoch 516 MSE: 0.0002253200364066288
Epoch 516 val RMSE: 8.198918192144886
Epoch 517 MSE: 0.0005022494005970657
Epoch 517 val RMSE: 8.14603178623216
Epoch 518 MSE: 0.0006082935142330825
Epoch 518 val RMSE: 8.088972765915017
Epoch 519 MSE: 0.00030986309866420925
Epoch 519 val RMSE: 7.971484623842305
Epoch 520 MSE: 0.00010400600149296224
Epoch 520 val RMSE: 7.8779942708591415
Epoch 521 MSE: 0.00026778478058986366
Epoch 521 val RMSE: 7.895366188529609
Epoch 522 MSE: 0.0003569530672393739
Epoch 522 val RMSE: 7.895051647401473
Epoch 523 MSE: 0.00016718490223865956
Epoch 523 val RMSE: 7.98557602421244
Epoch 524 MSE: 9.767730807652697e-05
Epoch 524 val RMSE: 8.052765876954512
Epoch 525 MSE: 0.00021160229516681284
Epoch 525 val RMSE: 8.00483700435609
Epoch 526 MSE: 0.00014125468442216516
Epoch 526 val RMSE: 7.937124168329268
Epoch 527 MSE: 0.00010415676661068574
Epoch 527 val RMSE: 7.887536137372645
Epoch 528 MSE: 0.00017236250278074294
Epoch 528 val RMSE: 7.830817637035225
Epoch 529 MSE: 0.00011659241135930642
Epoch 529 val RMSE: 7.874003271573613
Epoch 530 MSE: 8.556493412470445e-05
Epoch 530 val RMSE: 7.9585242389995985
Epoch 531 MSE: 0.00012582195631694049
Epoch 531 val RMSE: 8.01147829584923
Epoch 532 MSE: 0.00010407214722363278
Epoch 532 val RMSE: 8.05016998680191
Epoch 533 MSE: 9.278363722842187e-05
Epoch 533 val RMSE: 8.071435516007206
Epoch 534 MSE: 0.00010385793575551361
Epoch 534 val RMSE: 8.06129150796367
Epoch 535 MSE: 8.572050865041092e-05
Epoch 535 val RMSE: 8.098869678138831
Epoch 536 MSE: 8.417954086326063e-05
Epoch 536 val RMSE: 8.173880161498042
Epoch 537 MSE: 9.868556662695482e-05
Epoch 537 val RMSE: 8.197461772805138
Epoch 538 MSE: 8.487392187817022e-05
Epoch 538 val RMSE: 8.190589380168637
Epoch 539 MSE: 8.222708129324019e-05
Epoch 539 val RMSE: 8.152495824677663
Epoch 540 MSE: 8.962248102761805e-05
Epoch 540 val RMSE: 8.079064674251729
Epoch 541 MSE: 7.542903767898679e-05
Epoch 541 val RMSE: 8.046582974070034
Epoch 542 MSE: 7.771909440634772e-05
Epoch 542 val RMSE: 8.064003028051625
Epoch 543 MSE: 8.639777661301196e-05
Epoch 543 val RMSE: 8.077756655649551
Epoch 544 MSE: 7.568069122498855e-05
Epoch 544 val RMSE: 8.100175229284684
Epoch 545 MSE: 7.454410661011934e-05
Epoch 545 val RMSE: 8.114898975845824
Epoch 546 MSE: 7.988244760781527e-05
Epoch 546 val RMSE: 8.098028399854112
Epoch 547 MSE: 7.059468771331012e-05
Epoch 547 val RMSE: 8.0954244052594
Epoch 548 MSE: 7.095837645465508e-05
Epoch 548 val RMSE: 8.11001754890547
Epoch 549 MSE: 7.625874422956258e-05
Epoch 549 val RMSE: 8.101303052288534
Epoch 550 MSE: 6.915249105077237e-05
Epoch 550 val RMSE: 8.087919160101196
Epoch 551 MSE: 6.748578016413376e-05
Epoch 551 val RMSE: 8.060468077592194
Epoch 552 MSE: 7.126699347281829e-05
Epoch 552 val RMSE: 8.006979282108896
Epoch 553 MSE: 6.624399247812107e-05
Epoch 553 val RMSE: 7.971995452006756
Epoch 554 MSE: 6.497006688732654e-05
Epoch 554 val RMSE: 7.9609370208230965
Epoch 555 MSE: 6.82447716826573e-05
Epoch 555 val RMSE: 7.950842989006879
Epoch 556 MSE: 6.47535634925589e-05
Epoch 556 val RMSE: 7.955844376765703
Epoch 557 MSE: 6.228016718523577e-05
Epoch 557 val RMSE: 7.955467973199781
Epoch 558 MSE: 6.483879406005144e-05
Epoch 558 val RMSE: 7.933672365055474
Epoch 559 MSE: 6.332949124043807e-05
Epoch 559 val RMSE: 7.919963779173976
Epoch 560 MSE: 6.085698623792268e-05
Epoch 560 val RMSE: 7.910551205417683
Epoch 561 MSE: 6.203993689268827e-05
Epoch 561 val RMSE: 7.896133162174693
Epoch 562 MSE: 6.142534402897581e-05
Epoch 562 val RMSE: 7.894536565281486
Epoch 563 MSE: 5.9324316680431366e-05
Epoch 563 val RMSE: 7.890619682083604
Epoch 564 MSE: 5.9747948398580775e-05
Epoch 564 val RMSE: 7.8813864833016485
Epoch 565 MSE: 5.996388790663332e-05
Epoch 565 val RMSE: 7.888275098727422
Epoch 566 MSE: 5.805846012663096e-05
Epoch 566 val RMSE: 7.894172943455295
Epoch 567 MSE: 5.740165215684101e-05
Epoch 567 val RMSE: 7.893849173048957
Epoch 568 MSE: 5.817778946948238e-05
Epoch 568 val RMSE: 7.894336031727807
Epoch 569 MSE: 5.728800533688627e-05
Epoch 569 val RMSE: 7.879431310358521
Epoch 570 MSE: 5.575652903644368e-05
Epoch 570 val RMSE: 7.865770774948454
Epoch 571 MSE: 5.603339013759978e-05
Epoch 571 val RMSE: 7.865841095918492
Epoch 572 MSE: 5.6355631386395544e-05
Epoch 572 val RMSE: 7.863986836900686
Epoch 573 MSE: 5.547386172111146e-05
Epoch 573 val RMSE: 7.872197212509143
Epoch 574 MSE: 5.4414744226960465e-05
Epoch 574 val RMSE: 7.876178229458579
Epoch 575 MSE: 5.416887142928317e-05
Epoch 575 val RMSE: 7.873851874080496
Epoch 576 MSE: 5.460019383463077e-05
Epoch 576 val RMSE: 7.877576376285347
Epoch 577 MSE: 5.437986692413688e-05
Epoch 577 val RMSE: 7.868222180905032
Epoch 578 MSE: 5.367582707549445e-05
Epoch 578 val RMSE: 7.8623085083559525
Epoch 579 MSE: 5.2866467740386724e-05
Epoch 579 val RMSE: 7.853658671524284
Epoch 580 MSE: 5.252512710285373e-05
Epoch 580 val RMSE: 7.848953041187942
Epoch 581 MSE: 5.2484090701909736e-05
Epoch 581 val RMSE: 7.85367907183499
Epoch 582 MSE: 5.25490177096799e-05
Epoch 582 val RMSE: 7.850210257466088
Epoch 583 MSE: 5.2550440159393474e-05
Epoch 583 val RMSE: 7.853107357346875
Epoch 584 MSE: 5.232598414295353e-05
Epoch 584 val RMSE: 7.844598367109674
Epoch 585 MSE: 5.199146471568383e-05
Epoch 585 val RMSE: 7.844688085867454
Epoch 586 MSE: 5.1509341574274004e-05
Epoch 586 val RMSE: 7.835682645173242
Epoch 587 MSE: 5.113322913530283e-05
Epoch 587 val RMSE: 7.833309931077562
Epoch 588 MSE: 5.077627065475099e-05
Epoch 588 val RMSE: 7.82713448659471
Epoch 589 MSE: 5.0535189075162634e-05
Epoch 589 val RMSE: 7.82963769729783
Epoch 590 MSE: 5.029933527112007e-05
Epoch 590 val RMSE: 7.8265888587597665
Epoch 591 MSE: 5.021192555432208e-05
Epoch 591 val RMSE: 7.827444690373697
Epoch 592 MSE: 5.023561243433505e-05
Epoch 592 val RMSE: 7.818259351720911
Epoch 593 MSE: 5.060885087004863e-05
Epoch 593 val RMSE: 7.820320548587891
Epoch 594 MSE: 5.1683527999557555e-05
Epoch 594 val RMSE: 7.806552423585427
Epoch 595 MSE: 5.463761044666171e-05
Epoch 595 val RMSE: 7.8185525870767645
Epoch 596 MSE: 6.272779137361795e-05
Epoch 596 val RMSE: 7.795221371250892
Epoch 597 MSE: 7.983458635862917e-05
Epoch 597 val RMSE: 7.84497133754262
Epoch 598 MSE: 0.00016004234203137457
Epoch 598 val RMSE: 7.809757331077099
Epoch 599 MSE: 0.0001665514864725992
Epoch 599 val RMSE: 7.764526289462601
Epoch 600 MSE: 8.466861618217081e-05
Epoch 600 val RMSE: 7.701113177004936
Epoch 601 MSE: 6.521414616145194e-05
Epoch 601 val RMSE: 7.693888916943093
Epoch 602 MSE: 0.00015272869495674968
Epoch 602 val RMSE: 7.964503933484755
Epoch 603 MSE: 0.0007930397987365723
Epoch 603 val RMSE: 8.095031401188661
Epoch 604 MSE: 0.0010436158627271652
Epoch 604 val RMSE: 8.083947332075676
Epoch 605 MSE: 0.0003341980918776244
Epoch 605 val RMSE: 7.94403792128871
Epoch 606 MSE: 0.0003389757766854018
Epoch 606 val RMSE: 7.743217946294574
Epoch 607 MSE: 0.0007468314724974334
Epoch 607 val RMSE: 7.562198853605005
Epoch 608 MSE: 0.0003550563124008477
Epoch 608 val RMSE: 7.413375066918745
Epoch 609 MSE: 0.00024211592972278595
Epoch 609 val RMSE: 7.300217444956852
Epoch 610 MSE: 0.0005374077009037137
Epoch 610 val RMSE: 7.224782297623014
Epoch 611 MSE: 0.0002985511673614383
Epoch 611 val RMSE: 7.15501799660478
Epoch 612 MSE: 0.00021571916295215487
Epoch 612 val RMSE: 7.076203411725888
Epoch 613 MSE: 0.00042287458200007677
Epoch 613 val RMSE: 6.990678029718258
Epoch 614 MSE: 0.00023495865752920508
Epoch 614 val RMSE: 6.899068421212128
Best model saved at epoch 614 with Test RMSE: 6.899068421212128
Epoch 615 MSE: 0.0002614695986267179
Epoch 615 val RMSE: 6.81333288298504
Best model saved at epoch 615 with Test RMSE: 6.81333288298504
Epoch 616 MSE: 0.00033808749867603183
Epoch 616 val RMSE: 6.753149075092296
Best model saved at epoch 616 with Test RMSE: 6.753149075092296
Epoch 617 MSE: 0.00018317739886697382
Epoch 617 val RMSE: 6.720189140019551
Best model saved at epoch 617 with Test RMSE: 6.720189140019551
Epoch 618 MSE: 0.000278619525488466
Epoch 618 val RMSE: 6.715208459772722
Best model saved at epoch 618 with Test RMSE: 6.715208459772722
Epoch 619 MSE: 0.00029489045846275985
Epoch 619 val RMSE: 6.74307913426333
Epoch 620 MSE: 0.00016975955804809928
Epoch 620 val RMSE: 6.790278879992074
Epoch 621 MSE: 0.0002517923421692103
Epoch 621 val RMSE: 6.843031754101868
Epoch 622 MSE: 0.00023286881332751364
Epoch 622 val RMSE: 6.889661103040272
Epoch 623 MSE: 0.0001669552002567798
Epoch 623 val RMSE: 6.919443637775197
Epoch 624 MSE: 0.00024213829601649195
Epoch 624 val RMSE: 6.931713818647092
Epoch 625 MSE: 0.00019156625785399228
Epoch 625 val RMSE: 6.929635203614674
Epoch 626 MSE: 0.00015673288726247847
Epoch 626 val RMSE: 6.921974198640199
Epoch 627 MSE: 0.00021608202951028943
Epoch 627 val RMSE: 6.918686108522464
Epoch 628 MSE: 0.0001736664999043569
Epoch 628 val RMSE: 6.92236905024734
Epoch 629 MSE: 0.00014915458450559527
Epoch 629 val RMSE: 6.932020343044079
Epoch 630 MSE: 0.00018937443383038044
Epoch 630 val RMSE: 6.943622259000239
Epoch 631 MSE: 0.00015564112982247025
Epoch 631 val RMSE: 6.946882896401692
Epoch 632 MSE: 0.0001354206760879606
Epoch 632 val RMSE: 6.935951403736909
Epoch 633 MSE: 0.00016860492178238928
Epoch 633 val RMSE: 6.911162825483263
Epoch 634 MSE: 0.00014509922766592354
Epoch 634 val RMSE: 6.874237573135952
Epoch 635 MSE: 0.00012523548502940685
Epoch 635 val RMSE: 6.833968745516566
Epoch 636 MSE: 0.0001494127354817465
Epoch 636 val RMSE: 6.800606801503256
Epoch 637 MSE: 0.000137776936753653
Epoch 637 val RMSE: 6.7807107878040185
Epoch 638 MSE: 0.00011812832963187248
Epoch 638 val RMSE: 6.776774392961278
Epoch 639 MSE: 0.00013425624638330191
Epoch 639 val RMSE: 6.786284234913905
Epoch 640 MSE: 0.0001330681552644819
Epoch 640 val RMSE: 6.802964843210567
Epoch 641 MSE: 0.0001126081551774405
Epoch 641 val RMSE: 6.8186819043417515
Epoch 642 MSE: 0.0001192072086269036
Epoch 642 val RMSE: 6.827397846811227
Epoch 643 MSE: 0.00012748721928801388
Epoch 643 val RMSE: 6.827288334127573
Epoch 644 MSE: 0.00011276722943875939
Epoch 644 val RMSE: 6.820428277045674
Epoch 645 MSE: 0.00010802465112647042
Epoch 645 val RMSE: 6.8116913761779365
Epoch 646 MSE: 0.00011785935930674896
Epoch 646 val RMSE: 6.806553756619281
Epoch 647 MSE: 0.00011509648174978793
Epoch 647 val RMSE: 6.807046369721673
Epoch 648 MSE: 0.00010488282714504749
Epoch 648 val RMSE: 6.812263414667004
Epoch 649 MSE: 0.00010599932284094393
Epoch 649 val RMSE: 6.818360493948633
Epoch 650 MSE: 0.00011115385132143274
Epoch 650 val RMSE: 6.819826718363587
Epoch 651 MSE: 0.00010703194129746407
Epoch 651 val RMSE: 6.813379913340064
Epoch 652 MSE: 0.00010062488581752405
Epoch 652 val RMSE: 6.798004407333019
Epoch 653 MSE: 0.00010206991282757372
Epoch 653 val RMSE: 6.77626663135598
Epoch 654 MSE: 0.00010518764611333609
Epoch 654 val RMSE: 6.753755725531275
Epoch 655 MSE: 0.00010210371692664921
Epoch 655 val RMSE: 6.734513212763831
Epoch 656 MSE: 9.739478991832584e-05
Epoch 656 val RMSE: 6.721971032499885
Epoch 657 MSE: 9.719764784676954e-05
Epoch 657 val RMSE: 6.716401013342003
Epoch 658 MSE: 9.940378367900848e-05
Epoch 658 val RMSE: 6.714857100317589
Best model saved at epoch 658 with Test RMSE: 6.714857100317589
Epoch 659 MSE: 9.887109627015889e-05
Epoch 659 val RMSE: 6.714638663062092
Best model saved at epoch 659 with Test RMSE: 6.714638663062092
Epoch 660 MSE: 9.539602615404874e-05
Epoch 660 val RMSE: 6.711997253799331
Best model saved at epoch 660 with Test RMSE: 6.711997253799331
Epoch 661 MSE: 9.302935359301046e-05
Epoch 661 val RMSE: 6.705984363823241
Best model saved at epoch 661 with Test RMSE: 6.705984363823241
Epoch 662 MSE: 9.342482371721417e-05
Epoch 662 val RMSE: 6.697846012326201
Best model saved at epoch 662 with Test RMSE: 6.697846012326201
Epoch 663 MSE: 9.44414859986864e-05
Epoch 663 val RMSE: 6.689481067459889
Best model saved at epoch 663 with Test RMSE: 6.689481067459889
Epoch 664 MSE: 9.382587450090796e-05
Epoch 664 val RMSE: 6.684294030197123
Best model saved at epoch 664 with Test RMSE: 6.684294030197123
Epoch 665 MSE: 9.161461639450863e-05
Epoch 665 val RMSE: 6.683020401602289
Best model saved at epoch 665 with Test RMSE: 6.683020401602289
Epoch 666 MSE: 8.95562261575833e-05
Epoch 666 val RMSE: 6.6858678234202396
Epoch 667 MSE: 8.880473615135998e-05
Epoch 667 val RMSE: 6.691128325828543
Epoch 668 MSE: 8.913359488360584e-05
Epoch 668 val RMSE: 6.6960329182315865
Epoch 669 MSE: 8.94864133442752e-05
Epoch 669 val RMSE: 6.699564096874868
Epoch 670 MSE: 8.903958951123059e-05
Epoch 670 val RMSE: 6.700060021430516
Epoch 671 MSE: 8.782020449871197e-05
Epoch 671 val RMSE: 6.6991985354104635
Epoch 672 MSE: 8.638483268441632e-05
Epoch 672 val RMSE: 6.697710175443417
Epoch 673 MSE: 8.530722698196769e-05
Epoch 673 val RMSE: 6.697525068337977
Epoch 674 MSE: 8.474438800476491e-05
Epoch 674 val RMSE: 6.699225867798697
Epoch 675 MSE: 8.457625517621636e-05
Epoch 675 val RMSE: 6.702103401354041
Epoch 676 MSE: 8.464081474812701e-05
Epoch 676 val RMSE: 6.705335274889813
Epoch 677 MSE: 8.48346171551384e-05
Epoch 677 val RMSE: 6.706605234540993
Epoch 678 MSE: 8.512633939972147e-05
Epoch 678 val RMSE: 6.7058276438966455
Epoch 679 MSE: 8.552047802368179e-05
Epoch 679 val RMSE: 6.701841289247289
Epoch 680 MSE: 8.614582475274801e-05
Epoch 680 val RMSE: 6.6970135765672865
Epoch 681 MSE: 8.729718683753163e-05
Epoch 681 val RMSE: 6.691157116458177
Epoch 682 MSE: 8.948709728429094e-05
Epoch 682 val RMSE: 6.68780830599563
Epoch 683 MSE: 9.368220344185829e-05
Epoch 683 val RMSE: 6.684826182671416
Epoch 684 MSE: 0.00010168815788347274
Epoch 684 val RMSE: 6.6857354518941925
Epoch 685 MSE: 0.00011733434803318232
Epoch 685 val RMSE: 6.6843850555272954
Epoch 686 MSE: 0.00014751576236449182
Epoch 686 val RMSE: 6.6868385629564155
Epoch 687 MSE: 0.00020567765750456601
Epoch 687 val RMSE: 6.6812757957253135
Best model saved at epoch 687 with Test RMSE: 6.6812757957253135
Epoch 688 MSE: 0.0003094990679528564
Epoch 688 val RMSE: 6.68326698454206
Epoch 689 MSE: 0.0004710994253400713
Epoch 689 val RMSE: 6.6666493733499665
Best model saved at epoch 689 with Test RMSE: 6.6666493733499665
Epoch 690 MSE: 0.0006544479401782155
Epoch 690 val RMSE: 6.669950757166603
Epoch 691 MSE: 0.0006698240176774561
Epoch 691 val RMSE: 6.637663057267702
Best model saved at epoch 691 with Test RMSE: 6.637663057267702
Epoch 692 MSE: 0.00045217026490718126
Epoch 692 val RMSE: 6.621065807002245
Best model saved at epoch 692 with Test RMSE: 6.621065807002245
Epoch 693 MSE: 0.00012935612176079303
Epoch 693 val RMSE: 6.584215837391676
Best model saved at epoch 693 with Test RMSE: 6.584215837391676
Epoch 694 MSE: 0.00015055017138365656
Epoch 694 val RMSE: 6.537946124928738
Best model saved at epoch 694 with Test RMSE: 6.537946124928738
Epoch 695 MSE: 0.0003524848143570125
Epoch 695 val RMSE: 6.527454788478048
Best model saved at epoch 695 with Test RMSE: 6.527454788478048
Epoch 696 MSE: 0.00026940787211060524
Epoch 696 val RMSE: 6.514834861506857
Best model saved at epoch 696 with Test RMSE: 6.514834861506857
Epoch 697 MSE: 9.666992264101282e-05
Epoch 697 val RMSE: 6.517792338965468
Epoch 698 MSE: 0.00016210768080782145
Epoch 698 val RMSE: 6.536683956877494
Epoch 699 MSE: 0.00024010696506593376
Epoch 699 val RMSE: 6.537526012828415
Epoch 700 MSE: 0.00013367562496569008
Epoch 700 val RMSE: 6.534662112874954
Epoch 701 MSE: 0.00010668431059457362
Epoch 701 val RMSE: 6.520235109361292
Epoch 702 MSE: 0.00019140892254654318
Epoch 702 val RMSE: 6.481101807065286
Best model saved at epoch 702 with Test RMSE: 6.481101807065286
Epoch 703 MSE: 0.00014258071314543486
Epoch 703 val RMSE: 6.4435739842821675
Best model saved at epoch 703 with Test RMSE: 6.4435739842821675
Epoch 704 MSE: 9.426458564121276e-05
Epoch 704 val RMSE: 6.40662662050326
Best model saved at epoch 704 with Test RMSE: 6.40662662050326
Epoch 705 MSE: 0.00015895294200163335
Epoch 705 val RMSE: 6.365006935853018
Best model saved at epoch 705 with Test RMSE: 6.365006935853018
Epoch 706 MSE: 0.00014002193347550929
Epoch 706 val RMSE: 6.341751460320142
Best model saved at epoch 706 with Test RMSE: 6.341751460320142
Epoch 707 MSE: 9.140393376583233e-05
Epoch 707 val RMSE: 6.32642211607568
Best model saved at epoch 707 with Test RMSE: 6.32642211607568
Epoch 708 MSE: 0.00013638609379995614
Epoch 708 val RMSE: 6.307310180468889
Best model saved at epoch 708 with Test RMSE: 6.307310180468889
Epoch 709 MSE: 0.00013061557547189295
Epoch 709 val RMSE: 6.299303518881913
Best model saved at epoch 709 with Test RMSE: 6.299303518881913
Epoch 710 MSE: 9.032158413901925e-05
Epoch 710 val RMSE: 6.289759096223431
Best model saved at epoch 710 with Test RMSE: 6.289759096223431
Epoch 711 MSE: 0.00012273703760001808
Epoch 711 val RMSE: 6.27079304864898
Best model saved at epoch 711 with Test RMSE: 6.27079304864898
Epoch 712 MSE: 0.00012080807209713385
Epoch 712 val RMSE: 6.26110524618526
Best model saved at epoch 712 with Test RMSE: 6.26110524618526
Epoch 713 MSE: 8.885798160918057e-05
Epoch 713 val RMSE: 6.2541578577002035
Best model saved at epoch 713 with Test RMSE: 6.2541578577002035
Epoch 714 MSE: 0.00011228057701373473
Epoch 714 val RMSE: 6.246261699391497
Best model saved at epoch 714 with Test RMSE: 6.246261699391497
Epoch 715 MSE: 0.00011299897596472874
Epoch 715 val RMSE: 6.254898897935016
Epoch 716 MSE: 8.742231148062274e-05
Epoch 716 val RMSE: 6.269642899609439
Epoch 717 MSE: 0.00010307773482054472
Epoch 717 val RMSE: 6.282193392988177
Epoch 718 MSE: 0.00010643903078744188
Epoch 718 val RMSE: 6.303365311133844
Epoch 719 MSE: 8.59827414387837e-05
Epoch 719 val RMSE: 6.319588184701496
Epoch 720 MSE: 9.546442743157968e-05
Epoch 720 val RMSE: 6.324652427803407
Epoch 721 MSE: 0.00010092718002852052
Epoch 721 val RMSE: 6.331681220083171
Epoch 722 MSE: 8.502667333232239e-05
Epoch 722 val RMSE: 6.332052937964092
Epoch 723 MSE: 8.912937482818961e-05
Epoch 723 val RMSE: 6.326151674385006
Epoch 724 MSE: 9.599953045835719e-05
Epoch 724 val RMSE: 6.328281730312196
Epoch 725 MSE: 8.467105362797156e-05
Epoch 725 val RMSE: 6.328649428501091
Epoch 726 MSE: 8.402184175793082e-05
Epoch 726 val RMSE: 6.327294565978274
Epoch 727 MSE: 9.104885975830257e-05
Epoch 727 val RMSE: 6.332936056961455
Epoch 728 MSE: 8.451398753095418e-05
Epoch 728 val RMSE: 6.332731854169763
Epoch 729 MSE: 8.057266677496955e-05
Epoch 729 val RMSE: 6.328754007608319
Epoch 730 MSE: 8.614018588559702e-05
Epoch 730 val RMSE: 6.328320008087127
Epoch 731 MSE: 8.412705938098952e-05
Epoch 731 val RMSE: 6.321765105592976
Epoch 732 MSE: 7.88790566730313e-05
Epoch 732 val RMSE: 6.316538510326792
Epoch 733 MSE: 8.153727685566992e-05
Epoch 733 val RMSE: 6.317727219149001
Epoch 734 MSE: 8.295175939565524e-05
Epoch 734 val RMSE: 6.316498047415815
Epoch 735 MSE: 7.871278648963198e-05
Epoch 735 val RMSE: 6.320252143562243
Epoch 736 MSE: 7.797149737598374e-05
Epoch 736 val RMSE: 6.326955126720681
Epoch 737 MSE: 8.04599912953563e-05
Epoch 737 val RMSE: 6.328411331292187
Epoch 738 MSE: 7.898533658590168e-05
Epoch 738 val RMSE: 6.331946304758723
Epoch 739 MSE: 7.632662891410291e-05
Epoch 739 val RMSE: 6.332564692115982
Epoch 740 MSE: 7.735424878774211e-05
Epoch 740 val RMSE: 6.328308554918903
Epoch 741 MSE: 7.829736568965018e-05
Epoch 741 val RMSE: 6.327434134741521
Epoch 742 MSE: 7.6306976552587e-05
Epoch 742 val RMSE: 6.324077903870928
Epoch 743 MSE: 7.51274565118365e-05
Epoch 743 val RMSE: 6.3209721582901235
Epoch 744 MSE: 7.61717019486241e-05
Epoch 744 val RMSE: 6.321747908019493
Epoch 745 MSE: 7.625749276485294e-05
Epoch 745 val RMSE: 6.319194605247126
Epoch 746 MSE: 7.472061406588182e-05
Epoch 746 val RMSE: 6.318076814586046
Epoch 747 MSE: 7.409713725792244e-05
Epoch 747 val RMSE: 6.316760749753699
Epoch 748 MSE: 7.477325561922044e-05
Epoch 748 val RMSE: 6.3118161879199155
Epoch 749 MSE: 7.472028664778918e-05
Epoch 749 val RMSE: 6.309673620812084
Epoch 750 MSE: 7.362898759311065e-05
Epoch 750 val RMSE: 6.3063312264420155
Epoch 751 MSE: 7.311485387617722e-05
Epoch 751 val RMSE: 6.303705112918494
Epoch 752 MSE: 7.349197403527796e-05
Epoch 752 val RMSE: 6.304877182613615
Epoch 753 MSE: 7.353119872277603e-05
Epoch 753 val RMSE: 6.304643633192342
Epoch 754 MSE: 7.28355735191144e-05
Epoch 754 val RMSE: 6.306975714038441
Epoch 755 MSE: 7.228404865600169e-05
Epoch 755 val RMSE: 6.309226518672159
Epoch 756 MSE: 7.237273530336097e-05
Epoch 756 val RMSE: 6.30946382835099
Epoch 757 MSE: 7.252205250551924e-05
Epoch 757 val RMSE: 6.311401875981018
Epoch 758 MSE: 7.219076360343024e-05
Epoch 758 val RMSE: 6.310863622699086
Epoch 759 MSE: 7.167935837060213e-05
Epoch 759 val RMSE: 6.311076693075351
Epoch 760 MSE: 7.149411976570264e-05
Epoch 760 val RMSE: 6.312034967497265
Epoch 761 MSE: 7.158984226407483e-05
Epoch 761 val RMSE: 6.311582290868455
Epoch 762 MSE: 7.155561615945771e-05
Epoch 762 val RMSE: 6.313127543161211
Epoch 763 MSE: 7.12465844117105e-05
Epoch 763 val RMSE: 6.3127958020692425
Epoch 764 MSE: 7.091659063007683e-05
Epoch 764 val RMSE: 6.312280632210925
Epoch 765 MSE: 7.079805072862655e-05
Epoch 765 val RMSE: 6.311507043074986
Epoch 766 MSE: 7.081864168867469e-05
Epoch 766 val RMSE: 6.308664799812753
Epoch 767 MSE: 7.075885514495894e-05
Epoch 767 val RMSE: 6.307124199968487
Epoch 768 MSE: 7.054488378344104e-05
Epoch 768 val RMSE: 6.3043302035335635
Epoch 769 MSE: 7.030003325780854e-05
Epoch 769 val RMSE: 6.30250135144072
Epoch 770 MSE: 7.015829032752663e-05
Epoch 770 val RMSE: 6.3013678867093885
Epoch 771 MSE: 7.011665729805827e-05
Epoch 771 val RMSE: 6.299637484338446
Epoch 772 MSE: 7.007017120486125e-05
Epoch 772 val RMSE: 6.29935105629689
Epoch 773 MSE: 6.994363502599299e-05
Epoch 773 val RMSE: 6.2977763777929985
Epoch 774 MSE: 6.97602445143275e-05
Epoch 774 val RMSE: 6.296973140131619
Epoch 775 MSE: 6.959556776564568e-05
Epoch 775 val RMSE: 6.295915932895072
Epoch 776 MSE: 6.9493027694989e-05
Epoch 776 val RMSE: 6.294696137454978
Epoch 777 MSE: 6.943130574654788e-05
Epoch 777 val RMSE: 6.29463886852196
Epoch 778 MSE: 6.935778219485655e-05
Epoch 778 val RMSE: 6.293923114414889
Epoch 779 MSE: 6.924298941157758e-05
Epoch 779 val RMSE: 6.294496754474486
Epoch 780 MSE: 6.909996591275558e-05
Epoch 780 val RMSE: 6.294439483727414
Epoch 781 MSE: 6.89632652211003e-05
Epoch 781 val RMSE: 6.294589174422415
Epoch 782 MSE: 6.885561015224084e-05
Epoch 782 val RMSE: 6.294642807671606
Epoch 783 MSE: 6.87732026563026e-05
Epoch 783 val RMSE: 6.293953721993025
Epoch 784 MSE: 6.869515345897526e-05
Epoch 784 val RMSE: 6.293880384774687
Epoch 785 MSE: 6.860262510599568e-05
Epoch 785 val RMSE: 6.292977842754139
Epoch 786 MSE: 6.849231431260705e-05
Epoch 786 val RMSE: 6.292886005333566
Epoch 787 MSE: 6.837390537839383e-05
Epoch 787 val RMSE: 6.292369205417397
Epoch 788 MSE: 6.82612371747382e-05
Epoch 788 val RMSE: 6.292088812335253
Epoch 789 MSE: 6.816202949266881e-05
Epoch 789 val RMSE: 6.2918026469443324
Epoch 790 MSE: 6.8074201408308e-05
Epoch 790 val RMSE: 6.291017140930429
Epoch 791 MSE: 6.79904333082959e-05
Epoch 791 val RMSE: 6.290598123855901
Epoch 792 MSE: 6.790284533053637e-05
Epoch 792 val RMSE: 6.289472824832511
Epoch 793 MSE: 6.780817057006061e-05
Epoch 793 val RMSE: 6.288972728396557
Epoch 794 MSE: 6.77081843605265e-05
Epoch 794 val RMSE: 6.288064932043849
Epoch 795 MSE: 6.760703399777412e-05
Epoch 795 val RMSE: 6.28767605301872
Epoch 796 MSE: 6.750891043338925e-05
Epoch 796 val RMSE: 6.287232240470004
Epoch 797 MSE: 6.741606193827465e-05
Epoch 797 val RMSE: 6.286852108164438
Epoch 798 MSE: 6.732813199050725e-05
Epoch 798 val RMSE: 6.286645801680815
Epoch 799 MSE: 6.724311242578551e-05
Epoch 799 val RMSE: 6.286093898556149
Epoch 800 MSE: 6.715857307426631e-05
Epoch 800 val RMSE: 6.285926103119329
Epoch 801 MSE: 6.707295688102022e-05
Epoch 801 val RMSE: 6.285320727920894
Epoch 802 MSE: 6.698555807815865e-05
Epoch 802 val RMSE: 6.285240310287001
Epoch 803 MSE: 6.689684960292652e-05
Epoch 803 val RMSE: 6.284804519854473
Epoch 804 MSE: 6.680744263576344e-05
Epoch 804 val RMSE: 6.284797539678275
Epoch 805 MSE: 6.671827577520162e-05
Epoch 805 val RMSE: 6.2844961707651095
Epoch 806 MSE: 6.663027306785807e-05
Epoch 806 val RMSE: 6.284349881752233
Epoch 807 MSE: 6.65436964482069e-05
Epoch 807 val RMSE: 6.283997802947672
Epoch 808 MSE: 6.645856774412096e-05
Epoch 808 val RMSE: 6.283595923376319
Epoch 809 MSE: 6.637480692006648e-05
Epoch 809 val RMSE: 6.283191893155177
Epoch 810 MSE: 6.62920720060356e-05
Epoch 810 val RMSE: 6.282663063031012
Epoch 811 MSE: 6.621017382713035e-05
Epoch 811 val RMSE: 6.282347625936918
Epoch 812 MSE: 6.612890865653753e-05
Epoch 812 val RMSE: 6.281835424366681
Epoch 813 MSE: 6.604821101063862e-05
Epoch 813 val RMSE: 6.281632596790001
Epoch 814 MSE: 6.596793537028134e-05
Epoch 814 val RMSE: 6.281103939047278
Epoch 815 MSE: 6.588816177099943e-05
Epoch 815 val RMSE: 6.280921130324861
Epoch 816 MSE: 6.580895569641143e-05
Epoch 816 val RMSE: 6.280310413439781
Epoch 817 MSE: 6.573038263013586e-05
Epoch 817 val RMSE: 6.28014610800891
Epoch 818 MSE: 6.565286457771435e-05
Epoch 818 val RMSE: 6.279502511698964
Epoch 819 MSE: 6.557647429872304e-05
Epoch 819 val RMSE: 6.279462721371296
Epoch 820 MSE: 6.550190300913528e-05
Epoch 820 val RMSE: 6.2788220927621925
Epoch 821 MSE: 6.542995106428862e-05
Epoch 821 val RMSE: 6.278953322153091
Epoch 822 MSE: 6.536177534144372e-05
Epoch 822 val RMSE: 6.278211171691935
Epoch 823 MSE: 6.529987149406224e-05
Epoch 823 val RMSE: 6.278502817211474
Epoch 824 MSE: 6.524753553094342e-05
Epoch 824 val RMSE: 6.277502659683545
Epoch 825 MSE: 6.521158502437174e-05
Epoch 825 val RMSE: 6.27807293913519
Epoch 826 MSE: 6.520281749544665e-05
Epoch 826 val RMSE: 6.27668254529525
Epoch 827 MSE: 6.524162017740309e-05
Epoch 827 val RMSE: 6.277842342228495
Epoch 828 MSE: 6.536342698382214e-05
Epoch 828 val RMSE: 6.275797892752269
Epoch 829 MSE: 6.563732313225046e-05
Epoch 829 val RMSE: 6.278027671108895
Epoch 830 MSE: 6.618489715037867e-05
Epoch 830 val RMSE: 6.274670547408495
Epoch 831 MSE: 6.725540151819587e-05
Epoch 831 val RMSE: 6.2788123719574624
Epoch 832 MSE: 6.929051596671343e-05
Epoch 832 val RMSE: 6.272818148812874
Epoch 833 MSE: 7.325163460336626e-05
Epoch 833 val RMSE: 6.280639618780566
Epoch 834 MSE: 8.079309918684885e-05
Epoch 834 val RMSE: 6.26941503494314
Epoch 835 MSE: 9.579063043929636e-05
Epoch 835 val RMSE: 6.284598449649734
Epoch 836 MSE: 0.000124196449178271
Epoch 836 val RMSE: 6.2629072045522145
Epoch 837 MSE: 0.00018122748588211834
Epoch 837 val RMSE: 6.29259714820748
Epoch 838 MSE: 0.00028142856899648905
Epoch 838 val RMSE: 6.250791880986304
Epoch 839 MSE: 0.0004678599361795932
Epoch 839 val RMSE: 6.304794896757986
Epoch 840 MSE: 0.0006922493921592832
Epoch 840 val RMSE: 6.232571525056203
Best model saved at epoch 840 with Test RMSE: 6.232571525056203
Epoch 841 MSE: 0.0009439433924853802
Epoch 841 val RMSE: 6.293621879417604
Epoch 842 MSE: 0.0007865038351155818
Epoch 842 val RMSE: 6.204901683437301
Best model saved at epoch 842 with Test RMSE: 6.204901683437301
Epoch 843 MSE: 0.00038639880949631333
Epoch 843 val RMSE: 6.1678843284081655
Best model saved at epoch 843 with Test RMSE: 6.1678843284081655
Epoch 844 MSE: 7.772126991767436e-05
Epoch 844 val RMSE: 6.1041649654590024
Best model saved at epoch 844 with Test RMSE: 6.1041649654590024
Epoch 845 MSE: 0.00027169770328328013
Epoch 845 val RMSE: 5.999242416873652
Best model saved at epoch 845 with Test RMSE: 5.999242416873652
Epoch 846 MSE: 0.00047388827078975737
Epoch 846 val RMSE: 6.006041346328594
Epoch 847 MSE: 0.00021671067224815488
Epoch 847 val RMSE: 5.995588906373461
Best model saved at epoch 847 with Test RMSE: 5.995588906373461
Epoch 848 MSE: 8.297046588268131e-05
Epoch 848 val RMSE: 5.990216544031172
Best model saved at epoch 848 with Test RMSE: 5.990216544031172
Epoch 849 MSE: 0.0002651677932590246
Epoch 849 val RMSE: 6.031715177474624
Epoch 850 MSE: 0.00022120920766610652
Epoch 850 val RMSE: 6.020367385451701
Epoch 851 MSE: 7.866196392569691e-05
Epoch 851 val RMSE: 5.987949031166975
Best model saved at epoch 851 with Test RMSE: 5.987949031166975
Epoch 852 MSE: 0.00017595953249838203
Epoch 852 val RMSE: 5.96435576855428
Best model saved at epoch 852 with Test RMSE: 5.96435576855428
Epoch 853 MSE: 0.00017981139535550028
Epoch 853 val RMSE: 5.901996675558262
Best model saved at epoch 853 with Test RMSE: 5.901996675558262
Epoch 854 MSE: 7.83177456469275e-05
Epoch 854 val RMSE: 5.846114878582526
Best model saved at epoch 854 with Test RMSE: 5.846114878582526
Epoch 855 MSE: 0.00013917814067099243
Epoch 855 val RMSE: 5.824484662356941
Best model saved at epoch 855 with Test RMSE: 5.824484662356941
Epoch 856 MSE: 0.0001493438467150554
Epoch 856 val RMSE: 5.795683129030512
Best model saved at epoch 856 with Test RMSE: 5.795683129030512
Epoch 857 MSE: 7.899587944848463e-05
Epoch 857 val RMSE: 5.783421783796931
Best model saved at epoch 857 with Test RMSE: 5.783421783796931
Epoch 858 MSE: 0.00011867714783875272
Epoch 858 val RMSE: 5.795448806406263
Epoch 859 MSE: 0.00012245465768501163
Epoch 859 val RMSE: 5.7884394301380535
Epoch 860 MSE: 7.73272113292478e-05
Epoch 860 val RMSE: 5.7767075297294745
Best model saved at epoch 860 with Test RMSE: 5.7767075297294745
Epoch 861 MSE: 0.00010975832992698997
Epoch 861 val RMSE: 5.774536523757468
Best model saved at epoch 861 with Test RMSE: 5.774536523757468
Epoch 862 MSE: 0.00010333081445423886
Epoch 862 val RMSE: 5.756137060658301
Best model saved at epoch 862 with Test RMSE: 5.756137060658301
Epoch 863 MSE: 7.587740401504561e-05
Epoch 863 val RMSE: 5.740786260791273
Best model saved at epoch 863 with Test RMSE: 5.740786260791273
Epoch 864 MSE: 0.00010174798080697656
Epoch 864 val RMSE: 5.7496978016927995
Epoch 865 MSE: 9.089853119803593e-05
Epoch 865 val RMSE: 5.7590340673303775
Epoch 866 MSE: 7.561287930002436e-05
Epoch 866 val RMSE: 5.775375433273899
Epoch 867 MSE: 9.41415419219993e-05
Epoch 867 val RMSE: 5.809544293756873
Epoch 868 MSE: 8.229511877289042e-05
Epoch 868 val RMSE: 5.832286014089714
Epoch 869 MSE: 7.465855014743283e-05
Epoch 869 val RMSE: 5.843201637038872
Epoch 870 MSE: 8.789132698439062e-05
Epoch 870 val RMSE: 5.8560009816903715
Epoch 871 MSE: 7.705483585596085e-05
Epoch 871 val RMSE: 5.852978930913954
Epoch 872 MSE: 7.359692244790494e-05
Epoch 872 val RMSE: 5.8412398388719335
Epoch 873 MSE: 8.252517727669328e-05
Epoch 873 val RMSE: 5.841184328258222
Epoch 874 MSE: 7.378399459412321e-05
Epoch 874 val RMSE: 5.838999076664181
Epoch 875 MSE: 7.225328590720892e-05
Epoch 875 val RMSE: 5.836917248540414
Epoch 876 MSE: 7.837224984541535e-05
Epoch 876 val RMSE: 5.847470328331958
Epoch 877 MSE: 7.156444917200133e-05
Epoch 877 val RMSE: 5.852124746123365
Epoch 878 MSE: 7.054651359794661e-05
Epoch 878 val RMSE: 5.849387321014912
Epoch 879 MSE: 7.507104601245373e-05
Epoch 879 val RMSE: 5.85134312787641
Epoch 880 MSE: 7.009282853687182e-05
Epoch 880 val RMSE: 5.84570997692131
Epoch 881 MSE: 6.905991904204711e-05
Epoch 881 val RMSE: 5.83685450773219
Epoch 882 MSE: 7.237969839479774e-05
Epoch 882 val RMSE: 5.839272481987503
Epoch 883 MSE: 6.894163379911333e-05
Epoch 883 val RMSE: 5.842180500296689
Epoch 884 MSE: 6.772472988814116e-05
Epoch 884 val RMSE: 5.8474236838982065
Epoch 885 MSE: 7.022574573056772e-05
Epoch 885 val RMSE: 5.862337792598721
Epoch 886 MSE: 6.799209950258955e-05
Epoch 886 val RMSE: 5.872246604314635
Epoch 887 MSE: 6.649233546340838e-05
Epoch 887 val RMSE: 5.877643720848391
Epoch 888 MSE: 6.837746332166716e-05
Epoch 888 val RMSE: 5.88459416496398
Epoch 889 MSE: 6.722031685058028e-05
Epoch 889 val RMSE: 5.883066037655703
Epoch 890 MSE: 6.557408050866798e-05
Epoch 890 val RMSE: 5.879155414155086
Epoch 891 MSE: 6.67734129820019e-05
Epoch 891 val RMSE: 5.879925550132217
Epoch 892 MSE: 6.649109855061397e-05
Epoch 892 val RMSE: 5.877288372687072
Epoch 893 MSE: 6.496036075986922e-05
Epoch 893 val RMSE: 5.876857058246069
Epoch 894 MSE: 6.544624193338677e-05
Epoch 894 val RMSE: 5.880191862648084
Epoch 895 MSE: 6.57052660244517e-05
Epoch 895 val RMSE: 5.87800748424696
Epoch 896 MSE: 6.451572699006647e-05
Epoch 896 val RMSE: 5.875626875527404
Epoch 897 MSE: 6.441328878281638e-05
Epoch 897 val RMSE: 5.873085521676138
Epoch 898 MSE: 6.489436054835096e-05
Epoch 898 val RMSE: 5.865388190519727
Epoch 899 MSE: 6.419211422326043e-05
Epoch 899 val RMSE: 5.860676938689549
Epoch 900 MSE: 6.368462345562875e-05
Epoch 900 val RMSE: 5.858261938550872
Epoch 901 MSE: 6.407746695913374e-05
Epoch 901 val RMSE: 5.855121503004136
Epoch 902 MSE: 6.388747715391219e-05
Epoch 902 val RMSE: 5.8571815555902385
Epoch 903 MSE: 6.326098809950054e-05
Epoch 903 val RMSE: 5.859634108854276
Epoch 904 MSE: 6.332889461191371e-05
Epoch 904 val RMSE: 5.860025029047611
Epoch 905 MSE: 6.346010195557028e-05
Epoch 905 val RMSE: 5.862421408575855
Epoch 906 MSE: 6.30216090939939e-05
Epoch 906 val RMSE: 5.861928154683732
Epoch 907 MSE: 6.278602086240426e-05
Epoch 907 val RMSE: 5.860061157740671
Epoch 908 MSE: 6.294141348917037e-05
Epoch 908 val RMSE: 5.86058711420982
Epoch 909 MSE: 6.279967783484608e-05
Epoch 909 val RMSE: 5.859506834454379
Epoch 910 MSE: 6.246431439649314e-05
Epoch 910 val RMSE: 5.859800114786673
Epoch 911 MSE: 6.24429521849379e-05
Epoch 911 val RMSE: 5.861812969367224
Epoch 912 MSE: 6.248576391953975e-05
Epoch 912 val RMSE: 5.861380190746759
Epoch 913 MSE: 6.226339610293508e-05
Epoch 913 val RMSE: 5.86154452022653
Epoch 914 MSE: 6.20729842921719e-05
Epoch 914 val RMSE: 5.86070818166414
Epoch 915 MSE: 6.209583079908043e-05
Epoch 915 val RMSE: 5.857491884897548
Epoch 916 MSE: 6.204427336342633e-05
Epoch 916 val RMSE: 5.855803599081481
Epoch 917 MSE: 6.184225640026852e-05
Epoch 917 val RMSE: 5.853617288281325
Epoch 918 MSE: 6.173901056172326e-05
Epoch 918 val RMSE: 5.851730364644124
Epoch 919 MSE: 6.174161535454914e-05
Epoch 919 val RMSE: 5.852112035068715
Epoch 920 MSE: 6.164794467622414e-05
Epoch 920 val RMSE: 5.851569671015299
Epoch 921 MSE: 6.14879245404154e-05
Epoch 921 val RMSE: 5.851522733301123
Epoch 922 MSE: 6.141881021903828e-05
Epoch 922 val RMSE: 5.851751877046529
Epoch 923 MSE: 6.139381730463356e-05
Epoch 923 val RMSE: 5.8502536425256615
Epoch 924 MSE: 6.129238317953423e-05
Epoch 924 val RMSE: 5.849597636674366
Epoch 925 MSE: 6.116541044320911e-05
Epoch 925 val RMSE: 5.848755350324479
Epoch 926 MSE: 6.110457616159692e-05
Epoch 926 val RMSE: 5.847648421838447
Epoch 927 MSE: 6.106128421379253e-05
Epoch 927 val RMSE: 5.848077976714103
Epoch 928 MSE: 6.096521610743366e-05
Epoch 928 val RMSE: 5.847919465832051
Epoch 929 MSE: 6.085881977924146e-05
Epoch 929 val RMSE: 5.847915878087466
Epoch 930 MSE: 6.079686136217788e-05
Epoch 930 val RMSE: 5.8481683194715846
Epoch 931 MSE: 6.074380507925525e-05
Epoch 931 val RMSE: 5.847098467260479
Epoch 932 MSE: 6.065619163564406e-05
Epoch 932 val RMSE: 5.846434930075042
Epoch 933 MSE: 6.0562371800187975e-05
Epoch 933 val RMSE: 5.845542918264936
Epoch 934 MSE: 6.0497361118905246e-05
Epoch 934 val RMSE: 5.844386428203389
Epoch 935 MSE: 6.043946268619038e-05
Epoch 935 val RMSE: 5.844312997716943
Epoch 936 MSE: 6.03598055022303e-05
Epoch 936 val RMSE: 5.843909929504403
Epoch 937 MSE: 6.027374183759093e-05
Epoch 937 val RMSE: 5.843808097346565
Epoch 938 MSE: 6.02059080847539e-05
Epoch 938 val RMSE: 5.843939956596799
Epoch 939 MSE: 6.0145583120174706e-05
Epoch 939 val RMSE: 5.843230035669985
Epoch 940 MSE: 6.007228876114823e-05
Epoch 940 val RMSE: 5.842833748043443
Epoch 941 MSE: 5.999227141728625e-05
Epoch 941 val RMSE: 5.842088432522908
Epoch 942 MSE: 5.992250225972384e-05
Epoch 942 val RMSE: 5.841184328258222
Epoch 943 MSE: 5.986043106531724e-05
Epoch 943 val RMSE: 5.840911338975742
Epoch 944 MSE: 5.9792018873849884e-05
Epoch 944 val RMSE: 5.84032417285991
Epoch 945 MSE: 5.971684367978014e-05
Epoch 945 val RMSE: 5.8401007860448875
Epoch 946 MSE: 5.964639422018081e-05
Epoch 946 val RMSE: 5.839910051358581
Epoch 947 MSE: 5.95826750213746e-05
Epoch 947 val RMSE: 5.839243410823002
Epoch 948 MSE: 5.951742787146941e-05
Epoch 948 val RMSE: 5.838840972642481
Epoch 949 MSE: 5.944697477389127e-05
Epoch 949 val RMSE: 5.838043527397103
Epoch 950 MSE: 5.937684545642696e-05
Epoch 950 val RMSE: 5.8373132843282045
Epoch 951 MSE: 5.93118675169535e-05
Epoch 951 val RMSE: 5.8369045043683245
Epoch 952 MSE: 5.924817014602013e-05
Epoch 952 val RMSE: 5.836307457734808
Epoch 953 MSE: 5.9181315009482205e-05
Epoch 953 val RMSE: 5.836129018150979
Epoch 954 MSE: 5.911305561312474e-05
Epoch 954 val RMSE: 5.835827684709771
Epoch 955 MSE: 5.9047004469903186e-05
Epoch 955 val RMSE: 5.835391017753492
Epoch 956 MSE: 5.898359086131677e-05
Epoch 956 val RMSE: 5.835087684946613
Epoch 957 MSE: 5.891940963920206e-05
Epoch 957 val RMSE: 5.834427031666588
Epoch 958 MSE: 5.885347491130233e-05
Epoch 958 val RMSE: 5.833967374221965
Epoch 959 MSE: 5.8787656598724425e-05
Epoch 959 val RMSE: 5.833527298381897
Epoch 960 MSE: 5.872384281246923e-05
Epoch 960 val RMSE: 5.8330809765679765
Epoch 961 MSE: 5.866082210559398e-05
Epoch 961 val RMSE: 5.832943639908383
Epoch 962 MSE: 5.859705197508447e-05
Epoch 962 val RMSE: 5.832630696440883
Epoch 963 MSE: 5.853248876519501e-05
Epoch 963 val RMSE: 5.832437101271063
Epoch 964 MSE: 5.8468514907872304e-05
Epoch 964 val RMSE: 5.832191173816189
Epoch 965 MSE: 5.840571611770429e-05
Epoch 965 val RMSE: 5.831791192522551
Epoch 966 MSE: 5.83433429710567e-05
Epoch 966 val RMSE: 5.831569441277151
Epoch 967 MSE: 5.828037319588475e-05
Epoch 967 val RMSE: 5.831222406548962
Epoch 968 MSE: 5.8217156038153917e-05
Epoch 968 val RMSE: 5.831042175841752
Epoch 969 MSE: 5.815437907585874e-05
Epoch 969 val RMSE: 5.830927688833257
Epoch 970 MSE: 5.8092344261240214e-05
Epoch 970 val RMSE: 5.830743523586147
Epoch 971 MSE: 5.8030473155668005e-05
Epoch 971 val RMSE: 5.830687258798238
Epoch 972 MSE: 5.7968380133388564e-05
Epoch 972 val RMSE: 5.830456632918201
Epoch 973 MSE: 5.790618160972372e-05
Epoch 973 val RMSE: 5.8302681998956825
Epoch 974 MSE: 5.784438690170646e-05
Epoch 974 val RMSE: 5.8300699460788525
Epoch 975 MSE: 5.7783021475188434e-05
Epoch 975 val RMSE: 5.829832752374145
Epoch 976 MSE: 5.772171789431013e-05
Epoch 976 val RMSE: 5.829762410316752
Epoch 977 MSE: 5.76605525566265e-05
Epoch 977 val RMSE: 5.829638409925483
Epoch 978 MSE: 5.759918349212967e-05
Epoch 978 val RMSE: 5.829633829385581
Epoch 979 MSE: 5.753797449870035e-05
Epoch 979 val RMSE: 5.829624341112907
Epoch 980 MSE: 5.747716568293981e-05
Epoch 980 val RMSE: 5.829574282039337
Epoch 981 MSE: 5.7416520576225594e-05
Epoch 981 val RMSE: 5.829599475221596
Epoch 982 MSE: 5.735607919632457e-05
Epoch 982 val RMSE: 5.829542545018407
Epoch 983 MSE: 5.729544136556797e-05
Epoch 983 val RMSE: 5.829592931548359
Epoch 984 MSE: 5.723499270970933e-05
Epoch 984 val RMSE: 5.829644626366736
Epoch 985 MSE: 5.717463500332087e-05
Epoch 985 val RMSE: 5.8297306743199915
Epoch 986 MSE: 5.711447010980919e-05
Epoch 986 val RMSE: 5.829885426568352
Epoch 987 MSE: 5.7054545322898775e-05
Epoch 987 val RMSE: 5.829973433942775
Epoch 988 MSE: 5.699459870811552e-05
Epoch 988 val RMSE: 5.830120655205006
Epoch 989 MSE: 5.693473212886602e-05
Epoch 989 val RMSE: 5.8301991716914605
Epoch 990 MSE: 5.687488737748936e-05
Epoch 990 val RMSE: 5.830299932966537
Epoch 991 MSE: 5.681527909473516e-05
Epoch 991 val RMSE: 5.830420320778199
Epoch 992 MSE: 5.6755729019641876e-05
Epoch 992 val RMSE: 5.830527620863011
Epoch 993 MSE: 5.669638267136179e-05
Epoch 993 val RMSE: 5.830714082776473
Epoch 994 MSE: 5.663705087499693e-05
Epoch 994 val RMSE: 5.830861939563649
Epoch 995 MSE: 5.657772271661088e-05
Epoch 995 val RMSE: 5.831062783264561
Epoch 996 MSE: 5.651860192301683e-05
Epoch 996 val RMSE: 5.831236144414307
Epoch 997 MSE: 5.645949931931682e-05
Epoch 997 val RMSE: 5.83141048165591
Epoch 998 MSE: 5.640060771838762e-05
Epoch 998 val RMSE: 5.831610979394136
Epoch 999 MSE: 5.634161425405182e-05
Epoch 999 val RMSE: 5.8317918466435446
Training time: 57.12063646316528
(401142.234, 3043998.544, 490) 训练完成

./images/(401142.234, 3043998.544, 490)LSTM训练集可视化结果.png保存成功
Train Score: 0.25 RMSE
Train Score: 5.74 RMSE
Test Score: 11.26 RMSE
./images/(401142.234, 3043998.544, 490)真实值vs预测值.png保存成功
