训练开始: 2025-06-15 17:26:36
Group: (401223.552, 3044155.756, 490)
模型标准化格式保存路径：lstmscaler/(401223.552, 3044155.756, 490)best_scaler.pkl
最优模型参数保存路径：lstmmodel/(401223.552, 3044155.756, 490)best_model.pth
Epoch 0 MSE: 0.12648089230060577
Epoch 0 val RMSE: 40.635410324809385
Best model saved at epoch 0 with Test RMSE: 40.635410324809385
Epoch 1 MSE: 0.06572836637496948
Epoch 1 val RMSE: 46.36283480517423
Epoch 2 MSE: 0.08569718897342682
Epoch 2 val RMSE: 37.532651800424055
Best model saved at epoch 2 with Test RMSE: 37.532651800424055
Epoch 3 MSE: 0.07005146890878677
Epoch 3 val RMSE: 35.745673498035046
Best model saved at epoch 3 with Test RMSE: 35.745673498035046
Epoch 4 MSE: 0.07706863433122635
Epoch 4 val RMSE: 35.94140433954185
Epoch 5 MSE: 0.07515530288219452
Epoch 5 val RMSE: 36.837588609602456
Epoch 6 MSE: 0.07091471552848816
Epoch 6 val RMSE: 38.03116815161694
Epoch 7 MSE: 0.06698060780763626
Epoch 7 val RMSE: 39.31797861516805
Epoch 8 MSE: 0.06425423175096512
Epoch 8 val RMSE: 40.455656665662964
Epoch 9 MSE: 0.06278596073389053
Epoch 9 val RMSE: 41.01273650543283
Epoch 10 MSE: 0.06134194880723953
Epoch 10 val RMSE: 40.32053729229141
Epoch 11 MSE: 0.056498363614082336
Epoch 11 val RMSE: 37.835441452199454
Epoch 12 MSE: 0.043815113604068756
Epoch 12 val RMSE: 33.9589002940273
Best model saved at epoch 12 with Test RMSE: 33.9589002940273
Epoch 13 MSE: 0.03815365582704544
Epoch 13 val RMSE: 30.3085844362178
Best model saved at epoch 13 with Test RMSE: 30.3085844362178
Epoch 14 MSE: 0.04221009835600853
Epoch 14 val RMSE: 29.184716559597806
Best model saved at epoch 14 with Test RMSE: 29.184716559597806
Epoch 15 MSE: 0.041338078677654266
Epoch 15 val RMSE: 29.334915927618894
Epoch 16 MSE: 0.029069775715470314
Epoch 16 val RMSE: 28.781215009139967
Best model saved at epoch 16 with Test RMSE: 28.781215009139967
Epoch 17 MSE: 0.02356727048754692
Epoch 17 val RMSE: 26.533997805660217
Best model saved at epoch 17 with Test RMSE: 26.533997805660217
Epoch 18 MSE: 0.029742050915956497
Epoch 18 val RMSE: 22.157700333789858
Best model saved at epoch 18 with Test RMSE: 22.157700333789858
Epoch 19 MSE: 0.01798262633383274
Epoch 19 val RMSE: 12.100816658141108
Best model saved at epoch 19 with Test RMSE: 12.100816658141108
Epoch 20 MSE: 0.013944076374173164
Epoch 20 val RMSE: 16.157455074738333
Epoch 21 MSE: 0.02597469836473465
Epoch 21 val RMSE: 11.28280975464324
Best model saved at epoch 21 with Test RMSE: 11.28280975464324
Epoch 22 MSE: 0.014025790616869926
Epoch 22 val RMSE: 17.87410536441265
Epoch 23 MSE: 0.013205967843532562
Epoch 23 val RMSE: 20.26460323537348
Epoch 24 MSE: 0.014210752211511135
Epoch 24 val RMSE: 20.232485131338755
Epoch 25 MSE: 0.01493737194687128
Epoch 25 val RMSE: 19.008535776672723
Epoch 26 MSE: 0.011758135631680489
Epoch 26 val RMSE: 17.258198876672992
Epoch 27 MSE: 0.0074915471486747265
Epoch 27 val RMSE: 15.431426424954664
Epoch 28 MSE: 0.007722996640950441
Epoch 28 val RMSE: 14.104844017423922
Epoch 29 MSE: 0.009915342554450035
Epoch 29 val RMSE: 13.591249433265014
Epoch 30 MSE: 0.00868284236639738
Epoch 30 val RMSE: 13.736973921306266
Epoch 31 MSE: 0.006214858032763004
Epoch 31 val RMSE: 14.344596754690858
Epoch 32 MSE: 0.005937294103205204
Epoch 32 val RMSE: 15.242612456435095
Epoch 33 MSE: 0.0050261495634913445
Epoch 33 val RMSE: 16.042578310472923
Epoch 34 MSE: 0.004405990708619356
Epoch 34 val RMSE: 16.26278606048849
Epoch 35 MSE: 0.004999223165214062
Epoch 35 val RMSE: 15.66305619429692
Epoch 36 MSE: 0.005024537909775972
Epoch 36 val RMSE: 14.327853434244892
Epoch 37 MSE: 0.0038190665654838085
Epoch 37 val RMSE: 12.65749234353937
Epoch 38 MSE: 0.0027128257788717747
Epoch 38 val RMSE: 11.303775015004666
Epoch 39 MSE: 0.0029954302590340376
Epoch 39 val RMSE: 10.715347862275415
Best model saved at epoch 39 with Test RMSE: 10.715347862275415
Epoch 40 MSE: 0.003330841427668929
Epoch 40 val RMSE: 10.843433034700189
Epoch 41 MSE: 0.0027217010501772165
Epoch 41 val RMSE: 11.559780481491568
Epoch 42 MSE: 0.0023535124491900206
Epoch 42 val RMSE: 12.658946713086584
Epoch 43 MSE: 0.0020970962941646576
Epoch 43 val RMSE: 13.754266250436284
Epoch 44 MSE: 0.0016405570786446333
Epoch 44 val RMSE: 14.546790035667556
Epoch 45 MSE: 0.001692973542958498
Epoch 45 val RMSE: 14.971191716790566
Epoch 46 MSE: 0.002057888777926564
Epoch 46 val RMSE: 15.0739515151876
Epoch 47 MSE: 0.0016918691108003259
Epoch 47 val RMSE: 14.859024829930274
Epoch 48 MSE: 0.0014008325524628162
Epoch 48 val RMSE: 14.345768406292922
Epoch 49 MSE: 0.0014872464817017317
Epoch 49 val RMSE: 13.687923059065552
Epoch 50 MSE: 0.0013394805137068033
Epoch 50 val RMSE: 13.131908524063629
Epoch 51 MSE: 0.001418836647644639
Epoch 51 val RMSE: 12.878167512745287
Epoch 52 MSE: 0.0014669420197606087
Epoch 52 val RMSE: 12.945360237728817
Epoch 53 MSE: 0.0010852512205019593
Epoch 53 val RMSE: 13.155472322435527
Epoch 54 MSE: 0.0010544591350480914
Epoch 54 val RMSE: 13.263571644307271
Epoch 55 MSE: 0.0010758626740425825
Epoch 55 val RMSE: 13.12789623457995
Epoch 56 MSE: 0.0010098263155668974
Epoch 56 val RMSE: 12.772922629149305
Epoch 57 MSE: 0.001060866517946124
Epoch 57 val RMSE: 12.317311852212253
Epoch 58 MSE: 0.0009415499516762793
Epoch 58 val RMSE: 11.861748619923862
Epoch 59 MSE: 0.0008025207789614797
Epoch 59 val RMSE: 11.471004919248438
Epoch 60 MSE: 0.0008703955681994557
Epoch 60 val RMSE: 11.211885780343325
Epoch 61 MSE: 0.0008561574504710734
Epoch 61 val RMSE: 11.150491376920451
Epoch 62 MSE: 0.0007742817979305983
Epoch 62 val RMSE: 11.32047020464684
Epoch 63 MSE: 0.0007515233010053635
Epoch 63 val RMSE: 11.675018009931572
Epoch 64 MSE: 0.000672113848850131
Epoch 64 val RMSE: 12.063257697624506
Epoch 65 MSE: 0.0006482822354882956
Epoch 65 val RMSE: 12.303513088795894
Epoch 66 MSE: 0.0006928654620423913
Epoch 66 val RMSE: 12.299725562034594
Epoch 67 MSE: 0.0006504509947262704
Epoch 67 val RMSE: 12.089526954653962
Epoch 68 MSE: 0.0005993930390104651
Epoch 68 val RMSE: 11.80141287928126
Epoch 69 MSE: 0.0006031395168974996
Epoch 69 val RMSE: 11.560804747979201
Epoch 70 MSE: 0.0005828195135109127
Epoch 70 val RMSE: 11.421019306823535
Epoch 71 MSE: 0.0005836571217514575
Epoch 71 val RMSE: 11.370354343015972
Epoch 72 MSE: 0.0005854582414031029
Epoch 72 val RMSE: 11.37308024880257
Epoch 73 MSE: 0.0005368521669879556
Epoch 73 val RMSE: 11.39513451329873
Epoch 74 MSE: 0.000520197325386107
Epoch 74 val RMSE: 11.402794719584852
Epoch 75 MSE: 0.000527913449332118
Epoch 75 val RMSE: 11.348190069199568
Epoch 76 MSE: 0.0005092739011161029
Epoch 76 val RMSE: 11.181569834655829
Epoch 77 MSE: 0.0004998680087737739
Epoch 77 val RMSE: 10.897521802928981
Epoch 78 MSE: 0.0004860504704993218
Epoch 78 val RMSE: 10.563016077559721
Best model saved at epoch 78 with Test RMSE: 10.563016077559721
Epoch 79 MSE: 0.0004653555806726217
Epoch 79 val RMSE: 10.289474027220047
Best model saved at epoch 79 with Test RMSE: 10.289474027220047
Epoch 80 MSE: 0.0004713205271400511
Epoch 80 val RMSE: 10.164519995348519
Best model saved at epoch 80 with Test RMSE: 10.164519995348519
Epoch 81 MSE: 0.0004671858041547239
Epoch 81 val RMSE: 10.195454306365342
Epoch 82 MSE: 0.0004462854703888297
Epoch 82 val RMSE: 10.311195984670126
Epoch 83 MSE: 0.00044002619688399136
Epoch 83 val RMSE: 10.416769490052408
Epoch 84 MSE: 0.00043192983139306307
Epoch 84 val RMSE: 10.452442916717894
Epoch 85 MSE: 0.00042555364780128
Epoch 85 val RMSE: 10.413799491474416
Epoch 86 MSE: 0.00042275447049178183
Epoch 86 val RMSE: 10.3279480796354
Epoch 87 MSE: 0.00040764943696558475
Epoch 87 val RMSE: 10.22374731472142
Epoch 88 MSE: 0.0004013107973150909
Epoch 88 val RMSE: 10.12816466806583
Best model saved at epoch 88 with Test RMSE: 10.12816466806583
Epoch 89 MSE: 0.00040168382111005485
Epoch 89 val RMSE: 10.072289295771585
Best model saved at epoch 89 with Test RMSE: 10.072289295771585
Epoch 90 MSE: 0.00039400820969603956
Epoch 90 val RMSE: 10.079709329198577
Epoch 91 MSE: 0.0003891708911396563
Epoch 91 val RMSE: 10.140236775118654
Epoch 92 MSE: 0.00038198332185857
Epoch 92 val RMSE: 10.199325718751583
Epoch 93 MSE: 0.00037664236151613295
Epoch 93 val RMSE: 10.190085989726846
Epoch 94 MSE: 0.0003757482918445021
Epoch 94 val RMSE: 10.086128877202544
Epoch 95 MSE: 0.00036788362194783986
Epoch 95 val RMSE: 9.92288496028542
Best model saved at epoch 95 with Test RMSE: 9.92288496028542
Epoch 96 MSE: 0.00036209775134921074
Epoch 96 val RMSE: 9.767543561539027
Best model saved at epoch 96 with Test RMSE: 9.767543561539027
Epoch 97 MSE: 0.00035893431049771607
Epoch 97 val RMSE: 9.668501800330198
Best model saved at epoch 97 with Test RMSE: 9.668501800330198
Epoch 98 MSE: 0.0003545937070157379
Epoch 98 val RMSE: 9.632279058754612
Best model saved at epoch 98 with Test RMSE: 9.632279058754612
Epoch 99 MSE: 0.0003520282043609768
Epoch 99 val RMSE: 9.638555320027299
Epoch 100 MSE: 0.0003462402964942157
Epoch 100 val RMSE: 9.663662235294215
Epoch 101 MSE: 0.00034240170498378575
Epoch 101 val RMSE: 9.688140257320175
Epoch 102 MSE: 0.00034050681279040873
Epoch 102 val RMSE: 9.692934542309873
Epoch 103 MSE: 0.00033603410702198744
Epoch 103 val RMSE: 9.664977046586047
Epoch 104 MSE: 0.0003326523001305759
Epoch 104 val RMSE: 9.613312995173104
Best model saved at epoch 104 with Test RMSE: 9.613312995173104
Epoch 105 MSE: 0.00032874560565687716
Epoch 105 val RMSE: 9.57115549539813
Best model saved at epoch 105 with Test RMSE: 9.57115549539813
Epoch 106 MSE: 0.00032606296008452773
Epoch 106 val RMSE: 9.571725820387046
Epoch 107 MSE: 0.00032387845567427576
Epoch 107 val RMSE: 9.618430137149339
Epoch 108 MSE: 0.00031995540484786034
Epoch 108 val RMSE: 9.68100131696218
Epoch 109 MSE: 0.0003175724414177239
Epoch 109 val RMSE: 9.72219287201826
Epoch 110 MSE: 0.0003150595002807677
Epoch 110 val RMSE: 9.725776904142936
Epoch 111 MSE: 0.0003127387317363173
Epoch 111 val RMSE: 9.699856660707995
Epoch 112 MSE: 0.0003102083574049175
Epoch 112 val RMSE: 9.660937705326093
Epoch 113 MSE: 0.00030720376526005566
Epoch 113 val RMSE: 9.622826665267599
Epoch 114 MSE: 0.00030541038722731173
Epoch 114 val RMSE: 9.598066818777355
Epoch 115 MSE: 0.00030302556115202606
Epoch 115 val RMSE: 9.59769241891333
Epoch 116 MSE: 0.0003007593331858516
Epoch 116 val RMSE: 9.621700761784084
Epoch 117 MSE: 0.00029850611463189125
Epoch 117 val RMSE: 9.652972112539679
Epoch 118 MSE: 0.0002964352606795728
Epoch 118 val RMSE: 9.668997735645306
Epoch 119 MSE: 0.00029472957248799503
Epoch 119 val RMSE: 9.662550170294436
Epoch 120 MSE: 0.00029242626624181867
Epoch 120 val RMSE: 9.647794607883112
Epoch 121 MSE: 0.000290526106255129
Epoch 121 val RMSE: 9.645180292179734
Epoch 122 MSE: 0.0002886014408431947
Epoch 122 val RMSE: 9.663561574401339
Epoch 123 MSE: 0.00028681964613497257
Epoch 123 val RMSE: 9.698021079271992
Epoch 124 MSE: 0.00028494413709267974
Epoch 124 val RMSE: 9.739160625784145
Epoch 125 MSE: 0.00028301868587732315
Epoch 125 val RMSE: 9.778500496520374
Epoch 126 MSE: 0.00028145042597316206
Epoch 126 val RMSE: 9.807220788268394
Epoch 127 MSE: 0.0002796958724502474
Epoch 127 val RMSE: 9.818232908661846
Epoch 128 MSE: 0.0002780475770123303
Epoch 128 val RMSE: 9.813994664354198
Epoch 129 MSE: 0.00027630440308712423
Epoch 129 val RMSE: 9.80809514986218
Epoch 130 MSE: 0.0002747517137322575
Epoch 130 val RMSE: 9.8141478108605
Epoch 131 MSE: 0.0002731640124693513
Epoch 131 val RMSE: 9.833414325272807
Epoch 132 MSE: 0.0002715122536756098
Epoch 132 val RMSE: 9.85589489826294
Epoch 133 MSE: 0.0002699706528801471
Epoch 133 val RMSE: 9.872040896759147
Epoch 134 MSE: 0.0002684265491552651
Epoch 134 val RMSE: 9.880011723314503
Epoch 135 MSE: 0.00026696317945607007
Epoch 135 val RMSE: 9.882975387738677
Epoch 136 MSE: 0.00026539378450252116
Epoch 136 val RMSE: 9.884802094071729
Epoch 137 MSE: 0.00026394068845547736
Epoch 137 val RMSE: 9.890471494908702
Epoch 138 MSE: 0.0002624747867230326
Epoch 138 val RMSE: 9.905767483196461
Epoch 139 MSE: 0.0002610330411698669
Epoch 139 val RMSE: 9.932005700947435
Epoch 140 MSE: 0.0002595706901047379
Epoch 140 val RMSE: 9.9622157574433
Epoch 141 MSE: 0.0002581538283266127
Epoch 141 val RMSE: 9.986354673407407
Epoch 142 MSE: 0.0002567805931903422
Epoch 142 val RMSE: 10.000516496671326
Epoch 143 MSE: 0.00025538145564496517
Epoch 143 val RMSE: 10.008927365814989
Epoch 144 MSE: 0.0002540213754400611
Epoch 144 val RMSE: 10.017649144013708
Epoch 145 MSE: 0.00025266691227443516
Epoch 145 val RMSE: 10.029481155500276
Epoch 146 MSE: 0.0002513591607566923
Epoch 146 val RMSE: 10.044681291779145
Epoch 147 MSE: 0.0002500218106433749
Epoch 147 val RMSE: 10.062617141326115
Epoch 148 MSE: 0.00024872709764167666
Epoch 148 val RMSE: 10.080695908154148
Epoch 149 MSE: 0.0002474408538546413
Epoch 149 val RMSE: 10.094675877862626
Epoch 150 MSE: 0.00024618281167931855
Epoch 150 val RMSE: 10.103019308380432
Epoch 151 MSE: 0.0002449186868034303
Epoch 151 val RMSE: 10.109757995425717
Epoch 152 MSE: 0.00024368322920054197
Epoch 152 val RMSE: 10.120840466244099
Epoch 153 MSE: 0.00024246398243121803
Epoch 153 val RMSE: 10.138340579553995
Epoch 154 MSE: 0.0002412536705378443
Epoch 154 val RMSE: 10.15976126202615
Epoch 155 MSE: 0.00024005344312172383
Epoch 155 val RMSE: 10.181762952159358
Epoch 156 MSE: 0.00023887032875791192
Epoch 156 val RMSE: 10.20224485938749
Epoch 157 MSE: 0.00023770642292220145
Epoch 157 val RMSE: 10.219780639563687
Epoch 158 MSE: 0.0002365463151363656
Epoch 158 val RMSE: 10.234068608247666
Epoch 159 MSE: 0.00023540447000414133
Epoch 159 val RMSE: 10.247311867640963
Epoch 160 MSE: 0.00023427419364452362
Epoch 160 val RMSE: 10.262839858343684
Epoch 161 MSE: 0.00023316034639719874
Epoch 161 val RMSE: 10.281349065703385
Epoch 162 MSE: 0.0002320495550520718
Epoch 162 val RMSE: 10.300105003636492
Epoch 163 MSE: 0.000230957186431624
Epoch 163 val RMSE: 10.316307890718159
Epoch 164 MSE: 0.0002298734470969066
Epoch 164 val RMSE: 10.32972231703121
Epoch 165 MSE: 0.00022880315373186022
Epoch 165 val RMSE: 10.341739516779088
Epoch 166 MSE: 0.00022773850650992244
Epoch 166 val RMSE: 10.353777033167127
Epoch 167 MSE: 0.0002266903466079384
Epoch 167 val RMSE: 10.36731002953684
Epoch 168 MSE: 0.00022564888058695942
Epoch 168 val RMSE: 10.383599451695071
Epoch 169 MSE: 0.00022461840126197785
Epoch 169 val RMSE: 10.402054407706148
Epoch 170 MSE: 0.00022359473223332316
Epoch 170 val RMSE: 10.420147937156486
Epoch 171 MSE: 0.00022258417448028922
Epoch 171 val RMSE: 10.435962677999647
Epoch 172 MSE: 0.00022157940838951617
Epoch 172 val RMSE: 10.450013477371504
Epoch 173 MSE: 0.00022058495960664004
Epoch 173 val RMSE: 10.463942969933816
Epoch 174 MSE: 0.00021959800506010652
Epoch 174 val RMSE: 10.478587888555575
Epoch 175 MSE: 0.00021862129506189376
Epoch 175 val RMSE: 10.493999401443665
Epoch 176 MSE: 0.00021765020210295916
Epoch 176 val RMSE: 10.509970154869613
Epoch 177 MSE: 0.0002166882622987032
Epoch 177 val RMSE: 10.525685456125366
Epoch 178 MSE: 0.000215733380173333
Epoch 178 val RMSE: 10.539932249021568
Epoch 179 MSE: 0.00021478677808772773
Epoch 179 val RMSE: 10.552625024014686
Epoch 180 MSE: 0.00021384588035289198
Epoch 180 val RMSE: 10.565281608933773
Epoch 181 MSE: 0.00021291355369612575
Epoch 181 val RMSE: 10.579352123131871
Epoch 182 MSE: 0.00021198744070716202
Epoch 182 val RMSE: 10.594890341810078
Epoch 183 MSE: 0.00021106831263750792
Epoch 183 val RMSE: 10.611168688695011
Epoch 184 MSE: 0.00021015509264543653
Epoch 184 val RMSE: 10.627555270628962
Epoch 185 MSE: 0.00020924914861097932
Epoch 185 val RMSE: 10.64342955881409
Epoch 186 MSE: 0.00020834871975239366
Epoch 186 val RMSE: 10.658381542567032
Epoch 187 MSE: 0.00020745462097693235
Epoch 187 val RMSE: 10.672924431380968
Epoch 188 MSE: 0.0002065665612462908
Epoch 188 val RMSE: 10.688083208913751
Epoch 189 MSE: 0.0002056844241451472
Epoch 189 val RMSE: 10.70408120443564
Epoch 190 MSE: 0.00020480759849306196
Epoch 190 val RMSE: 10.720177380247252
Epoch 191 MSE: 0.00020393653539940715
Epoch 191 val RMSE: 10.735754110485242
Epoch 192 MSE: 0.00020307090017013252
Epoch 192 val RMSE: 10.75075049331132
Epoch 193 MSE: 0.00020221032900735736
Epoch 193 val RMSE: 10.765296875669016
Epoch 194 MSE: 0.0002013552002608776
Epoch 194 val RMSE: 10.779777271468133
Epoch 195 MSE: 0.00020050520834047347
Epoch 195 val RMSE: 10.794884946845196
Epoch 196 MSE: 0.00019966041145380586
Epoch 196 val RMSE: 10.810911205186443
Epoch 197 MSE: 0.00019882002379745245
Epoch 197 val RMSE: 10.827273821162809
Epoch 198 MSE: 0.00019798483117483556
Epoch 198 val RMSE: 10.84327964971907
Epoch 199 MSE: 0.0001971545279957354
Epoch 199 val RMSE: 10.85882733837088
Epoch 200 MSE: 0.00019632861949503422
Epoch 200 val RMSE: 10.874104079250262
Epoch 201 MSE: 0.00019550754223018885
Epoch 201 val RMSE: 10.889292828426585
Epoch 202 MSE: 0.00019469097605906427
Epoch 202 val RMSE: 10.904692005703684
Epoch 203 MSE: 0.0001938787754625082
Epoch 203 val RMSE: 10.920447784297599
Epoch 204 MSE: 0.0001930708676809445
Epoch 204 val RMSE: 10.936191327958685
Epoch 205 MSE: 0.00019226758740842342
Epoch 205 val RMSE: 10.95148972780876
Epoch 206 MSE: 0.00019146842532791197
Epoch 206 val RMSE: 10.96643494087755
Epoch 207 MSE: 0.00019067343964707106
Epoch 207 val RMSE: 10.981383435866691
Epoch 208 MSE: 0.00018988271767739207
Epoch 208 val RMSE: 10.996540219066667
Epoch 209 MSE: 0.00018909598293248564
Epoch 209 val RMSE: 11.012041263789841
Epoch 210 MSE: 0.00018831322086043656
Epoch 210 val RMSE: 11.027874049084913
Epoch 211 MSE: 0.00018753476615529507
Epoch 211 val RMSE: 11.043700715814799
Epoch 212 MSE: 0.0001867603132268414
Epoch 212 val RMSE: 11.059171876445967
Epoch 213 MSE: 0.00018598952738102525
Epoch 213 val RMSE: 11.07437169206558
Epoch 214 MSE: 0.00018522275786381215
Epoch 214 val RMSE: 11.089551706153726
Epoch 215 MSE: 0.0001844598591560498
Epoch 215 val RMSE: 11.104795475106478
Epoch 216 MSE: 0.00018370081670582294
Epoch 216 val RMSE: 11.120141843810485
Epoch 217 MSE: 0.0001829455723054707
Epoch 217 val RMSE: 11.135554418374948
Epoch 218 MSE: 0.00018219390767626464
Epoch 218 val RMSE: 11.150810903305173
Epoch 219 MSE: 0.00018144631758332253
Epoch 219 val RMSE: 11.165806713488653
Epoch 220 MSE: 0.00018070227815769613
Epoch 220 val RMSE: 11.180744539694754
Epoch 221 MSE: 0.0001799619203666225
Epoch 221 val RMSE: 11.19580417785899
Epoch 222 MSE: 0.00017922528786584735
Epoch 222 val RMSE: 11.210990921584392
Epoch 223 MSE: 0.00017849217692855746
Epoch 223 val RMSE: 11.226263818769505
Epoch 224 MSE: 0.00017776271852198988
Epoch 224 val RMSE: 11.241503071048227
Epoch 225 MSE: 0.00017703686899039894
Epoch 225 val RMSE: 11.25650480618474
Epoch 226 MSE: 0.00017631457012612373
Epoch 226 val RMSE: 11.27128994076148
Epoch 227 MSE: 0.0001755958510329947
Epoch 227 val RMSE: 11.286039482246384
Epoch 228 MSE: 0.00017488072626292706
Epoch 228 val RMSE: 11.300824795219421
Epoch 229 MSE: 0.00017416896298527718
Epoch 229 val RMSE: 11.31564439099243
Epoch 230 MSE: 0.00017346070671919733
Epoch 230 val RMSE: 11.330492074891527
Epoch 231 MSE: 0.00017275595746468753
Epoch 231 val RMSE: 11.34525778762114
Epoch 232 MSE: 0.00017205465701408684
Epoch 232 val RMSE: 11.359894836368838
Epoch 233 MSE: 0.00017135670350398868
Epoch 233 val RMSE: 11.374519086459971
Epoch 234 MSE: 0.00017066228610929102
Epoch 234 val RMSE: 11.389217671763268
Epoch 235 MSE: 0.00016997098282445222
Epoch 235 val RMSE: 11.403968227463974
Epoch 236 MSE: 0.000169283157447353
Epoch 236 val RMSE: 11.41874716705972
Epoch 237 MSE: 0.0001685986208030954
Epoch 237 val RMSE: 11.433470302758586
Epoch 238 MSE: 0.00016791754751466215
Epoch 238 val RMSE: 11.448061210036833
Epoch 239 MSE: 0.0001672396610956639
Epoch 239 val RMSE: 11.462581628406866
Epoch 240 MSE: 0.00016656483057886362
Epoch 240 val RMSE: 11.47713220271653
Epoch 241 MSE: 0.00016589360893703997
Epoch 241 val RMSE: 11.4917300799093
Epoch 242 MSE: 0.00016522531223017722
Epoch 242 val RMSE: 11.506382373585037
Epoch 243 MSE: 0.00016456044977530837
Epoch 243 val RMSE: 11.521047818956385
Epoch 244 MSE: 0.00016389852680731565
Epoch 244 val RMSE: 11.535649646576246
Epoch 245 MSE: 0.00016323993622791022
Epoch 245 val RMSE: 11.550211877241892
Epoch 246 MSE: 0.00016258445975836366
Epoch 246 val RMSE: 11.56478875679352
Epoch 247 MSE: 0.00016193214105442166
Epoch 247 val RMSE: 11.579378912152885
Epoch 248 MSE: 0.00016128279094118625
Epoch 248 val RMSE: 11.59399018977107
Epoch 249 MSE: 0.00016063662769738585
Epoch 249 val RMSE: 11.608585048410157
Epoch 250 MSE: 0.0001599935203557834
Epoch 250 val RMSE: 11.623103817758768
Epoch 251 MSE: 0.00015935349802020937
Epoch 251 val RMSE: 11.637577595026958
Epoch 252 MSE: 0.00015871645882725716
Epoch 252 val RMSE: 11.652044524527122
Epoch 253 MSE: 0.00015808266471140087
Epoch 253 val RMSE: 11.666528174168691
Epoch 254 MSE: 0.00015745167911518365
Epoch 254 val RMSE: 11.681040238343702
Epoch 255 MSE: 0.00015682373486924917
Epoch 255 val RMSE: 11.695545385331611
Epoch 256 MSE: 0.00015619870100636035
Epoch 256 val RMSE: 11.70999086713557
Epoch 257 MSE: 0.000155576883116737
Epoch 257 val RMSE: 11.724390569599583
Epoch 258 MSE: 0.0001549577573314309
Epoch 258 val RMSE: 11.738747260924368
Epoch 259 MSE: 0.00015434165834449232
Epoch 259 val RMSE: 11.753080572943485
Epoch 260 MSE: 0.00015372854250017554
Epoch 260 val RMSE: 11.767408096541349
Epoch 261 MSE: 0.00015311827883124352
Epoch 261 val RMSE: 11.781696827153256
Epoch 262 MSE: 0.0001525109400972724
Epoch 262 val RMSE: 11.795928795869639
Epoch 263 MSE: 0.00015190639533102512
Epoch 263 val RMSE: 11.8101061459131
Epoch 264 MSE: 0.00015130471729207784
Epoch 264 val RMSE: 11.824236816553757
Epoch 265 MSE: 0.00015070605149958283
Epoch 265 val RMSE: 11.838349331413486
Epoch 266 MSE: 0.0001501100487075746
Epoch 266 val RMSE: 11.852434099871505
Epoch 267 MSE: 0.00014951710181776434
Epoch 267 val RMSE: 11.86646100269645
Epoch 268 MSE: 0.0001489267306169495
Epoch 268 val RMSE: 11.880425107395016
Epoch 269 MSE: 0.0001483392552472651
Epoch 269 val RMSE: 11.894308675052194
Epoch 270 MSE: 0.0001477545010857284
Epoch 270 val RMSE: 11.908134411448874
Epoch 271 MSE: 0.00014717273006681353
Epoch 271 val RMSE: 11.921925555880684
Epoch 272 MSE: 0.0001465935492888093
Epoch 272 val RMSE: 11.935669444070784
Epoch 273 MSE: 0.00014601723523810506
Epoch 273 val RMSE: 11.949365600601395
Epoch 274 MSE: 0.0001454435259802267
Epoch 274 val RMSE: 11.963000796686567
Epoch 275 MSE: 0.00014487271255347878
Epoch 275 val RMSE: 11.976570144322414
Epoch 276 MSE: 0.00014430447481572628
Epoch 276 val RMSE: 11.990089138485507
Epoch 277 MSE: 0.00014373897283803672
Epoch 277 val RMSE: 12.00355667811856
Epoch 278 MSE: 0.00014317638124339283
Epoch 278 val RMSE: 12.016979285065583
Epoch 279 MSE: 0.0001426162343705073
Epoch 279 val RMSE: 12.030338718532292
Epoch 280 MSE: 0.00014205898332875222
Epoch 280 val RMSE: 12.04363645570342
Epoch 281 MSE: 0.0001415042788721621
Epoch 281 val RMSE: 12.056873966284428
Epoch 282 MSE: 0.00014095226651988924
Epoch 282 val RMSE: 12.070055873080989
Epoch 283 MSE: 0.00014040297537576407
Epoch 283 val RMSE: 12.083194354781755
Epoch 284 MSE: 0.00013985639088787138
Epoch 284 val RMSE: 12.09627756916455
Epoch 285 MSE: 0.00013931233843322843
Epoch 285 val RMSE: 12.10930443527827
Epoch 286 MSE: 0.00013877102173864841
Epoch 286 val RMSE: 12.122255624301049
Epoch 287 MSE: 0.00013823220797348768
Epoch 287 val RMSE: 12.13514018037145
Epoch 288 MSE: 0.00013769621727988124
Epoch 288 val RMSE: 12.147962083744167
Epoch 289 MSE: 0.00013716267130803317
Epoch 289 val RMSE: 12.160725924256447
Epoch 290 MSE: 0.0001366318902000785
Epoch 290 val RMSE: 12.173423110391315
Epoch 291 MSE: 0.00013610369933303446
Epoch 291 val RMSE: 12.186056980878226
Epoch 292 MSE: 0.00013557802594732493
Epoch 292 val RMSE: 12.198604591488822
Epoch 293 MSE: 0.00013505508832167834
Epoch 293 val RMSE: 12.211096822976927
Epoch 294 MSE: 0.00013453478459268808
Epoch 294 val RMSE: 12.223505133912656
Epoch 295 MSE: 0.00013401689648162574
Epoch 295 val RMSE: 12.23586157954355
Epoch 296 MSE: 0.0001335018314421177
Epoch 296 val RMSE: 12.248123336599559
Epoch 297 MSE: 0.00013298918202053756
Epoch 297 val RMSE: 12.260331137636218
Epoch 298 MSE: 0.00013247928291093558
Epoch 298 val RMSE: 12.27242919354383
Epoch 299 MSE: 0.00013197191583458334
Epoch 299 val RMSE: 12.284510366566877
Epoch 300 MSE: 0.0001314670080319047
Epoch 300 val RMSE: 12.296436966070573
Epoch 301 MSE: 0.00013096474867779762
Epoch 301 val RMSE: 12.308422672168755
Epoch 302 MSE: 0.0001304651377722621
Epoch 302 val RMSE: 12.320126103337921
Epoch 303 MSE: 0.00012996797158848494
Epoch 303 val RMSE: 12.332093734993741
Epoch 304 MSE: 0.00012947405048180372
Epoch 304 val RMSE: 12.34340758029805
Epoch 305 MSE: 0.00012898346176370978
Epoch 305 val RMSE: 12.355665110674877
Epoch 306 MSE: 0.00012849857739638537
Epoch 306 val RMSE: 12.366033214649729
Epoch 307 MSE: 0.00012802763376384974
Epoch 307 val RMSE: 12.379660605368047
Epoch 308 MSE: 0.0001276000839425251
Epoch 308 val RMSE: 12.386966352775998
Epoch 309 MSE: 0.00012732668255921453
Epoch 309 val RMSE: 12.406123316812272
Epoch 310 MSE: 0.0001276573893846944
Epoch 310 val RMSE: 12.401987568704335
Epoch 311 MSE: 0.00013027331442572176
Epoch 311 val RMSE: 12.443533349366524
Epoch 312 MSE: 0.00014251057291403413
Epoch 312 val RMSE: 12.394575569176988
Epoch 313 MSE: 0.00018348816956859082
Epoch 313 val RMSE: 12.517406094006283
Epoch 314 MSE: 0.00033027748577296734
Epoch 314 val RMSE: 12.337603542894406
Epoch 315 MSE: 0.000494043342769146
Epoch 315 val RMSE: 12.581934230066796
Epoch 316 MSE: 0.000743979646358639
Epoch 316 val RMSE: 12.335677121816659
Epoch 317 MSE: 0.0003075910499319434
Epoch 317 val RMSE: 12.367752573161281
Epoch 318 MSE: 0.00015695924230385572
Epoch 318 val RMSE: 12.544570806283776
Epoch 319 MSE: 0.00038961233804002404
Epoch 319 val RMSE: 12.518994967063113
Epoch 320 MSE: 0.0002113303344231099
Epoch 320 val RMSE: 12.696478311856303
Epoch 321 MSE: 0.00016879096801858395
Epoch 321 val RMSE: 12.897611151414278
Epoch 322 MSE: 0.00029350831755436957
Epoch 322 val RMSE: 12.73786258799124
Epoch 323 MSE: 0.00014038151130080223
Epoch 323 val RMSE: 12.560601997284195
Epoch 324 MSE: 0.00022290044580586255
Epoch 324 val RMSE: 12.584868752147917
Epoch 325 MSE: 0.00021012270008213818
Epoch 325 val RMSE: 12.515084282366082
Epoch 326 MSE: 0.00014699545863550156
Epoch 326 val RMSE: 12.43045718665008
Epoch 327 MSE: 0.000232655496802181
Epoch 327 val RMSE: 12.542271663905664
Epoch 328 MSE: 0.00013790474622510374
Epoch 328 val RMSE: 12.586242406882393
Epoch 329 MSE: 0.00018979984452016652
Epoch 329 val RMSE: 12.495287808098961
Epoch 330 MSE: 0.00015877313853707165
Epoch 330 val RMSE: 12.53765142469156
Epoch 331 MSE: 0.0001472356088925153
Epoch 331 val RMSE: 12.667148447076533
Epoch 332 MSE: 0.0001761646562954411
Epoch 332 val RMSE: 12.633211694566294
Epoch 333 MSE: 0.00012886243348475546
Epoch 333 val RMSE: 12.52464733122192
Epoch 334 MSE: 0.00017111626220867038
Epoch 334 val RMSE: 12.50300867111905
Epoch 335 MSE: 0.00013160851085558534
Epoch 335 val RMSE: 12.435828321820974
Epoch 336 MSE: 0.00014881999231874943
Epoch 336 val RMSE: 12.324510322422551
Epoch 337 MSE: 0.0001423503563273698
Epoch 337 val RMSE: 12.341315770661241
Epoch 338 MSE: 0.00013030382979195565
Epoch 338 val RMSE: 12.4138492400263
Epoch 339 MSE: 0.0001468316768296063
Epoch 339 val RMSE: 12.377309872610331
Epoch 340 MSE: 0.0001227085303980857
Epoch 340 val RMSE: 12.324521465180833
Epoch 341 MSE: 0.00014286389341577888
Epoch 341 val RMSE: 12.364150097827249
Epoch 342 MSE: 0.00012556307774502784
Epoch 342 val RMSE: 12.372357943773983
Epoch 343 MSE: 0.00013189652236178517
Epoch 343 val RMSE: 12.31472061193432
Epoch 344 MSE: 0.00013060060155112296
Epoch 344 val RMSE: 12.299589097517584
Epoch 345 MSE: 0.00012218714982736856
Epoch 345 val RMSE: 12.291994321087545
Epoch 346 MSE: 0.00013157988723833114
Epoch 346 val RMSE: 12.223849039953107
Epoch 347 MSE: 0.00011921143595827743
Epoch 347 val RMSE: 12.194307744083789
Epoch 348 MSE: 0.0001278967538382858
Epoch 348 val RMSE: 12.257590919762741
Epoch 349 MSE: 0.0001208982866955921
Epoch 349 val RMSE: 12.298141860171016
Epoch 350 MSE: 0.00012125651119276881
Epoch 350 val RMSE: 12.291960183642395
Epoch 351 MSE: 0.00012295129999984056
Epoch 351 val RMSE: 12.319654216124851
Epoch 352 MSE: 0.00011684701894409955
Epoch 352 val RMSE: 12.348914811491914
Epoch 353 MSE: 0.00012220571807119995
Epoch 353 val RMSE: 12.331767695948377
Epoch 354 MSE: 0.00011620041186688468
Epoch 354 val RMSE: 12.330454791143971
Epoch 355 MSE: 0.00011866223940160125
Epoch 355 val RMSE: 12.35703399131442
Epoch 356 MSE: 0.00011735608131857589
Epoch 356 val RMSE: 12.340525686483133
Epoch 357 MSE: 0.00011512979835970327
Epoch 357 val RMSE: 12.308887552031447
Epoch 358 MSE: 0.00011757897300412878
Epoch 358 val RMSE: 12.329461667080198
Epoch 359 MSE: 0.00011359759810147807
Epoch 359 val RMSE: 12.359142894470372
Epoch 360 MSE: 0.00011561263090698048
Epoch 360 val RMSE: 12.360928636744704
Epoch 361 MSE: 0.00011376728798495606
Epoch 361 val RMSE: 12.374234262530525
Epoch 362 MSE: 0.00011307683598715812
Epoch 362 val RMSE: 12.391007983914056
Epoch 363 MSE: 0.00011394143803045154
Epoch 363 val RMSE: 12.374524656471973
Epoch 364 MSE: 0.00011154902313137427
Epoch 364 val RMSE: 12.362941222614792
Epoch 365 MSE: 0.00011279200407443568
Epoch 365 val RMSE: 12.382033073853105
Epoch 366 MSE: 0.00011128027108497918
Epoch 366 val RMSE: 12.38623153705166
Epoch 367 MSE: 0.00011092451313743368
Epoch 367 val RMSE: 12.375154128222631
Epoch 368 MSE: 0.00011117281974293292
Epoch 368 val RMSE: 12.389722293330847
Epoch 369 MSE: 0.00010959460632875562
Epoch 369 val RMSE: 12.412369840156558
Epoch 370 MSE: 0.00011018902296200395
Epoch 370 val RMSE: 12.422048200443461
Epoch 371 MSE: 0.00010915254824794829
Epoch 371 val RMSE: 12.442308886016255
Epoch 372 MSE: 0.00010875879524974152
Epoch 372 val RMSE: 12.464030890528115
Epoch 373 MSE: 0.00010883750655921176
Epoch 373 val RMSE: 12.45966698558198
Epoch 374 MSE: 0.00010773466783575714
Epoch 374 val RMSE: 12.45507184633094
Epoch 375 MSE: 0.000107927895442117
Epoch 375 val RMSE: 12.469243166547214
Epoch 376 MSE: 0.00010728913912316784
Epoch 376 val RMSE: 12.475707596336846
Epoch 377 MSE: 0.00010677219688659534
Epoch 377 val RMSE: 12.475868430326617
Epoch 378 MSE: 0.00010679082333808765
Epoch 378 val RMSE: 12.489203100750538
Epoch 379 MSE: 0.00010597788059385493
Epoch 379 val RMSE: 12.49994201646708
Epoch 380 MSE: 0.00010586273128865287
Epoch 380 val RMSE: 12.503823878008903
Epoch 381 MSE: 0.00010550261504249647
Epoch 381 val RMSE: 12.519861540104923
Epoch 382 MSE: 0.00010492698493180797
Epoch 382 val RMSE: 12.53523476428356
Epoch 383 MSE: 0.00010485704115126282
Epoch 383 val RMSE: 12.535130687103882
Epoch 384 MSE: 0.00010430481052026153
Epoch 384 val RMSE: 12.539233473328137
Epoch 385 MSE: 0.00010398313315818086
Epoch 385 val RMSE: 12.552054090452623
Epoch 386 MSE: 0.00010377218131907284
Epoch 386 val RMSE: 12.560079009178121
Epoch 387 MSE: 0.00010324579488951713
Epoch 387 val RMSE: 12.572042152987095
Epoch 388 MSE: 0.00010304433817509562
Epoch 388 val RMSE: 12.590437612040946
Epoch 389 MSE: 0.00010269571066601202
Epoch 389 val RMSE: 12.600137231473042
Epoch 390 MSE: 0.00010227452730759978
Epoch 390 val RMSE: 12.608043198526028
Epoch 391 MSE: 0.00010207842569798231
Epoch 391 val RMSE: 12.623510896091863
Epoch 392 MSE: 0.00010167773143621162
Epoch 392 val RMSE: 12.633098761830839
Epoch 393 MSE: 0.00010134948388440534
Epoch 393 val RMSE: 12.636556944481864
Epoch 394 MSE: 0.00010110941366292536
Epoch 394 val RMSE: 12.64465675138521
Epoch 395 MSE: 0.0001007152022793889
Epoch 395 val RMSE: 12.651223321801174
Epoch 396 MSE: 0.00010044006194220856
Epoch 396 val RMSE: 12.656463395191729
Epoch 397 MSE: 0.00010016228770837188
Epoch 397 val RMSE: 12.669145508865414
Epoch 398 MSE: 9.979696187656373e-05
Epoch 398 val RMSE: 12.680602655860655
Epoch 399 MSE: 9.95393784251064e-05
Epoch 399 val RMSE: 12.68622992411457
Epoch 400 MSE: 9.924165351549163e-05
Epoch 400 val RMSE: 12.695517426230667
Epoch 401 MSE: 9.890800720313564e-05
Epoch 401 val RMSE: 12.705441872435138
Epoch 402 MSE: 9.865224274108186e-05
Epoch 402 val RMSE: 12.71172916922319
Epoch 403 MSE: 9.834873344516382e-05
Epoch 403 val RMSE: 12.721025642934736
Epoch 404 MSE: 9.803807915886864e-05
Epoch 404 val RMSE: 12.730360875194988
Epoch 405 MSE: 9.778057574294508e-05
Epoch 405 val RMSE: 12.73634834211898
Epoch 406 MSE: 9.748137381393462e-05
Epoch 406 val RMSE: 12.746321203532917
Epoch 407 MSE: 9.718538058223203e-05
Epoch 407 val RMSE: 12.757719806958121
Epoch 408 MSE: 9.69256871030666e-05
Epoch 408 val RMSE: 12.764788260521108
Epoch 409 MSE: 9.663447417551652e-05
Epoch 409 val RMSE: 12.772316942439417
Epoch 410 MSE: 9.634866728447378e-05
Epoch 410 val RMSE: 12.779537319350794
Epoch 411 MSE: 9.608886466594413e-05
Epoch 411 val RMSE: 12.784076107748692
Epoch 412 MSE: 9.580636105965823e-05
Epoch 412 val RMSE: 12.791369174807322
Epoch 413 MSE: 9.552799019729719e-05
Epoch 413 val RMSE: 12.799543873289306
Epoch 414 MSE: 9.527009387966245e-05
Epoch 414 val RMSE: 12.805205264280287
Epoch 415 MSE: 9.499711450189352e-05
Epoch 415 val RMSE: 12.813095451102457
Epoch 416 MSE: 9.472438978264108e-05
Epoch 416 val RMSE: 12.821962611851845
Epoch 417 MSE: 9.446850162930787e-05
Epoch 417 val RMSE: 12.829108066968073
Epoch 418 MSE: 9.420435526408255e-05
Epoch 418 val RMSE: 12.837619478585315
Epoch 419 MSE: 9.393733489559963e-05
Epoch 419 val RMSE: 12.845201099405944
Epoch 420 MSE: 9.368351311422884e-05
Epoch 420 val RMSE: 12.850962300764253
Epoch 421 MSE: 9.342747216578573e-05
Epoch 421 val RMSE: 12.859087249020813
Epoch 422 MSE: 9.316684008808807e-05
Epoch 422 val RMSE: 12.867251536725899
Epoch 423 MSE: 9.291541209677234e-05
Epoch 423 val RMSE: 12.874264001642361
Epoch 424 MSE: 9.26664870348759e-05
Epoch 424 val RMSE: 12.88239024380005
Epoch 425 MSE: 9.241301449947059e-05
Epoch 425 val RMSE: 12.889155929546817
Epoch 426 MSE: 9.216430044034496e-05
Epoch 426 val RMSE: 12.895336496933325
Epoch 427 MSE: 9.192113066092134e-05
Epoch 427 val RMSE: 12.90281738742369
Epoch 428 MSE: 9.167587268166244e-05
Epoch 428 val RMSE: 12.908790467657713
Epoch 429 MSE: 9.143103670794517e-05
Epoch 429 val RMSE: 12.914734792316077
Epoch 430 MSE: 9.119202877627686e-05
Epoch 430 val RMSE: 12.9218637819253
Epoch 431 MSE: 9.095459972741082e-05
Epoch 431 val RMSE: 12.92826830863132
Epoch 432 MSE: 9.071602107724175e-05
Epoch 432 val RMSE: 12.935613964655026
Epoch 433 MSE: 9.048065112438053e-05
Epoch 433 val RMSE: 12.942872337156752
Epoch 434 MSE: 9.024918108480051e-05
Epoch 434 val RMSE: 12.948667267668478
Epoch 435 MSE: 9.001839498523623e-05
Epoch 435 val RMSE: 12.955320018141618
Epoch 436 MSE: 8.978789992397651e-05
Epoch 436 val RMSE: 12.961642089234452
Epoch 437 MSE: 8.956059900810942e-05
Epoch 437 val RMSE: 12.967702212002699
Epoch 438 MSE: 8.933640492614359e-05
Epoch 438 val RMSE: 12.974508087300338
Epoch 439 MSE: 8.91131567186676e-05
Epoch 439 val RMSE: 12.980267734675861
Epoch 440 MSE: 8.889084710972384e-05
Epoch 440 val RMSE: 12.98638555244672
Epoch 441 MSE: 8.867128053680062e-05
Epoch 441 val RMSE: 12.992665495942436
Epoch 442 MSE: 8.845436968840659e-05
Epoch 442 val RMSE: 12.997990379525982
Epoch 443 MSE: 8.823898679111153e-05
Epoch 443 val RMSE: 13.003822351599284
Epoch 444 MSE: 8.802476077107713e-05
Epoch 444 val RMSE: 13.009118623427124
Epoch 445 MSE: 8.781265205470845e-05
Epoch 445 val RMSE: 13.014684159985585
Epoch 446 MSE: 8.760298806009814e-05
Epoch 446 val RMSE: 13.020902408670946
Epoch 447 MSE: 8.739528129808605e-05
Epoch 447 val RMSE: 13.026369786492825
Epoch 448 MSE: 8.71889860718511e-05
Epoch 448 val RMSE: 13.032237648986012
Epoch 449 MSE: 8.698422607267275e-05
Epoch 449 val RMSE: 13.037584992494716
Epoch 450 MSE: 8.678135782247409e-05
Epoch 450 val RMSE: 13.042934823256266
Epoch 451 MSE: 8.65805268404074e-05
Epoch 451 val RMSE: 13.048672452905052
Epoch 452 MSE: 8.638163126306608e-05
Epoch 452 val RMSE: 13.05380792125873
Epoch 453 MSE: 8.618426363682374e-05
Epoch 453 val RMSE: 13.059471837999421
Epoch 454 MSE: 8.598833665018901e-05
Epoch 454 val RMSE: 13.064663794506025
Epoch 455 MSE: 8.579398127039894e-05
Epoch 455 val RMSE: 13.070006043739935
Epoch 456 MSE: 8.560141577618197e-05
Epoch 456 val RMSE: 13.075239913810796
Epoch 457 MSE: 8.541067654732615e-05
Epoch 457 val RMSE: 13.080016734261264
Epoch 458 MSE: 8.522134885424748e-05
Epoch 458 val RMSE: 13.085227359462584
Epoch 459 MSE: 8.503370190737769e-05
Epoch 459 val RMSE: 13.090050076708728
Epoch 460 MSE: 8.484735735692084e-05
Epoch 460 val RMSE: 13.095415177902556
Epoch 461 MSE: 8.46624025143683e-05
Epoch 461 val RMSE: 13.100276076341567
Epoch 462 MSE: 8.447891741525382e-05
Epoch 462 val RMSE: 13.105247529802053
Epoch 463 MSE: 8.429678564425558e-05
Epoch 463 val RMSE: 13.11003320289673
Epoch 464 MSE: 8.4116225480102e-05
Epoch 464 val RMSE: 13.11482643748485
Epoch 465 MSE: 8.393693860853091e-05
Epoch 465 val RMSE: 13.119779584010084
Epoch 466 MSE: 8.375895413337275e-05
Epoch 466 val RMSE: 13.12442393174036
Epoch 467 MSE: 8.35823520901613e-05
Epoch 467 val RMSE: 13.129376944106285
Epoch 468 MSE: 8.340700151165947e-05
Epoch 468 val RMSE: 13.13384943946872
Epoch 469 MSE: 8.323298243340105e-05
Epoch 469 val RMSE: 13.138758251211911
Epoch 470 MSE: 8.30600256449543e-05
Epoch 470 val RMSE: 13.142993618274339
Epoch 471 MSE: 8.288829849334434e-05
Epoch 471 val RMSE: 13.14788218802836
Epoch 472 MSE: 8.271780097857118e-05
Epoch 472 val RMSE: 13.152027023213416
Epoch 473 MSE: 8.254860586021096e-05
Epoch 473 val RMSE: 13.157181876698498
Epoch 474 MSE: 8.23806258267723e-05
Epoch 474 val RMSE: 13.16109654551145
Epoch 475 MSE: 8.221414464060217e-05
Epoch 475 val RMSE: 13.1664738379414
Epoch 476 MSE: 8.204965706681833e-05
Epoch 476 val RMSE: 13.169802392912331
Epoch 477 MSE: 8.18879998405464e-05
Epoch 477 val RMSE: 13.17596770176406
Epoch 478 MSE: 8.173130481736735e-05
Epoch 478 val RMSE: 13.178329388754692
Epoch 479 MSE: 8.158378477673978e-05
Epoch 479 val RMSE: 13.186188980671572
Epoch 480 MSE: 8.145664469338953e-05
Epoch 480 val RMSE: 13.186027553127436
Epoch 481 MSE: 8.137400436680764e-05
Epoch 481 val RMSE: 13.197729111894118
Epoch 482 MSE: 8.140115824062377e-05
Epoch 482 val RMSE: 13.191519608263308
Epoch 483 MSE: 8.168219937942922e-05
Epoch 483 val RMSE: 13.212851793411158
Epoch 484 MSE: 8.264998177764937e-05
Epoch 484 val RMSE: 13.191277274872897
Epoch 485 MSE: 8.518237882526591e-05
Epoch 485 val RMSE: 13.237355082495828
Epoch 486 MSE: 9.235787729267031e-05
Epoch 486 val RMSE: 13.176169205672924
Epoch 487 MSE: 0.00010797128197737038
Epoch 487 val RMSE: 13.282489602077499
Epoch 488 MSE: 0.0001497742923675105
Epoch 488 val RMSE: 13.135589687207197
Epoch 489 MSE: 0.00019751991203520447
Epoch 489 val RMSE: 13.33072185373326
Epoch 490 MSE: 0.00027557765133678913
Epoch 490 val RMSE: 13.145746020204953
Epoch 491 MSE: 0.00022047493257559836
Epoch 491 val RMSE: 13.303144866161464
Epoch 492 MSE: 0.00012972236436326057
Epoch 492 val RMSE: 13.322958406567402
Epoch 493 MSE: 8.50114956847392e-05
Epoch 493 val RMSE: 13.330585641666486
Epoch 494 MSE: 0.00013801049499306828
Epoch 494 val RMSE: 13.477732625831337
Epoch 495 MSE: 0.00017481145914644003
Epoch 495 val RMSE: 13.316562086577154
Epoch 496 MSE: 0.00011198829452041537
Epoch 496 val RMSE: 13.279022676285507
Epoch 497 MSE: 8.731718844501302e-05
Epoch 497 val RMSE: 13.315543959504621
Epoch 498 MSE: 0.00012937418068759143
Epoch 498 val RMSE: 13.219533766288691
Epoch 499 MSE: 0.00012511073146015406
Epoch 499 val RMSE: 13.279601804899109
Epoch 500 MSE: 8.85005429154262e-05
Epoch 500 val RMSE: 13.25891043995273
Epoch 501 MSE: 9.545839566271752e-05
Epoch 501 val RMSE: 13.16152087389095
Epoch 502 MSE: 0.0001161503532784991
Epoch 502 val RMSE: 13.22832688597271
Epoch 503 MSE: 9.892335947370157e-05
Epoch 503 val RMSE: 13.175465086630659
Epoch 504 MSE: 8.29204946057871e-05
Epoch 504 val RMSE: 13.098676751550196
Epoch 505 MSE: 0.00010022233618656173
Epoch 505 val RMSE: 13.161754480534096
Epoch 506 MSE: 0.00010264726006425917
Epoch 506 val RMSE: 13.14416557812314
Epoch 507 MSE: 8.347813127329573e-05
Epoch 507 val RMSE: 13.155943805819293
Epoch 508 MSE: 8.840101509122178e-05
Epoch 508 val RMSE: 13.19320078203163
Epoch 509 MSE: 9.93766007013619e-05
Epoch 509 val RMSE: 13.09499977720653
Epoch 510 MSE: 8.738156611798331e-05
Epoch 510 val RMSE: 13.076088294402414
Epoch 511 MSE: 8.124770829454064e-05
Epoch 511 val RMSE: 13.081986926992696
Epoch 512 MSE: 9.067272185347974e-05
Epoch 512 val RMSE: 12.999264036033564
Epoch 513 MSE: 8.934843936003745e-05
Epoch 513 val RMSE: 13.015300842864656
Epoch 514 MSE: 8.063644781941548e-05
Epoch 514 val RMSE: 13.03522004685467
Epoch 515 MSE: 8.294976578326896e-05
Epoch 515 val RMSE: 13.020617641442684
Epoch 516 MSE: 8.791426807874814e-05
Epoch 516 val RMSE: 13.070299074447677
Epoch 517 MSE: 8.355637692147866e-05
Epoch 517 val RMSE: 13.043216763515014
Epoch 518 MSE: 7.929886487545446e-05
Epoch 518 val RMSE: 13.02220077455018
Epoch 519 MSE: 8.293841528939083e-05
Epoch 519 val RMSE: 13.076547470567299
Epoch 520 MSE: 8.444950071861967e-05
Epoch 520 val RMSE: 13.067084133200513
Epoch 521 MSE: 7.995025953277946e-05
Epoch 521 val RMSE: 13.081843459386695
Epoch 522 MSE: 7.902444485807791e-05
Epoch 522 val RMSE: 13.117364896991328
Epoch 523 MSE: 8.20280474727042e-05
Epoch 523 val RMSE: 13.104812064396958
Epoch 524 MSE: 8.11895661172457e-05
Epoch 524 val RMSE: 13.133613593762892
Epoch 525 MSE: 7.817631558282301e-05
Epoch 525 val RMSE: 13.133822137350075
Epoch 526 MSE: 7.853611168684438e-05
Epoch 526 val RMSE: 13.116556994227277
Epoch 527 MSE: 8.016033825697377e-05
Epoch 527 val RMSE: 13.1658648154191
Epoch 528 MSE: 7.896114402683452e-05
Epoch 528 val RMSE: 13.181450057195967
Epoch 529 MSE: 7.712907972745597e-05
Epoch 529 val RMSE: 13.191541585773047
Epoch 530 MSE: 7.776394340908155e-05
Epoch 530 val RMSE: 13.221332559298048
Epoch 531 MSE: 7.867659587645903e-05
Epoch 531 val RMSE: 13.213554497595926
Epoch 532 MSE: 7.752711826469749e-05
Epoch 532 val RMSE: 13.23360479606511
Epoch 533 MSE: 7.635607471456751e-05
Epoch 533 val RMSE: 13.244227465474404
Epoch 534 MSE: 7.679552072659135e-05
Epoch 534 val RMSE: 13.236936066946523
Epoch 535 MSE: 7.727544289082289e-05
Epoch 535 val RMSE: 13.274767489651067
Epoch 536 MSE: 7.652795466128737e-05
Epoch 536 val RMSE: 13.287158037954766
Epoch 537 MSE: 7.570203160867095e-05
Epoch 537 val RMSE: 13.293341233210638
Epoch 538 MSE: 7.588625157950446e-05
Epoch 538 val RMSE: 13.313934392170612
Epoch 539 MSE: 7.622830162290484e-05
Epoch 539 val RMSE: 13.311812262164946
Epoch 540 MSE: 7.576055941171944e-05
Epoch 540 val RMSE: 13.335140550843182
Epoch 541 MSE: 7.507507689297199e-05
Epoch 541 val RMSE: 13.346214620713562
Epoch 542 MSE: 7.497862679883838e-05
Epoch 542 val RMSE: 13.346474719983995
Epoch 543 MSE: 7.521762017859146e-05
Epoch 543 val RMSE: 13.372309048627024
Epoch 544 MSE: 7.508389535360038e-05
Epoch 544 val RMSE: 13.370756527846625
Epoch 545 MSE: 7.456789171556011e-05
Epoch 545 val RMSE: 13.37722617188298
Epoch 546 MSE: 7.423547504004091e-05
Epoch 546 val RMSE: 13.387039042710478
Epoch 547 MSE: 7.427352829836309e-05
Epoch 547 val RMSE: 13.391259693607642
Epoch 548 MSE: 7.43207783671096e-05
Epoch 548 val RMSE: 13.417692409818173
Epoch 549 MSE: 7.41027106414549e-05
Epoch 549 val RMSE: 13.420738660606169
Epoch 550 MSE: 7.373862172244117e-05
Epoch 550 val RMSE: 13.432980367284527
Epoch 551 MSE: 7.351045496761799e-05
Epoch 551 val RMSE: 13.44687967515315
Epoch 552 MSE: 7.347857899731025e-05
Epoch 552 val RMSE: 13.446957972379385
Epoch 553 MSE: 7.347440987359732e-05
Epoch 553 val RMSE: 13.461411320012568
Epoch 554 MSE: 7.333816756727174e-05
Epoch 554 val RMSE: 13.46135351033016
Epoch 555 MSE: 7.308445492526516e-05
Epoch 555 val RMSE: 13.476835934726052
Epoch 556 MSE: 7.284899038495496e-05
Epoch 556 val RMSE: 13.48511617133115
Epoch 557 MSE: 7.271447975654155e-05
Epoch 557 val RMSE: 13.487854191581379
Epoch 558 MSE: 7.265695603564382e-05
Epoch 558 val RMSE: 13.504231672749437
Epoch 559 MSE: 7.260063284775242e-05
Epoch 559 val RMSE: 13.510340368584353
Epoch 560 MSE: 7.248194742714986e-05
Epoch 560 val RMSE: 13.531275936392579
Epoch 561 MSE: 7.23058037692681e-05
Epoch 561 val RMSE: 13.538873722897717
Epoch 562 MSE: 7.211464981082827e-05
Epoch 562 val RMSE: 13.555161420029156
Epoch 563 MSE: 7.195110083557665e-05
Epoch 563 val RMSE: 13.567268904332254
Epoch 564 MSE: 7.18298033461906e-05
Epoch 564 val RMSE: 13.573710084893886
Epoch 565 MSE: 7.173979975050315e-05
Epoch 565 val RMSE: 13.587754043127342
Epoch 566 MSE: 7.165666465880349e-05
Epoch 566 val RMSE: 13.593815665250883
Epoch 567 MSE: 7.155905041145161e-05
Epoch 567 val RMSE: 13.611773589397652
Epoch 568 MSE: 7.144264236558229e-05
Epoch 568 val RMSE: 13.615442686193337
Epoch 569 MSE: 7.130764424800873e-05
Epoch 569 val RMSE: 13.63131875322958
Epoch 570 MSE: 7.116494816727936e-05
Epoch 570 val RMSE: 13.63929041115856
Epoch 571 MSE: 7.102212839527056e-05
Epoch 571 val RMSE: 13.654785636412136
Epoch 572 MSE: 7.088523852871731e-05
Epoch 572 val RMSE: 13.664927922493888
Epoch 573 MSE: 7.075673784129322e-05
Epoch 573 val RMSE: 13.678176003374752
Epoch 574 MSE: 7.063677912810817e-05
Epoch 574 val RMSE: 13.690363614900924
Epoch 575 MSE: 7.052307046251372e-05
Epoch 575 val RMSE: 13.698640652900735
Epoch 576 MSE: 7.041385833872482e-05
Epoch 576 val RMSE: 13.71077779910554
Epoch 577 MSE: 7.030853885225952e-05
Epoch 577 val RMSE: 13.718564807797577
Epoch 578 MSE: 7.020616612862796e-05
Epoch 578 val RMSE: 13.733487288220102
Epoch 579 MSE: 7.010951230768114e-05
Epoch 579 val RMSE: 13.737802539996332
Epoch 580 MSE: 7.002067286521196e-05
Epoch 580 val RMSE: 13.754128131198069
Epoch 581 MSE: 6.994748400757089e-05
Epoch 581 val RMSE: 13.75664290439435
Epoch 582 MSE: 6.989955727476627e-05
Epoch 582 val RMSE: 13.777353163981758
Epoch 583 MSE: 6.99042939231731e-05
Epoch 583 val RMSE: 13.774791216090174
Epoch 584 MSE: 6.999906327109784e-05
Epoch 584 val RMSE: 13.803790492397653
Epoch 585 MSE: 7.029635162325576e-05
Epoch 585 val RMSE: 13.79083513747672
Epoch 586 MSE: 7.094829925335944e-05
Epoch 586 val RMSE: 13.833977067668902
Epoch 587 MSE: 7.24738129065372e-05
Epoch 587 val RMSE: 13.79843320936124
Epoch 588 MSE: 7.548402209067717e-05
Epoch 588 val RMSE: 13.876139825964804
Epoch 589 MSE: 8.26618997962214e-05
Epoch 589 val RMSE: 13.791262771516168
Epoch 590 MSE: 9.574183059157804e-05
Epoch 590 val RMSE: 13.939925320615457
Epoch 591 MSE: 0.0001285482430830598
Epoch 591 val RMSE: 13.75267973709749
Epoch 592 MSE: 0.00017237038991879672
Epoch 592 val RMSE: 14.031891058399959
Epoch 593 MSE: 0.0002716078597586602
Epoch 593 val RMSE: 13.710956419146491
Epoch 594 MSE: 0.00029763378552161157
Epoch 594 val RMSE: 14.071452770807095
Epoch 595 MSE: 0.0003082308394368738
Epoch 595 val RMSE: 13.840096226175767
Epoch 596 MSE: 0.00016470244736410677
Epoch 596 val RMSE: 13.995068907845775
Epoch 597 MSE: 7.545988046331331e-05
Epoch 597 val RMSE: 14.093783021198844
Epoch 598 MSE: 0.00011105797602795064
Epoch 598 val RMSE: 13.949325949952128
Epoch 599 MSE: 0.00016851436521392316
Epoch 599 val RMSE: 14.144763185063349
Epoch 600 MSE: 0.0001450359122827649
Epoch 600 val RMSE: 13.932090633284815
Epoch 601 MSE: 7.862957863835618e-05
Epoch 601 val RMSE: 13.841648467570787
Epoch 602 MSE: 0.0001020894487737678
Epoch 602 val RMSE: 13.971737808786026
Epoch 603 MSE: 0.00014334890875034034
Epoch 603 val RMSE: 13.734843275400149
Epoch 604 MSE: 9.923239122144878e-05
Epoch 604 val RMSE: 13.739001504968096
Epoch 605 MSE: 7.439501496264711e-05
Epoch 605 val RMSE: 13.849104076286679
Epoch 606 MSE: 0.00010699408448999748
Epoch 606 val RMSE: 13.713827375291585
Epoch 607 MSE: 0.0001045135359163396
Epoch 607 val RMSE: 13.784464973635176
Epoch 608 MSE: 7.473353616660461e-05
Epoch 608 val RMSE: 13.7858546861887
Epoch 609 MSE: 8.204862388083711e-05
Epoch 609 val RMSE: 13.661220737048618
Epoch 610 MSE: 9.812230564421043e-05
Epoch 610 val RMSE: 13.719528558488717
Epoch 611 MSE: 8.25034876470454e-05
Epoch 611 val RMSE: 13.617365106594193
Epoch 612 MSE: 7.12273467797786e-05
Epoch 612 val RMSE: 13.534308460101094
Epoch 613 MSE: 8.594068640377373e-05
Epoch 613 val RMSE: 13.645623793218641
Epoch 614 MSE: 8.695734140928835e-05
Epoch 614 val RMSE: 13.579823483203342
Epoch 615 MSE: 7.159448432503268e-05
Epoch 615 val RMSE: 13.581667245985084
Epoch 616 MSE: 7.544783147750422e-05
Epoch 616 val RMSE: 13.695213339273073
Epoch 617 MSE: 8.454544877167791e-05
Epoch 617 val RMSE: 13.619163452987106
Epoch 618 MSE: 7.542952516814694e-05
Epoch 618 val RMSE: 13.629739759371898
Epoch 619 MSE: 6.984327774262056e-05
Epoch 619 val RMSE: 13.672718723965893
Epoch 620 MSE: 7.72077837609686e-05
Epoch 620 val RMSE: 13.60421034770377
Epoch 621 MSE: 7.712228398304433e-05
Epoch 621 val RMSE: 13.656547770101723
Epoch 622 MSE: 7.003768405411392e-05
Epoch 622 val RMSE: 13.677985799533007
Epoch 623 MSE: 7.11700995452702e-05
Epoch 623 val RMSE: 13.658060543058504
Epoch 624 MSE: 7.524935790570453e-05
Epoch 624 val RMSE: 13.749089436291715
Epoch 625 MSE: 7.18866431270726e-05
Epoch 625 val RMSE: 13.748742063374209
Epoch 626 MSE: 6.843150913482532e-05
Epoch 626 val RMSE: 13.755219179914945
Epoch 627 MSE: 7.135648775147274e-05
Epoch 627 val RMSE: 13.829521358700097
Epoch 628 MSE: 7.245194865390658e-05
Epoch 628 val RMSE: 13.783482515634033
Epoch 629 MSE: 6.876516999909654e-05
Epoch 629 val RMSE: 13.798679255433687
Epoch 630 MSE: 6.815601955167949e-05
Epoch 630 val RMSE: 13.853347516999557
Epoch 631 MSE: 7.051142165437341e-05
Epoch 631 val RMSE: 13.819732291558747
Epoch 632 MSE: 6.955517164897174e-05
Epoch 632 val RMSE: 13.87537830283827
Epoch 633 MSE: 6.727863365085796e-05
Epoch 633 val RMSE: 13.919378568436356
Epoch 634 MSE: 6.797784590162337e-05
Epoch 634 val RMSE: 13.903889590756721
Epoch 635 MSE: 6.912483513588086e-05
Epoch 635 val RMSE: 13.958456799924251
Epoch 636 MSE: 6.786281301174313e-05
Epoch 636 val RMSE: 13.953996005324122
Epoch 637 MSE: 6.664137617917731e-05
Epoch 637 val RMSE: 13.94560956878964
Epoch 638 MSE: 6.74084949423559e-05
Epoch 638 val RMSE: 13.984689242279394
Epoch 639 MSE: 6.785706500522792e-05
Epoch 639 val RMSE: 13.962852786396136
Epoch 640 MSE: 6.673562893411145e-05
Epoch 640 val RMSE: 13.992044640881542
Epoch 641 MSE: 6.607666000491008e-05
Epoch 641 val RMSE: 14.024028321467698
Epoch 642 MSE: 6.663922249572352e-05
Epoch 642 val RMSE: 14.010791434152752
Epoch 643 MSE: 6.677707278868183e-05
Epoch 643 val RMSE: 14.058614372032666
Epoch 644 MSE: 6.59821744193323e-05
Epoch 644 val RMSE: 14.053508952984004
Epoch 645 MSE: 6.551144906552508e-05
Epoch 645 val RMSE: 14.047804278737333
Epoch 646 MSE: 6.583333015441895e-05
Epoch 646 val RMSE: 14.086269516504416
Epoch 647 MSE: 6.598047912120819e-05
Epoch 647 val RMSE: 14.06190102891053
Epoch 648 MSE: 6.546609074575827e-05
Epoch 648 val RMSE: 14.087145829170105
Epoch 649 MSE: 6.501428288174793e-05
Epoch 649 val RMSE: 14.110667290971195
Epoch 650 MSE: 6.51020382065326e-05
Epoch 650 val RMSE: 14.09906108787285
Epoch 651 MSE: 6.526761717395857e-05
Epoch 651 val RMSE: 14.140359005612877
Epoch 652 MSE: 6.503908662125468e-05
Epoch 652 val RMSE: 14.134398447844248
Epoch 653 MSE: 6.462653982453048e-05
Epoch 653 val RMSE: 14.146249636712188
Epoch 654 MSE: 6.446681072702631e-05
Epoch 654 val RMSE: 14.171239197252376
Epoch 655 MSE: 6.455305265262723e-05
Epoch 655 val RMSE: 14.164166458009285
Epoch 656 MSE: 6.45443142275326e-05
Epoch 656 val RMSE: 14.203119091204767
Epoch 657 MSE: 6.430410576285794e-05
Epoch 657 val RMSE: 14.208077317482838
Epoch 658 MSE: 6.402420694939792e-05
Epoch 658 val RMSE: 14.229455962621604
Epoch 659 MSE: 6.390912312781438e-05
Epoch 659 val RMSE: 14.256195862971245
Epoch 660 MSE: 6.391853821696714e-05
Epoch 660 val RMSE: 14.251201913573652
Epoch 661 MSE: 6.38775818515569e-05
Epoch 661 val RMSE: 14.286468420559387
Epoch 662 MSE: 6.371014751493931e-05
Epoch 662 val RMSE: 14.28235740458229
Epoch 663 MSE: 6.3494429923594e-05
Epoch 663 val RMSE: 14.304651765554766
Epoch 664 MSE: 6.334423960652202e-05
Epoch 664 val RMSE: 14.327596240754621
Epoch 665 MSE: 6.328336166916415e-05
Epoch 665 val RMSE: 14.330960690971553
Epoch 666 MSE: 6.324541027424857e-05
Epoch 666 val RMSE: 14.369862575524275
Epoch 667 MSE: 6.31592920399271e-05
Epoch 667 val RMSE: 14.366937914158914
Epoch 668 MSE: 6.301219400484115e-05
Epoch 668 val RMSE: 14.39461870309255
Epoch 669 MSE: 6.284721166593954e-05
Epoch 669 val RMSE: 14.40099180832614
Epoch 670 MSE: 6.271076563280076e-05
Epoch 670 val RMSE: 14.411198690777882
Epoch 671 MSE: 6.261695671128109e-05
Epoch 671 val RMSE: 14.434488618233827
Epoch 672 MSE: 6.254728941712528e-05
Epoch 672 val RMSE: 14.434960608486422
Epoch 673 MSE: 6.247359124245122e-05
Epoch 673 val RMSE: 14.467221799357224
Epoch 674 MSE: 6.237820343812928e-05
Epoch 674 val RMSE: 14.464379064403353
Epoch 675 MSE: 6.226054392755032e-05
Epoch 675 val RMSE: 14.494649491850486
Epoch 676 MSE: 6.213174492586404e-05
Epoch 676 val RMSE: 14.495148998282904
Epoch 677 MSE: 6.200272764544934e-05
Epoch 677 val RMSE: 14.517730395954093
Epoch 678 MSE: 6.188160477904603e-05
Epoch 678 val RMSE: 14.526832220760216
Epoch 679 MSE: 6.176996976137161e-05
Epoch 679 val RMSE: 14.541106263359218
Epoch 680 MSE: 6.166750245029107e-05
Epoch 680 val RMSE: 14.560169999524012
Epoch 681 MSE: 6.157162715680897e-05
Epoch 681 val RMSE: 14.566349683116231
Epoch 682 MSE: 6.148128886707127e-05
Epoch 682 val RMSE: 14.592183129048227
Epoch 683 MSE: 6.139581091701984e-05
Epoch 683 val RMSE: 14.59039542548025
Epoch 684 MSE: 6.131680129328743e-05
Epoch 684 val RMSE: 14.624464237148409
Epoch 685 MSE: 6.125084473751485e-05
Epoch 685 val RMSE: 14.614855255548205
Epoch 686 MSE: 6.120650505181402e-05
Epoch 686 val RMSE: 14.662707112208114
Epoch 687 MSE: 6.121156911831349e-05
Epoch 687 val RMSE: 14.635682988939545
Epoch 688 MSE: 6.130245310487226e-05
Epoch 688 val RMSE: 14.70885975933967
Epoch 689 MSE: 6.160926568554714e-05
Epoch 689 val RMSE: 14.640541100846852
Epoch 690 MSE: 6.229997961781919e-05
Epoch 690 val RMSE: 14.770263201745191
Epoch 691 MSE: 6.41018123133108e-05
Epoch 691 val RMSE: 14.606557319356016
Epoch 692 MSE: 6.765751459170133e-05
Epoch 692 val RMSE: 14.86375348297122
Epoch 693 MSE: 7.72810381022282e-05
Epoch 693 val RMSE: 14.488993709733714
Epoch 694 MSE: 9.205565584124997e-05
Epoch 694 val RMSE: 14.95710011165266
Epoch 695 MSE: 0.000131119872094132
Epoch 695 val RMSE: 14.313983423909676
Epoch 696 MSE: 0.00015967091894708574
Epoch 696 val RMSE: 14.8609999481195
Epoch 697 MSE: 0.0002158207935281098
Epoch 697 val RMSE: 14.489034781732357
Epoch 698 MSE: 0.00018312351312488317
Epoch 698 val RMSE: 14.872283944032068
Epoch 699 MSE: 0.0001250091881956905
Epoch 699 val RMSE: 14.841248761304485
Epoch 700 MSE: 6.76459094393067e-05
Epoch 700 val RMSE: 14.943787596179442
Epoch 701 MSE: 7.824494241503999e-05
Epoch 701 val RMSE: 15.01291609035809
Epoch 702 MSE: 0.00012128546950407326
Epoch 702 val RMSE: 14.626023998439551
Epoch 703 MSE: 0.00011864385305671021
Epoch 703 val RMSE: 14.846896767605333
Epoch 704 MSE: 8.494735084241256e-05
Epoch 704 val RMSE: 14.476560391931848
Epoch 705 MSE: 6.551192927872762e-05
Epoch 705 val RMSE: 14.341910582970522
Epoch 706 MSE: 8.691755647305399e-05
Epoch 706 val RMSE: 14.763208197549057
Epoch 707 MSE: 0.00010214421490672976
Epoch 707 val RMSE: 14.539363704228192
Epoch 708 MSE: 7.807823567418382e-05
Epoch 708 val RMSE: 14.567368900880348
Epoch 709 MSE: 6.441826553782448e-05
Epoch 709 val RMSE: 14.813019176028059
Epoch 710 MSE: 7.689073390793055e-05
Epoch 710 val RMSE: 14.541495044354965
Epoch 711 MSE: 8.586178591940552e-05
Epoch 711 val RMSE: 14.485208267226325
Epoch 712 MSE: 7.674498192500323e-05
Epoch 712 val RMSE: 14.474772639622012
Epoch 713 MSE: 6.274691259022802e-05
Epoch 713 val RMSE: 14.403883071386677
Epoch 714 MSE: 6.770847539883107e-05
Epoch 714 val RMSE: 14.3999284954415
Epoch 715 MSE: 7.872068817960098e-05
Epoch 715 val RMSE: 14.42380101660452
Epoch 716 MSE: 7.318337156902999e-05
Epoch 716 val RMSE: 14.576526092146889
Epoch 717 MSE: 6.317681254586205e-05
Epoch 717 val RMSE: 14.500719249907862
Epoch 718 MSE: 6.283866969170049e-05
Epoch 718 val RMSE: 14.51055313707062
Epoch 719 MSE: 6.935261626495048e-05
Epoch 719 val RMSE: 14.679391773730943
Epoch 720 MSE: 7.089188875397667e-05
Epoch 720 val RMSE: 14.506326807846799
Epoch 721 MSE: 6.371541530825198e-05
Epoch 721 val RMSE: 14.505192320270934
Epoch 722 MSE: 6.055708581698127e-05
Epoch 722 val RMSE: 14.612300216836264
Epoch 723 MSE: 6.448001659009606e-05
Epoch 723 val RMSE: 14.51081024242277
Epoch 724 MSE: 6.651433795923367e-05
Epoch 724 val RMSE: 14.578121336581802
Epoch 725 MSE: 6.38688143226318e-05
Epoch 725 val RMSE: 14.673079793618067
Epoch 726 MSE: 6.018497151671909e-05
Epoch 726 val RMSE: 14.689856027789636
Epoch 727 MSE: 6.079832019167952e-05
Epoch 727 val RMSE: 14.700481505520171
Epoch 728 MSE: 6.362313433783129e-05
Epoch 728 val RMSE: 14.70943497952903
Epoch 729 MSE: 6.300005770754069e-05
Epoch 729 val RMSE: 14.761940471178217
Epoch 730 MSE: 6.046090129530057e-05
Epoch 730 val RMSE: 14.687209625620316
Epoch 731 MSE: 5.9478879848029464e-05
Epoch 731 val RMSE: 14.705470742243397
Epoch 732 MSE: 6.0603000747505575e-05
Epoch 732 val RMSE: 14.782660580322062
Epoch 733 MSE: 6.181198114063591e-05
Epoch 733 val RMSE: 14.701181605591637
Epoch 734 MSE: 6.07815854891669e-05
Epoch 734 val RMSE: 14.777933857666385
Epoch 735 MSE: 5.907314698561095e-05
Epoch 735 val RMSE: 14.832118695423024
Epoch 736 MSE: 5.886239159735851e-05
Epoch 736 val RMSE: 14.783127647325156
Epoch 737 MSE: 5.965201125945896e-05
Epoch 737 val RMSE: 14.830071308481577
Epoch 738 MSE: 6.0187525377841666e-05
Epoch 738 val RMSE: 14.821531994667263
Epoch 739 MSE: 5.962861541775055e-05
Epoch 739 val RMSE: 14.824422552946887
Epoch 740 MSE: 5.8520075981505215e-05
Epoch 740 val RMSE: 14.82510753676217
Epoch 741 MSE: 5.81264503125567e-05
Epoch 741 val RMSE: 14.85795373066224
Epoch 742 MSE: 5.852164395037107e-05
Epoch 742 val RMSE: 14.879262617975646
Epoch 743 MSE: 5.8935136621585116e-05
Epoch 743 val RMSE: 14.853166729342549
Epoch 744 MSE: 5.889915701118298e-05
Epoch 744 val RMSE: 14.93080506266611
Epoch 745 MSE: 5.837241405970417e-05
Epoch 745 val RMSE: 14.901701739119586
Epoch 746 MSE: 5.773966768174432e-05
Epoch 746 val RMSE: 14.906852917903752
Epoch 747 MSE: 5.752602010034025e-05
Epoch 747 val RMSE: 14.951075813089505
Epoch 748 MSE: 5.768821210949682e-05
Epoch 748 val RMSE: 14.927588586271279
Epoch 749 MSE: 5.788111957372166e-05
Epoch 749 val RMSE: 14.97115910203343
Epoch 750 MSE: 5.79172010475304e-05
Epoch 750 val RMSE: 14.986128942089925
Epoch 751 MSE: 5.7672215916682035e-05
Epoch 751 val RMSE: 15.016112257150182
Epoch 752 MSE: 5.7292480050818995e-05
Epoch 752 val RMSE: 15.010146206341302
Epoch 753 MSE: 5.7010289310710505e-05
Epoch 753 val RMSE: 15.047573687374092
Epoch 754 MSE: 5.686212170985527e-05
Epoch 754 val RMSE: 15.053526932108074
Epoch 755 MSE: 5.6829532695701346e-05
Epoch 755 val RMSE: 15.046811112598016
Epoch 756 MSE: 5.688807868864387e-05
Epoch 756 val RMSE: 15.099601669615483
Epoch 757 MSE: 5.694038554793224e-05
Epoch 757 val RMSE: 15.081950312201887
Epoch 758 MSE: 5.6896507885539904e-05
Epoch 758 val RMSE: 15.128920370184478
Epoch 759 MSE: 5.6799013691488653e-05
Epoch 759 val RMSE: 15.135976292275055
Epoch 760 MSE: 5.665071148541756e-05
Epoch 760 val RMSE: 15.161816894037479
Epoch 761 MSE: 5.6472552387276664e-05
Epoch 761 val RMSE: 15.153169488005688
Epoch 762 MSE: 5.630342275253497e-05
Epoch 762 val RMSE: 15.190239553264027
Epoch 763 MSE: 5.615870395558886e-05
Epoch 763 val RMSE: 15.17614120390359
Epoch 764 MSE: 5.6021603086264804e-05
Epoch 764 val RMSE: 15.20501828926088
Epoch 765 MSE: 5.5899225117173046e-05
Epoch 765 val RMSE: 15.219139517121247
Epoch 766 MSE: 5.579772550845519e-05
Epoch 766 val RMSE: 15.2370555534354
Epoch 767 MSE: 5.569895074586384e-05
Epoch 767 val RMSE: 15.254596955392968
Epoch 768 MSE: 5.560508725466207e-05
Epoch 768 val RMSE: 15.279568382678141
Epoch 769 MSE: 5.5523116316180676e-05
Epoch 769 val RMSE: 15.274108341245887
Epoch 770 MSE: 5.544890882447362e-05
Epoch 770 val RMSE: 15.30274372307468
Epoch 771 MSE: 5.53844147361815e-05
Epoch 771 val RMSE: 15.300357410519808
Epoch 772 MSE: 5.535185482585803e-05
Epoch 772 val RMSE: 15.32902488439007
Epoch 773 MSE: 5.5388070904882625e-05
Epoch 773 val RMSE: 15.32753666206521
Epoch 774 MSE: 5.5559405154781416e-05
Epoch 774 val RMSE: 15.38113057796615
Epoch 775 MSE: 5.6089949794113636e-05
Epoch 775 val RMSE: 15.339088244541399
Epoch 776 MSE: 5.7404824474360794e-05
Epoch 776 val RMSE: 15.450276512461627
Epoch 777 MSE: 6.1034363170620054e-05
Epoch 777 val RMSE: 15.312157701052914
Epoch 778 MSE: 6.918049621162936e-05
Epoch 778 val RMSE: 15.55076898470378
Epoch 779 MSE: 9.300484089180827e-05
Epoch 779 val RMSE: 15.201318302206555
Epoch 780 MSE: 0.00013277670950628817
Epoch 780 val RMSE: 15.740936093250518
Epoch 781 MSE: 0.00024041075084824115
Epoch 781 val RMSE: 14.969521138311391
Epoch 782 MSE: 0.0002794492756947875
Epoch 782 val RMSE: 15.785938253953015
Epoch 783 MSE: 0.0002957431133836508
Epoch 783 val RMSE: 15.140207259297746
Epoch 784 MSE: 0.00014928389282431453
Epoch 784 val RMSE: 15.247760045376081
Epoch 785 MSE: 6.511541141662747e-05
Epoch 785 val RMSE: 15.698953406565785
Epoch 786 MSE: 0.00010556536290096119
Epoch 786 val RMSE: 15.32141252504792
Epoch 787 MSE: 0.0001633920328458771
Epoch 787 val RMSE: 15.544587516232287
Epoch 788 MSE: 0.0001472523290431127
Epoch 788 val RMSE: 15.366202962392672
Epoch 789 MSE: 7.193328201537952e-05
Epoch 789 val RMSE: 15.118938650189804
Epoch 790 MSE: 7.688798359595239e-05
Epoch 790 val RMSE: 15.133222882600162
Epoch 791 MSE: 0.0001284102036152035
Epoch 791 val RMSE: 14.943832013053914
Epoch 792 MSE: 0.00010634787759045139
Epoch 792 val RMSE: 14.984496178798334
Epoch 793 MSE: 6.345591100398451e-05
Epoch 793 val RMSE: 14.980404579393198
Epoch 794 MSE: 7.543712126789615e-05
Epoch 794 val RMSE: 14.95088292197101
Epoch 795 MSE: 0.00010064590605907142
Epoch 795 val RMSE: 15.110873095813274
Epoch 796 MSE: 8.508769678883255e-05
Epoch 796 val RMSE: 14.977245619690526
Epoch 797 MSE: 5.951684943283908e-05
Epoch 797 val RMSE: 14.978811430487974
Epoch 798 MSE: 7.261320570250973e-05
Epoch 798 val RMSE: 15.082792044072164
Epoch 799 MSE: 8.970584894996136e-05
Epoch 799 val RMSE: 14.861420916757558
Epoch 800 MSE: 7.186388393165544e-05
Epoch 800 val RMSE: 14.877961192584381
Epoch 801 MSE: 5.7364708482054994e-05
Epoch 801 val RMSE: 14.95604827910612
Epoch 802 MSE: 6.899688742123544e-05
Epoch 802 val RMSE: 14.852099830824113
Epoch 803 MSE: 7.586953870486468e-05
Epoch 803 val RMSE: 14.967401814123575
Epoch 804 MSE: 6.437729462049901e-05
Epoch 804 val RMSE: 15.053288219058807
Epoch 805 MSE: 5.6667940953047946e-05
Epoch 805 val RMSE: 15.024146417881367
Epoch 806 MSE: 6.473614485003054e-05
Epoch 806 val RMSE: 15.099594595816399
Epoch 807 MSE: 6.905901682330295e-05
Epoch 807 val RMSE: 15.10558996751208
Epoch 808 MSE: 6.002710870234296e-05
Epoch 808 val RMSE: 15.0966930481881
Epoch 809 MSE: 5.610175139736384e-05
Epoch 809 val RMSE: 15.095751011738317
Epoch 810 MSE: 6.22674124315381e-05
Epoch 810 val RMSE: 15.083453660910035
Epoch 811 MSE: 6.339611718431115e-05
Epoch 811 val RMSE: 15.128698480047625
Epoch 812 MSE: 5.752201468567364e-05
Epoch 812 val RMSE: 15.120489283319909
Epoch 813 MSE: 5.5803659051889554e-05
Epoch 813 val RMSE: 15.173763138014072
Epoch 814 MSE: 5.977684850222431e-05
Epoch 814 val RMSE: 15.25056831676692
Epoch 815 MSE: 6.034408579580486e-05
Epoch 815 val RMSE: 15.18957856950418
Epoch 816 MSE: 5.618514114758e-05
Epoch 816 val RMSE: 15.235680533002487
Epoch 817 MSE: 5.499395774677396e-05
Epoch 817 val RMSE: 15.249366622028827
Epoch 818 MSE: 5.7612160162534565e-05
Epoch 818 val RMSE: 15.16694512303761
Epoch 819 MSE: 5.802548548672348e-05
Epoch 819 val RMSE: 15.237142176569213
Epoch 820 MSE: 5.5375836382154375e-05
Epoch 820 val RMSE: 15.224616766555293
Epoch 821 MSE: 5.418956425273791e-05
Epoch 821 val RMSE: 15.202912222303413
Epoch 822 MSE: 5.579568460234441e-05
Epoch 822 val RMSE: 15.303139079085314
Epoch 823 MSE: 5.655974382534623e-05
Epoch 823 val RMSE: 15.281530584400016
Epoch 824 MSE: 5.495956429513171e-05
Epoch 824 val RMSE: 15.294800038023544
Epoch 825 MSE: 5.37529522262048e-05
Epoch 825 val RMSE: 15.328165316747437
Epoch 826 MSE: 5.443037298391573e-05
Epoch 826 val RMSE: 15.286392563565213
Epoch 827 MSE: 5.525490269064903e-05
Epoch 827 val RMSE: 15.312322125082945
Epoch 828 MSE: 5.4668063967255875e-05
Epoch 828 val RMSE: 15.307619399172488
Epoch 829 MSE: 5.351666550268419e-05
Epoch 829 val RMSE: 15.324741001647569
Epoch 830 MSE: 5.344238525140099e-05
Epoch 830 val RMSE: 15.363317005107135
Epoch 831 MSE: 5.4105184972286224e-05
Epoch 831 val RMSE: 15.372759896198597
Epoch 832 MSE: 5.4112500947667286e-05
Epoch 832 val RMSE: 15.431275630294632
Epoch 833 MSE: 5.3398325690068305e-05
Epoch 833 val RMSE: 15.423057317584098
Epoch 834 MSE: 5.291602064971812e-05
Epoch 834 val RMSE: 15.438053013089473
Epoch 835 MSE: 5.310459891916253e-05
Epoch 835 val RMSE: 15.465092883665156
Epoch 836 MSE: 5.340752250049263e-05
Epoch 836 val RMSE: 15.42881425535261
Epoch 837 MSE: 5.321586286299862e-05
Epoch 837 val RMSE: 15.48125678113497
Epoch 838 MSE: 5.271650297800079e-05
Epoch 838 val RMSE: 15.484934222211308
Epoch 839 MSE: 5.245635111350566e-05
Epoch 839 val RMSE: 15.491934369780235
Epoch 840 MSE: 5.2591392886824906e-05
Epoch 840 val RMSE: 15.551627041492967
Epoch 841 MSE: 5.2742754633072764e-05
Epoch 841 val RMSE: 15.530463523063661
Epoch 842 MSE: 5.258848977973685e-05
Epoch 842 val RMSE: 15.563967225796386
Epoch 843 MSE: 5.225269342190586e-05
Epoch 843 val RMSE: 15.566340573889057
Epoch 844 MSE: 5.202147804084234e-05
Epoch 844 val RMSE: 15.55986766690268
Epoch 845 MSE: 5.201452586334199e-05
Epoch 845 val RMSE: 15.589542287551343
Epoch 846 MSE: 5.2099952881690115e-05
Epoch 846 val RMSE: 15.586079945307718
Epoch 847 MSE: 5.207994399825111e-05
Epoch 847 val RMSE: 15.625705550476603
Epoch 848 MSE: 5.1912040362367406e-05
Epoch 848 val RMSE: 15.631333189159133
Epoch 849 MSE: 5.169145515537821e-05
Epoch 849 val RMSE: 15.66266456511461
Epoch 850 MSE: 5.1539547712309286e-05
Epoch 850 val RMSE: 15.673578293374959
Epoch 851 MSE: 5.1483882998581976e-05
Epoch 851 val RMSE: 15.676198832589078
Epoch 852 MSE: 5.1479830290190876e-05
Epoch 852 val RMSE: 15.705985435993025
Epoch 853 MSE: 5.146555486135185e-05
Epoch 853 val RMSE: 15.69075276365156
Epoch 854 MSE: 5.139119457453489e-05
Epoch 854 val RMSE: 15.73172389920508
Epoch 855 MSE: 5.126208270667121e-05
Epoch 855 val RMSE: 15.731522150909946
Epoch 856 MSE: 5.11131584062241e-05
Epoch 856 val RMSE: 15.756799592507278
Epoch 857 MSE: 5.098659312352538e-05
Epoch 857 val RMSE: 15.774535913185122
Epoch 858 MSE: 5.089566548122093e-05
Epoch 858 val RMSE: 15.780232311709591
Epoch 859 MSE: 5.083485666546039e-05
Epoch 859 val RMSE: 15.800119249883744
Epoch 860 MSE: 5.079161928733811e-05
Epoch 860 val RMSE: 15.797944739218403
Epoch 861 MSE: 5.0749680667649955e-05
Epoch 861 val RMSE: 15.822533601799622
Epoch 862 MSE: 5.070002953289077e-05
Epoch 862 val RMSE: 15.816584726703555
Epoch 863 MSE: 5.0638675020309165e-05
Epoch 863 val RMSE: 15.852642024447327
Epoch 864 MSE: 5.057273301645182e-05
Epoch 864 val RMSE: 15.842529731422808
Epoch 865 MSE: 5.0502250815043226e-05
Epoch 865 val RMSE: 15.88089576635389
Epoch 866 MSE: 5.04373965668492e-05
Epoch 866 val RMSE: 15.869935196453968
Epoch 867 MSE: 5.0379312597215176e-05
Epoch 867 val RMSE: 15.905500293143731
Epoch 868 MSE: 5.0342197937425226e-05
Epoch 868 val RMSE: 15.891851177187968
Epoch 869 MSE: 5.032901026424952e-05
Epoch 869 val RMSE: 15.935268589960437
Epoch 870 MSE: 5.0376675062580034e-05
Epoch 870 val RMSE: 15.908677790839011
Epoch 871 MSE: 5.0512859161244705e-05
Epoch 871 val RMSE: 15.973699888716002
Epoch 872 MSE: 5.08714365423657e-05
Epoch 872 val RMSE: 15.919203843954968
Epoch 873 MSE: 5.157257692189887e-05
Epoch 873 val RMSE: 16.0222975810397
Epoch 874 MSE: 5.3232266509439796e-05
Epoch 874 val RMSE: 15.910714892445023
Epoch 875 MSE: 5.626403435599059e-05
Epoch 875 val RMSE: 16.09643390090401
Epoch 876 MSE: 6.382295396178961e-05
Epoch 876 val RMSE: 15.855619359810676
Epoch 877 MSE: 7.558354991488159e-05
Epoch 877 val RMSE: 16.221105621323257
Epoch 878 MSE: 0.0001056351829902269
Epoch 878 val RMSE: 15.723785867805551
Epoch 879 MSE: 0.0001286710030399263
Epoch 879 val RMSE: 16.355748165304913
Epoch 880 MSE: 0.00016921799397096038
Epoch 880 val RMSE: 15.651309393075502
Epoch 881 MSE: 0.00013876071898266673
Epoch 881 val RMSE: 16.194253462720773
Epoch 882 MSE: 9.006349137052894e-05
Epoch 882 val RMSE: 16.020355627563134
Epoch 883 MSE: 5.3686519095208496e-05
Epoch 883 val RMSE: 15.845020732294293
Epoch 884 MSE: 6.971990660531446e-05
Epoch 884 val RMSE: 16.25764449847123
Epoch 885 MSE: 0.00010234990622848272
Epoch 885 val RMSE: 15.77689886256886
Epoch 886 MSE: 9.330579632660374e-05
Epoch 886 val RMSE: 15.869106370155336
Epoch 887 MSE: 6.531047984026372e-05
Epoch 887 val RMSE: 15.87843633991036
Epoch 888 MSE: 5.3992363973520696e-05
Epoch 888 val RMSE: 15.59369911690095
Epoch 889 MSE: 6.905831105541438e-05
Epoch 889 val RMSE: 15.779980901167496
Epoch 890 MSE: 8.204603363992646e-05
Epoch 890 val RMSE: 15.734131099928161
Epoch 891 MSE: 6.939714512554929e-05
Epoch 891 val RMSE: 15.692449632350813
Epoch 892 MSE: 5.3310650400817394e-05
Epoch 892 val RMSE: 15.77790371004331
Epoch 893 MSE: 5.496718949871138e-05
Epoch 893 val RMSE: 15.75218645692807
Epoch 894 MSE: 6.71125526423566e-05
Epoch 894 val RMSE: 15.731928554687906
Epoch 895 MSE: 6.909585499670357e-05
Epoch 895 val RMSE: 15.683221119483624
Epoch 896 MSE: 5.7195898989448324e-05
Epoch 896 val RMSE: 15.75076873356479
Epoch 897 MSE: 5.0441347411833704e-05
Epoch 897 val RMSE: 15.71900287523358
Epoch 898 MSE: 5.5347492889268324e-05
Epoch 898 val RMSE: 15.737121645353831
Epoch 899 MSE: 6.15147509961389e-05
Epoch 899 val RMSE: 15.84997364126234
Epoch 900 MSE: 6.030549047864042e-05
Epoch 900 val RMSE: 15.769955542192704
Epoch 901 MSE: 5.295849041431211e-05
Epoch 901 val RMSE: 15.863901659254328
Epoch 902 MSE: 4.971991074853577e-05
Epoch 902 val RMSE: 15.882246631274828
Epoch 903 MSE: 5.317776958690956e-05
Epoch 903 val RMSE: 15.782381708338425
Epoch 904 MSE: 5.6898734328569844e-05
Epoch 904 val RMSE: 15.89195535467921
Epoch 905 MSE: 5.5769869504729286e-05
Epoch 905 val RMSE: 15.839306210052898
Epoch 906 MSE: 5.107581819174811e-05
Epoch 906 val RMSE: 15.853955835986616
Epoch 907 MSE: 4.9148864491144195e-05
Epoch 907 val RMSE: 15.922594707421178
Epoch 908 MSE: 5.11568141519092e-05
Epoch 908 val RMSE: 15.855460569873475
Epoch 909 MSE: 5.3510942962020636e-05
Epoch 909 val RMSE: 15.912243026971844
Epoch 910 MSE: 5.3288433264242485e-05
Epoch 910 val RMSE: 15.893462731348805
Epoch 911 MSE: 5.0586062570801005e-05
Epoch 911 val RMSE: 15.900760925127038
Epoch 912 MSE: 4.863786671194248e-05
Epoch 912 val RMSE: 15.91433576256552
Epoch 913 MSE: 4.9018621211871505e-05
Epoch 913 val RMSE: 15.920483888719481
Epoch 914 MSE: 5.0534112233435735e-05
Epoch 914 val RMSE: 15.970671954269752
Epoch 915 MSE: 5.1131566578987986e-05
Epoch 915 val RMSE: 15.948025687069535
Epoch 916 MSE: 5.0056842155754566e-05
Epoch 916 val RMSE: 15.996293115363233
Epoch 917 MSE: 4.8611240345053375e-05
Epoch 917 val RMSE: 15.96263336866759
Epoch 918 MSE: 4.8027832235675305e-05
Epoch 918 val RMSE: 15.970541538140914
Epoch 919 MSE: 4.853723294218071e-05
Epoch 919 val RMSE: 16.010289698212933
Epoch 920 MSE: 4.929966598865576e-05
Epoch 920 val RMSE: 15.95990784582623
Epoch 921 MSE: 4.931486182613298e-05
Epoch 921 val RMSE: 16.03473707201805
Epoch 922 MSE: 4.8628702643327415e-05
Epoch 922 val RMSE: 16.017318889081633
Epoch 923 MSE: 4.781727329827845e-05
Epoch 923 val RMSE: 16.038069258091628
Epoch 924 MSE: 4.750881635118276e-05
Epoch 924 val RMSE: 16.069284156755298
Epoch 925 MSE: 4.7720684960950166e-05
Epoch 925 val RMSE: 16.037629700371873
Epoch 926 MSE: 4.809164965990931e-05
Epoch 926 val RMSE: 16.090417965142134
Epoch 927 MSE: 4.825567521038465e-05
Epoch 927 val RMSE: 16.071740487114525
Epoch 928 MSE: 4.801831892109476e-05
Epoch 928 val RMSE: 16.11157803498291
Epoch 929 MSE: 4.756502676173113e-05
Epoch 929 val RMSE: 16.108999904701953
Epoch 930 MSE: 4.713179441750981e-05
Epoch 930 val RMSE: 16.138944998180545
Epoch 931 MSE: 4.6893554099369794e-05
Epoch 931 val RMSE: 16.145299155309978
Epoch 932 MSE: 4.6858538553351536e-05
Epoch 932 val RMSE: 16.145406895410204
Epoch 933 MSE: 4.694964809459634e-05
Epoch 933 val RMSE: 16.176601437942125
Epoch 934 MSE: 4.709323911811225e-05
Epoch 934 val RMSE: 16.153769680862226
Epoch 935 MSE: 4.719191565527581e-05
Epoch 935 val RMSE: 16.214563788687684
Epoch 936 MSE: 4.7242792788892984e-05
Epoch 936 val RMSE: 16.182006375053298
Epoch 937 MSE: 4.7215158701874316e-05
Epoch 937 val RMSE: 16.239193183889153
Epoch 938 MSE: 4.719336357084103e-05
Epoch 938 val RMSE: 16.212314512299073
Epoch 939 MSE: 4.713571979664266e-05
Epoch 939 val RMSE: 16.26229534093694
Epoch 940 MSE: 4.7144159907475114e-05
Epoch 940 val RMSE: 16.227227319974926
Epoch 941 MSE: 4.7163521230686456e-05
Epoch 941 val RMSE: 16.291159749579773
Epoch 942 MSE: 4.731493754661642e-05
Epoch 942 val RMSE: 16.24446551635693
Epoch 943 MSE: 4.7540706873405725e-05
Epoch 943 val RMSE: 16.326900746567954
Epoch 944 MSE: 4.8103200242621824e-05
Epoch 944 val RMSE: 16.256837316079793
Epoch 945 MSE: 4.893373261438683e-05
Epoch 945 val RMSE: 16.36101278215418
Epoch 946 MSE: 5.073957072454505e-05
Epoch 946 val RMSE: 16.253713330235783
Epoch 947 MSE: 5.326834070729092e-05
Epoch 947 val RMSE: 16.410722976556556
Epoch 948 MSE: 5.87712274864316e-05
Epoch 948 val RMSE: 16.225126508739752
Epoch 949 MSE: 6.531300459755585e-05
Epoch 949 val RMSE: 16.48423985430383
Epoch 950 MSE: 7.952511077746749e-05
Epoch 950 val RMSE: 16.177684267586592
Epoch 951 MSE: 8.932252239901572e-05
Epoch 951 val RMSE: 16.550489454148327
Epoch 952 MSE: 0.00010693327203625813
Epoch 952 val RMSE: 16.163092988384737
Epoch 953 MSE: 9.978171874536201e-05
Epoch 953 val RMSE: 16.513862104352285
Epoch 954 MSE: 8.642499597044662e-05
Epoch 954 val RMSE: 16.29910886235905
Epoch 955 MSE: 6.073945769458078e-05
Epoch 955 val RMSE: 16.34777339041066
Epoch 956 MSE: 4.734061803901568e-05
Epoch 956 val RMSE: 16.43731898219006
Epoch 957 MSE: 5.185456029721536e-05
Epoch 957 val RMSE: 16.230653484959504
Epoch 958 MSE: 6.437146657845005e-05
Epoch 958 val RMSE: 16.375473365056887
Epoch 959 MSE: 7.161661051213741e-05
Epoch 959 val RMSE: 16.19115038624736
Epoch 960 MSE: 6.320935790427029e-05
Epoch 960 val RMSE: 16.252703163087112
Epoch 961 MSE: 5.131875877850689e-05
Epoch 961 val RMSE: 16.243900034476884
Epoch 962 MSE: 4.5808770664734766e-05
Epoch 962 val RMSE: 16.210978915609747
Epoch 963 MSE: 5.016819341108203e-05
Epoch 963 val RMSE: 16.29936069100708
Epoch 964 MSE: 5.801241786684841e-05
Epoch 964 val RMSE: 16.211139870724796
Epoch 965 MSE: 6.012128142174333e-05
Epoch 965 val RMSE: 16.32233001232514
Epoch 966 MSE: 5.683380368282087e-05
Epoch 966 val RMSE: 16.22091936659745
Epoch 967 MSE: 4.975084448233247e-05
Epoch 967 val RMSE: 16.297903962902236
Epoch 968 MSE: 4.533331957645714e-05
Epoch 968 val RMSE: 16.3123971051592
Epoch 969 MSE: 4.575390266836621e-05
Epoch 969 val RMSE: 16.28745120927554
Epoch 970 MSE: 4.947429624735378e-05
Epoch 970 val RMSE: 16.385237660271937
Epoch 971 MSE: 5.3179781389189884e-05
Epoch 971 val RMSE: 16.285318814402093
Epoch 972 MSE: 5.348303238861263e-05
Epoch 972 val RMSE: 16.381220677017346
Epoch 973 MSE: 5.152992525836453e-05
Epoch 973 val RMSE: 16.308721462823293
Epoch 974 MSE: 4.780082599609159e-05
Epoch 974 val RMSE: 16.35475363032393
Epoch 975 MSE: 4.497960617300123e-05
Epoch 975 val RMSE: 16.36884687292354
Epoch 976 MSE: 4.4217311369720846e-05
Epoch 976 val RMSE: 16.350770219398783
Epoch 977 MSE: 4.53783904958982e-05
Epoch 977 val RMSE: 16.39835654607221
Epoch 978 MSE: 4.724906466435641e-05
Epoch 978 val RMSE: 16.333507822363302
Epoch 979 MSE: 4.83714829897508e-05
Epoch 979 val RMSE: 16.408415965654733
Epoch 980 MSE: 4.845703369937837e-05
Epoch 980 val RMSE: 16.3476660506243
Epoch 981 MSE: 4.702444130089134e-05
Epoch 981 val RMSE: 16.429539830827107
Epoch 982 MSE: 4.523501775111072e-05
Epoch 982 val RMSE: 16.40859823224597
Epoch 983 MSE: 4.3857253331225365e-05
Epoch 983 val RMSE: 16.437248431119123
Epoch 984 MSE: 4.341618841863237e-05
Epoch 984 val RMSE: 16.445460955386938
Epoch 985 MSE: 4.376603101263754e-05
Epoch 985 val RMSE: 16.405236203796147
Epoch 986 MSE: 4.4519518269225955e-05
Epoch 986 val RMSE: 16.456940848760723
Epoch 987 MSE: 4.528105637291446e-05
Epoch 987 val RMSE: 16.395809550027753
Epoch 988 MSE: 4.5560678699985147e-05
Epoch 988 val RMSE: 16.481777416783853
Epoch 989 MSE: 4.555725536192767e-05
Epoch 989 val RMSE: 16.42374625102229
Epoch 990 MSE: 4.51961241196841e-05
Epoch 990 val RMSE: 16.506982424113744
Epoch 991 MSE: 4.485591489356011e-05
Epoch 991 val RMSE: 16.443699817008184
Epoch 992 MSE: 4.4408974645193666e-05
Epoch 992 val RMSE: 16.51793551275448
Epoch 993 MSE: 4.4128937588538975e-05
Epoch 993 val RMSE: 16.46319080893276
Epoch 994 MSE: 4.38450624642428e-05
Epoch 994 val RMSE: 16.539041280394986
Epoch 995 MSE: 4.3722644477384165e-05
Epoch 995 val RMSE: 16.492526124543506
Epoch 996 MSE: 4.3704319978132844e-05
Epoch 996 val RMSE: 16.56589182545438
Epoch 997 MSE: 4.397481825435534e-05
Epoch 997 val RMSE: 16.50158776244397
Epoch 998 MSE: 4.448666732059792e-05
Epoch 998 val RMSE: 16.59410586217993
Epoch 999 MSE: 4.5761389628751203e-05
Epoch 999 val RMSE: 16.491891429128323
Training time: 25.49604558944702
(401223.552, 3044155.756, 490) 训练完成

./images/(401223.552, 3044155.756, 490)LSTM训练集可视化结果.png保存成功
Train Score: 0.90 RMSE
Train Score: 9.57 RMSE
Test Score: 22.00 RMSE
./images/(401223.552, 3044155.756, 490)真实值vs预测值.png保存成功
