训练开始: 2025-06-15 17:27:03
Group: (401223.552, 3044155.756, 610)
模型标准化格式保存路径：lstmscaler/(401223.552, 3044155.756, 610)best_scaler.pkl
最优模型参数保存路径：lstmmodel/(401223.552, 3044155.756, 610)best_model.pth
Epoch 0 MSE: 0.1992739886045456
Epoch 0 val RMSE: 9.153569476847842
Best model saved at epoch 0 with Test RMSE: 9.153569476847842
Epoch 1 MSE: 0.2100357711315155
Epoch 1 val RMSE: 7.157261139844332
Best model saved at epoch 1 with Test RMSE: 7.157261139844332
Epoch 2 MSE: 0.16776341199874878
Epoch 2 val RMSE: 6.154623213638303
Best model saved at epoch 2 with Test RMSE: 6.154623213638303
Epoch 3 MSE: 0.14834417402744293
Epoch 3 val RMSE: 6.106111947786126
Best model saved at epoch 3 with Test RMSE: 6.106111947786126
Epoch 4 MSE: 0.060587696731090546
Epoch 4 val RMSE: 21.90918297390353
Epoch 5 MSE: 0.16327059268951416
Epoch 5 val RMSE: 8.629584821524992
Epoch 6 MSE: 0.020615842193365097
Epoch 6 val RMSE: 3.1628650801348956
Best model saved at epoch 6 with Test RMSE: 3.1628650801348956
Epoch 7 MSE: 0.03759356588125229
Epoch 7 val RMSE: 2.1853128671011666
Best model saved at epoch 7 with Test RMSE: 2.1853128671011666
Epoch 8 MSE: 0.06441832333803177
Epoch 8 val RMSE: 3.046934939063876
Epoch 9 MSE: 0.061169642955064774
Epoch 9 val RMSE: 3.6662702924164856
Epoch 10 MSE: 0.053250961005687714
Epoch 10 val RMSE: 3.8316855551735434
Epoch 11 MSE: 0.04376616328954697
Epoch 11 val RMSE: 4.093286153125881
Epoch 12 MSE: 0.032378580421209335
Epoch 12 val RMSE: 6.030345157088693
Epoch 13 MSE: 0.024671269580721855
Epoch 13 val RMSE: 9.55358830489946
Epoch 14 MSE: 0.0249461829662323
Epoch 14 val RMSE: 12.360273133256843
Epoch 15 MSE: 0.02622210793197155
Epoch 15 val RMSE: 13.633857297893943
Epoch 16 MSE: 0.022525252774357796
Epoch 16 val RMSE: 13.85463450318329
Epoch 17 MSE: 0.017395157366991043
Epoch 17 val RMSE: 13.587710808291646
Epoch 18 MSE: 0.015741923823952675
Epoch 18 val RMSE: 12.941777061356735
Epoch 19 MSE: 0.017177345231175423
Epoch 19 val RMSE: 11.933673025514098
Epoch 20 MSE: 0.017471496015787125
Epoch 20 val RMSE: 10.799083345860419
Epoch 21 MSE: 0.01690061204135418
Epoch 21 val RMSE: 9.756845663045024
Epoch 22 MSE: 0.01633654721081257
Epoch 22 val RMSE: 8.920904798249648
Epoch 23 MSE: 0.015744933858513832
Epoch 23 val RMSE: 8.313467786854437
Epoch 24 MSE: 0.015165331773459911
Epoch 24 val RMSE: 7.89751473459558
Epoch 25 MSE: 0.01438663899898529
Epoch 25 val RMSE: 7.622586478058384
Epoch 26 MSE: 0.013372702524065971
Epoch 26 val RMSE: 7.449016726334355
Epoch 27 MSE: 0.012516748160123825
Epoch 27 val RMSE: 7.336173836798083
Epoch 28 MSE: 0.012072798795998096
Epoch 28 val RMSE: 7.227959905009693
Epoch 29 MSE: 0.01188435684889555
Epoch 29 val RMSE: 7.063623119612748
Epoch 30 MSE: 0.011900624260306358
Epoch 30 val RMSE: 6.790117925819345
Epoch 31 MSE: 0.01201741211116314
Epoch 31 val RMSE: 6.366649768800264
Epoch 32 MSE: 0.011813213117420673
Epoch 32 val RMSE: 5.787367764439127
Epoch 33 MSE: 0.011221605353057384
Epoch 33 val RMSE: 5.109553062765931
Epoch 34 MSE: 0.010408086702227592
Epoch 34 val RMSE: 4.448548866863668
Epoch 35 MSE: 0.009317613206803799
Epoch 35 val RMSE: 3.870799094802547
Epoch 36 MSE: 0.008461685851216316
Epoch 36 val RMSE: 3.3045214167134804
Epoch 37 MSE: 0.007797703612595797
Epoch 37 val RMSE: 2.761056348469518
Epoch 38 MSE: 0.007493197917938232
Epoch 38 val RMSE: 2.3875088796400545
Epoch 39 MSE: 0.007256523706018925
Epoch 39 val RMSE: 2.1338558788880833
Best model saved at epoch 39 with Test RMSE: 2.1338558788880833
Epoch 40 MSE: 0.007107199635356665
Epoch 40 val RMSE: 1.8278020589826702
Best model saved at epoch 40 with Test RMSE: 1.8278020589826702
Epoch 41 MSE: 0.006713191047310829
Epoch 41 val RMSE: 1.5979327496544442
Best model saved at epoch 41 with Test RMSE: 1.5979327496544442
Epoch 42 MSE: 0.006209257524460554
Epoch 42 val RMSE: 1.565321929897144
Best model saved at epoch 42 with Test RMSE: 1.565321929897144
Epoch 43 MSE: 0.005447350908070803
Epoch 43 val RMSE: 1.5764094177268713
Epoch 44 MSE: 0.00474402355030179
Epoch 44 val RMSE: 1.5450353761591913
Best model saved at epoch 44 with Test RMSE: 1.5450353761591913
Epoch 45 MSE: 0.004166794009506702
Epoch 45 val RMSE: 1.5717454132600495
Epoch 46 MSE: 0.003907761536538601
Epoch 46 val RMSE: 1.612637740173944
Epoch 47 MSE: 0.0037987828254699707
Epoch 47 val RMSE: 1.5295602466929996
Best model saved at epoch 47 with Test RMSE: 1.5295602466929996
Epoch 48 MSE: 0.0036632586270570755
Epoch 48 val RMSE: 1.3066648472478097
Best model saved at epoch 48 with Test RMSE: 1.3066648472478097
Epoch 49 MSE: 0.003340322058647871
Epoch 49 val RMSE: 1.0878424642370674
Best model saved at epoch 49 with Test RMSE: 1.0878424642370674
Epoch 50 MSE: 0.0029898022767156363
Epoch 50 val RMSE: 0.9635873869625071
Best model saved at epoch 50 with Test RMSE: 0.9635873869625071
Epoch 51 MSE: 0.002879602136090398
Epoch 51 val RMSE: 0.8865709223597626
Best model saved at epoch 51 with Test RMSE: 0.8865709223597626
Epoch 52 MSE: 0.002868467476218939
Epoch 52 val RMSE: 0.8985307064636516
Epoch 53 MSE: 0.002639355603605509
Epoch 53 val RMSE: 1.0797054482498774
Epoch 54 MSE: 0.00231320783495903
Epoch 54 val RMSE: 1.3183271842134754
Epoch 55 MSE: 0.002239153953269124
Epoch 55 val RMSE: 1.4112777265962249
Epoch 56 MSE: 0.0022260425612330437
Epoch 56 val RMSE: 1.344273664768828
Epoch 57 MSE: 0.0020765988156199455
Epoch 57 val RMSE: 1.204549664282272
Epoch 58 MSE: 0.0018736894708126783
Epoch 58 val RMSE: 1.0633983740950017
Epoch 59 MSE: 0.001868325867690146
Epoch 59 val RMSE: 0.9830471650175995
Epoch 60 MSE: 0.0018014652887359262
Epoch 60 val RMSE: 1.0695485639598794
Epoch 61 MSE: 0.0016010350082069635
Epoch 61 val RMSE: 1.249747870766798
Epoch 62 MSE: 0.0015277066268026829
Epoch 62 val RMSE: 1.3042262284121704
Epoch 63 MSE: 0.0015310588059946895
Epoch 63 val RMSE: 1.184477976245241
Epoch 64 MSE: 0.0014206630876287818
Epoch 64 val RMSE: 1.0434642857543504
Epoch 65 MSE: 0.0013117918279021978
Epoch 65 val RMSE: 0.9810470759988675
Epoch 66 MSE: 0.001320494688116014
Epoch 66 val RMSE: 0.9455434658906587
Epoch 67 MSE: 0.0013213817728683352
Epoch 67 val RMSE: 0.948388981088736
Epoch 68 MSE: 0.0012617846950888634
Epoch 68 val RMSE: 1.046693871614303
Epoch 69 MSE: 0.0012374687939882278
Epoch 69 val RMSE: 1.1427385266516064
Epoch 70 MSE: 0.001259405049495399
Epoch 70 val RMSE: 1.107795558095065
Epoch 71 MSE: 0.0012256746413186193
Epoch 71 val RMSE: 0.9896688558197307
Epoch 72 MSE: 0.0011616850970312953
Epoch 72 val RMSE: 0.9187893385477423
Epoch 73 MSE: 0.001128875301219523
Epoch 73 val RMSE: 0.8967139255615246
Epoch 74 MSE: 0.0011073298519477248
Epoch 74 val RMSE: 0.8789537883194074
Best model saved at epoch 74 with Test RMSE: 0.8789537883194074
Epoch 75 MSE: 0.001040544011630118
Epoch 75 val RMSE: 0.9198767454574246
Epoch 76 MSE: 0.0009924686746671796
Epoch 76 val RMSE: 0.9831750610371719
Epoch 77 MSE: 0.0009798570536077023
Epoch 77 val RMSE: 0.9440975420855704
Epoch 78 MSE: 0.0009468863718211651
Epoch 78 val RMSE: 0.8362901959644765
Best model saved at epoch 78 with Test RMSE: 0.8362901959644765
Epoch 79 MSE: 0.000905688211787492
Epoch 79 val RMSE: 0.7760841093468743
Best model saved at epoch 79 with Test RMSE: 0.7760841093468743
Epoch 80 MSE: 0.0008941046544350684
Epoch 80 val RMSE: 0.7422533106487548
Best model saved at epoch 80 with Test RMSE: 0.7422533106487548
Epoch 81 MSE: 0.0008827741257846355
Epoch 81 val RMSE: 0.7320517456702963
Best model saved at epoch 81 with Test RMSE: 0.7320517456702963
Epoch 82 MSE: 0.0008518879767507315
Epoch 82 val RMSE: 0.7811375346295952
Epoch 83 MSE: 0.0008390872972086072
Epoch 83 val RMSE: 0.7810430252566715
Epoch 84 MSE: 0.0008322244393639266
Epoch 84 val RMSE: 0.7079606244377168
Best model saved at epoch 84 with Test RMSE: 0.7079606244377168
Epoch 85 MSE: 0.0008061122498475015
Epoch 85 val RMSE: 0.6617086767805845
Best model saved at epoch 85 with Test RMSE: 0.6617086767805845
Epoch 86 MSE: 0.0007904422236606479
Epoch 86 val RMSE: 0.6249179070918188
Best model saved at epoch 86 with Test RMSE: 0.6249179070918188
Epoch 87 MSE: 0.0007808018126524985
Epoch 87 val RMSE: 0.6200300260548758
Best model saved at epoch 87 with Test RMSE: 0.6200300260548758
Epoch 88 MSE: 0.0007557345670647919
Epoch 88 val RMSE: 0.6693058351104203
Epoch 89 MSE: 0.0007382289622910321
Epoch 89 val RMSE: 0.6595926757129985
Epoch 90 MSE: 0.0007242003921419382
Epoch 90 val RMSE: 0.6225848024124843
Epoch 91 MSE: 0.0006992389680817723
Epoch 91 val RMSE: 0.5913013108149114
Best model saved at epoch 91 with Test RMSE: 0.5913013108149114
Epoch 92 MSE: 0.0006831840146332979
Epoch 92 val RMSE: 0.5494004655736056
Best model saved at epoch 92 with Test RMSE: 0.5494004655736056
Epoch 93 MSE: 0.0006685975240543485
Epoch 93 val RMSE: 0.5769480762506148
Epoch 94 MSE: 0.0006447696941904724
Epoch 94 val RMSE: 0.5883927592945823
Epoch 95 MSE: 0.0006293710903264582
Epoch 95 val RMSE: 0.5743955223310762
Epoch 96 MSE: 0.0006142825586721301
Epoch 96 val RMSE: 0.5543911101743189
Epoch 97 MSE: 0.0005959495319984853
Epoch 97 val RMSE: 0.5029775652271443
Best model saved at epoch 97 with Test RMSE: 0.5029775652271443
Epoch 98 MSE: 0.0005859338562004268
Epoch 98 val RMSE: 0.5219036231500479
Epoch 99 MSE: 0.0005720289191231132
Epoch 99 val RMSE: 0.515409135426807
Epoch 100 MSE: 0.0005596083356067538
Epoch 100 val RMSE: 0.5352036114082602
Epoch 101 MSE: 0.0005531142232939601
Epoch 101 val RMSE: 0.5066868263184626
Epoch 102 MSE: 0.00054370571160689
Epoch 102 val RMSE: 0.5001068001171725
Best model saved at epoch 102 with Test RMSE: 0.5001068001171725
Epoch 103 MSE: 0.0005406873533502221
Epoch 103 val RMSE: 0.4978842974825911
Best model saved at epoch 103 with Test RMSE: 0.4978842974825911
Epoch 104 MSE: 0.0005358634516596794
Epoch 104 val RMSE: 0.5130942400263114
Epoch 105 MSE: 0.0005319804768078029
Epoch 105 val RMSE: 0.5148018711405837
Epoch 106 MSE: 0.0005295469891279936
Epoch 106 val RMSE: 0.5083132402430367
Epoch 107 MSE: 0.0005235933349467814
Epoch 107 val RMSE: 0.5053783766364575
Epoch 108 MSE: 0.0005200672312639654
Epoch 108 val RMSE: 0.5104376211211779
Epoch 109 MSE: 0.0005124590243212879
Epoch 109 val RMSE: 0.5174333477865051
Epoch 110 MSE: 0.0005070070037618279
Epoch 110 val RMSE: 0.5146840208083071
Epoch 111 MSE: 0.000499389716424048
Epoch 111 val RMSE: 0.5145618286221101
Epoch 112 MSE: 0.0004930417635478079
Epoch 112 val RMSE: 0.5081828600796342
Epoch 113 MSE: 0.0004869711701758206
Epoch 113 val RMSE: 0.535963994252692
Epoch 114 MSE: 0.0004816342261619866
Epoch 114 val RMSE: 0.4922165029548455
Best model saved at epoch 114 with Test RMSE: 0.4922165029548455
Epoch 115 MSE: 0.000483166630147025
Epoch 115 val RMSE: 0.6368099217581216
Epoch 116 MSE: 0.0005230647511780262
Epoch 116 val RMSE: 0.41698177065557573
Best model saved at epoch 116 with Test RMSE: 0.41698177065557573
Epoch 117 MSE: 0.0008530059712938964
Epoch 117 val RMSE: 1.4833457992687107
Epoch 118 MSE: 0.0029053790494799614
Epoch 118 val RMSE: 1.1719945719433746
Epoch 119 MSE: 0.005231763236224651
Epoch 119 val RMSE: 2.057004948848841
Epoch 120 MSE: 0.0055933608673512936
Epoch 120 val RMSE: 1.3268545020339912
Epoch 121 MSE: 0.0016845827922224998
Epoch 121 val RMSE: 0.8437138655660429
Epoch 122 MSE: 0.00461928965523839
Epoch 122 val RMSE: 0.6383331287083244
Epoch 123 MSE: 0.0009702704264782369
Epoch 123 val RMSE: 1.6983717638084443
Epoch 124 MSE: 0.002811217913404107
Epoch 124 val RMSE: 1.5827173323043002
Epoch 125 MSE: 0.002108850749209523
Epoch 125 val RMSE: 0.6646267233010665
Epoch 126 MSE: 0.0013226786395534873
Epoch 126 val RMSE: 0.42503824061968204
Epoch 127 MSE: 0.0023032722529023886
Epoch 127 val RMSE: 0.7537383055530988
Epoch 128 MSE: 0.0010196673683822155
Epoch 128 val RMSE: 1.3218854304053202
Epoch 129 MSE: 0.0017011805903166533
Epoch 129 val RMSE: 1.38143166603134
Epoch 130 MSE: 0.001176068908534944
Epoch 130 val RMSE: 1.084558558250083
Epoch 131 MSE: 0.0010980893857777119
Epoch 131 val RMSE: 0.8299725274629464
Epoch 132 MSE: 0.0012871146900579333
Epoch 132 val RMSE: 0.7804874513388333
Epoch 133 MSE: 0.000725998543202877
Epoch 133 val RMSE: 1.0789798719740147
Epoch 134 MSE: 0.0012773062335327268
Epoch 134 val RMSE: 1.2372776139932158
Epoch 135 MSE: 0.000813082093372941
Epoch 135 val RMSE: 1.2839809249399856
Epoch 136 MSE: 0.0008330598939210176
Epoch 136 val RMSE: 1.2634216721246467
Epoch 137 MSE: 0.0011280811158940196
Epoch 137 val RMSE: 1.135307668417854
Epoch 138 MSE: 0.0006140847108326852
Epoch 138 val RMSE: 1.0608434104490752
Epoch 139 MSE: 0.0008628655923530459
Epoch 139 val RMSE: 0.9185994680180951
Epoch 140 MSE: 0.0008613727404735982
Epoch 140 val RMSE: 0.7993395224685038
Epoch 141 MSE: 0.0006073581171222031
Epoch 141 val RMSE: 0.891160603142048
Epoch 142 MSE: 0.000737115042284131
Epoch 142 val RMSE: 1.0220249124390843
Epoch 143 MSE: 0.000664045219309628
Epoch 143 val RMSE: 1.0497382564373836
Epoch 144 MSE: 0.0006461881566792727
Epoch 144 val RMSE: 0.8561901029812741
Epoch 145 MSE: 0.0006059549050405622
Epoch 145 val RMSE: 0.5565315541269723
Epoch 146 MSE: 0.0005896842340007424
Epoch 146 val RMSE: 0.45107150922491285
Epoch 147 MSE: 0.0006502714823000133
Epoch 147 val RMSE: 0.5960091477098517
Epoch 148 MSE: 0.0005189367802813649
Epoch 148 val RMSE: 0.8321888017805391
Epoch 149 MSE: 0.00056225381558761
Epoch 149 val RMSE: 0.8720570186272398
Epoch 150 MSE: 0.0006014547543600202
Epoch 150 val RMSE: 0.6644496462381606
Epoch 151 MSE: 0.0004768240905832499
Epoch 151 val RMSE: 0.4570942533707646
Epoch 152 MSE: 0.0005306489765644073
Epoch 152 val RMSE: 0.44406609358598553
Epoch 153 MSE: 0.0005288263200782239
Epoch 153 val RMSE: 0.6058956978963281
Epoch 154 MSE: 0.0004623743880074471
Epoch 154 val RMSE: 0.7565583538334151
Epoch 155 MSE: 0.0004930549184791744
Epoch 155 val RMSE: 0.738886872406728
Epoch 156 MSE: 0.00047554558841511607
Epoch 156 val RMSE: 0.6224528862462713
Epoch 157 MSE: 0.00046607450349256396
Epoch 157 val RMSE: 0.5449977808215956
Epoch 158 MSE: 0.0004548999422695488
Epoch 158 val RMSE: 0.5760690629686032
Epoch 159 MSE: 0.00046052708057686687
Epoch 159 val RMSE: 0.6519668083972011
Epoch 160 MSE: 0.0004615327634382993
Epoch 160 val RMSE: 0.6803372883518971
Epoch 161 MSE: 0.0004299973079469055
Epoch 161 val RMSE: 0.6740944819673428
Epoch 162 MSE: 0.00045867307926528156
Epoch 162 val RMSE: 0.6522829861237461
Epoch 163 MSE: 0.0004374628479126841
Epoch 163 val RMSE: 0.6384025962650716
Epoch 164 MSE: 0.0004228599718771875
Epoch 164 val RMSE: 0.6223401453065597
Epoch 165 MSE: 0.00044241122668609023
Epoch 165 val RMSE: 0.5949546489341909
Epoch 166 MSE: 0.00041746030910871923
Epoch 166 val RMSE: 0.6055429474682712
Epoch 167 MSE: 0.0004197866655886173
Epoch 167 val RMSE: 0.6507301475363221
Epoch 168 MSE: 0.00042073626536875963
Epoch 168 val RMSE: 0.6786232651544116
Epoch 169 MSE: 0.00041251498623751104
Epoch 169 val RMSE: 0.6449783392898962
Epoch 170 MSE: 0.00041157164378091693
Epoch 170 val RMSE: 0.5775927077848829
Epoch 171 MSE: 0.00040940038161352277
Epoch 171 val RMSE: 0.5613336922536066
Epoch 172 MSE: 0.00041076421621255577
Epoch 172 val RMSE: 0.6190761207649602
Epoch 173 MSE: 0.00040147965773940086
Epoch 173 val RMSE: 0.6858178714370458
Epoch 174 MSE: 0.00040634392644278705
Epoch 174 val RMSE: 0.6820407775003701
Epoch 175 MSE: 0.00040304529829882085
Epoch 175 val RMSE: 0.6194413715218854
Epoch 176 MSE: 0.00039563325117342174
Epoch 176 val RMSE: 0.5836839445344673
Epoch 177 MSE: 0.00040183673263527453
Epoch 177 val RMSE: 0.6173511722691053
Epoch 178 MSE: 0.00039390483289025724
Epoch 178 val RMSE: 0.6793036637671684
Epoch 179 MSE: 0.00039337214548140764
Epoch 179 val RMSE: 0.6968737443989617
Epoch 180 MSE: 0.00039396039210259914
Epoch 180 val RMSE: 0.6613622855992274
Epoch 181 MSE: 0.0003894311375916004
Epoch 181 val RMSE: 0.6272299799956987
Epoch 182 MSE: 0.0003896082052960992
Epoch 182 val RMSE: 0.6333991969101382
Epoch 183 MSE: 0.0003877221024595201
Epoch 183 val RMSE: 0.6629130344503157
Epoch 184 MSE: 0.00038675282848998904
Epoch 184 val RMSE: 0.674067844374988
Epoch 185 MSE: 0.000383979786420241
Epoch 185 val RMSE: 0.6600246411116347
Epoch 186 MSE: 0.0003843869490083307
Epoch 186 val RMSE: 0.6431948823839706
Epoch 187 MSE: 0.0003817066899500787
Epoch 187 val RMSE: 0.6393632092698512
Epoch 188 MSE: 0.00037996008177287877
Epoch 188 val RMSE: 0.6406978007563889
Epoch 189 MSE: 0.00038029454299248755
Epoch 189 val RMSE: 0.6370587523537373
Epoch 190 MSE: 0.000376697164028883
Epoch 190 val RMSE: 0.6357755168844743
Epoch 191 MSE: 0.0003771107876673341
Epoch 191 val RMSE: 0.6405221810055031
Epoch 192 MSE: 0.0003753052733372897
Epoch 192 val RMSE: 0.6416971028115558
Epoch 193 MSE: 0.00037374458042904735
Epoch 193 val RMSE: 0.630519834620892
Epoch 194 MSE: 0.0003733350895345211
Epoch 194 val RMSE: 0.618518287929533
Epoch 195 MSE: 0.00037161807995289564
Epoch 195 val RMSE: 0.6244974261475934
Epoch 196 MSE: 0.00037076749140396714
Epoch 196 val RMSE: 0.6431936081750179
Epoch 197 MSE: 0.0003695250197779387
Epoch 197 val RMSE: 0.6501163442732634
Epoch 198 MSE: 0.00036863304558210075
Epoch 198 val RMSE: 0.6358900703907489
Epoch 199 MSE: 0.0003671067825052887
Epoch 199 val RMSE: 0.6219680198991361
Epoch 200 MSE: 0.0003665087278932333
Epoch 200 val RMSE: 0.6298881353109037
Epoch 201 MSE: 0.0003651305160019547
Epoch 201 val RMSE: 0.6504550707164694
Epoch 202 MSE: 0.0003640685463324189
Epoch 202 val RMSE: 0.6570014284603203
Epoch 203 MSE: 0.0003634146705735475
Epoch 203 val RMSE: 0.6432300495548341
Epoch 204 MSE: 0.0003619104973040521
Epoch 204 val RMSE: 0.6307852025318074
Epoch 205 MSE: 0.00036140435258857906
Epoch 205 val RMSE: 0.636419799458148
Epoch 206 MSE: 0.00036018757964484394
Epoch 206 val RMSE: 0.6501273461453366
Epoch 207 MSE: 0.00035929406294599175
Epoch 207 val RMSE: 0.6519767276978136
Epoch 208 MSE: 0.00035844306694343686
Epoch 208 val RMSE: 0.6407390120863131
Epoch 209 MSE: 0.0003574189613573253
Epoch 209 val RMSE: 0.6321486299249643
Epoch 210 MSE: 0.0003565555380191654
Epoch 210 val RMSE: 0.6345385805639808
Epoch 211 MSE: 0.0003556505835149437
Epoch 211 val RMSE: 0.6396137490221392
Epoch 212 MSE: 0.00035475872573442757
Epoch 212 val RMSE: 0.637917519333575
Epoch 213 MSE: 0.000353839248418808
Epoch 213 val RMSE: 0.631895696299187
Epoch 214 MSE: 0.0003530793765094131
Epoch 214 val RMSE: 0.6285713915507504
Epoch 215 MSE: 0.0003520768659655005
Epoch 215 val RMSE: 0.6284673592840041
Epoch 216 MSE: 0.00035136810038238764
Epoch 216 val RMSE: 0.6275538243618318
Epoch 217 MSE: 0.0003504395135678351
Epoch 217 val RMSE: 0.6257853342368279
Epoch 218 MSE: 0.0003496265271678567
Epoch 218 val RMSE: 0.6256266313621143
Epoch 219 MSE: 0.0003488412476144731
Epoch 219 val RMSE: 0.6257557114855989
Epoch 220 MSE: 0.00034794927341863513
Epoch 220 val RMSE: 0.6230323096220063
Epoch 221 MSE: 0.00034721067640930414
Epoch 221 val RMSE: 0.6191854851773588
Epoch 222 MSE: 0.00034635644988156855
Epoch 222 val RMSE: 0.6191457513542826
Epoch 223 MSE: 0.00034559122286736965
Epoch 223 val RMSE: 0.6222140686554898
Epoch 224 MSE: 0.00034479520400054753
Epoch 224 val RMSE: 0.6220542869719413
Epoch 225 MSE: 0.00034402680466882885
Epoch 225 val RMSE: 0.6166972857253948
Epoch 226 MSE: 0.0003432411467656493
Epoch 226 val RMSE: 0.612334084907836
Epoch 227 MSE: 0.0003425022296141833
Epoch 227 val RMSE: 0.6136986350884875
Epoch 228 MSE: 0.00034171692095696926
Epoch 228 val RMSE: 0.6164160385611683
Epoch 229 MSE: 0.0003409863275010139
Epoch 229 val RMSE: 0.6138351029092536
Epoch 230 MSE: 0.00034022924955934286
Epoch 230 val RMSE: 0.6074842316735679
Epoch 231 MSE: 0.00033948145573958755
Epoch 231 val RMSE: 0.6043769837576688
Epoch 232 MSE: 0.00033876323141157627
Epoch 232 val RMSE: 0.605943555167183
Epoch 233 MSE: 0.00033800886012613773
Epoch 233 val RMSE: 0.6064062674172725
Epoch 234 MSE: 0.0003373088256921619
Epoch 234 val RMSE: 0.602262956121234
Epoch 235 MSE: 0.0003365732845850289
Epoch 235 val RMSE: 0.5972861097476708
Epoch 236 MSE: 0.00033587185316719115
Epoch 236 val RMSE: 0.5958331106981337
Epoch 237 MSE: 0.00033516128314659
Epoch 237 val RMSE: 0.5963536447136828
Epoch 238 MSE: 0.0003344612487126142
Epoch 238 val RMSE: 0.5948237698292921
Epoch 239 MSE: 0.0003337650850880891
Epoch 239 val RMSE: 0.5911650101384214
Epoch 240 MSE: 0.00033307637204416096
Epoch 240 val RMSE: 0.5883618870723203
Epoch 241 MSE: 0.0003323854471091181
Epoch 241 val RMSE: 0.5873091093352958
Epoch 242 MSE: 0.00033171018003486097
Epoch 242 val RMSE: 0.586182021935723
Epoch 243 MSE: 0.000331027404172346
Epoch 243 val RMSE: 0.5840408910241041
Epoch 244 MSE: 0.0003303598496131599
Epoch 244 val RMSE: 0.5817914891368269
Epoch 245 MSE: 0.0003296909562777728
Epoch 245 val RMSE: 0.5799242836759452
Epoch 246 MSE: 0.0003290270105935633
Epoch 246 val RMSE: 0.5779080628284291
Epoch 247 MSE: 0.00032837208709679544
Epoch 247 val RMSE: 0.575791262328674
Epoch 248 MSE: 0.0003277139912825078
Epoch 248 val RMSE: 0.5741875568662669
Epoch 249 MSE: 0.00032706873025745153
Epoch 249 val RMSE: 0.5726702564811249
Epoch 250 MSE: 0.00032641933648847044
Epoch 250 val RMSE: 0.5702634293857585
Epoch 251 MSE: 0.0003257803327869624
Epoch 251 val RMSE: 0.5674462603025054
Epoch 252 MSE: 0.0003251412999816239
Epoch 252 val RMSE: 0.5656371057384616
Epoch 253 MSE: 0.00032450855360366404
Epoch 253 val RMSE: 0.5646294183209842
Epoch 254 MSE: 0.00032387819373980165
Epoch 254 val RMSE: 0.5627396920580675
Epoch 255 MSE: 0.00032325254869647324
Epoch 255 val RMSE: 0.5597247431561305
Epoch 256 MSE: 0.0003226288827136159
Epoch 256 val RMSE: 0.5573262058381049
Epoch 257 MSE: 0.0003220113867428154
Epoch 257 val RMSE: 0.5562874727807033
Epoch 258 MSE: 0.00032139374525286257
Epoch 258 val RMSE: 0.5550875497188344
Epoch 259 MSE: 0.00032078323420137167
Epoch 259 val RMSE: 0.552584759308209
Epoch 260 MSE: 0.0003201720246579498
Epoch 260 val RMSE: 0.5499269068439379
Epoch 261 MSE: 0.00031956698512658477
Epoch 261 val RMSE: 0.548459102063895
Epoch 262 MSE: 0.00031896293512545526
Epoch 262 val RMSE: 0.5474862361292673
Epoch 263 MSE: 0.0003183629596605897
Epoch 263 val RMSE: 0.5456470326872451
Epoch 264 MSE: 0.00031776525429449975
Epoch 264 val RMSE: 0.5432143993571042
Epoch 265 MSE: 0.00031717043020762503
Epoch 265 val RMSE: 0.5413864187156302
Epoch 266 MSE: 0.00031657807994633913
Epoch 266 val RMSE: 0.540192952916046
Epoch 267 MSE: 0.0003159885236527771
Epoch 267 val RMSE: 0.538695113446379
Epoch 268 MSE: 0.00031540103373117745
Epoch 268 val RMSE: 0.5366880394202231
Epoch 269 MSE: 0.0003148161922581494
Epoch 269 val RMSE: 0.5348204512874919
Epoch 270 MSE: 0.0003142331843264401
Epoch 270 val RMSE: 0.5333272489061587
Epoch 271 MSE: 0.0003136528830509633
Epoch 271 val RMSE: 0.5318241102659578
Epoch 272 MSE: 0.0003130740369670093
Epoch 272 val RMSE: 0.5301446354293926
Epoch 273 MSE: 0.00031249786843545735
Epoch 273 val RMSE: 0.5284880761341566
Epoch 274 MSE: 0.0003119229804724455
Epoch 274 val RMSE: 0.5268895489096926
Epoch 275 MSE: 0.0003113502461928874
Epoch 275 val RMSE: 0.5252589234416152
Epoch 276 MSE: 0.0003107789671048522
Epoch 276 val RMSE: 0.5237095254085337
Epoch 277 MSE: 0.0003102095506619662
Epoch 277 val RMSE: 0.5223040764177214
Epoch 278 MSE: 0.00030964138568378985
Epoch 278 val RMSE: 0.520801425592241
Epoch 279 MSE: 0.00030907490872778
Epoch 279 val RMSE: 0.5191081913101336
Epoch 280 MSE: 0.00030850962502881885
Epoch 280 val RMSE: 0.5175518677007147
Epoch 281 MSE: 0.000307945825625211
Epoch 281 val RMSE: 0.5162886192710667
Epoch 282 MSE: 0.00030738330679014325
Epoch 282 val RMSE: 0.514948314184179
Epoch 283 MSE: 0.0003068216610699892
Epoch 283 val RMSE: 0.5133011208785643
Epoch 284 MSE: 0.0003062611795030534
Epoch 284 val RMSE: 0.5117119941556661
Epoch 285 MSE: 0.000305701803881675
Epoch 285 val RMSE: 0.5104699366532082
Epoch 286 MSE: 0.000305143155856058
Epoch 286 val RMSE: 0.5092462400335986
Epoch 287 MSE: 0.0003045856428798288
Epoch 287 val RMSE: 0.5077168888168985
Epoch 288 MSE: 0.00030402865377254784
Epoch 288 val RMSE: 0.50614932672248
Epoch 289 MSE: 0.00030347247957251966
Epoch 289 val RMSE: 0.5048763783854714
Epoch 290 MSE: 0.0003029168874491006
Epoch 290 val RMSE: 0.5036999479753878
Epoch 291 MSE: 0.00030236211023293436
Epoch 291 val RMSE: 0.5023053191629199
Epoch 292 MSE: 0.0003018074785359204
Epoch 292 val RMSE: 0.500829991246443
Epoch 293 MSE: 0.0003012535744346678
Epoch 293 val RMSE: 0.4995479626525166
Epoch 294 MSE: 0.0003007000486832112
Epoch 294 val RMSE: 0.49837409844949626
Epoch 295 MSE: 0.00030014675576239824
Epoch 295 val RMSE: 0.49709068211636204
Epoch 296 MSE: 0.00029959389939904213
Epoch 296 val RMSE: 0.49574467249656196
Epoch 297 MSE: 0.00029904121765866876
Epoch 297 val RMSE: 0.49449187448920945
Epoch 298 MSE: 0.0002984885941259563
Epoch 298 val RMSE: 0.49330543531276555
Epoch 299 MSE: 0.0002979362616315484
Epoch 299 val RMSE: 0.49209265324872564
Epoch 300 MSE: 0.0002973838709294796
Epoch 300 val RMSE: 0.4908674491474481
Epoch 301 MSE: 0.0002968315384350717
Epoch 301 val RMSE: 0.48966437710600474
Epoch 302 MSE: 0.00029627932235598564
Epoch 302 val RMSE: 0.4884662735384312
Epoch 303 MSE: 0.00029572678613476455
Epoch 303 val RMSE: 0.48728756310718163
Epoch 304 MSE: 0.00029517419170588255
Epoch 304 val RMSE: 0.4861489390989296
Epoch 305 MSE: 0.00029462165548466146
Epoch 305 val RMSE: 0.48499822515477536
Epoch 306 MSE: 0.00029406874091364443
Epoch 306 val RMSE: 0.4838026418308639
Epoch 307 MSE: 0.0002935157099273056
Epoch 307 val RMSE: 0.4826416565185281
Epoch 308 MSE: 0.0002929622423835099
Epoch 308 val RMSE: 0.4815572024430902
Epoch 309 MSE: 0.0002924084255937487
Epoch 309 val RMSE: 0.48045265356873956
Epoch 310 MSE: 0.00029185417224653065
Epoch 310 val RMSE: 0.47927878111719324
Epoch 311 MSE: 0.0002912996569648385
Epoch 311 val RMSE: 0.4781398932936078
Epoch 312 MSE: 0.00029074473422951996
Epoch 312 val RMSE: 0.4770905586456266
Epoch 313 MSE: 0.00029018920031376183
Epoch 313 val RMSE: 0.47602416729082664
Epoch 314 MSE: 0.0002896331425290555
Epoch 314 val RMSE: 0.4748885507088668
Epoch 315 MSE: 0.0002890767063945532
Epoch 315 val RMSE: 0.473782513743282
Epoch 316 MSE: 0.0002885193389374763
Epoch 316 val RMSE: 0.47275565812342435
Epoch 317 MSE: 0.00028796150581911206
Epoch 317 val RMSE: 0.47171873321988056
Epoch 318 MSE: 0.0002874029742088169
Epoch 318 val RMSE: 0.47062744228646275
Epoch 319 MSE: 0.00028684380231425166
Epoch 319 val RMSE: 0.4695580193986074
Epoch 320 MSE: 0.0002862840483430773
Epoch 320 val RMSE: 0.4685444858167121
Epoch 321 MSE: 0.00028572321753017604
Epoch 321 val RMSE: 0.467525137541673
Epoch 322 MSE: 0.00028516186284832656
Epoch 322 val RMSE: 0.46647602690339324
Epoch 323 MSE: 0.000284599547740072
Epoch 323 val RMSE: 0.4654386864487356
Epoch 324 MSE: 0.0002840363304130733
Epoch 324 val RMSE: 0.4644310666068514
Epoch 325 MSE: 0.0002834722981788218
Epoch 325 val RMSE: 0.46342123981845035
Epoch 326 MSE: 0.0002829074510373175
Epoch 326 val RMSE: 0.4624053890526783
Epoch 327 MSE: 0.00028234132332727313
Epoch 327 val RMSE: 0.46139389008613346
Epoch 328 MSE: 0.00028177464264445007
Epoch 328 val RMSE: 0.4603887783280847
Epoch 329 MSE: 0.0002812067687045783
Epoch 329 val RMSE: 0.4593888955382623
Epoch 330 MSE: 0.0002806377597153187
Epoch 330 val RMSE: 0.4583984693568657
Epoch 331 MSE: 0.0002800678485073149
Epoch 331 val RMSE: 0.4574062732410627
Epoch 332 MSE: 0.00027949694776907563
Epoch 332 val RMSE: 0.4564059944504725
Epoch 333 MSE: 0.0002789247955661267
Epoch 333 val RMSE: 0.45541811182270364
Epoch 334 MSE: 0.0002783513336908072
Epoch 334 val RMSE: 0.4544479525637182
Epoch 335 MSE: 0.00027777699870057404
Epoch 335 val RMSE: 0.45346730555578435
Epoch 336 MSE: 0.00027720126672647893
Epoch 336 val RMSE: 0.4524749499705767
Epoch 337 MSE: 0.00027662431239150465
Epoch 337 val RMSE: 0.4515005128547062
Epoch 338 MSE: 0.00027604628121480346
Epoch 338 val RMSE: 0.45054215911783757
Epoch 339 MSE: 0.0002754668821580708
Epoch 339 val RMSE: 0.4495698966185883
Epoch 340 MSE: 0.00027488614432513714
Epoch 340 val RMSE: 0.4485876210909138
Epoch 341 MSE: 0.00027430427144281566
Epoch 341 val RMSE: 0.4476245789034561
Epoch 342 MSE: 0.00027372068143449724
Epoch 342 val RMSE: 0.4466721541182706
Epoch 343 MSE: 0.000273135956376791
Epoch 343 val RMSE: 0.44570552480922493
Epoch 344 MSE: 0.0002725497761275619
Epoch 344 val RMSE: 0.44473501875070576
Epoch 345 MSE: 0.0002719621697906405
Epoch 345 val RMSE: 0.4437788436810441
Epoch 346 MSE: 0.00027137325378134847
Epoch 346 val RMSE: 0.44282834352458483
Epoch 347 MSE: 0.00027078279526904225
Epoch 347 val RMSE: 0.4418686832855968
Epoch 348 MSE: 0.00027019064873456955
Epoch 348 val RMSE: 0.4409075426324315
Epoch 349 MSE: 0.00026959727983921766
Epoch 349 val RMSE: 0.43995641075229863
Epoch 350 MSE: 0.00026900219381786883
Epoch 350 val RMSE: 0.43900651065695234
Epoch 351 MSE: 0.0002684054779820144
Epoch 351 val RMSE: 0.43805240769801723
Epoch 352 MSE: 0.0002678072778508067
Epoch 352 val RMSE: 0.437100381221749
Epoch 353 MSE: 0.000267207418801263
Epoch 353 val RMSE: 0.4361502569171831
Epoch 354 MSE: 0.00026660592993721366
Epoch 354 val RMSE: 0.4352011912508396
Epoch 355 MSE: 0.00026600269484333694
Epoch 355 val RMSE: 0.4342544264823093
Epoch 356 MSE: 0.0002653977135196328
Epoch 356 val RMSE: 0.4333050772123182
Epoch 357 MSE: 0.0002647912479005754
Epoch 357 val RMSE: 0.4323549530706424
Epoch 358 MSE: 0.0002641828905325383
Epoch 358 val RMSE: 0.43140776208752807
Epoch 359 MSE: 0.0002635728451423347
Epoch 359 val RMSE: 0.4304641813392303
Epoch 360 MSE: 0.0002629607915878296
Epoch 360 val RMSE: 0.42951528392549093
Epoch 361 MSE: 0.00026234739925712347
Epoch 361 val RMSE: 0.42856426814886844
Epoch 362 MSE: 0.00026173164951615036
Epoch 362 val RMSE: 0.4276198664984047
Epoch 363 MSE: 0.0002611143281683326
Epoch 363 val RMSE: 0.42667686689869944
Epoch 364 MSE: 0.0002604951150715351
Epoch 364 val RMSE: 0.4257259157954417
Epoch 365 MSE: 0.00025987386470660567
Epoch 365 val RMSE: 0.424775361550616
Epoch 366 MSE: 0.0002592508390080184
Epoch 366 val RMSE: 0.4238321330500648
Epoch 367 MSE: 0.00025862583424896
Epoch 367 val RMSE: 0.4228862545591688
Epoch 368 MSE: 0.00025799867580644786
Epoch 368 val RMSE: 0.42193465340916575
Epoch 369 MSE: 0.0002573697129264474
Epoch 369 val RMSE: 0.42098536113808566
Epoch 370 MSE: 0.0002567385963629931
Epoch 370 val RMSE: 0.42004013170652377
Epoch 371 MSE: 0.0002561056462582201
Epoch 371 val RMSE: 0.419090779265602
Epoch 372 MSE: 0.00025547065888531506
Epoch 372 val RMSE: 0.4181390397604243
Epoch 373 MSE: 0.0002548334887251258
Epoch 373 val RMSE: 0.4171889330092832
Epoch 374 MSE: 0.0002541940484661609
Epoch 374 val RMSE: 0.4162391098132926
Best model saved at epoch 374 with Test RMSE: 0.4162391098132926
Epoch 375 MSE: 0.0002535526582505554
Epoch 375 val RMSE: 0.41528704247334214
Best model saved at epoch 375 with Test RMSE: 0.41528704247334214
Epoch 376 MSE: 0.000252909172559157
Epoch 376 val RMSE: 0.414333506731952
Best model saved at epoch 376 with Test RMSE: 0.414333506731952
Epoch 377 MSE: 0.0002522635040804744
Epoch 377 val RMSE: 0.41338013257467265
Best model saved at epoch 377 with Test RMSE: 0.41338013257467265
Epoch 378 MSE: 0.00025161574012599885
Epoch 378 val RMSE: 0.4124271379045783
Best model saved at epoch 378 with Test RMSE: 0.4124271379045783
Epoch 379 MSE: 0.0002509655023459345
Epoch 379 val RMSE: 0.4114719360453033
Best model saved at epoch 379 with Test RMSE: 0.4114719360453033
Epoch 380 MSE: 0.00025031334371306
Epoch 380 val RMSE: 0.41051496532356546
Best model saved at epoch 380 with Test RMSE: 0.41051496532356546
Epoch 381 MSE: 0.0002496589149814099
Epoch 381 val RMSE: 0.40955715931449427
Best model saved at epoch 381 with Test RMSE: 0.40955715931449427
Epoch 382 MSE: 0.00024900215794332325
Epoch 382 val RMSE: 0.4086000256029103
Best model saved at epoch 382 with Test RMSE: 0.4086000256029103
Epoch 383 MSE: 0.00024834307259880006
Epoch 383 val RMSE: 0.40764029729355417
Best model saved at epoch 383 with Test RMSE: 0.40764029729355417
Epoch 384 MSE: 0.0002476819499861449
Epoch 384 val RMSE: 0.4066790369307265
Best model saved at epoch 384 with Test RMSE: 0.4066790369307265
Epoch 385 MSE: 0.00024701838265173137
Epoch 385 val RMSE: 0.4057168763649335
Best model saved at epoch 385 with Test RMSE: 0.4057168763649335
Epoch 386 MSE: 0.0002463523705955595
Epoch 386 val RMSE: 0.40475447185253777
Best model saved at epoch 386 with Test RMSE: 0.40475447185253777
Epoch 387 MSE: 0.00024568414664827287
Epoch 387 val RMSE: 0.40379082526491716
Best model saved at epoch 387 with Test RMSE: 0.40379082526491716
Epoch 388 MSE: 0.0002450136234983802
Epoch 388 val RMSE: 0.4028242260725851
Best model saved at epoch 388 with Test RMSE: 0.4028242260725851
Epoch 389 MSE: 0.0002443406847305596
Epoch 389 val RMSE: 0.4018558580992285
Best model saved at epoch 389 with Test RMSE: 0.4018558580992285
Epoch 390 MSE: 0.00024366535944864154
Epoch 390 val RMSE: 0.4008890910370729
Best model saved at epoch 390 with Test RMSE: 0.4008890910370729
Epoch 391 MSE: 0.00024298774951603264
Epoch 391 val RMSE: 0.3999186455428001
Best model saved at epoch 391 with Test RMSE: 0.3999186455428001
Epoch 392 MSE: 0.0002423076657578349
Epoch 392 val RMSE: 0.39894654909795924
Best model saved at epoch 392 with Test RMSE: 0.39894654909795924
Epoch 393 MSE: 0.00024162513727787882
Epoch 393 val RMSE: 0.39797340740808024
Best model saved at epoch 393 with Test RMSE: 0.39797340740808024
Epoch 394 MSE: 0.0002409402804914862
Epoch 394 val RMSE: 0.3970006015602474
Best model saved at epoch 394 with Test RMSE: 0.3970006015602474
Epoch 395 MSE: 0.00024025290622375906
Epoch 395 val RMSE: 0.39602322373782617
Best model saved at epoch 395 with Test RMSE: 0.39602322373782617
Epoch 396 MSE: 0.00023956327640917152
Epoch 396 val RMSE: 0.3950452572210406
Best model saved at epoch 396 with Test RMSE: 0.3950452572210406
Epoch 397 MSE: 0.00023887110000941902
Epoch 397 val RMSE: 0.39406654637170385
Best model saved at epoch 397 with Test RMSE: 0.39406654637170385
Epoch 398 MSE: 0.00023817642068024725
Epoch 398 val RMSE: 0.39308513336114553
Best model saved at epoch 398 with Test RMSE: 0.39308513336114553
Epoch 399 MSE: 0.00023747948580421507
Epoch 399 val RMSE: 0.39210135893105863
Best model saved at epoch 399 with Test RMSE: 0.39210135893105863
Epoch 400 MSE: 0.0002367798879276961
Epoch 400 val RMSE: 0.39111737690851617
Best model saved at epoch 400 with Test RMSE: 0.39111737690851617
Epoch 401 MSE: 0.00023607794719282538
Epoch 401 val RMSE: 0.3901314478435789
Best model saved at epoch 401 with Test RMSE: 0.3901314478435789
Epoch 402 MSE: 0.00023537354718428105
Epoch 402 val RMSE: 0.3891424464619866
Best model saved at epoch 402 with Test RMSE: 0.3891424464619866
Epoch 403 MSE: 0.000234666615142487
Epoch 403 val RMSE: 0.3881519808582442
Best model saved at epoch 403 with Test RMSE: 0.3881519808582442
Epoch 404 MSE: 0.00023395722382701933
Epoch 404 val RMSE: 0.3871602514806708
Best model saved at epoch 404 with Test RMSE: 0.3871602514806708
Epoch 405 MSE: 0.00023324531503021717
Epoch 405 val RMSE: 0.3861658980339006
Best model saved at epoch 405 with Test RMSE: 0.3861658980339006
Epoch 406 MSE: 0.0002325311943423003
Epoch 406 val RMSE: 0.38516920969363055
Best model saved at epoch 406 with Test RMSE: 0.38516920969363055
Epoch 407 MSE: 0.00023181457072496414
Epoch 407 val RMSE: 0.38417181676996914
Best model saved at epoch 407 with Test RMSE: 0.38417181676996914
Epoch 408 MSE: 0.00023109529865905643
Epoch 408 val RMSE: 0.38317108875871125
Best model saved at epoch 408 with Test RMSE: 0.38317108875871125
Epoch 409 MSE: 0.00023037365463096648
Epoch 409 val RMSE: 0.38216945590002177
Best model saved at epoch 409 with Test RMSE: 0.38216945590002177
Epoch 410 MSE: 0.0002296497841598466
Epoch 410 val RMSE: 0.3811660900955332
Best model saved at epoch 410 with Test RMSE: 0.3811660900955332
Epoch 411 MSE: 0.00022892330889590085
Epoch 411 val RMSE: 0.3801589393755779
Best model saved at epoch 411 with Test RMSE: 0.3801589393755779
Epoch 412 MSE: 0.000228194534429349
Epoch 412 val RMSE: 0.37915096049563785
Best model saved at epoch 412 with Test RMSE: 0.37915096049563785
Epoch 413 MSE: 0.00022746322792954743
Epoch 413 val RMSE: 0.37814043265762187
Best model saved at epoch 413 with Test RMSE: 0.37814043265762187
Epoch 414 MSE: 0.00022672976774629205
Epoch 414 val RMSE: 0.3771276712256618
Best model saved at epoch 414 with Test RMSE: 0.3771276712256618
Epoch 415 MSE: 0.00022599379008170217
Epoch 415 val RMSE: 0.3761121233012899
Best model saved at epoch 415 with Test RMSE: 0.3761121233012899
Epoch 416 MSE: 0.00022525560052599758
Epoch 416 val RMSE: 0.3750956929817653
Best model saved at epoch 416 with Test RMSE: 0.3750956929817653
Epoch 417 MSE: 0.00022451498080044985
Epoch 417 val RMSE: 0.374075823668486
Best model saved at epoch 417 with Test RMSE: 0.374075823668486
Epoch 418 MSE: 0.00022377210552804172
Epoch 418 val RMSE: 0.3730536055831493
Best model saved at epoch 418 with Test RMSE: 0.3730536055831493
Epoch 419 MSE: 0.00022302706202026457
Epoch 419 val RMSE: 0.3720301408683076
Best model saved at epoch 419 with Test RMSE: 0.3720301408683076
Epoch 420 MSE: 0.00022227973386179656
Epoch 420 val RMSE: 0.37100423435920554
Best model saved at epoch 420 with Test RMSE: 0.37100423435920554
Epoch 421 MSE: 0.00022153015015646815
Epoch 421 val RMSE: 0.3699751407739276
Best model saved at epoch 421 with Test RMSE: 0.3699751407739276
Epoch 422 MSE: 0.00022077867470216006
Epoch 422 val RMSE: 0.36894329791430275
Best model saved at epoch 422 with Test RMSE: 0.36894329791430275
Epoch 423 MSE: 0.00022002478362992406
Epoch 423 val RMSE: 0.36791003947411316
Best model saved at epoch 423 with Test RMSE: 0.36791003947411316
Epoch 424 MSE: 0.00021926878252997994
Epoch 424 val RMSE: 0.3668741756150506
Best model saved at epoch 424 with Test RMSE: 0.3668741756150506
Epoch 425 MSE: 0.00021851094788871706
Epoch 425 val RMSE: 0.36583517505700636
Best model saved at epoch 425 with Test RMSE: 0.36583517505700636
Epoch 426 MSE: 0.00021775084314867854
Epoch 426 val RMSE: 0.36479421602001383
Best model saved at epoch 426 with Test RMSE: 0.36479421602001383
Epoch 427 MSE: 0.00021698902128264308
Epoch 427 val RMSE: 0.3637510358985754
Best model saved at epoch 427 with Test RMSE: 0.3637510358985754
Epoch 428 MSE: 0.00021622516214847565
Epoch 428 val RMSE: 0.36270532794490945
Best model saved at epoch 428 with Test RMSE: 0.36270532794490945
Epoch 429 MSE: 0.0002154593967134133
Epoch 429 val RMSE: 0.36165661700447727
Best model saved at epoch 429 with Test RMSE: 0.36165661700447727
Epoch 430 MSE: 0.00021469188504852355
Epoch 430 val RMSE: 0.3606045049730823
Best model saved at epoch 430 with Test RMSE: 0.3606045049730823
Epoch 431 MSE: 0.00021392265625763685
Epoch 431 val RMSE: 0.3595514900714022
Best model saved at epoch 431 with Test RMSE: 0.3595514900714022
Epoch 432 MSE: 0.00021315157937351614
Epoch 432 val RMSE: 0.3584952574460119
Best model saved at epoch 432 with Test RMSE: 0.3584952574460119
Epoch 433 MSE: 0.00021237887267488986
Epoch 433 val RMSE: 0.35743548674799375
Best model saved at epoch 433 with Test RMSE: 0.35743548674799375
Epoch 434 MSE: 0.0002116046380251646
Epoch 434 val RMSE: 0.356374676119879
Best model saved at epoch 434 with Test RMSE: 0.356374676119879
Epoch 435 MSE: 0.00021082887542434037
Epoch 435 val RMSE: 0.3553108661181243
Best model saved at epoch 435 with Test RMSE: 0.3553108661181243
Epoch 436 MSE: 0.00021005184680689126
Epoch 436 val RMSE: 0.354243083264459
Best model saved at epoch 436 with Test RMSE: 0.354243083264459
Epoch 437 MSE: 0.00020927326113451272
Epoch 437 val RMSE: 0.3531728842854661
Best model saved at epoch 437 with Test RMSE: 0.3531728842854661
Epoch 438 MSE: 0.0002084932493744418
Epoch 438 val RMSE: 0.3521018341760172
Best model saved at epoch 438 with Test RMSE: 0.3521018341760172
Epoch 439 MSE: 0.0002077121753245592
Epoch 439 val RMSE: 0.35102648669209835
Best model saved at epoch 439 with Test RMSE: 0.35102648669209835
Epoch 440 MSE: 0.00020692992256954312
Epoch 440 val RMSE: 0.3499483777191869
Best model saved at epoch 440 with Test RMSE: 0.3499483777191869
Epoch 441 MSE: 0.0002061467239400372
Epoch 441 val RMSE: 0.3488685281215439
Best model saved at epoch 441 with Test RMSE: 0.3488685281215439
Epoch 442 MSE: 0.00020536233205348253
Epoch 442 val RMSE: 0.3477856041790542
Best model saved at epoch 442 with Test RMSE: 0.3477856041790542
Epoch 443 MSE: 0.00020457725622691214
Epoch 443 val RMSE: 0.3466998134734942
Best model saved at epoch 443 with Test RMSE: 0.3466998134734942
Epoch 444 MSE: 0.00020379124907776713
Epoch 444 val RMSE: 0.3456118835043611
Best model saved at epoch 444 with Test RMSE: 0.3456118835043611
Epoch 445 MSE: 0.0002030046161962673
Epoch 445 val RMSE: 0.3445211236032152
Best model saved at epoch 445 with Test RMSE: 0.3445211236032152
Epoch 446 MSE: 0.00020221745944581926
Epoch 446 val RMSE: 0.3434273332474216
Best model saved at epoch 446 with Test RMSE: 0.3434273332474216
Epoch 447 MSE: 0.0002014296769630164
Epoch 447 val RMSE: 0.3423328230422865
Best model saved at epoch 447 with Test RMSE: 0.3423328230422865
Epoch 448 MSE: 0.00020064155978616327
Epoch 448 val RMSE: 0.3412337323388015
Best model saved at epoch 448 with Test RMSE: 0.3412337323388015
Epoch 449 MSE: 0.000199853369849734
Epoch 449 val RMSE: 0.3401325467620757
Best model saved at epoch 449 with Test RMSE: 0.3401325467620757
Epoch 450 MSE: 0.0001990651071537286
Epoch 450 val RMSE: 0.33902988320904165
Best model saved at epoch 450 with Test RMSE: 0.33902988320904165
Epoch 451 MSE: 0.00019827665528282523
Epoch 451 val RMSE: 0.3379236767430187
Best model saved at epoch 451 with Test RMSE: 0.3379236767430187
Epoch 452 MSE: 0.00019748842169065028
Epoch 452 val RMSE: 0.3368152971213493
Best model saved at epoch 452 with Test RMSE: 0.3368152971213493
Epoch 453 MSE: 0.00019670043548103422
Epoch 453 val RMSE: 0.3357046451405461
Best model saved at epoch 453 with Test RMSE: 0.3357046451405461
Epoch 454 MSE: 0.00019591300224419683
Epoch 454 val RMSE: 0.3345938247284396
Best model saved at epoch 454 with Test RMSE: 0.3345938247284396
Epoch 455 MSE: 0.00019512612198013812
Epoch 455 val RMSE: 0.3334781088943437
Best model saved at epoch 455 with Test RMSE: 0.3334781088943437
Epoch 456 MSE: 0.00019434018759056926
Epoch 456 val RMSE: 0.33236232407949834
Best model saved at epoch 456 with Test RMSE: 0.33236232407949834
Epoch 457 MSE: 0.00019355505355633795
Epoch 457 val RMSE: 0.33124432154052846
Best model saved at epoch 457 with Test RMSE: 0.33124432154052846
Epoch 458 MSE: 0.00019277090905234218
Epoch 458 val RMSE: 0.3301230631377526
Best model saved at epoch 458 with Test RMSE: 0.3301230631377526
Epoch 459 MSE: 0.00019198819063603878
Epoch 459 val RMSE: 0.32900230880625775
Best model saved at epoch 459 with Test RMSE: 0.32900230880625775
Epoch 460 MSE: 0.00019120698561891913
Epoch 460 val RMSE: 0.32787782578190483
Best model saved at epoch 460 with Test RMSE: 0.32787782578190483
Epoch 461 MSE: 0.0001904273813124746
Epoch 461 val RMSE: 0.32675320108446576
Best model saved at epoch 461 with Test RMSE: 0.32675320108446576
Epoch 462 MSE: 0.00018964975606650114
Epoch 462 val RMSE: 0.3256273464147628
Best model saved at epoch 462 with Test RMSE: 0.3256273464147628
Epoch 463 MSE: 0.00018887425540015101
Epoch 463 val RMSE: 0.3244991239203807
Best model saved at epoch 463 with Test RMSE: 0.3244991239203807
Epoch 464 MSE: 0.00018810115579981357
Epoch 464 val RMSE: 0.32337173447510276
Best model saved at epoch 464 with Test RMSE: 0.32337173447510276
Epoch 465 MSE: 0.00018733067554421723
Epoch 465 val RMSE: 0.322241418102749
Best model saved at epoch 465 with Test RMSE: 0.322241418102749
Epoch 466 MSE: 0.00018656293104868382
Epoch 466 val RMSE: 0.3211111950370066
Best model saved at epoch 466 with Test RMSE: 0.3211111950370066
Epoch 467 MSE: 0.00018579840252641588
Epoch 467 val RMSE: 0.3199804492282867
Best model saved at epoch 467 with Test RMSE: 0.3199804492282867
Epoch 468 MSE: 0.0001850372354965657
Epoch 468 val RMSE: 0.3188498878108822
Best model saved at epoch 468 with Test RMSE: 0.3188498878108822
Epoch 469 MSE: 0.00018427959003020078
Epoch 469 val RMSE: 0.3177165111156322
Best model saved at epoch 469 with Test RMSE: 0.3177165111156322
Epoch 470 MSE: 0.00018352577171754092
Epoch 470 val RMSE: 0.3165857606459049
Best model saved at epoch 470 with Test RMSE: 0.3165857606459049
Epoch 471 MSE: 0.0001827761734602973
Epoch 471 val RMSE: 0.3154537912140952
Best model saved at epoch 471 with Test RMSE: 0.3154537912140952
Epoch 472 MSE: 0.00018203108629677445
Epoch 472 val RMSE: 0.31432146668856903
Best model saved at epoch 472 with Test RMSE: 0.31432146668856903
Epoch 473 MSE: 0.00018129088857676834
Epoch 473 val RMSE: 0.31319210182482954
Best model saved at epoch 473 with Test RMSE: 0.31319210182482954
Epoch 474 MSE: 0.00018055556574836373
Epoch 474 val RMSE: 0.31206014194739806
Best model saved at epoch 474 with Test RMSE: 0.31206014194739806
Epoch 475 MSE: 0.00017982599092647433
Epoch 475 val RMSE: 0.3109320884502048
Best model saved at epoch 475 with Test RMSE: 0.3109320884502048
Epoch 476 MSE: 0.00017910171300172806
Epoch 476 val RMSE: 0.3098043886538459
Best model saved at epoch 476 with Test RMSE: 0.3098043886538459
Epoch 477 MSE: 0.00017838351777754724
Epoch 477 val RMSE: 0.3086767085147585
Best model saved at epoch 477 with Test RMSE: 0.3086767085147585
Epoch 478 MSE: 0.00017767179815564305
Epoch 478 val RMSE: 0.3075524519364455
Best model saved at epoch 478 with Test RMSE: 0.3075524519364455
Epoch 479 MSE: 0.00017696674331091344
Epoch 479 val RMSE: 0.306429492646645
Best model saved at epoch 479 with Test RMSE: 0.306429492646645
Epoch 480 MSE: 0.0001762684842105955
Epoch 480 val RMSE: 0.3053076131267542
Best model saved at epoch 480 with Test RMSE: 0.3053076131267542
Epoch 481 MSE: 0.00017557770479470491
Epoch 481 val RMSE: 0.3041913075895574
Best model saved at epoch 481 with Test RMSE: 0.3041913075895574
Epoch 482 MSE: 0.00017489431775175035
Epoch 482 val RMSE: 0.30307408622957005
Best model saved at epoch 482 with Test RMSE: 0.30307408622957005
Epoch 483 MSE: 0.00017421886150259525
Epoch 483 val RMSE: 0.30196189768928877
Best model saved at epoch 483 with Test RMSE: 0.30196189768928877
Epoch 484 MSE: 0.000173551743500866
Epoch 484 val RMSE: 0.3008569399235638
Best model saved at epoch 484 with Test RMSE: 0.3008569399235638
Epoch 485 MSE: 0.0001728929055389017
Epoch 485 val RMSE: 0.2997458334944218
Best model saved at epoch 485 with Test RMSE: 0.2997458334944218
Epoch 486 MSE: 0.0001722428569337353
Epoch 486 val RMSE: 0.29865676354714066
Best model saved at epoch 486 with Test RMSE: 0.29865676354714066
Epoch 487 MSE: 0.00017160184506792575
Epoch 487 val RMSE: 0.29754338815596454
Best model saved at epoch 487 with Test RMSE: 0.29754338815596454
Epoch 488 MSE: 0.00017097004456445575
Epoch 488 val RMSE: 0.29648247920499476
Best model saved at epoch 488 with Test RMSE: 0.29648247920499476
Epoch 489 MSE: 0.00017034787742886692
Epoch 489 val RMSE: 0.2953482697031765
Best model saved at epoch 489 with Test RMSE: 0.2953482697031765
Epoch 490 MSE: 0.00016973532910924405
Epoch 490 val RMSE: 0.29436599689330845
Best model saved at epoch 490 with Test RMSE: 0.29436599689330845
Epoch 491 MSE: 0.0001691327925072983
Epoch 491 val RMSE: 0.2930981032591924
Best model saved at epoch 491 with Test RMSE: 0.2930981032591924
Epoch 492 MSE: 0.0001685402967268601
Epoch 492 val RMSE: 0.2924486375405227
Best model saved at epoch 492 with Test RMSE: 0.2924486375405227
Epoch 493 MSE: 0.00016795845294836909
Epoch 493 val RMSE: 0.29048857871056855
Best model saved at epoch 493 with Test RMSE: 0.29048857871056855
Epoch 494 MSE: 0.00016738867270760238
Epoch 494 val RMSE: 0.29148260195276443
Epoch 495 MSE: 0.0001668378827162087
Epoch 495 val RMSE: 0.28577318473184654
Best model saved at epoch 495 with Test RMSE: 0.28577318473184654
Epoch 496 MSE: 0.0001663463917793706
Epoch 496 val RMSE: 0.29618286714152403
Epoch 497 MSE: 0.00016614733613096178
Epoch 497 val RMSE: 0.26919768604715993
Best model saved at epoch 497 with Test RMSE: 0.26919768604715993
Epoch 498 MSE: 0.00016768512432463467
Epoch 498 val RMSE: 0.34413606465291713
Epoch 499 MSE: 0.00018035914399661124
Epoch 499 val RMSE: 0.24957809759713157
Best model saved at epoch 499 with Test RMSE: 0.24957809759713157
Epoch 500 MSE: 0.0002591810771264136
Epoch 500 val RMSE: 0.7352676647701205
Epoch 501 MSE: 0.0007015490555204451
Epoch 501 val RMSE: 0.7861368309534329
Epoch 502 MSE: 0.0017118786927312613
Epoch 502 val RMSE: 1.3772172390484025
Epoch 503 MSE: 0.002701707649976015
Epoch 503 val RMSE: 0.2752869593521586
Epoch 504 MSE: 0.0003494572883937508
Epoch 504 val RMSE: 0.6610697683818568
Epoch 505 MSE: 0.0012886631302535534
Epoch 505 val RMSE: 0.8556185726150066
Epoch 506 MSE: 0.0008789866114966571
Epoch 506 val RMSE: 0.7403676257818458
Epoch 507 MSE: 0.0007852381677366793
Epoch 507 val RMSE: 0.4319738077395941
Epoch 508 MSE: 0.0007275239331647754
Epoch 508 val RMSE: 0.45021015730274627
Epoch 509 MSE: 0.0007230010814964771
Epoch 509 val RMSE: 0.6497492792684
Epoch 510 MSE: 0.0004356321587692946
Epoch 510 val RMSE: 0.7079400812834314
Epoch 511 MSE: 0.0007521299412474036
Epoch 511 val RMSE: 0.26219870555879693
Epoch 512 MSE: 0.00025226204888895154
Epoch 512 val RMSE: 0.3298557932185221
Epoch 513 MSE: 0.000701288168784231
Epoch 513 val RMSE: 0.3585701512901276
Epoch 514 MSE: 0.00021903435117565095
Epoch 514 val RMSE: 0.7162295390829879
Epoch 515 MSE: 0.0005520351696759462
Epoch 515 val RMSE: 0.5989809750686464
Epoch 516 MSE: 0.00031330203637480736
Epoch 516 val RMSE: 0.2751343799761645
Epoch 517 MSE: 0.00034953063004650176
Epoch 517 val RMSE: 0.2351556334376569
Best model saved at epoch 517 with Test RMSE: 0.2351556334376569
Epoch 518 MSE: 0.00042786472477018833
Epoch 518 val RMSE: 0.4413938436199411
Epoch 519 MSE: 0.00021709123393520713
Epoch 519 val RMSE: 0.6678622869230815
Epoch 520 MSE: 0.0004194153880234808
Epoch 520 val RMSE: 0.47393285941390345
Epoch 521 MSE: 0.0002299143379786983
Epoch 521 val RMSE: 0.23644977780267332
Epoch 522 MSE: 0.0003049453953281045
Epoch 522 val RMSE: 0.2376770034421314
Epoch 523 MSE: 0.0003055501147173345
Epoch 523 val RMSE: 0.3907698744102335
Epoch 524 MSE: 0.00020960000983905047
Epoch 524 val RMSE: 0.4983882257865613
Epoch 525 MSE: 0.00032168623874895275
Epoch 525 val RMSE: 0.3475772253510589
Epoch 526 MSE: 0.0002112077927449718
Epoch 526 val RMSE: 0.25310723689824827
Epoch 527 MSE: 0.0002595034020487219
Epoch 527 val RMSE: 0.26130150515425393
Epoch 528 MSE: 0.00025953445583581924
Epoch 528 val RMSE: 0.32910237750849564
Epoch 529 MSE: 0.00019978419004473835
Epoch 529 val RMSE: 0.4154143487979781
Epoch 530 MSE: 0.00026630947832018137
Epoch 530 val RMSE: 0.34411883074090327
Epoch 531 MSE: 0.00019960920326411724
Epoch 531 val RMSE: 0.25279142216449024
Epoch 532 MSE: 0.00022486955276690423
Epoch 532 val RMSE: 0.24119977114387428
Epoch 533 MSE: 0.00022742255532648414
Epoch 533 val RMSE: 0.32423603057769546
Epoch 534 MSE: 0.0001903460215544328
Epoch 534 val RMSE: 0.4133853053033169
Epoch 535 MSE: 0.00023017474450170994
Epoch 535 val RMSE: 0.3471224791263894
Epoch 536 MSE: 0.00019279337720945477
Epoch 536 val RMSE: 0.25517071070343267
Epoch 537 MSE: 0.00020500518439803272
Epoch 537 val RMSE: 0.2541576021693897
Epoch 538 MSE: 0.00020838384807575494
Epoch 538 val RMSE: 0.32403957057750904
Epoch 539 MSE: 0.00018457428086549044
Epoch 539 val RMSE: 0.3727080119270032
Epoch 540 MSE: 0.00020694811246357858
Epoch 540 val RMSE: 0.3231187106319145
Epoch 541 MSE: 0.00018564709171187133
Epoch 541 val RMSE: 0.2661301633746943
Epoch 542 MSE: 0.0001904303062474355
Epoch 542 val RMSE: 0.26098217438977794
Epoch 543 MSE: 0.0001941107038874179
Epoch 543 val RMSE: 0.29650564808475555
Epoch 544 MSE: 0.00017892751202452928
Epoch 544 val RMSE: 0.3385530054198728
Epoch 545 MSE: 0.00019244100258219987
Epoch 545 val RMSE: 0.3171022671779075
Epoch 546 MSE: 0.00018029862258117646
Epoch 546 val RMSE: 0.2681091218973069
Epoch 547 MSE: 0.00018219069170299917
Epoch 547 val RMSE: 0.2569592836035728
Epoch 548 MSE: 0.00018475507386028767
Epoch 548 val RMSE: 0.29496997163173866
Epoch 549 MSE: 0.0001750283845467493
Epoch 549 val RMSE: 0.3331011532269387
Epoch 550 MSE: 0.00018290907610207796
Epoch 550 val RMSE: 0.3078062536118984
Epoch 551 MSE: 0.00017531336925458163
Epoch 551 val RMSE: 0.2683233478467201
Epoch 552 MSE: 0.00017651602684054524
Epoch 552 val RMSE: 0.26879956265244354
Epoch 553 MSE: 0.0001776746503310278
Epoch 553 val RMSE: 0.30027034022973315
Epoch 554 MSE: 0.0001721102889860049
Epoch 554 val RMSE: 0.3209187655009228
Epoch 555 MSE: 0.00017665162158664316
Epoch 555 val RMSE: 0.30312183565277495
Epoch 556 MSE: 0.00017187792400363833
Epoch 556 val RMSE: 0.2769243669307905
Epoch 557 MSE: 0.00017277208098676056
Epoch 557 val RMSE: 0.27236458226519283
Epoch 558 MSE: 0.0001728603820083663
Epoch 558 val RMSE: 0.29183172199164614
Epoch 559 MSE: 0.00016963818052317947
Epoch 559 val RMSE: 0.30998928466859055
Epoch 560 MSE: 0.00017207871132995933
Epoch 560 val RMSE: 0.2964184412563062
Epoch 561 MSE: 0.0001689166238065809
Epoch 561 val RMSE: 0.27151563176314625
Epoch 562 MSE: 0.0001696929248282686
Epoch 562 val RMSE: 0.26959491751769454
Epoch 563 MSE: 0.00016925929230637848
Epoch 563 val RMSE: 0.29036649210121446
Epoch 564 MSE: 0.000167556936503388
Epoch 564 val RMSE: 0.3008123356992874
Epoch 565 MSE: 0.00016884792421478778
Epoch 565 val RMSE: 0.2847587349140529
Epoch 566 MSE: 0.00016667549789417535
Epoch 566 val RMSE: 0.2703596873248237
Epoch 567 MSE: 0.00016737614350859076
Epoch 567 val RMSE: 0.2748286011138857
Epoch 568 MSE: 0.0001665473246248439
Epoch 568 val RMSE: 0.2883212534743509
Epoch 569 MSE: 0.00016575749032199383
Epoch 569 val RMSE: 0.2923118219724585
Epoch 570 MSE: 0.0001662039285292849
Epoch 570 val RMSE: 0.2824034087289429
Epoch 571 MSE: 0.00016478255565743893
Epoch 571 val RMSE: 0.27284676910100186
Epoch 572 MSE: 0.0001652920909691602
Epoch 572 val RMSE: 0.2749156779278885
Epoch 573 MSE: 0.000164393029990606
Epoch 573 val RMSE: 0.2861241414185154
Epoch 574 MSE: 0.00016414126730524004
Epoch 574 val RMSE: 0.28928715765011026
Epoch 575 MSE: 0.0001640572736505419
Epoch 575 val RMSE: 0.27827494736762537
Epoch 576 MSE: 0.00016321100702043623
Epoch 576 val RMSE: 0.26996620300041746
Epoch 577 MSE: 0.00016342889284715056
Epoch 577 val RMSE: 0.27516063257785606
Epoch 578 MSE: 0.0001626355660846457
Epoch 578 val RMSE: 0.2838370889665172
Epoch 579 MSE: 0.00016258050163742155
Epoch 579 val RMSE: 0.2812781982061369
Epoch 580 MSE: 0.0001622276467969641
Epoch 580 val RMSE: 0.27227575920870584
Epoch 581 MSE: 0.00016177419456653297
Epoch 581 val RMSE: 0.269628769744319
Epoch 582 MSE: 0.00016174661868717521
Epoch 582 val RMSE: 0.27415220317160544
Epoch 583 MSE: 0.00016116029291879386
Epoch 583 val RMSE: 0.2782360551686654
Epoch 584 MSE: 0.00016112117737066
Epoch 584 val RMSE: 0.2759981420979647
Epoch 585 MSE: 0.00016069244884420186
Epoch 585 val RMSE: 0.27029687527608537
Epoch 586 MSE: 0.00016044476069509983
Epoch 586 val RMSE: 0.2682706822361844
Epoch 587 MSE: 0.00016024167416617274
Epoch 587 val RMSE: 0.27235558226417944
Epoch 588 MSE: 0.00015983819321263582
Epoch 588 val RMSE: 0.27601441962645396
Epoch 589 MSE: 0.00015973074187058955
Epoch 589 val RMSE: 0.2726095061143079
Epoch 590 MSE: 0.00015933722897898406
Epoch 590 val RMSE: 0.26725005482779246
Epoch 591 MSE: 0.00015917152632027864
Epoch 591 val RMSE: 0.26767202804032864
Epoch 592 MSE: 0.00015889218775555491
Epoch 592 val RMSE: 0.27180178357960866
Epoch 593 MSE: 0.00015862095460761338
Epoch 593 val RMSE: 0.2721570963034424
Epoch 594 MSE: 0.00015843975415918976
Epoch 594 val RMSE: 0.268182795259969
Epoch 595 MSE: 0.00015811927733011544
Epoch 595 val RMSE: 0.26559603757599126
Epoch 596 MSE: 0.00015795686340425164
Epoch 596 val RMSE: 0.266602680357661
Epoch 597 MSE: 0.00015766703290864825
Epoch 597 val RMSE: 0.2685808342429665
Epoch 598 MSE: 0.00015746362623758614
Epoch 598 val RMSE: 0.2681813089335769
Epoch 599 MSE: 0.00015723715478088707
Epoch 599 val RMSE: 0.26531187001255757
Epoch 600 MSE: 0.00015698873903602362
Epoch 600 val RMSE: 0.26334898216089975
Epoch 601 MSE: 0.00015680449723731726
Epoch 601 val RMSE: 0.2645879866473688
Epoch 602 MSE: 0.00015654500748496503
Epoch 602 val RMSE: 0.2664788351430932
Epoch 603 MSE: 0.00015636281750630587
Epoch 603 val RMSE: 0.2652306293790501
Epoch 604 MSE: 0.00015612586867064238
Epoch 604 val RMSE: 0.2624482904320385
Epoch 605 MSE: 0.00015592231648042798
Epoch 605 val RMSE: 0.2621308825291663
Epoch 606 MSE: 0.00015571792027913034
Epoch 606 val RMSE: 0.26388450808541775
Epoch 607 MSE: 0.00015549657109659165
Epoch 607 val RMSE: 0.26427646128508764
Epoch 608 MSE: 0.00015531190729234368
Epoch 608 val RMSE: 0.26261924861999614
Epoch 609 MSE: 0.00015509039803873748
Epoch 609 val RMSE: 0.26125903107123466
Epoch 610 MSE: 0.00015490689838770777
Epoch 610 val RMSE: 0.2614980592728584
Epoch 611 MSE: 0.00015469943173229694
Epoch 611 val RMSE: 0.26244448631110473
Epoch 612 MSE: 0.00015450747741851956
Epoch 612 val RMSE: 0.26242369042166364
Epoch 613 MSE: 0.00015431713836733252
Epoch 613 val RMSE: 0.26103866523413555
Epoch 614 MSE: 0.0001541186502436176
Epoch 614 val RMSE: 0.2599492105523016
Epoch 615 MSE: 0.00015393948706332594
Epoch 615 val RMSE: 0.26049151139788973
Epoch 616 MSE: 0.00015374322538264096
Epoch 616 val RMSE: 0.26135040097027984
Epoch 617 MSE: 0.00015356656513176858
Epoch 617 val RMSE: 0.26064558775749486
Epoch 618 MSE: 0.00015337899094447494
Epoch 618 val RMSE: 0.25925183934062285
Epoch 619 MSE: 0.00015320046804845333
Epoch 619 val RMSE: 0.25906938449376715
Epoch 620 MSE: 0.00015302302199415863
Epoch 620 val RMSE: 0.2597736271364237
Epoch 621 MSE: 0.00015284318942576647
Epoch 621 val RMSE: 0.25979680039187997
Epoch 622 MSE: 0.00015267287380993366
Epoch 622 val RMSE: 0.2589375196047625
Epoch 623 MSE: 0.00015249551506713033
Epoch 623 val RMSE: 0.25822069624816335
Epoch 624 MSE: 0.00015232856094371527
Epoch 624 val RMSE: 0.2582391474263143
Epoch 625 MSE: 0.0001521566737210378
Epoch 625 val RMSE: 0.25860211799658495
Epoch 626 MSE: 0.00015199105837382376
Epoch 626 val RMSE: 0.2584430036224011
Epoch 627 MSE: 0.00015182541392277926
Epoch 627 val RMSE: 0.2576033437391547
Epoch 628 MSE: 0.00015166090452112257
Epoch 628 val RMSE: 0.25704410949818424
Epoch 629 MSE: 0.00015150080434978008
Epoch 629 val RMSE: 0.2573083224806427
Epoch 630 MSE: 0.0001513385068392381
Epoch 630 val RMSE: 0.25751645980004345
Epoch 631 MSE: 0.00015118226292543113
Epoch 631 val RMSE: 0.2569221960923081
Epoch 632 MSE: 0.00015102380712050945
Epoch 632 val RMSE: 0.25620924346405666
Epoch 633 MSE: 0.00015087002248037606
Epoch 633 val RMSE: 0.25613438044805953
Epoch 634 MSE: 0.0001507160341134295
Epoch 634 val RMSE: 0.25632062496989566
Epoch 635 MSE: 0.00015056427218951285
Epoch 635 val RMSE: 0.25611793033845986
Epoch 636 MSE: 0.00015041454753372818
Epoch 636 val RMSE: 0.2555870907801361
Epoch 637 MSE: 0.0001502652739873156
Epoch 637 val RMSE: 0.2551921852348794
Epoch 638 MSE: 0.0001501190708950162
Epoch 638 val RMSE: 0.25517110488174605
Epoch 639 MSE: 0.00014997270773164928
Epoch 639 val RMSE: 0.2552516066914429
Epoch 640 MSE: 0.00014982935681473464
Epoch 640 val RMSE: 0.25497858579328264
Epoch 641 MSE: 0.0001496864715591073
Epoch 641 val RMSE: 0.2544557347689424
Epoch 642 MSE: 0.00014954566722735763
Epoch 642 val RMSE: 0.2542436412168027
Epoch 643 MSE: 0.00014940598339308053
Epoch 643 val RMSE: 0.25436336743799604
Epoch 644 MSE: 0.0001492677110945806
Epoch 644 val RMSE: 0.2542588793002107
Epoch 645 MSE: 0.0001491312577854842
Epoch 645 val RMSE: 0.25382063962936513
Epoch 646 MSE: 0.000148995517520234
Epoch 646 val RMSE: 0.2535053462691166
Epoch 647 MSE: 0.0001488619891460985
Epoch 647 val RMSE: 0.2534749696457835
Epoch 648 MSE: 0.00014872898464091122
Epoch 648 val RMSE: 0.2534364903026557
Epoch 649 MSE: 0.00014859782822895795
Epoch 649 val RMSE: 0.25318892460603304
Epoch 650 MSE: 0.00014846751582808793
Epoch 650 val RMSE: 0.25284888843788406
Epoch 651 MSE: 0.00014833877503406256
Epoch 651 val RMSE: 0.2526383507922482
Epoch 652 MSE: 0.00014821143122389913
Epoch 652 val RMSE: 0.2526046254786359
Epoch 653 MSE: 0.00014808498963247985
Epoch 653 val RMSE: 0.25251214163453445
Epoch 654 MSE: 0.00014796010509599
Epoch 654 val RMSE: 0.2522048136642357
Epoch 655 MSE: 0.0001478360645705834
Epoch 655 val RMSE: 0.25191089364908537
Epoch 656 MSE: 0.0001477134064771235
Epoch 656 val RMSE: 0.2518398118819421
Epoch 657 MSE: 0.00014759176701772958
Epoch 657 val RMSE: 0.25179507599039125
Epoch 658 MSE: 0.00014747152454219759
Epoch 658 val RMSE: 0.25156674588808187
Epoch 659 MSE: 0.00014735218428540975
Epoch 659 val RMSE: 0.25129012176560817
Epoch 660 MSE: 0.000147234124597162
Epoch 660 val RMSE: 0.25114561391562695
Epoch 661 MSE: 0.00014711692347191274
Epoch 661 val RMSE: 0.25107573987632825
Epoch 662 MSE: 0.0001470008137403056
Epoch 662 val RMSE: 0.2509408621129305
Epoch 663 MSE: 0.00014688594092149287
Epoch 663 val RMSE: 0.25071726663134736
Epoch 664 MSE: 0.00014677195576950908
Epoch 664 val RMSE: 0.2505043426182943
Epoch 665 MSE: 0.00014665894559584558
Epoch 665 val RMSE: 0.25039757467495377
Epoch 666 MSE: 0.00014654691040050238
Epoch 666 val RMSE: 0.25032338446146574
Epoch 667 MSE: 0.0001464361703256145
Epoch 667 val RMSE: 0.2501426230346099
Epoch 668 MSE: 0.00014632591046392918
Epoch 668 val RMSE: 0.24991100932783206
Epoch 669 MSE: 0.0001462168584112078
Epoch 669 val RMSE: 0.24978158767946543
Epoch 670 MSE: 0.00014610875223297626
Epoch 670 val RMSE: 0.24971168254150022
Epoch 671 MSE: 0.0001460014027543366
Epoch 671 val RMSE: 0.2495657084182598
Epoch 672 MSE: 0.0001458949554944411
Epoch 672 val RMSE: 0.24936670318224718
Epoch 673 MSE: 0.00014578945410903543
Epoch 673 val RMSE: 0.24921519058699204
Epoch 674 MSE: 0.00014568470942322165
Epoch 674 val RMSE: 0.24911649872457356
Epoch 675 MSE: 0.00014558093971572816
Epoch 675 val RMSE: 0.24900941248275493
Epoch 676 MSE: 0.00014547788305208087
Epoch 676 val RMSE: 0.24885313905418877
Epoch 677 MSE: 0.0001453756558476016
Epoch 677 val RMSE: 0.24867996014518398
Epoch 678 MSE: 0.0001452743890695274
Epoch 678 val RMSE: 0.2485611008328238
Epoch 679 MSE: 0.00014517370436806232
Epoch 679 val RMSE: 0.24847862634999598
Epoch 680 MSE: 0.00014507399464491755
Epoch 680 val RMSE: 0.24834400313025948
Epoch 681 MSE: 0.000144974808790721
Epoch 681 val RMSE: 0.24817357619543778
Epoch 682 MSE: 0.0001448762632207945
Epoch 682 val RMSE: 0.24804868472182542
Epoch 683 MSE: 0.0001447787508368492
Epoch 683 val RMSE: 0.247961788151873
Epoch 684 MSE: 0.000144681689562276
Epoch 684 val RMSE: 0.24784345621089912
Epoch 685 MSE: 0.00014458553050644696
Epoch 685 val RMSE: 0.24769748651296128
Epoch 686 MSE: 0.00014449006994254887
Epoch 686 val RMSE: 0.24756608759806906
Epoch 687 MSE: 0.00014439506048802286
Epoch 687 val RMSE: 0.24746384773259286
Epoch 688 MSE: 0.00014430085138883442
Epoch 688 val RMSE: 0.24736606100864603
Epoch 689 MSE: 0.00014420734078157693
Epoch 689 val RMSE: 0.24724247177705072
Epoch 690 MSE: 0.00014411435404326767
Epoch 690 val RMSE: 0.2471054037150685
Epoch 691 MSE: 0.000144021978485398
Epoch 691 val RMSE: 0.2470001603600912
Epoch 692 MSE: 0.00014393024321179837
Epoch 692 val RMSE: 0.24691437334844657
Epoch 693 MSE: 0.00014383916277438402
Epoch 693 val RMSE: 0.2468007241553003
Epoch 694 MSE: 0.0001437487080693245
Epoch 694 val RMSE: 0.24667237392526586
Epoch 695 MSE: 0.00014365855895448476
Epoch 695 val RMSE: 0.2465675274199807
Epoch 696 MSE: 0.00014356919564306736
Epoch 696 val RMSE: 0.2464795192234163
Epoch 697 MSE: 0.00014348042896017432
Epoch 697 val RMSE: 0.24637836316637493
Epoch 698 MSE: 0.00014339215704239905
Epoch 698 val RMSE: 0.24626417162824368
Epoch 699 MSE: 0.00014330443809740245
Epoch 699 val RMSE: 0.2461575773512563
Epoch 700 MSE: 0.00014321722846943885
Epoch 700 val RMSE: 0.24606653850216922
Epoch 701 MSE: 0.00014313054271042347
Epoch 701 val RMSE: 0.24597771497568224
Epoch 702 MSE: 0.00014304426440503448
Epoch 702 val RMSE: 0.24587377677558903
Epoch 703 MSE: 0.00014295852452050894
Epoch 703 val RMSE: 0.24576790748558297
Epoch 704 MSE: 0.00014287327940110117
Epoch 704 val RMSE: 0.24568009048706896
Epoch 705 MSE: 0.0001427887473255396
Epoch 705 val RMSE: 0.24559770272264683
Epoch 706 MSE: 0.0001427044189767912
Epoch 706 val RMSE: 0.24550155504213939
Epoch 707 MSE: 0.00014262065815273672
Epoch 707 val RMSE: 0.2454019617244972
Epoch 708 MSE: 0.00014253731933422387
Epoch 708 val RMSE: 0.24531647381327779
Epoch 709 MSE: 0.00014245437341742218
Epoch 709 val RMSE: 0.245235870322742
Epoch 710 MSE: 0.0001423719950253144
Epoch 710 val RMSE: 0.24515045365823174
Epoch 711 MSE: 0.00014228995132725686
Epoch 711 val RMSE: 0.2450583337898119
Epoch 712 MSE: 0.0001422084023943171
Epoch 712 val RMSE: 0.2449734634995122
Epoch 713 MSE: 0.00014212721725925803
Epoch 713 val RMSE: 0.24489764530242256
Epoch 714 MSE: 0.000142046352266334
Epoch 714 val RMSE: 0.24481896576269205
Epoch 715 MSE: 0.00014196609845384955
Epoch 715 val RMSE: 0.24473317526295718
Epoch 716 MSE: 0.00014188616478350013
Epoch 716 val RMSE: 0.24465243289224314
Epoch 717 MSE: 0.0001418066822225228
Epoch 717 val RMSE: 0.24457952339778113
Epoch 718 MSE: 0.00014172738883644342
Epoch 718 val RMSE: 0.24450712542009667
Epoch 719 MSE: 0.00014164859021548182
Epoch 719 val RMSE: 0.24442854878747458
Epoch 720 MSE: 0.0001415702427038923
Epoch 720 val RMSE: 0.2443501069666209
Epoch 721 MSE: 0.00014149204071145505
Epoch 721 val RMSE: 0.24428162127316905
Epoch 722 MSE: 0.00014141439169179648
Epoch 722 val RMSE: 0.24421297908561604
Epoch 723 MSE: 0.00014133719378151
Epoch 723 val RMSE: 0.2441400604241519
Epoch 724 MSE: 0.0001412600395269692
Epoch 724 val RMSE: 0.24406821893837083
Epoch 725 MSE: 0.00014118336548563093
Epoch 725 val RMSE: 0.244002883201805
Epoch 726 MSE: 0.0001411071134498343
Epoch 726 val RMSE: 0.24393673584691547
Epoch 727 MSE: 0.00014103106514085084
Epoch 727 val RMSE: 0.2438714870896919
Epoch 728 MSE: 0.00014095543883740902
Epoch 728 val RMSE: 0.24380489917105042
Epoch 729 MSE: 0.00014088010357227176
Epoch 729 val RMSE: 0.24373980616992674
Epoch 730 MSE: 0.00014080508844926953
Epoch 730 val RMSE: 0.24368211033083734
Epoch 731 MSE: 0.0001407303789164871
Epoch 731 val RMSE: 0.24362107498643762
Epoch 732 MSE: 0.00014065591676626354
Epoch 732 val RMSE: 0.24355657526307914
Epoch 733 MSE: 0.00014058167289476842
Epoch 733 val RMSE: 0.24349849942996304
Epoch 734 MSE: 0.0001405078946845606
Epoch 734 val RMSE: 0.24344374570314517
Epoch 735 MSE: 0.00014043439296074212
Epoch 735 val RMSE: 0.24338643121103143
Epoch 736 MSE: 0.00014036110951565206
Epoch 736 val RMSE: 0.24332883529936647
Epoch 737 MSE: 0.0001402881316607818
Epoch 737 val RMSE: 0.24327406635593324
Epoch 738 MSE: 0.0001402154448442161
Epoch 738 val RMSE: 0.24322131451927667
Epoch 739 MSE: 0.00014014291809871793
Epoch 739 val RMSE: 0.24317082621654565
Epoch 740 MSE: 0.00014007084246259183
Epoch 740 val RMSE: 0.2431160753078133
Epoch 741 MSE: 0.00013999878137838095
Epoch 741 val RMSE: 0.243065848681315
Epoch 742 MSE: 0.00013992717140354216
Epoch 742 val RMSE: 0.24301954364039247
Epoch 743 MSE: 0.00013985560508444905
Epoch 743 val RMSE: 0.24297172722418303
Epoch 744 MSE: 0.00013978459173813462
Epoch 744 val RMSE: 0.24292305029000003
Epoch 745 MSE: 0.00013971369480714202
Epoch 745 val RMSE: 0.24287639592192165
Epoch 746 MSE: 0.00013964281242806464
Epoch 746 val RMSE: 0.24283297722435154
Epoch 747 MSE: 0.00013957226474303752
Epoch 747 val RMSE: 0.24279001107269788
Epoch 748 MSE: 0.00013950205175206065
Epoch 748 val RMSE: 0.24274609351133203
Epoch 749 MSE: 0.00013943201338406652
Epoch 749 val RMSE: 0.24270397920482145
Epoch 750 MSE: 0.0001393620332237333
Epoch 750 val RMSE: 0.24266442132223695
Epoch 751 MSE: 0.0001392925187246874
Epoch 751 val RMSE: 0.24262591642180156
Epoch 752 MSE: 0.00013922312064096332
Epoch 752 val RMSE: 0.24258712899272133
Epoch 753 MSE: 0.0001391538535244763
Epoch 753 val RMSE: 0.24254861950150206
Epoch 754 MSE: 0.00013908479013480246
Epoch 754 val RMSE: 0.2425125924262374
Epoch 755 MSE: 0.00013901595957577229
Epoch 755 val RMSE: 0.24247914873517443
Epoch 756 MSE: 0.0001389472308801487
Epoch 756 val RMSE: 0.24244331108960815
Epoch 757 MSE: 0.00013887874956708401
Epoch 757 val RMSE: 0.2424101037238806
Epoch 758 MSE: 0.00013881050108466297
Epoch 758 val RMSE: 0.24237834425257349
Epoch 759 MSE: 0.00013874241267330945
Epoch 759 val RMSE: 0.24234768738244328
Epoch 760 MSE: 0.0001386742078466341
Epoch 760 val RMSE: 0.24231672684793398
Epoch 761 MSE: 0.000138606337714009
Epoch 761 val RMSE: 0.24228888358493714
Epoch 762 MSE: 0.00013853881682734936
Epoch 762 val RMSE: 0.24226085259572383
Epoch 763 MSE: 0.0001384712231811136
Epoch 763 val RMSE: 0.2422340102297262
Epoch 764 MSE: 0.00013840400788467377
Epoch 764 val RMSE: 0.24220823383794088
Epoch 765 MSE: 0.00013833653065375984
Epoch 765 val RMSE: 0.242181531771063
Epoch 766 MSE: 0.0001382694608764723
Epoch 766 val RMSE: 0.24215941112432532
Epoch 767 MSE: 0.0001382026239298284
Epoch 767 val RMSE: 0.24213681921276126
Epoch 768 MSE: 0.0001381357724312693
Epoch 768 val RMSE: 0.24211324814846244
Epoch 769 MSE: 0.00013806900824420154
Epoch 769 val RMSE: 0.2420938295295558
Epoch 770 MSE: 0.0001380025059916079
Epoch 770 val RMSE: 0.24207338598029032
Epoch 771 MSE: 0.0001379361201543361
Epoch 771 val RMSE: 0.2420543181407905
Epoch 772 MSE: 0.00013786960334982723
Epoch 772 val RMSE: 0.2420376575599484
Epoch 773 MSE: 0.0001378034066874534
Epoch 773 val RMSE: 0.24202035704567482
Epoch 774 MSE: 0.0001377372827846557
Epoch 774 val RMSE: 0.2420035017076453
Epoch 775 MSE: 0.000137671158881858
Epoch 775 val RMSE: 0.24199042454309053
Epoch 776 MSE: 0.00013760526780970395
Epoch 776 val RMSE: 0.2419749681013015
Epoch 777 MSE: 0.00013753936218563467
Epoch 777 val RMSE: 0.24196226660087605
Epoch 778 MSE: 0.00013747358752880245
Epoch 778 val RMSE: 0.24195150444416785
Epoch 779 MSE: 0.00013740782742388546
Epoch 779 val RMSE: 0.2419391481589268
Epoch 780 MSE: 0.00013734232925344259
Epoch 780 val RMSE: 0.24193025586224726
Epoch 781 MSE: 0.00013727680197916925
Epoch 781 val RMSE: 0.2419211707540707
Epoch 782 MSE: 0.00013721127470489591
Epoch 782 val RMSE: 0.24191196980950233
Epoch 783 MSE: 0.00013714589294977486
Epoch 783 val RMSE: 0.2419060794813459
Epoch 784 MSE: 0.00013708056940231472
Epoch 784 val RMSE: 0.24189954990421572
Epoch 785 MSE: 0.00013701531861443073
Epoch 785 val RMSE: 0.24189365927362344
Epoch 786 MSE: 0.00013695002417080104
Epoch 786 val RMSE: 0.241890532946047
Epoch 787 MSE: 0.00013688475883100182
Epoch 787 val RMSE: 0.24188695995076742
Epoch 788 MSE: 0.00013681976997759193
Epoch 788 val RMSE: 0.24188437257641074
Epoch 789 MSE: 0.00013675463560502976
Epoch 789 val RMSE: 0.24188334069915582
Epoch 790 MSE: 0.00013668953033629805
Epoch 790 val RMSE: 0.24188246282996595
Epoch 791 MSE: 0.00013662449782714248
Epoch 791 val RMSE: 0.24188292486677884
Epoch 792 MSE: 0.00013655953807756305
Epoch 792 val RMSE: 0.24188427246910868
Epoch 793 MSE: 0.00013649443280883133
Epoch 793 val RMSE: 0.24188546605347389
Epoch 794 MSE: 0.0001364296185784042
Epoch 794 val RMSE: 0.241890078624145
Epoch 795 MSE: 0.00013636470248457044
Epoch 795 val RMSE: 0.24189439079764166
Epoch 796 MSE: 0.00013629961176775396
Epoch 796 val RMSE: 0.2418982947884162
Epoch 797 MSE: 0.00013623472477775067
Epoch 797 val RMSE: 0.2419044240038224
Epoch 798 MSE: 0.00013616992509923875
Epoch 798 val RMSE: 0.24191153862694698
Epoch 799 MSE: 0.0001361051108688116
Epoch 799 val RMSE: 0.24191780609777322
Epoch 800 MSE: 0.0001360401074634865
Epoch 800 val RMSE: 0.24192735328426568
Epoch 801 MSE: 0.00013597523502539843
Epoch 801 val RMSE: 0.24193650745039444
Epoch 802 MSE: 0.00013591028982773423
Epoch 802 val RMSE: 0.24194595381715103
Epoch 803 MSE: 0.00013584547559730709
Epoch 803 val RMSE: 0.24195864077751564
Epoch 804 MSE: 0.00013578045764006674
Epoch 804 val RMSE: 0.24196920247253026
Epoch 805 MSE: 0.00013571545423474163
Epoch 805 val RMSE: 0.2419830274349182
Epoch 806 MSE: 0.00013565040717367083
Epoch 806 val RMSE: 0.24199648984913064
Epoch 807 MSE: 0.00013558556383941323
Epoch 807 val RMSE: 0.24201087510041405
Epoch 808 MSE: 0.00013552042946685106
Epoch 808 val RMSE: 0.24202719890043609
Epoch 809 MSE: 0.0001354555133730173
Epoch 809 val RMSE: 0.24204257505159618
Epoch 810 MSE: 0.0001353903644485399
Epoch 810 val RMSE: 0.2420597431632601
Epoch 811 MSE: 0.00013532530283555388
Epoch 811 val RMSE: 0.24207904140658684
Epoch 812 MSE: 0.00013526009570341557
Epoch 812 val RMSE: 0.24209746871579801
Epoch 813 MSE: 0.00013519484491553158
Epoch 813 val RMSE: 0.24211688704282922
Epoch 814 MSE: 0.0001351296086795628
Epoch 814 val RMSE: 0.24213871926062785
Epoch 815 MSE: 0.00013506427058018744
Epoch 815 val RMSE: 0.2421585880988285
Epoch 816 MSE: 0.00013499877240974456
Epoch 816 val RMSE: 0.24218243932051228
Epoch 817 MSE: 0.0001349333906546235
Epoch 817 val RMSE: 0.24220577294110712
Epoch 818 MSE: 0.000134867979795672
Epoch 818 val RMSE: 0.2422286275582764
Epoch 819 MSE: 0.0001348021614830941
Epoch 819 val RMSE: 0.2422543172033335
Epoch 820 MSE: 0.0001347367069683969
Epoch 820 val RMSE: 0.2422801886360246
Epoch 821 MSE: 0.00013467084500007331
Epoch 821 val RMSE: 0.24230688751811041
Epoch 822 MSE: 0.00013460515765473247
Epoch 822 val RMSE: 0.2423368885389699
Epoch 823 MSE: 0.00013453917927108705
Epoch 823 val RMSE: 0.2423621440131892
Epoch 824 MSE: 0.00013447330275084823
Epoch 824 val RMSE: 0.24239385181650402
Epoch 825 MSE: 0.00013440723705571145
Epoch 825 val RMSE: 0.24242345790364694
Epoch 826 MSE: 0.00013434112770482898
Epoch 826 val RMSE: 0.24245491953295872
Epoch 827 MSE: 0.00013427472731564194
Epoch 827 val RMSE: 0.24248825134496416
Epoch 828 MSE: 0.00013420844334177673
Epoch 828 val RMSE: 0.24251947415702882
Epoch 829 MSE: 0.0001341421011602506
Epoch 829 val RMSE: 0.24255419473355044
Epoch 830 MSE: 0.00013407535152509809
Epoch 830 val RMSE: 0.2425890639045512
Epoch 831 MSE: 0.00013400879106484354
Epoch 831 val RMSE: 0.24262402786637935
Epoch 832 MSE: 0.00013394204142969102
Epoch 832 val RMSE: 0.24266194969994787
Epoch 833 MSE: 0.00013387513172347099
Epoch 833 val RMSE: 0.24269881417403658
Epoch 834 MSE: 0.00013380796008277684
Epoch 834 val RMSE: 0.2427377525735499
Epoch 835 MSE: 0.0001337407884420827
Epoch 835 val RMSE: 0.24277689955092654
Epoch 836 MSE: 0.00013367355859372765
Epoch 836 val RMSE: 0.2428180653561473
Epoch 837 MSE: 0.0001336061250185594
Epoch 837 val RMSE: 0.24286022890558445
Epoch 838 MSE: 0.00013353869144339114
Epoch 838 val RMSE: 0.24290072111224528
Epoch 839 MSE: 0.00013347096682991832
Epoch 839 val RMSE: 0.24294500940256555
Epoch 840 MSE: 0.00013340312580112368
Epoch 840 val RMSE: 0.24298963456995448
Epoch 841 MSE: 0.00013333505194168538
Epoch 841 val RMSE: 0.2430346654058706
Epoch 842 MSE: 0.00013326696353033185
Epoch 842 val RMSE: 0.24308210163623928
Epoch 843 MSE: 0.00013319872959982604
Epoch 843 val RMSE: 0.24312829516759332
Epoch 844 MSE: 0.00013313024828676134
Epoch 844 val RMSE: 0.24317814123615733
Epoch 845 MSE: 0.0001330614904873073
Epoch 845 val RMSE: 0.24322554948446506
Epoch 846 MSE: 0.0001329927908955142
Epoch 846 val RMSE: 0.2432769528660566
Epoch 847 MSE: 0.00013292387302499264
Epoch 847 val RMSE: 0.24332924100595069
Epoch 848 MSE: 0.00013285460590850562
Epoch 848 val RMSE: 0.2433800791081604
Epoch 849 MSE: 0.00013278525148052722
Epoch 849 val RMSE: 0.24343487776101783
Epoch 850 MSE: 0.00013271599891595542
Epoch 850 val RMSE: 0.24348930454068193
Epoch 851 MSE: 0.00013264617882668972
Epoch 851 val RMSE: 0.24354603651845508
Epoch 852 MSE: 0.00013257638784125447
Epoch 852 val RMSE: 0.24360319111936804
Epoch 853 MSE: 0.00013250620395410806
Epoch 853 val RMSE: 0.24365905569001578
Epoch 854 MSE: 0.00013243585999589413
Epoch 854 val RMSE: 0.2437204483653915
Epoch 855 MSE: 0.00013236544327810407
Epoch 855 val RMSE: 0.24377924303554604
Epoch 856 MSE: 0.00013229473552200943
Epoch 856 val RMSE: 0.24384215611864915
Epoch 857 MSE: 0.00013222379493527114
Epoch 857 val RMSE: 0.2439027772078263
Epoch 858 MSE: 0.00013215273793321103
Epoch 858 val RMSE: 0.2439674068124198
Epoch 859 MSE: 0.00013208137534093112
Epoch 859 val RMSE: 0.24403381299951662
Epoch 860 MSE: 0.0001320097071584314
Epoch 860 val RMSE: 0.24409699622376352
Epoch 861 MSE: 0.0001319380826316774
Epoch 861 val RMSE: 0.24416706704952063
Epoch 862 MSE: 0.00013186591968405992
Epoch 862 val RMSE: 0.24423380790070123
Epoch 863 MSE: 0.0001317935239057988
Epoch 863 val RMSE: 0.24430420545236636
Epoch 864 MSE: 0.0001317209971603006
Epoch 864 val RMSE: 0.24437480376496692
Epoch 865 MSE: 0.00013164823758415878
Epoch 865 val RMSE: 0.24444647132886338
Epoch 866 MSE: 0.000131575099658221
Epoch 866 val RMSE: 0.24452170575805768
Epoch 867 MSE: 0.00013150191807653755
Epoch 867 val RMSE: 0.24459393188452255
Epoch 868 MSE: 0.00013142819807399064
Epoch 868 val RMSE: 0.24467124496438283
Epoch 869 MSE: 0.00013135443441569805
Epoch 869 val RMSE: 0.244747369221195
Epoch 870 MSE: 0.00013128021964803338
Epoch 870 val RMSE: 0.2448281031065728
Epoch 871 MSE: 0.0001312059466727078
Epoch 871 val RMSE: 0.24490681773844336
Epoch 872 MSE: 0.00013113133900333196
Epoch 872 val RMSE: 0.24498832780661273
Epoch 873 MSE: 0.00013105617836117744
Epoch 873 val RMSE: 0.24507193128586313
Epoch 874 MSE: 0.0001309809449594468
Epoch 874 val RMSE: 0.2451554910588476
Epoch 875 MSE: 0.0001309052313445136
Epoch 875 val RMSE: 0.24523944769282796
Epoch 876 MSE: 0.0001308294158661738
Epoch 876 val RMSE: 0.24532822722541045
Epoch 877 MSE: 0.00013075326569378376
Epoch 877 val RMSE: 0.24541500130791585
Epoch 878 MSE: 0.00013067660620436072
Epoch 878 val RMSE: 0.24550502990990897
Epoch 879 MSE: 0.00013059991761110723
Epoch 879 val RMSE: 0.2455955943251805
Epoch 880 MSE: 0.00013052255962975323
Epoch 880 val RMSE: 0.24569049220518055
Epoch 881 MSE: 0.0001304450852330774
Epoch 881 val RMSE: 0.24578276163886487
Epoch 882 MSE: 0.00013036723248660564
Epoch 882 val RMSE: 0.24587849633863496
Epoch 883 MSE: 0.0001302890304941684
Epoch 883 val RMSE: 0.24597802544446976
Epoch 884 MSE: 0.00013021046470385045
Epoch 884 val RMSE: 0.2460723065313262
Epoch 885 MSE: 0.00013013152056373656
Epoch 885 val RMSE: 0.24617786332391853
Epoch 886 MSE: 0.00013005219807382673
Epoch 886 val RMSE: 0.2462731645914957
Epoch 887 MSE: 0.00012997259909752756
Epoch 887 val RMSE: 0.2463852730011981
Epoch 888 MSE: 0.00012989254901185632
Epoch 888 val RMSE: 0.24647855192581816
Epoch 889 MSE: 0.00012981207692064345
Epoch 889 val RMSE: 0.24659866427986424
Epoch 890 MSE: 0.0001297313574468717
Epoch 890 val RMSE: 0.246692421253002
Epoch 891 MSE: 0.0001296500558964908
Epoch 891 val RMSE: 0.24681940267545685
Epoch 892 MSE: 0.0001295684778597206
Epoch 892 val RMSE: 0.2469102393724742
Epoch 893 MSE: 0.00012948652147315443
Epoch 893 val RMSE: 0.24704878038507952
Epoch 894 MSE: 0.00012940418673679233
Epoch 894 val RMSE: 0.24713391024522674
Epoch 895 MSE: 0.00012932119716424495
Epoch 895 val RMSE: 0.2472878655530114
Epoch 896 MSE: 0.00012923788744956255
Epoch 896 val RMSE: 0.24735717555062153
Epoch 897 MSE: 0.0001291542430408299
Epoch 897 val RMSE: 0.2475443954459166
Epoch 898 MSE: 0.00012907004565931857
Epoch 898 val RMSE: 0.2475734984596671
Epoch 899 MSE: 0.00012898538261651993
Epoch 899 val RMSE: 0.2478257342408978
Epoch 900 MSE: 0.0001289005158469081
Epoch 900 val RMSE: 0.24777289149792378
Epoch 901 MSE: 0.00012881522707175463
Epoch 901 val RMSE: 0.2481565683471152
Epoch 902 MSE: 0.0001287293416680768
Epoch 902 val RMSE: 0.24791240802013634
Epoch 903 MSE: 0.00012864338350482285
Epoch 903 val RMSE: 0.24859742769102045
Epoch 904 MSE: 0.00012855751265306026
Epoch 904 val RMSE: 0.24790062685510614
Epoch 905 MSE: 0.00012847277685068548
Epoch 905 val RMSE: 0.24930386181122888
Epoch 906 MSE: 0.00012839111150242388
Epoch 906 val RMSE: 0.24749046908195388
Epoch 907 MSE: 0.00012831826461479068
Epoch 907 val RMSE: 0.25070729635874894
Epoch 908 MSE: 0.00012826896272599697
Epoch 908 val RMSE: 0.24600710175990104
Epoch 909 MSE: 0.0001282824669033289
Epoch 909 val RMSE: 0.2540768710314784
Epoch 910 MSE: 0.00012846804747823626
Epoch 910 val RMSE: 0.24164879783526302
Epoch 911 MSE: 0.00012913267710246146
Epoch 911 val RMSE: 0.2635225508973161
Epoch 912 MSE: 0.00013116627815179527
Epoch 912 val RMSE: 0.23028852398788674
Best model saved at epoch 912 with Test RMSE: 0.23028852398788674
Epoch 913 MSE: 0.0001371490361634642
Epoch 913 val RMSE: 0.29414735864882824
Epoch 914 MSE: 0.00015480737783946097
Epoch 914 val RMSE: 0.21344385969815913
Best model saved at epoch 914 with Test RMSE: 0.21344385969815913
Epoch 915 MSE: 0.00020575655798893422
Epoch 915 val RMSE: 0.4026896092041233
Epoch 916 MSE: 0.00034944727667607367
Epoch 916 val RMSE: 0.2947085916691608
Epoch 917 MSE: 0.0006751426262781024
Epoch 917 val RMSE: 0.6857766747121056
Epoch 918 MSE: 0.0012616002932190895
Epoch 918 val RMSE: 0.4575772243996958
Epoch 919 MSE: 0.0011967590544372797
Epoch 919 val RMSE: 0.6667463036496573
Epoch 920 MSE: 0.0007342706667259336
Epoch 920 val RMSE: 0.2314565068366578
Epoch 921 MSE: 0.0001739681902108714
Epoch 921 val RMSE: 0.3514309955058082
Epoch 922 MSE: 0.0006288494332693517
Epoch 922 val RMSE: 0.7978726667883727
Epoch 923 MSE: 0.0008788418490439653
Epoch 923 val RMSE: 0.25975039444637366
Epoch 924 MSE: 0.00016805775521788746
Epoch 924 val RMSE: 0.37380903587911113
Epoch 925 MSE: 0.0006329905590973794
Epoch 925 val RMSE: 0.7772386182686037
Epoch 926 MSE: 0.0008065683650784194
Epoch 926 val RMSE: 0.3806009638608734
Epoch 927 MSE: 0.0001649560290388763
Epoch 927 val RMSE: 0.4301634839797542
Epoch 928 MSE: 0.0007608914165757596
Epoch 928 val RMSE: 0.7108129874385154
Epoch 929 MSE: 0.0006446244078688323
Epoch 929 val RMSE: 0.46037296703427316
Epoch 930 MSE: 0.00022022162738721818
Epoch 930 val RMSE: 0.4467050962973379
Epoch 931 MSE: 0.000823681999463588
Epoch 931 val RMSE: 0.6079329030633851
Epoch 932 MSE: 0.0003657136403489858
Epoch 932 val RMSE: 0.5857980689409283
Epoch 933 MSE: 0.0003585427184589207
Epoch 933 val RMSE: 0.36207966358547833
Epoch 934 MSE: 0.0005947745521552861
Epoch 934 val RMSE: 0.38781694094615016
Epoch 935 MSE: 0.00015771672769915313
Epoch 935 val RMSE: 0.6521036082966
Epoch 936 MSE: 0.00043760353582911193
Epoch 936 val RMSE: 0.2987916961605717
Epoch 937 MSE: 0.00024368368030991405
Epoch 937 val RMSE: 0.2808676080465292
Epoch 938 MSE: 0.0002450998581480235
Epoch 938 val RMSE: 0.5654006713379449
Epoch 939 MSE: 0.0003473546530585736
Epoch 939 val RMSE: 0.40379224603443636
Epoch 940 MSE: 0.0001557475043227896
Epoch 940 val RMSE: 0.33178207921361696
Epoch 941 MSE: 0.0003505398635752499
Epoch 941 val RMSE: 0.4279061238266337
Epoch 942 MSE: 0.00018669702694751322
Epoch 942 val RMSE: 0.474997546164549
Epoch 943 MSE: 0.00024099647998809814
Epoch 943 val RMSE: 0.3099657655663223
Epoch 944 MSE: 0.0002451722102705389
Epoch 944 val RMSE: 0.3344123841715804
Epoch 945 MSE: 0.00015810308104846627
Epoch 945 val RMSE: 0.49106979617553487
Epoch 946 MSE: 0.00025341680156998336
Epoch 946 val RMSE: 0.3174294657530755
Epoch 947 MSE: 0.00014760841440875083
Epoch 947 val RMSE: 0.28542357155645487
Epoch 948 MSE: 0.00022272398928180337
Epoch 948 val RMSE: 0.41674391705925523
Epoch 949 MSE: 0.0001774334959918633
Epoch 949 val RMSE: 0.4069488822787616
Epoch 950 MSE: 0.00017307621601503342
Epoch 950 val RMSE: 0.2704544565621034
Epoch 951 MSE: 0.00019971364235971123
Epoch 951 val RMSE: 0.30180825117465593
Epoch 952 MSE: 0.00014435264165513217
Epoch 952 val RMSE: 0.42134559050493775
Epoch 953 MSE: 0.00019388859800528735
Epoch 953 val RMSE: 0.3067978012696561
Epoch 954 MSE: 0.00014578197442460805
Epoch 954 val RMSE: 0.2695203308989712
Epoch 955 MSE: 0.00017366124666295946
Epoch 955 val RMSE: 0.3610921346842061
Epoch 956 MSE: 0.00016094863531179726
Epoch 956 val RMSE: 0.34821417327327103
Epoch 957 MSE: 0.00015104828344192356
Epoch 957 val RMSE: 0.2733163292662591
Epoch 958 MSE: 0.00017001961532514542
Epoch 958 val RMSE: 0.3065179713162758
Epoch 959 MSE: 0.00014032282342668623
Epoch 959 val RMSE: 0.36110055303829697
Epoch 960 MSE: 0.00016454582510050386
Epoch 960 val RMSE: 0.27772754655429904
Epoch 961 MSE: 0.0001435129379387945
Epoch 961 val RMSE: 0.27011839176110886
Epoch 962 MSE: 0.00015228976553771645
Epoch 962 val RMSE: 0.34076960276586954
Epoch 963 MSE: 0.00015143866767175496
Epoch 963 val RMSE: 0.30756009495458975
Epoch 964 MSE: 0.00014174914394970983
Epoch 964 val RMSE: 0.2508207349501865
Epoch 965 MSE: 0.00015429909399244934
Epoch 965 val RMSE: 0.2894625344336494
Epoch 966 MSE: 0.0001389023964293301
Epoch 966 val RMSE: 0.32571874197240996
Epoch 967 MSE: 0.00014929148892406374
Epoch 967 val RMSE: 0.2616512866395151
Epoch 968 MSE: 0.00014218500291462988
Epoch 968 val RMSE: 0.2548876940964972
Epoch 969 MSE: 0.000142188961035572
Epoch 969 val RMSE: 0.3070396329982638
Epoch 970 MSE: 0.0001456237951060757
Epoch 970 val RMSE: 0.28333529315064987
Epoch 971 MSE: 0.00013817293802276254
Epoch 971 val RMSE: 0.2522654261253048
Epoch 972 MSE: 0.00014517264207825065
Epoch 972 val RMSE: 0.28262926035035807
Epoch 973 MSE: 0.00013859005412086844
Epoch 973 val RMSE: 0.29415913659112736
Epoch 974 MSE: 0.00014129062765277922
Epoch 974 val RMSE: 0.2584853351286714
Epoch 975 MSE: 0.0001407325908076018
Epoch 975 val RMSE: 0.2690162714677731
Epoch 976 MSE: 0.00013781420420855284
Epoch 976 val RMSE: 0.29781209965665956
Epoch 977 MSE: 0.00014130443742033094
Epoch 977 val RMSE: 0.26950834702196774
Epoch 978 MSE: 0.00013697297254111618
Epoch 978 val RMSE: 0.2592998573887981
Epoch 979 MSE: 0.0001396396546624601
Epoch 979 val RMSE: 0.29093633762131516
Epoch 980 MSE: 0.0001379822351736948
Epoch 980 val RMSE: 0.28633031440928236
Epoch 981 MSE: 0.00013729804777540267
Epoch 981 val RMSE: 0.25884591683661295
Epoch 982 MSE: 0.00013870240945834666
Epoch 982 val RMSE: 0.2748798747391549
Epoch 983 MSE: 0.00013615032366942614
Epoch 983 val RMSE: 0.2935347240002403
Epoch 984 MSE: 0.00013801314344163984
Epoch 984 val RMSE: 0.26978665841853344
Epoch 985 MSE: 0.000136393413413316
Epoch 985 val RMSE: 0.26566425201763744
Epoch 986 MSE: 0.00013660102558787912
Epoch 986 val RMSE: 0.2874969409696957
Epoch 987 MSE: 0.00013689974730368704
Epoch 987 val RMSE: 0.2798523880367137
Epoch 988 MSE: 0.00013561728701461107
Epoch 988 val RMSE: 0.2664171636141463
Epoch 989 MSE: 0.00013671205670107156
Epoch 989 val RMSE: 0.2802060940214584
Epoch 990 MSE: 0.00013550154108088464
Epoch 990 val RMSE: 0.28429896679659294
Epoch 991 MSE: 0.00013587737339548767
Epoch 991 val RMSE: 0.2692887002685257
Epoch 992 MSE: 0.0001357478613499552
Epoch 992 val RMSE: 0.27495155774785346
Epoch 993 MSE: 0.00013512212899513543
Epoch 993 val RMSE: 0.28613460917771294
Epoch 994 MSE: 0.0001356771681457758
Epoch 994 val RMSE: 0.27367752984096333
Epoch 995 MSE: 0.00013488141121342778
Epoch 995 val RMSE: 0.2699539353228842
Epoch 996 MSE: 0.00013517514162231237
Epoch 996 val RMSE: 0.28346462673014045
Epoch 997 MSE: 0.00013494989252649248
Epoch 997 val RMSE: 0.2797253662987265
Epoch 998 MSE: 0.00013462068454828113
Epoch 998 val RMSE: 0.26877526674595364
Epoch 999 MSE: 0.00013488276454154402
Epoch 999 val RMSE: 0.2769091518772248
Training time: 57.87892460823059
(401223.552, 3044155.756, 610) 训练完成

./images/(401223.552, 3044155.756, 610)LSTM训练集可视化结果.png保存成功
Train Score: 0.34 RMSE
Train Score: 0.21 RMSE
Test Score: 1.02 RMSE
./images/(401223.552, 3044155.756, 610)真实值vs预测值.png保存成功
